<?xml version="1.0" encoding="UTF-8"?>
<testsuites name="Testing via Firefox" time="763" tests="2" failures="4" errors="0">
   <testsuite name="Testing via Firefox" tests="2" failures="4" errors="0" time="763" timestamp="2018-04-03 14:54:53" hostname="mkabir - lp02732.int.openbet.com" id="Test Suites/Testing via Firefox">
      <properties>
         <property name="deviceName" value=""/>
         <property name="devicePlatform" value=""/>
         <property name="logFolder" value="C:\\Users\\mkabir\\Katalon Studio\\Automation Practice 1\\Reports\\Testing via Firefox\\20180403_145450"/>
         <property name="logFiles" value="C:\\Users\\mkabir\\Katalon Studio\\Automation Practice 1\\Reports\\Testing via Firefox\\20180403_145450\\execution0.log"/>
         <property name="attachments" value="C:\\Users\\mkabir\\Katalon Studio\\Automation Practice 1\\Reports\\Testing via Firefox\\20180403_145450\\1522763799758.png, C:\\Users\\mkabir\\Katalon Studio\\Automation Practice 1\\Reports\\Testing via Firefox\\20180403_145450\\1522763877491.png, C:\\Users\\mkabir\\Katalon Studio\\Automation Practice 1\\Reports\\Testing via Firefox\\20180403_145450\\1522763888177.png, C:\\Users\\mkabir\\Katalon Studio\\Automation Practice 1\\Reports\\Testing via Firefox\\20180403_145450\\1522763898805.png, C:\\Users\\mkabir\\Katalon Studio\\Automation Practice 1\\Reports\\Testing via Firefox\\20180403_145450\\1522763929977.png, C:\\Users\\mkabir\\Katalon Studio\\Automation Practice 1\\Reports\\Testing via Firefox\\20180403_145450\\1522764003271.png, C:\\Users\\mkabir\\Katalon Studio\\Automation Practice 1\\Reports\\Testing via Firefox\\20180403_145450\\1522764036160.png, C:\\Users\\mkabir\\Katalon Studio\\Automation Practice 1\\Reports\\Testing via Firefox\\20180403_145450\\1522764041502.png, C:\\Users\\mkabir\\Katalon Studio\\Automation Practice 1\\Reports\\Testing via Firefox\\20180403_145450\\1522764046870.png, C:\\Users\\mkabir\\Katalon Studio\\Automation Practice 1\\Reports\\Testing via Firefox\\20180403_145450\\1522764130875.png, C:\\Users\\mkabir\\Katalon Studio\\Automation Practice 1\\Reports\\Testing via Firefox\\20180403_145450\\1522764141534.png, C:\\Users\\mkabir\\Katalon Studio\\Automation Practice 1\\Reports\\Testing via Firefox\\20180403_145450\\1522764152166.png, C:\\Users\\mkabir\\Katalon Studio\\Automation Practice 1\\Reports\\Testing via Firefox\\20180403_145450\\1522764162847.png, C:\\Users\\mkabir\\Katalon Studio\\Automation Practice 1\\Reports\\Testing via Firefox\\20180403_145450\\1522764194033.png, C:\\Users\\mkabir\\Katalon Studio\\Automation Practice 1\\Reports\\Testing via Firefox\\20180403_145450\\1522764204655.png, C:\\Users\\mkabir\\Katalon Studio\\Automation Practice 1\\Reports\\Testing via Firefox\\20180403_145450\\1522764215277.png, C:\\Users\\mkabir\\Katalon Studio\\Automation Practice 1\\Reports\\Testing via Firefox\\20180403_145450\\1522764279138.png, C:\\Users\\mkabir\\Katalon Studio\\Automation Practice 1\\Reports\\Testing via Firefox\\20180403_145450\\1522764284260.png, C:\\Users\\mkabir\\Katalon Studio\\Automation Practice 1\\Reports\\Testing via Firefox\\20180403_145450\\1522764289350.png, C:\\Users\\mkabir\\Katalon Studio\\Automation Practice 1\\Reports\\Testing via Firefox\\20180403_145450\\1522764299944.png"/>
         <property name="hostName" value="mkabir - lp02732.int.openbet.com"/>
         <property name="os" value="Windows 10 64bit"/>
         <property name="katalonVersion" value="5.3.1.1"/>
         <property name="browser" value="Firefox 58.0"/>
         <property name="hostAddress" value="172.31.253.229"/>
         <property name="sessionId" value="04d6ca9c-0f37-40d7-8209-c2ca63aebd68"/>
         <property name="seleniumVersion" value="3.7.1"/>
         <property name="proxyInformation" value="ProxyInformation{proxyOption=NO_PROXY, proxyServerType=HTTP, password=, proxyServerAddress=, proxyServerPort=0}"/>
         <property name="platform" value="Windows 10"/>
      </properties>
      <testcase name="Test Cases/Verify a user can see previously added items in their shopping cart" classname="Test Cases/Verify a user can see previously added items in their shopping cart" status="FAILED">
         <failure type="FAILED" message="Unable to click on object 'Object Repository/IBM TEST/Page_Dresses - My Store (1)/html_Dresses - My Store  var C' (Root cause: com.kms.katalon.core.webui.exception.WebElementNotFoundException: Web element with id: 'Object Repository/IBM TEST/Page_Dresses - My Store (1)/html_Dresses - My Store  var C' located by 'By.xpath: //html[(text() = concat('
		
		Dresses - My Store
		
		
		
		 
		 
		
		
			
			
			
			
			
			
			
			
			
			
			
			
			
			
			
			
			
			
			
			
			
			
			
			
			
			
			
			
			
		
var CUSTOMIZE_TEXTFIELD = 1;
var FancyboxI18nClose = ' , &quot;'&quot; , 'Close' , &quot;'&quot; , ';
var FancyboxI18nNext = ' , &quot;'&quot; , 'Next' , &quot;'&quot; , ';
var FancyboxI18nPrev = ' , &quot;'&quot; , 'Previous' , &quot;'&quot; , ';
var added_to_wishlist = ' , &quot;'&quot; , 'Added to your wishlist.' , &quot;'&quot; , ';
var ajax_allowed = true;
var ajaxsearch = true;
var baseDir = ' , &quot;'&quot; , 'http://automationpractice.com/' , &quot;'&quot; , ';
var baseUri = ' , &quot;'&quot; , 'http://automationpractice.com/index.php' , &quot;'&quot; , ';
var blocklayeredSliderName = {&quot;price&quot;:&quot;price&quot;,&quot;weight&quot;:&quot;weight&quot;};
var blocksearch_type = ' , &quot;'&quot; , 'top' , &quot;'&quot; , ';
var comparator_max_item = 3;
var comparedProductsIds = [];
var contentOnly = false;
var customizationIdMessage = ' , &quot;'&quot; , 'Customization #' , &quot;'&quot; , ';
var delete_txt = ' , &quot;'&quot; , 'Delete' , &quot;'&quot; , ';
var displayList = false;
var filters = [{&quot;type_lite&quot;:&quot;category&quot;,&quot;type&quot;:&quot;category&quot;,&quot;id_key&quot;:0,&quot;name&quot;:&quot;Categories&quot;,&quot;values&quot;:{&quot;9&quot;:{&quot;name&quot;:&quot;Casual Dresses&quot;,&quot;nbr&quot;:1,&quot;link&quot;:&quot;http:\/\/automationpractice.com\/index.php?id_category=8&amp;controller=category#categories-casual_dresses&quot;,&quot;rel&quot;:&quot;nofollow&quot;},&quot;10&quot;:{&quot;name&quot;:&quot;Evening Dresses&quot;,&quot;nbr&quot;:1,&quot;link&quot;:&quot;http:\/\/automationpractice.com\/index.php?id_category=8&amp;controller=category#categories-evening_dresses&quot;,&quot;rel&quot;:&quot;nofollow&quot;},&quot;11&quot;:{&quot;name&quot;:&quot;Summer Dresses&quot;,&quot;nbr&quot;:3,&quot;link&quot;:&quot;http:\/\/automationpractice.com\/index.php?id_category=8&amp;controller=category#categories-summer_dresses&quot;,&quot;rel&quot;:&quot;nofollow&quot;}},&quot;filter_show_limit&quot;:&quot;0&quot;,&quot;filter_type&quot;:&quot;0&quot;},{&quot;type_lite&quot;:&quot;id_attribute_group&quot;,&quot;type&quot;:&quot;id_attribute_group&quot;,&quot;id_key&quot;:1,&quot;name&quot;:&quot;Size&quot;,&quot;is_color_group&quot;:false,&quot;values&quot;:{&quot;1&quot;:{&quot;color&quot;:&quot;&quot;,&quot;name&quot;:&quot;S&quot;,&quot;nbr&quot;:5,&quot;url_name&quot;:null,&quot;meta_title&quot;:null,&quot;link&quot;:&quot;http:\/\/automationpractice.com\/index.php?id_category=8&amp;controller=category#size-s&quot;,&quot;rel&quot;:&quot;&quot;},&quot;2&quot;:{&quot;color&quot;:&quot;&quot;,&quot;name&quot;:&quot;M&quot;,&quot;nbr&quot;:5,&quot;url_name&quot;:null,&quot;meta_title&quot;:null,&quot;link&quot;:&quot;http:\/\/automationpractice.com\/index.php?id_category=8&amp;controller=category#size-m&quot;,&quot;rel&quot;:&quot;&quot;},&quot;3&quot;:{&quot;color&quot;:&quot;&quot;,&quot;name&quot;:&quot;L&quot;,&quot;nbr&quot;:5,&quot;url_name&quot;:null,&quot;meta_title&quot;:null,&quot;link&quot;:&quot;http:\/\/automationpractice.com\/index.php?id_category=8&amp;controller=category#size-l&quot;,&quot;rel&quot;:&quot;&quot;}},&quot;url_name&quot;:null,&quot;meta_title&quot;:null,&quot;filter_show_limit&quot;:&quot;0&quot;,&quot;filter_type&quot;:&quot;0&quot;},{&quot;type_lite&quot;:&quot;id_attribute_group&quot;,&quot;type&quot;:&quot;id_attribute_group&quot;,&quot;id_key&quot;:3,&quot;name&quot;:&quot;Color&quot;,&quot;is_color_group&quot;:true,&quot;values&quot;:{&quot;7&quot;:{&quot;color&quot;:&quot;#f5f5dc&quot;,&quot;name&quot;:&quot;Beige&quot;,&quot;nbr&quot;:1,&quot;url_name&quot;:null,&quot;meta_title&quot;:null,&quot;link&quot;:&quot;http:\/\/automationpractice.com\/index.php?id_category=8&amp;controller=category#color-beige&quot;,&quot;rel&quot;:&quot;&quot;},&quot;8&quot;:{&quot;color&quot;:&quot;#ffffff&quot;,&quot;name&quot;:&quot;White&quot;,&quot;nbr&quot;:1,&quot;url_name&quot;:null,&quot;meta_title&quot;:null,&quot;link&quot;:&quot;http:\/\/automationpractice.com\/index.php?id_category=8&amp;controller=category#color-white&quot;,&quot;rel&quot;:&quot;&quot;},&quot;11&quot;:{&quot;color&quot;:&quot;#434A54&quot;,&quot;name&quot;:&quot;Black&quot;,&quot;nbr&quot;:1,&quot;url_name&quot;:null,&quot;meta_title&quot;:null,&quot;link&quot;:&quot;http:\/\/automationpractice.com\/index.php?id_category=8&amp;controller=category#color-black&quot;,&quot;rel&quot;:&quot;&quot;},&quot;13&quot;:{&quot;color&quot;:&quot;#F39C11&quot;,&quot;name&quot;:&quot;Orange&quot;,&quot;nbr&quot;:2,&quot;url_name&quot;:null,&quot;meta_title&quot;:null,&quot;link&quot;:&quot;http:\/\/automationpractice.com\/index.php?id_category=8&amp;controller=category#color-orange&quot;,&quot;rel&quot;:&quot;&quot;},&quot;14&quot;:{&quot;color&quot;:&quot;#5D9CEC&quot;,&quot;name&quot;:&quot;Blue&quot;,&quot;nbr&quot;:1,&quot;url_name&quot;:null,&quot;meta_title&quot;:null,&quot;link&quot;:&quot;http:\/\/automationpractice.com\/index.php?id_category=8&amp;controller=category#color-blue&quot;,&quot;rel&quot;:&quot;&quot;},&quot;15&quot;:{&quot;color&quot;:&quot;#A0D468&quot;,&quot;name&quot;:&quot;Green&quot;,&quot;nbr&quot;:1,&quot;url_name&quot;:null,&quot;meta_title&quot;:null,&quot;link&quot;:&quot;http:\/\/automationpractice.com\/index.php?id_category=8&amp;controller=category#color-green&quot;,&quot;rel&quot;:&quot;&quot;},&quot;16&quot;:{&quot;color&quot;:&quot;#F1C40F&quot;,&quot;name&quot;:&quot;Yellow&quot;,&quot;nbr&quot;:3,&quot;url_name&quot;:null,&quot;meta_title&quot;:null,&quot;link&quot;:&quot;http:\/\/automationpractice.com\/index.php?id_category=8&amp;controller=category#color-yellow&quot;,&quot;rel&quot;:&quot;&quot;},&quot;24&quot;:{&quot;color&quot;:&quot;#FCCACD&quot;,&quot;name&quot;:&quot;Pink&quot;,&quot;nbr&quot;:1,&quot;url_name&quot;:null,&quot;meta_title&quot;:null,&quot;link&quot;:&quot;http:\/\/automationpractice.com\/index.php?id_category=8&amp;controller=category#color-pink&quot;,&quot;rel&quot;:&quot;&quot;}},&quot;url_name&quot;:null,&quot;meta_title&quot;:null,&quot;filter_show_limit&quot;:&quot;0&quot;,&quot;filter_type&quot;:&quot;0&quot;},{&quot;type_lite&quot;:&quot;id_feature&quot;,&quot;type&quot;:&quot;id_feature&quot;,&quot;id_key&quot;:5,&quot;values&quot;:{&quot;5&quot;:{&quot;nbr&quot;:1,&quot;name&quot;:&quot;Cotton&quot;,&quot;url_name&quot;:null,&quot;meta_title&quot;:null,&quot;link&quot;:&quot;http:\/\/automationpractice.com\/index.php?id_category=8&amp;controller=category#compositions-cotton&quot;,&quot;rel&quot;:&quot;&quot;},&quot;1&quot;:{&quot;nbr&quot;:2,&quot;name&quot;:&quot;Polyester&quot;,&quot;url_name&quot;:null,&quot;meta_title&quot;:null,&quot;link&quot;:&quot;http:\/\/automationpractice.com\/index.php?id_category=8&amp;controller=category#compositions-polyester&quot;,&quot;rel&quot;:&quot;&quot;},&quot;3&quot;:{&quot;nbr&quot;:2,&quot;name&quot;:&quot;Viscose&quot;,&quot;url_name&quot;:null,&quot;meta_title&quot;:null,&quot;link&quot;:&quot;http:\/\/automationpractice.com\/index.php?id_category=8&amp;controller=category#compositions-viscose&quot;,&quot;rel&quot;:&quot;&quot;}},&quot;name&quot;:&quot;Compositions&quot;,&quot;url_name&quot;:null,&quot;meta_title&quot;:null,&quot;filter_show_limit&quot;:&quot;0&quot;,&quot;filter_type&quot;:&quot;0&quot;},{&quot;type_lite&quot;:&quot;id_feature&quot;,&quot;type&quot;:&quot;id_feature&quot;,&quot;id_key&quot;:6,&quot;values&quot;:{&quot;11&quot;:{&quot;nbr&quot;:1,&quot;name&quot;:&quot;Casual&quot;,&quot;url_name&quot;:null,&quot;meta_title&quot;:null,&quot;link&quot;:&quot;http:\/\/automationpractice.com\/index.php?id_category=8&amp;controller=category#styles-casual&quot;,&quot;rel&quot;:&quot;&quot;},&quot;16&quot;:{&quot;nbr&quot;:1,&quot;name&quot;:&quot;Dressy&quot;,&quot;url_name&quot;:null,&quot;meta_title&quot;:null,&quot;link&quot;:&quot;http:\/\/automationpractice.com\/index.php?id_category=8&amp;controller=category#styles-dressy&quot;,&quot;rel&quot;:&quot;&quot;},&quot;13&quot;:{&quot;nbr&quot;:3,&quot;name&quot;:&quot;Girly&quot;,&quot;url_name&quot;:null,&quot;meta_title&quot;:null,&quot;link&quot;:&quot;http:\/\/automationpractice.com\/index.php?id_category=8&amp;controller=category#styles-girly&quot;,&quot;rel&quot;:&quot;&quot;}},&quot;name&quot;:&quot;Styles&quot;,&quot;url_name&quot;:null,&quot;meta_title&quot;:null,&quot;filter_show_limit&quot;:&quot;0&quot;,&quot;filter_type&quot;:&quot;0&quot;},{&quot;type_lite&quot;:&quot;id_feature&quot;,&quot;type&quot;:&quot;id_feature&quot;,&quot;id_key&quot;:7,&quot;values&quot;:{&quot;18&quot;:{&quot;nbr&quot;:1,&quot;name&quot;:&quot;Colorful Dress&quot;,&quot;url_name&quot;:null,&quot;meta_title&quot;:null,&quot;link&quot;:&quot;http:\/\/automationpractice.com\/index.php?id_category=8&amp;controller=category#properties-colorful_dress&quot;,&quot;rel&quot;:&quot;&quot;},&quot;21&quot;:{&quot;nbr&quot;:1,&quot;name&quot;:&quot;Maxi Dress&quot;,&quot;url_name&quot;:null,&quot;meta_title&quot;:null,&quot;link&quot;:&quot;http:\/\/automationpractice.com\/index.php?id_category=8&amp;controller=category#properties-maxi_dress&quot;,&quot;rel&quot;:&quot;&quot;},&quot;20&quot;:{&quot;nbr&quot;:1,&quot;name&quot;:&quot;Midi Dress&quot;,&quot;url_name&quot;:null,&quot;meta_title&quot;:null,&quot;link&quot;:&quot;http:\/\/automationpractice.com\/index.php?id_category=8&amp;controller=category#properties-midi_dress&quot;,&quot;rel&quot;:&quot;&quot;},&quot;19&quot;:{&quot;nbr&quot;:2,&quot;name&quot;:&quot;Short Dress&quot;,&quot;url_name&quot;:null,&quot;meta_title&quot;:null,&quot;link&quot;:&quot;http:\/\/automationpractice.com\/index.php?id_category=8&amp;controller=category#properties-short_dress&quot;,&quot;rel&quot;:&quot;&quot;}},&quot;name&quot;:&quot;Properties&quot;,&quot;url_name&quot;:null,&quot;meta_title&quot;:null,&quot;filter_show_limit&quot;:&quot;0&quot;,&quot;filter_type&quot;:&quot;0&quot;},{&quot;type_lite&quot;:&quot;quantity&quot;,&quot;type&quot;:&quot;quantity&quot;,&quot;id_key&quot;:0,&quot;name&quot;:&quot;Availability&quot;,&quot;values&quot;:[{&quot;name&quot;:&quot;Not available&quot;,&quot;nbr&quot;:0,&quot;link&quot;:&quot;http:\/\/automationpractice.com\/index.php?id_category=8&amp;controller=category#availability-not_available&quot;,&quot;rel&quot;:&quot;nofollow&quot;},{&quot;name&quot;:&quot;In stock&quot;,&quot;nbr&quot;:5,&quot;link&quot;:&quot;http:\/\/automationpractice.com\/index.php?id_category=8&amp;controller=category#availability-in_stock&quot;,&quot;rel&quot;:&quot;nofollow&quot;}],&quot;filter_show_limit&quot;:&quot;0&quot;,&quot;filter_type&quot;:&quot;0&quot;},{&quot;type_lite&quot;:&quot;manufacturer&quot;,&quot;type&quot;:&quot;manufacturer&quot;,&quot;id_key&quot;:0,&quot;name&quot;:&quot;Manufacturer&quot;,&quot;values&quot;:{&quot;1&quot;:{&quot;name&quot;:&quot;Fashion Manufacturer&quot;,&quot;nbr&quot;:&quot;5&quot;,&quot;link&quot;:&quot;http:\/\/automationpractice.com\/index.php?id_category=8&amp;controller=category#manufacturer-fashion_manufacturer&quot;,&quot;rel&quot;:&quot;nofollow&quot;}},&quot;filter_show_limit&quot;:&quot;0&quot;,&quot;filter_type&quot;:&quot;0&quot;},{&quot;type_lite&quot;:&quot;condition&quot;,&quot;type&quot;:&quot;condition&quot;,&quot;id_key&quot;:0,&quot;name&quot;:&quot;Condition&quot;,&quot;values&quot;:{&quot;new&quot;:{&quot;name&quot;:&quot;New&quot;,&quot;nbr&quot;:5,&quot;link&quot;:&quot;http:\/\/automationpractice.com\/index.php?id_category=8&amp;controller=category#condition-new&quot;,&quot;rel&quot;:&quot;nofollow&quot;},&quot;used&quot;:{&quot;name&quot;:&quot;Used&quot;,&quot;nbr&quot;:0,&quot;link&quot;:&quot;http:\/\/automationpractice.com\/index.php?id_category=8&amp;controller=category#condition-used&quot;,&quot;rel&quot;:&quot;nofollow&quot;},&quot;refurbished&quot;:{&quot;name&quot;:&quot;Refurbished&quot;,&quot;nbr&quot;:0,&quot;link&quot;:&quot;http:\/\/automationpractice.com\/index.php?id_category=8&amp;controller=category#condition-refurbished&quot;,&quot;rel&quot;:&quot;nofollow&quot;}},&quot;filter_show_limit&quot;:&quot;0&quot;,&quot;filter_type&quot;:&quot;0&quot;},{&quot;type_lite&quot;:&quot;price&quot;,&quot;type&quot;:&quot;price&quot;,&quot;id_key&quot;:0,&quot;name&quot;:&quot;Price&quot;,&quot;slider&quot;:true,&quot;max&quot;:&quot;53&quot;,&quot;min&quot;:&quot;16&quot;,&quot;values&quot;:{&quot;1&quot;:&quot;53&quot;,&quot;0&quot;:&quot;16&quot;},&quot;unit&quot;:&quot;$&quot;,&quot;format&quot;:&quot;1&quot;,&quot;filter_show_limit&quot;:&quot;0&quot;,&quot;filter_type&quot;:&quot;0&quot;}];
var freeProductTranslation = ' , &quot;'&quot; , 'Free!' , &quot;'&quot; , ';
var freeShippingTranslation = ' , &quot;'&quot; , 'Free shipping!' , &quot;'&quot; , ';
var generated_date = 1522248415;
var id_lang = 1;
var img_dir = ' , &quot;'&quot; , 'http://automationpractice.com/themes/default-bootstrap/img/' , &quot;'&quot; , ';
var instantsearch = false;
var isGuest = 0;
var isLogged = 1;
var loggin_required = ' , &quot;'&quot; , 'You must be logged in to manage your wishlist.' , &quot;'&quot; , ';
var max_item = ' , &quot;'&quot; , 'You cannot add more than 3 product(s) to the product comparison' , &quot;'&quot; , ';
var min_item = ' , &quot;'&quot; , 'Please select at least one product' , &quot;'&quot; , ';
var mywishlist_url = ' , &quot;'&quot; , 'http://automationpractice.com/index.php?fc=module&amp;module=blockwishlist&amp;controller=mywishlist' , &quot;'&quot; , ';
var page_name = ' , &quot;'&quot; , 'category' , &quot;'&quot; , ';
var param_product_url = ' , &quot;'&quot; , '#' , &quot;'&quot; , ';
var placeholder_blocknewsletter = ' , &quot;'&quot; , 'Enter your e-mail' , &quot;'&quot; , ';
var priceDisplayMethod = 1;
var priceDisplayPrecision = 2;
var quickView = true;
var removingLinkText = ' , &quot;'&quot; , 'remove this product from my cart' , &quot;'&quot; , ';
var request = ' , &quot;'&quot; , 'http://automationpractice.com/index.php?id_category=8&amp;controller=category' , &quot;'&quot; , ';
var roundMode = 2;
var search_url = ' , &quot;'&quot; , 'http://automationpractice.com/index.php?controller=search' , &quot;'&quot; , ';
var static_token = ' , &quot;'&quot; , 'b842f4a42956685333000db0ab174863' , &quot;'&quot; , ';
var token = ' , &quot;'&quot; , 'f0d7e4320d9dcd64ff64d5b43bc0abed' , &quot;'&quot; , ';
var usingSecureMode = false;
var wishlistProductsIds = false;


		
		
		
		
		
		
		
		
		
		
		
		
		
		
		
		
		
		
		
		
		
		
		
		
		
		
		
		
			
		
		
	.fancybox-margin{margin-right:17px;}#katalon{font-family:monospace;font-size:13px;background-color:rgba(0,0,0,.7);position:fixed;top:0;left:0;right:0;display:block;z-index:999999999;line-height: normal} #katalon div{padding:0;margin:0;color:#fff;} #katalon kbd{display:inline-block;padding:3px 5px;font:13px Consolas,&quot;Liberation Mono&quot;,Menlo,Courier,monospace;line-height:10px;color:#555;vertical-align:middle;background-color:#fcfcfc;border:1px solid #ccc;border-bottom-color:#bbb;border-radius:3px;box-shadow:inset 0 -1px 0 #bbb;font-weight: bold} div#katalon-elementInfoDiv {color: lightblue; padding: 5px}
	
					
			
				
					
						
							
								
	


							
						
					
					
						
							
								
	
		Chapel Kabir
	

			
			Sign out
		
	




	Contact us

	
		Call us now: 0123-456-789
	

							
						
					
					
						
							
								
									
										
									
								
								

	
		
		
		
		
		
			Search
		
	



	
		
			Cart
			0
			Product
			Products
			
							
			(empty)
					
					
				
					
					
												
							No products
						
												
							
								
																			Free shipping!
																	
								
									Shipping
								
							
																					
								$0.00
								Total
							
													
						
							
								
									Check out
								
							
						
					
				
			
			


	
		
			
				
				
					Product successfully added to your shopping cart
				
				
				
				
					
					
					
						Quantity
						
					
					
						Total
						
					
				
			
			
				
					
					
						There are 0 items in your cart.
					
					
					
						There is 1 item in your cart.
					
				
	
				
					
						Total products
											
					
											
				
	
								
					
						Total shipping 					
					
													Free shipping!
											
				
									
					
						Total
											
					
											
				
					
					
						
							Continue shopping
						
					
					
						
							Proceed to checkout
						
						
				
			
		
		
	 
	

	
	
		Categories
		
			WomenTopsT-shirtsBlousesDressesCasual DressesEvening DressesSummer DressesDressesCasual DressesEvening DressesSummer DressesT-shirts
					
	
	
							
						
					
				
			
			
				
											


	
			>
					Women>Dresses
			

										
						
					
					
												

	
					Dresses
			
	
		
												

	
		Casual Dresses
	
	

																

	
		Evening Dresses
	
	

																

	
		Summer Dresses
	
	

									
	





	Catalog
	
		
			
																										
						                        
                            Categories
                            
						
						
																																												
																							 
																						
																								Casual Dresses (1)
																							
										
																																							
																							 
																						
																								Evening Dresses (1)
																							
										
																																							
																							 
																						
																								Summer Dresses (3)
																							
										
																																															
					
																											
						                        
                            Size
                            
						
						
																																												
																							 
																						
																								S (5)
																							
										
																																							
																							 
																						
																								M (5)
																							
										
																																							
																							 
																						
																								L (5)
																							
										
																																															
					
																											
						                        
                            Color
                            
						
						
																																												
																							
																																		
																								Beige (1)
																							
										
																																							
																							
																																		
																								White (1)
																							
										
																																							
																							
																																		
																								Black (1)
																							
										
																																							
																							
																																		
																								Orange (2)
																							
										
																																							
																							
																																		
																								Blue (1)
																							
										
																																							
																							
																																		
																								Green (1)
																							
										
																																							
																							
																																		
																								Yellow (3)
																							
										
																																							
																							
																																		
																								Pink (1)
																							
										
																																															
					
																											
						                        
                            Compositions
                            
						
						
																																												
																							 
																						
																								Cotton (1)
																							
										
																																							
																							 
																						
																								Polyester (2)
																							
										
																																							
																							 
																						
																								Viscose (2)
																							
										
																																															
					
																											
						                        
                            Styles
                            
						
						
																																												
																							 
																						
																								Casual (1)
																							
										
																																							
																							 
																						
																								Dressy (1)
																							
										
																																							
																							 
																						
																								Girly (3)
																							
										
																																															
					
																											
						                        
                            Properties
                            
						
						
																																												
																							 
																						
																								Colorful Dress (1)
																							
										
																																							
																							 
																						
																								Maxi Dress (1)
																							
										
																																							
																							 
																						
																								Midi Dress (1)
																							
										
																																							
																							 
																						
																								Short Dress (2)
																							
										
																																															
					
																											
						                        
                            Availability
                            
						
						
																																																															
																							 
																						
																								In stock (5)
																							
										
																																															
					
																											
						                        
                            Manufacturer
                            
						
						
																																												
																							 
																						
																								Fashion Manufacturer (5)
																							
										
																																															
					
																											
						                        
                            Condition
                            
						
						
																																												
																							 
																						
																								New (5)
																							
										
																																																																																					
					
																											
						                        
                            Price
                            
						
						
																								
										Range:
									 
									$16.00 - $53.00
									
										
									
																												
					
												
			
																																																																																																																																																																												
	
	
		
			
			Loading...
		
	


	
			
			
				
					Information				
			
			
				
																							
								
									Delivery
								
							
																								
								
									Legal Notice
								
							
																								
								
									Terms and conditions of use
								
							
																								
								
									About us
								
							
																								
								
									Secure payment
								
							
																						
							
								Our stores
							
						
									
			
		
		


	
        
            Specials
        
    
	
    		
        	
            	
                    
                
                
                	
                        
                            Printed Chiffon Dress
                        
                    
                                        	
                            Printed chiffon knee length dress...
                        
                                        
                    	                        	
                                $16.40
                                                            
                                                                                                                                 -20%
                                                                                         
                                $20.50
                                                            
                                            
                
            
		
		
			
                All specials
            
		
    	



	
		
			Our stores
		
	
	
		
			
				
			
		
				
			
				Discover our stores
			
		
	



																		
	

	    				
            	                     
                    
                                                    
                            
                                Dresses                            
                                                            Find your favorites dresses from our wide choice of evening, casual or summer dresses!
We offer dresses for every day, every style and every occasion.
                                                        
                                             
                              
				Dresses There are 5 products.

		        		
		
			Subcategories
			
							
                	
						
													
											
                   	
					Casual Dresses
											You are looking for a dress for every day? Take a look at
our selection of dresses to find one that suits you.
									
							
                	
						
													
											
                   	
					Evening Dresses
											Browse our different dresses to choose the perfect dress for an unforgettable evening!
									
							
                	
						
													
											
                   	
					Summer Dresses
											Short dress, long dress, silk dress, printed dress, you will find the perfect dress for summer.
									
						
		
        							
            	
            		
	View
    Grid
    List



	
		Sort by
		--
			--
							Price: Lowest first
				Price: Highest first
						Product Name: A to Z
			Product Name: Z to A
							In stock
						Reference: Lowest first
			Reference: Highest first
		
	


			
	
                								
		

				
                
                		
		
			Compare (0)
		
		
		
	
			
		
		
		
	
					
	
												
	
	    			
    
    	        	                        	                        	Showing 1 - 5 of 5 items
		    
	

                
			
				
									
		
	
	
	
			
		
		
								
			
				
					
						
							
						
													
							
								
							
						
						
							Quick view
						
																			
																	
										$26.00									
									
																		
									
															
																							
					
					
				
				
					
												
							Printed Dress
						
					
					
					
						100% cotton double printed dress. Black and white striped top and orange high waisted skater skirt bottom.
					
										
													
								$26.00							
							
														
							
											
										
																														
										Add to cart
									
																											
							More
						
					
											
					
			
							
		
	
										
																														
																		
																	
										In stock									
															
															
					 				
						

	
		Add to Wishlist
	

													
								Add to Compare
							
											
							
		
			
		
		
								
			
				
					
						
							
						
													
							
								
							
						
						
							Quick view
						
																			
																	
										$50.99									
									
																		
									
															
																							
					
					
				
				
					
												
							Printed Dress
						
					
					
					
						Printed evening dress with straight sleeves with black thin waist belt and ruffled linings.
					
										
													
								$50.99							
							
														
							
											
										
																														
										Add to cart
									
																											
							More
						
					
											
					
			
							
		
					
			
							
		
	
										
																														
																		
																	
										In stock									
															
															
					 				
						

	
		Add to Wishlist
	

													
								Add to Compare
							
											
							
		
			
		
		
								
			
				
					
						
							
						
													
							
								
							
						
						
							Quick view
						
																			
																	
										$28.98									
									
																			
										
											$30.51
										
																					-5%
																												
									
															
																							
					
					
				
				
					
												
							Printed Summer Dress
						
					
					
					
						Long printed dress with thin adjustable straps. V-neckline and wiring under the bust with ruffles at the bottom of the dress.
					
										
													
								$28.98							
							
															
								
									$30.51
								
								
																	-5%
																						
							
											
										
																														
										Add to cart
									
																											
							More
						
					
											
					
			
							
		
					
			
							
		
					
			
							
		
					
			
							
		
	
										
																																	Reduced price!
												
																		
																	
										In stock									
															
															
					 				
						

	
		Add to Wishlist
	

													
								Add to Compare
							
											
							
		
			
		
		
								
			
				
					
						
							
						
													
							
								
							
						
						
							Quick view
						
																			
																	
										$30.50									
									
																		
									
															
																							
					
					
				
				
					
												
							Printed Summer Dress
						
					
					
					
						Sleeveless knee-length chiffon dress. V-neckline with elastic under the bust lining.
					
										
													
								$30.50							
							
														
							
											
										
																														
										Add to cart
									
																											
							More
						
					
											
					
			
							
		
					
			
							
		
	
										
																														
																		
																	
										In stock									
															
															
					 				
						

	
		Add to Wishlist
	

													
								Add to Compare
							
											
							
		
			
		
		
								
			
				
					
						
							
						
													
							
								
							
						
						
							Quick view
						
																			
																	
										$16.40									
									
																			
										
											$20.50
										
																					-20%
																												
									
															
																							
					
					
				
				
					
												
							Printed Chiffon Dress
						
					
					
					
						Printed chiffon knee length dress with tank straps. Deep v-neckline.
					
										
													
								$16.40							
							
															
								
									$20.50
								
								
																	-20%
																						
							
											
										
																														
										Add to cart
									
																											
							More
						
					
											
					
			
							
		
					
			
							
		
	
										
																																	Reduced price!
												
																		
																	
										In stock									
															
															
					 				
						

	
		Add to Wishlist
	

													
								Add to Compare
							
											
							
		
		





			
				
						
		
			Compare (0)
		
		
		
	
	
                    
	
												
	
	    			
    
    	        	                        	                        	Showing 1 - 5 of 5 items
		    
	

				
			
								
										
				
			
							
				
					
						

	Newsletter
	
		
			
				
                
                    Ok
                
				
			
		
	



	
					
				
					Facebook
				
			
							
				
					Twitter
				
			
				                	
        		
        			Youtube
        		
        	
                        	
        		
        			Google Plus
        		
        	
                	
    Follow us




	Categories
	
		
			
												

	 
		Women
	
			
												

	 
		Tops
	
			
												

	
		T-shirts
	
	

																

	
		Blouses
	
	

									
	

																

	 
		Dresses
	
			
												

	
		Casual Dresses
	
	

																

	
		Evening Dresses
	
	

																

	
		Summer Dresses
	
	

									
	

									
	

							
										
		
	 


	
	
		Information
		
							
					
						Specials
					
				
									
				
					New products
				
			
										
					
						Best sellers
					
				
										
					
						Our stores
					
				
									
				
					Contact us
				
			
															
						
							Terms and conditions of use
						
					
																
						
							About us
						
					
													
				
					Sitemap
				
			
					
		
	
		
		
			© 2014 Ecommerce software by PrestaShop™
		
	
		


	My account
	
		
			My orders
						My credit slips
			My addresses
			My personal info
						
            Sign out		
	




	
        Store information
        
                        	
            		Selenium Framework, Research Triangle Park,
North Carolina,
USA            	
                                    	
            		Call us now: 
            		(347) 466-7432
            	
                                    	
            		Email: 
            		support@seleniumframework.com
            	
                    
    



					
				
					
/html[1]') or . = concat('
		
		Dresses - My Store
		
		
		
		 
		 
		
		
			
			
			
			
			
			
			
			
			
			
			
			
			
			
			
			
			
			
			
			
			
			
			
			
			
			
			
			
			
		
var CUSTOMIZE_TEXTFIELD = 1;
var FancyboxI18nClose = ' , &quot;'&quot; , 'Close' , &quot;'&quot; , ';
var FancyboxI18nNext = ' , &quot;'&quot; , 'Next' , &quot;'&quot; , ';
var FancyboxI18nPrev = ' , &quot;'&quot; , 'Previous' , &quot;'&quot; , ';
var added_to_wishlist = ' , &quot;'&quot; , 'Added to your wishlist.' , &quot;'&quot; , ';
var ajax_allowed = true;
var ajaxsearch = true;
var baseDir = ' , &quot;'&quot; , 'http://automationpractice.com/' , &quot;'&quot; , ';
var baseUri = ' , &quot;'&quot; , 'http://automationpractice.com/index.php' , &quot;'&quot; , ';
var blocklayeredSliderName = {&quot;price&quot;:&quot;price&quot;,&quot;weight&quot;:&quot;weight&quot;};
var blocksearch_type = ' , &quot;'&quot; , 'top' , &quot;'&quot; , ';
var comparator_max_item = 3;
var comparedProductsIds = [];
var contentOnly = false;
var customizationIdMessage = ' , &quot;'&quot; , 'Customization #' , &quot;'&quot; , ';
var delete_txt = ' , &quot;'&quot; , 'Delete' , &quot;'&quot; , ';
var displayList = false;
var filters = [{&quot;type_lite&quot;:&quot;category&quot;,&quot;type&quot;:&quot;category&quot;,&quot;id_key&quot;:0,&quot;name&quot;:&quot;Categories&quot;,&quot;values&quot;:{&quot;9&quot;:{&quot;name&quot;:&quot;Casual Dresses&quot;,&quot;nbr&quot;:1,&quot;link&quot;:&quot;http:\/\/automationpractice.com\/index.php?id_category=8&amp;controller=category#categories-casual_dresses&quot;,&quot;rel&quot;:&quot;nofollow&quot;},&quot;10&quot;:{&quot;name&quot;:&quot;Evening Dresses&quot;,&quot;nbr&quot;:1,&quot;link&quot;:&quot;http:\/\/automationpractice.com\/index.php?id_category=8&amp;controller=category#categories-evening_dresses&quot;,&quot;rel&quot;:&quot;nofollow&quot;},&quot;11&quot;:{&quot;name&quot;:&quot;Summer Dresses&quot;,&quot;nbr&quot;:3,&quot;link&quot;:&quot;http:\/\/automationpractice.com\/index.php?id_category=8&amp;controller=category#categories-summer_dresses&quot;,&quot;rel&quot;:&quot;nofollow&quot;}},&quot;filter_show_limit&quot;:&quot;0&quot;,&quot;filter_type&quot;:&quot;0&quot;},{&quot;type_lite&quot;:&quot;id_attribute_group&quot;,&quot;type&quot;:&quot;id_attribute_group&quot;,&quot;id_key&quot;:1,&quot;name&quot;:&quot;Size&quot;,&quot;is_color_group&quot;:false,&quot;values&quot;:{&quot;1&quot;:{&quot;color&quot;:&quot;&quot;,&quot;name&quot;:&quot;S&quot;,&quot;nbr&quot;:5,&quot;url_name&quot;:null,&quot;meta_title&quot;:null,&quot;link&quot;:&quot;http:\/\/automationpractice.com\/index.php?id_category=8&amp;controller=category#size-s&quot;,&quot;rel&quot;:&quot;&quot;},&quot;2&quot;:{&quot;color&quot;:&quot;&quot;,&quot;name&quot;:&quot;M&quot;,&quot;nbr&quot;:5,&quot;url_name&quot;:null,&quot;meta_title&quot;:null,&quot;link&quot;:&quot;http:\/\/automationpractice.com\/index.php?id_category=8&amp;controller=category#size-m&quot;,&quot;rel&quot;:&quot;&quot;},&quot;3&quot;:{&quot;color&quot;:&quot;&quot;,&quot;name&quot;:&quot;L&quot;,&quot;nbr&quot;:5,&quot;url_name&quot;:null,&quot;meta_title&quot;:null,&quot;link&quot;:&quot;http:\/\/automationpractice.com\/index.php?id_category=8&amp;controller=category#size-l&quot;,&quot;rel&quot;:&quot;&quot;}},&quot;url_name&quot;:null,&quot;meta_title&quot;:null,&quot;filter_show_limit&quot;:&quot;0&quot;,&quot;filter_type&quot;:&quot;0&quot;},{&quot;type_lite&quot;:&quot;id_attribute_group&quot;,&quot;type&quot;:&quot;id_attribute_group&quot;,&quot;id_key&quot;:3,&quot;name&quot;:&quot;Color&quot;,&quot;is_color_group&quot;:true,&quot;values&quot;:{&quot;7&quot;:{&quot;color&quot;:&quot;#f5f5dc&quot;,&quot;name&quot;:&quot;Beige&quot;,&quot;nbr&quot;:1,&quot;url_name&quot;:null,&quot;meta_title&quot;:null,&quot;link&quot;:&quot;http:\/\/automationpractice.com\/index.php?id_category=8&amp;controller=category#color-beige&quot;,&quot;rel&quot;:&quot;&quot;},&quot;8&quot;:{&quot;color&quot;:&quot;#ffffff&quot;,&quot;name&quot;:&quot;White&quot;,&quot;nbr&quot;:1,&quot;url_name&quot;:null,&quot;meta_title&quot;:null,&quot;link&quot;:&quot;http:\/\/automationpractice.com\/index.php?id_category=8&amp;controller=category#color-white&quot;,&quot;rel&quot;:&quot;&quot;},&quot;11&quot;:{&quot;color&quot;:&quot;#434A54&quot;,&quot;name&quot;:&quot;Black&quot;,&quot;nbr&quot;:1,&quot;url_name&quot;:null,&quot;meta_title&quot;:null,&quot;link&quot;:&quot;http:\/\/automationpractice.com\/index.php?id_category=8&amp;controller=category#color-black&quot;,&quot;rel&quot;:&quot;&quot;},&quot;13&quot;:{&quot;color&quot;:&quot;#F39C11&quot;,&quot;name&quot;:&quot;Orange&quot;,&quot;nbr&quot;:2,&quot;url_name&quot;:null,&quot;meta_title&quot;:null,&quot;link&quot;:&quot;http:\/\/automationpractice.com\/index.php?id_category=8&amp;controller=category#color-orange&quot;,&quot;rel&quot;:&quot;&quot;},&quot;14&quot;:{&quot;color&quot;:&quot;#5D9CEC&quot;,&quot;name&quot;:&quot;Blue&quot;,&quot;nbr&quot;:1,&quot;url_name&quot;:null,&quot;meta_title&quot;:null,&quot;link&quot;:&quot;http:\/\/automationpractice.com\/index.php?id_category=8&amp;controller=category#color-blue&quot;,&quot;rel&quot;:&quot;&quot;},&quot;15&quot;:{&quot;color&quot;:&quot;#A0D468&quot;,&quot;name&quot;:&quot;Green&quot;,&quot;nbr&quot;:1,&quot;url_name&quot;:null,&quot;meta_title&quot;:null,&quot;link&quot;:&quot;http:\/\/automationpractice.com\/index.php?id_category=8&amp;controller=category#color-green&quot;,&quot;rel&quot;:&quot;&quot;},&quot;16&quot;:{&quot;color&quot;:&quot;#F1C40F&quot;,&quot;name&quot;:&quot;Yellow&quot;,&quot;nbr&quot;:3,&quot;url_name&quot;:null,&quot;meta_title&quot;:null,&quot;link&quot;:&quot;http:\/\/automationpractice.com\/index.php?id_category=8&amp;controller=category#color-yellow&quot;,&quot;rel&quot;:&quot;&quot;},&quot;24&quot;:{&quot;color&quot;:&quot;#FCCACD&quot;,&quot;name&quot;:&quot;Pink&quot;,&quot;nbr&quot;:1,&quot;url_name&quot;:null,&quot;meta_title&quot;:null,&quot;link&quot;:&quot;http:\/\/automationpractice.com\/index.php?id_category=8&amp;controller=category#color-pink&quot;,&quot;rel&quot;:&quot;&quot;}},&quot;url_name&quot;:null,&quot;meta_title&quot;:null,&quot;filter_show_limit&quot;:&quot;0&quot;,&quot;filter_type&quot;:&quot;0&quot;},{&quot;type_lite&quot;:&quot;id_feature&quot;,&quot;type&quot;:&quot;id_feature&quot;,&quot;id_key&quot;:5,&quot;values&quot;:{&quot;5&quot;:{&quot;nbr&quot;:1,&quot;name&quot;:&quot;Cotton&quot;,&quot;url_name&quot;:null,&quot;meta_title&quot;:null,&quot;link&quot;:&quot;http:\/\/automationpractice.com\/index.php?id_category=8&amp;controller=category#compositions-cotton&quot;,&quot;rel&quot;:&quot;&quot;},&quot;1&quot;:{&quot;nbr&quot;:2,&quot;name&quot;:&quot;Polyester&quot;,&quot;url_name&quot;:null,&quot;meta_title&quot;:null,&quot;link&quot;:&quot;http:\/\/automationpractice.com\/index.php?id_category=8&amp;controller=category#compositions-polyester&quot;,&quot;rel&quot;:&quot;&quot;},&quot;3&quot;:{&quot;nbr&quot;:2,&quot;name&quot;:&quot;Viscose&quot;,&quot;url_name&quot;:null,&quot;meta_title&quot;:null,&quot;link&quot;:&quot;http:\/\/automationpractice.com\/index.php?id_category=8&amp;controller=category#compositions-viscose&quot;,&quot;rel&quot;:&quot;&quot;}},&quot;name&quot;:&quot;Compositions&quot;,&quot;url_name&quot;:null,&quot;meta_title&quot;:null,&quot;filter_show_limit&quot;:&quot;0&quot;,&quot;filter_type&quot;:&quot;0&quot;},{&quot;type_lite&quot;:&quot;id_feature&quot;,&quot;type&quot;:&quot;id_feature&quot;,&quot;id_key&quot;:6,&quot;values&quot;:{&quot;11&quot;:{&quot;nbr&quot;:1,&quot;name&quot;:&quot;Casual&quot;,&quot;url_name&quot;:null,&quot;meta_title&quot;:null,&quot;link&quot;:&quot;http:\/\/automationpractice.com\/index.php?id_category=8&amp;controller=category#styles-casual&quot;,&quot;rel&quot;:&quot;&quot;},&quot;16&quot;:{&quot;nbr&quot;:1,&quot;name&quot;:&quot;Dressy&quot;,&quot;url_name&quot;:null,&quot;meta_title&quot;:null,&quot;link&quot;:&quot;http:\/\/automationpractice.com\/index.php?id_category=8&amp;controller=category#styles-dressy&quot;,&quot;rel&quot;:&quot;&quot;},&quot;13&quot;:{&quot;nbr&quot;:3,&quot;name&quot;:&quot;Girly&quot;,&quot;url_name&quot;:null,&quot;meta_title&quot;:null,&quot;link&quot;:&quot;http:\/\/automationpractice.com\/index.php?id_category=8&amp;controller=category#styles-girly&quot;,&quot;rel&quot;:&quot;&quot;}},&quot;name&quot;:&quot;Styles&quot;,&quot;url_name&quot;:null,&quot;meta_title&quot;:null,&quot;filter_show_limit&quot;:&quot;0&quot;,&quot;filter_type&quot;:&quot;0&quot;},{&quot;type_lite&quot;:&quot;id_feature&quot;,&quot;type&quot;:&quot;id_feature&quot;,&quot;id_key&quot;:7,&quot;values&quot;:{&quot;18&quot;:{&quot;nbr&quot;:1,&quot;name&quot;:&quot;Colorful Dress&quot;,&quot;url_name&quot;:null,&quot;meta_title&quot;:null,&quot;link&quot;:&quot;http:\/\/automationpractice.com\/index.php?id_category=8&amp;controller=category#properties-colorful_dress&quot;,&quot;rel&quot;:&quot;&quot;},&quot;21&quot;:{&quot;nbr&quot;:1,&quot;name&quot;:&quot;Maxi Dress&quot;,&quot;url_name&quot;:null,&quot;meta_title&quot;:null,&quot;link&quot;:&quot;http:\/\/automationpractice.com\/index.php?id_category=8&amp;controller=category#properties-maxi_dress&quot;,&quot;rel&quot;:&quot;&quot;},&quot;20&quot;:{&quot;nbr&quot;:1,&quot;name&quot;:&quot;Midi Dress&quot;,&quot;url_name&quot;:null,&quot;meta_title&quot;:null,&quot;link&quot;:&quot;http:\/\/automationpractice.com\/index.php?id_category=8&amp;controller=category#properties-midi_dress&quot;,&quot;rel&quot;:&quot;&quot;},&quot;19&quot;:{&quot;nbr&quot;:2,&quot;name&quot;:&quot;Short Dress&quot;,&quot;url_name&quot;:null,&quot;meta_title&quot;:null,&quot;link&quot;:&quot;http:\/\/automationpractice.com\/index.php?id_category=8&amp;controller=category#properties-short_dress&quot;,&quot;rel&quot;:&quot;&quot;}},&quot;name&quot;:&quot;Properties&quot;,&quot;url_name&quot;:null,&quot;meta_title&quot;:null,&quot;filter_show_limit&quot;:&quot;0&quot;,&quot;filter_type&quot;:&quot;0&quot;},{&quot;type_lite&quot;:&quot;quantity&quot;,&quot;type&quot;:&quot;quantity&quot;,&quot;id_key&quot;:0,&quot;name&quot;:&quot;Availability&quot;,&quot;values&quot;:[{&quot;name&quot;:&quot;Not available&quot;,&quot;nbr&quot;:0,&quot;link&quot;:&quot;http:\/\/automationpractice.com\/index.php?id_category=8&amp;controller=category#availability-not_available&quot;,&quot;rel&quot;:&quot;nofollow&quot;},{&quot;name&quot;:&quot;In stock&quot;,&quot;nbr&quot;:5,&quot;link&quot;:&quot;http:\/\/automationpractice.com\/index.php?id_category=8&amp;controller=category#availability-in_stock&quot;,&quot;rel&quot;:&quot;nofollow&quot;}],&quot;filter_show_limit&quot;:&quot;0&quot;,&quot;filter_type&quot;:&quot;0&quot;},{&quot;type_lite&quot;:&quot;manufacturer&quot;,&quot;type&quot;:&quot;manufacturer&quot;,&quot;id_key&quot;:0,&quot;name&quot;:&quot;Manufacturer&quot;,&quot;values&quot;:{&quot;1&quot;:{&quot;name&quot;:&quot;Fashion Manufacturer&quot;,&quot;nbr&quot;:&quot;5&quot;,&quot;link&quot;:&quot;http:\/\/automationpractice.com\/index.php?id_category=8&amp;controller=category#manufacturer-fashion_manufacturer&quot;,&quot;rel&quot;:&quot;nofollow&quot;}},&quot;filter_show_limit&quot;:&quot;0&quot;,&quot;filter_type&quot;:&quot;0&quot;},{&quot;type_lite&quot;:&quot;condition&quot;,&quot;type&quot;:&quot;condition&quot;,&quot;id_key&quot;:0,&quot;name&quot;:&quot;Condition&quot;,&quot;values&quot;:{&quot;new&quot;:{&quot;name&quot;:&quot;New&quot;,&quot;nbr&quot;:5,&quot;link&quot;:&quot;http:\/\/automationpractice.com\/index.php?id_category=8&amp;controller=category#condition-new&quot;,&quot;rel&quot;:&quot;nofollow&quot;},&quot;used&quot;:{&quot;name&quot;:&quot;Used&quot;,&quot;nbr&quot;:0,&quot;link&quot;:&quot;http:\/\/automationpractice.com\/index.php?id_category=8&amp;controller=category#condition-used&quot;,&quot;rel&quot;:&quot;nofollow&quot;},&quot;refurbished&quot;:{&quot;name&quot;:&quot;Refurbished&quot;,&quot;nbr&quot;:0,&quot;link&quot;:&quot;http:\/\/automationpractice.com\/index.php?id_category=8&amp;controller=category#condition-refurbished&quot;,&quot;rel&quot;:&quot;nofollow&quot;}},&quot;filter_show_limit&quot;:&quot;0&quot;,&quot;filter_type&quot;:&quot;0&quot;},{&quot;type_lite&quot;:&quot;price&quot;,&quot;type&quot;:&quot;price&quot;,&quot;id_key&quot;:0,&quot;name&quot;:&quot;Price&quot;,&quot;slider&quot;:true,&quot;max&quot;:&quot;53&quot;,&quot;min&quot;:&quot;16&quot;,&quot;values&quot;:{&quot;1&quot;:&quot;53&quot;,&quot;0&quot;:&quot;16&quot;},&quot;unit&quot;:&quot;$&quot;,&quot;format&quot;:&quot;1&quot;,&quot;filter_show_limit&quot;:&quot;0&quot;,&quot;filter_type&quot;:&quot;0&quot;}];
var freeProductTranslation = ' , &quot;'&quot; , 'Free!' , &quot;'&quot; , ';
var freeShippingTranslation = ' , &quot;'&quot; , 'Free shipping!' , &quot;'&quot; , ';
var generated_date = 1522248415;
var id_lang = 1;
var img_dir = ' , &quot;'&quot; , 'http://automationpractice.com/themes/default-bootstrap/img/' , &quot;'&quot; , ';
var instantsearch = false;
var isGuest = 0;
var isLogged = 1;
var loggin_required = ' , &quot;'&quot; , 'You must be logged in to manage your wishlist.' , &quot;'&quot; , ';
var max_item = ' , &quot;'&quot; , 'You cannot add more than 3 product(s) to the product comparison' , &quot;'&quot; , ';
var min_item = ' , &quot;'&quot; , 'Please select at least one product' , &quot;'&quot; , ';
var mywishlist_url = ' , &quot;'&quot; , 'http://automationpractice.com/index.php?fc=module&amp;module=blockwishlist&amp;controller=mywishlist' , &quot;'&quot; , ';
var page_name = ' , &quot;'&quot; , 'category' , &quot;'&quot; , ';
var param_product_url = ' , &quot;'&quot; , '#' , &quot;'&quot; , ';
var placeholder_blocknewsletter = ' , &quot;'&quot; , 'Enter your e-mail' , &quot;'&quot; , ';
var priceDisplayMethod = 1;
var priceDisplayPrecision = 2;
var quickView = true;
var removingLinkText = ' , &quot;'&quot; , 'remove this product from my cart' , &quot;'&quot; , ';
var request = ' , &quot;'&quot; , 'http://automationpractice.com/index.php?id_category=8&amp;controller=category' , &quot;'&quot; , ';
var roundMode = 2;
var search_url = ' , &quot;'&quot; , 'http://automationpractice.com/index.php?controller=search' , &quot;'&quot; , ';
var static_token = ' , &quot;'&quot; , 'b842f4a42956685333000db0ab174863' , &quot;'&quot; , ';
var token = ' , &quot;'&quot; , 'f0d7e4320d9dcd64ff64d5b43bc0abed' , &quot;'&quot; , ';
var usingSecureMode = false;
var wishlistProductsIds = false;


		
		
		
		
		
		
		
		
		
		
		
		
		
		
		
		
		
		
		
		
		
		
		
		
		
		
		
		
			
		
		
	.fancybox-margin{margin-right:17px;}#katalon{font-family:monospace;font-size:13px;background-color:rgba(0,0,0,.7);position:fixed;top:0;left:0;right:0;display:block;z-index:999999999;line-height: normal} #katalon div{padding:0;margin:0;color:#fff;} #katalon kbd{display:inline-block;padding:3px 5px;font:13px Consolas,&quot;Liberation Mono&quot;,Menlo,Courier,monospace;line-height:10px;color:#555;vertical-align:middle;background-color:#fcfcfc;border:1px solid #ccc;border-bottom-color:#bbb;border-radius:3px;box-shadow:inset 0 -1px 0 #bbb;font-weight: bold} div#katalon-elementInfoDiv {color: lightblue; padding: 5px}
	
					
			
				
					
						
							
								
	


							
						
					
					
						
							
								
	
		Chapel Kabir
	

			
			Sign out
		
	




	Contact us

	
		Call us now: 0123-456-789
	

							
						
					
					
						
							
								
									
										
									
								
								

	
		
		
		
		
		
			Search
		
	



	
		
			Cart
			0
			Product
			Products
			
							
			(empty)
					
					
				
					
					
												
							No products
						
												
							
								
																			Free shipping!
																	
								
									Shipping
								
							
																					
								$0.00
								Total
							
													
						
							
								
									Check out
								
							
						
					
				
			
			


	
		
			
				
				
					Product successfully added to your shopping cart
				
				
				
				
					
					
					
						Quantity
						
					
					
						Total
						
					
				
			
			
				
					
					
						There are 0 items in your cart.
					
					
					
						There is 1 item in your cart.
					
				
	
				
					
						Total products
											
					
											
				
	
								
					
						Total shipping 					
					
													Free shipping!
											
				
									
					
						Total
											
					
											
				
					
					
						
							Continue shopping
						
					
					
						
							Proceed to checkout
						
						
				
			
		
		
	 
	

	
	
		Categories
		
			WomenTopsT-shirtsBlousesDressesCasual DressesEvening DressesSummer DressesDressesCasual DressesEvening DressesSummer DressesT-shirts
					
	
	
							
						
					
				
			
			
				
											


	
			>
					Women>Dresses
			

										
						
					
					
												

	
					Dresses
			
	
		
												

	
		Casual Dresses
	
	

																

	
		Evening Dresses
	
	

																

	
		Summer Dresses
	
	

									
	





	Catalog
	
		
			
																										
						                        
                            Categories
                            
						
						
																																												
																							 
																						
																								Casual Dresses (1)
																							
										
																																							
																							 
																						
																								Evening Dresses (1)
																							
										
																																							
																							 
																						
																								Summer Dresses (3)
																							
										
																																															
					
																											
						                        
                            Size
                            
						
						
																																												
																							 
																						
																								S (5)
																							
										
																																							
																							 
																						
																								M (5)
																							
										
																																							
																							 
																						
																								L (5)
																							
										
																																															
					
																											
						                        
                            Color
                            
						
						
																																												
																							
																																		
																								Beige (1)
																							
										
																																							
																							
																																		
																								White (1)
																							
										
																																							
																							
																																		
																								Black (1)
																							
										
																																							
																							
																																		
																								Orange (2)
																							
										
																																							
																							
																																		
																								Blue (1)
																							
										
																																							
																							
																																		
																								Green (1)
																							
										
																																							
																							
																																		
																								Yellow (3)
																							
										
																																							
																							
																																		
																								Pink (1)
																							
										
																																															
					
																											
						                        
                            Compositions
                            
						
						
																																												
																							 
																						
																								Cotton (1)
																							
										
																																							
																							 
																						
																								Polyester (2)
																							
										
																																							
																							 
																						
																								Viscose (2)
																							
										
																																															
					
																											
						                        
                            Styles
                            
						
						
																																												
																							 
																						
																								Casual (1)
																							
										
																																							
																							 
																						
																								Dressy (1)
																							
										
																																							
																							 
																						
																								Girly (3)
																							
										
																																															
					
																											
						                        
                            Properties
                            
						
						
																																												
																							 
																						
																								Colorful Dress (1)
																							
										
																																							
																							 
																						
																								Maxi Dress (1)
																							
										
																																							
																							 
																						
																								Midi Dress (1)
																							
										
																																							
																							 
																						
																								Short Dress (2)
																							
										
																																															
					
																											
						                        
                            Availability
                            
						
						
																																																															
																							 
																						
																								In stock (5)
																							
										
																																															
					
																											
						                        
                            Manufacturer
                            
						
						
																																												
																							 
																						
																								Fashion Manufacturer (5)
																							
										
																																															
					
																											
						                        
                            Condition
                            
						
						
																																												
																							 
																						
																								New (5)
																							
										
																																																																																					
					
																											
						                        
                            Price
                            
						
						
																								
										Range:
									 
									$16.00 - $53.00
									
										
									
																												
					
												
			
																																																																																																																																																																												
	
	
		
			
			Loading...
		
	


	
			
			
				
					Information				
			
			
				
																							
								
									Delivery
								
							
																								
								
									Legal Notice
								
							
																								
								
									Terms and conditions of use
								
							
																								
								
									About us
								
							
																								
								
									Secure payment
								
							
																						
							
								Our stores
							
						
									
			
		
		


	
        
            Specials
        
    
	
    		
        	
            	
                    
                
                
                	
                        
                            Printed Chiffon Dress
                        
                    
                                        	
                            Printed chiffon knee length dress...
                        
                                        
                    	                        	
                                $16.40
                                                            
                                                                                                                                 -20%
                                                                                         
                                $20.50
                                                            
                                            
                
            
		
		
			
                All specials
            
		
    	



	
		
			Our stores
		
	
	
		
			
				
			
		
				
			
				Discover our stores
			
		
	



																		
	

	    				
            	                     
                    
                                                    
                            
                                Dresses                            
                                                            Find your favorites dresses from our wide choice of evening, casual or summer dresses!
We offer dresses for every day, every style and every occasion.
                                                        
                                             
                              
				Dresses There are 5 products.

		        		
		
			Subcategories
			
							
                	
						
													
											
                   	
					Casual Dresses
											You are looking for a dress for every day? Take a look at
our selection of dresses to find one that suits you.
									
							
                	
						
													
											
                   	
					Evening Dresses
											Browse our different dresses to choose the perfect dress for an unforgettable evening!
									
							
                	
						
													
											
                   	
					Summer Dresses
											Short dress, long dress, silk dress, printed dress, you will find the perfect dress for summer.
									
						
		
        							
            	
            		
	View
    Grid
    List



	
		Sort by
		--
			--
							Price: Lowest first
				Price: Highest first
						Product Name: A to Z
			Product Name: Z to A
							In stock
						Reference: Lowest first
			Reference: Highest first
		
	


			
	
                								
		

				
                
                		
		
			Compare (0)
		
		
		
	
			
		
		
		
	
					
	
												
	
	    			
    
    	        	                        	                        	Showing 1 - 5 of 5 items
		    
	

                
			
				
									
		
	
	
	
			
		
		
								
			
				
					
						
							
						
													
							
								
							
						
						
							Quick view
						
																			
																	
										$26.00									
									
																		
									
															
																							
					
					
				
				
					
												
							Printed Dress
						
					
					
					
						100% cotton double printed dress. Black and white striped top and orange high waisted skater skirt bottom.
					
										
													
								$26.00							
							
														
							
											
										
																														
										Add to cart
									
																											
							More
						
					
											
					
			
							
		
	
										
																														
																		
																	
										In stock									
															
															
					 				
						

	
		Add to Wishlist
	

													
								Add to Compare
							
											
							
		
			
		
		
								
			
				
					
						
							
						
													
							
								
							
						
						
							Quick view
						
																			
																	
										$50.99									
									
																		
									
															
																							
					
					
				
				
					
												
							Printed Dress
						
					
					
					
						Printed evening dress with straight sleeves with black thin waist belt and ruffled linings.
					
										
													
								$50.99							
							
														
							
											
										
																														
										Add to cart
									
																											
							More
						
					
											
					
			
							
		
					
			
							
		
	
										
																														
																		
																	
										In stock									
															
															
					 				
						

	
		Add to Wishlist
	

													
								Add to Compare
							
											
							
		
			
		
		
								
			
				
					
						
							
						
													
							
								
							
						
						
							Quick view
						
																			
																	
										$28.98									
									
																			
										
											$30.51
										
																					-5%
																												
									
															
																							
					
					
				
				
					
												
							Printed Summer Dress
						
					
					
					
						Long printed dress with thin adjustable straps. V-neckline and wiring under the bust with ruffles at the bottom of the dress.
					
										
													
								$28.98							
							
															
								
									$30.51
								
								
																	-5%
																						
							
											
										
																														
										Add to cart
									
																											
							More
						
					
											
					
			
							
		
					
			
							
		
					
			
							
		
					
			
							
		
	
										
																																	Reduced price!
												
																		
																	
										In stock									
															
															
					 				
						

	
		Add to Wishlist
	

													
								Add to Compare
							
											
							
		
			
		
		
								
			
				
					
						
							
						
													
							
								
							
						
						
							Quick view
						
																			
																	
										$30.50									
									
																		
									
															
																							
					
					
				
				
					
												
							Printed Summer Dress
						
					
					
					
						Sleeveless knee-length chiffon dress. V-neckline with elastic under the bust lining.
					
										
													
								$30.50							
							
														
							
											
										
																														
										Add to cart
									
																											
							More
						
					
											
					
			
							
		
					
			
							
		
	
										
																														
																		
																	
										In stock									
															
															
					 				
						

	
		Add to Wishlist
	

													
								Add to Compare
							
											
							
		
			
		
		
								
			
				
					
						
							
						
													
							
								
							
						
						
							Quick view
						
																			
																	
										$16.40									
									
																			
										
											$20.50
										
																					-20%
																												
									
															
																							
					
					
				
				
					
												
							Printed Chiffon Dress
						
					
					
					
						Printed chiffon knee length dress with tank straps. Deep v-neckline.
					
										
													
								$16.40							
							
															
								
									$20.50
								
								
																	-20%
																						
							
											
										
																														
										Add to cart
									
																											
							More
						
					
											
					
			
							
		
					
			
							
		
	
										
																																	Reduced price!
												
																		
																	
										In stock									
															
															
					 				
						

	
		Add to Wishlist
	

													
								Add to Compare
							
											
							
		
		





			
				
						
		
			Compare (0)
		
		
		
	
	
                    
	
												
	
	    			
    
    	        	                        	                        	Showing 1 - 5 of 5 items
		    
	

				
			
								
										
				
			
							
				
					
						

	Newsletter
	
		
			
				
                
                    Ok
                
				
			
		
	



	
					
				
					Facebook
				
			
							
				
					Twitter
				
			
				                	
        		
        			Youtube
        		
        	
                        	
        		
        			Google Plus
        		
        	
                	
    Follow us




	Categories
	
		
			
												

	 
		Women
	
			
												

	 
		Tops
	
			
												

	
		T-shirts
	
	

																

	
		Blouses
	
	

									
	

																

	 
		Dresses
	
			
												

	
		Casual Dresses
	
	

																

	
		Evening Dresses
	
	

																

	
		Summer Dresses
	
	

									
	

									
	

							
										
		
	 


	
	
		Information
		
							
					
						Specials
					
				
									
				
					New products
				
			
										
					
						Best sellers
					
				
										
					
						Our stores
					
				
									
				
					Contact us
				
			
															
						
							Terms and conditions of use
						
					
																
						
							About us
						
					
													
				
					Sitemap
				
			
					
		
	
		
		
			© 2014 Ecommerce software by PrestaShop™
		
	
		


	My account
	
		
			My orders
						My credit slips
			My addresses
			My personal info
						
            Sign out		
	




	
        Store information
        
                        	
            		Selenium Framework, Research Triangle Park,
North Carolina,
USA            	
                                    	
            		Call us now: 
            		(347) 466-7432
            	
                                    	
            		Email: 
            		support@seleniumframework.com
            	
                    
    



					
				
					
/html[1]'))]' not found)"/>
         <system-out><![CDATA[2018-04-03 14:54:54 - [TEST_CASE][FAILED] - Test Cases/Verify a user can see previously added items in their shopping cart: Test Cases/Verify a user can see previously added items in their shopping cart FAILED because (of) Unable to click on object 'Object Repository/IBM TEST/Page_Dresses - My Store (1)/html_Dresses - My Store  var C' (Root cause: com.kms.katalon.core.webui.exception.WebElementNotFoundException: Web element with id: 'Object Repository/IBM TEST/Page_Dresses - My Store (1)/html_Dresses - My Store  var C' located by 'By.xpath: //html[(text() = concat('
		
		Dresses - My Store
		
		
		
		 
		 
		
		
			
			
			
			
			
			
			
			
			
			
			
			
			
			
			
			
			
			
			
			
			
			
			
			
			
			
			
			
			
		
var CUSTOMIZE_TEXTFIELD = 1;
var FancyboxI18nClose = ' , "'" , 'Close' , "'" , ';
var FancyboxI18nNext = ' , "'" , 'Next' , "'" , ';
var FancyboxI18nPrev = ' , "'" , 'Previous' , "'" , ';
var added_to_wishlist = ' , "'" , 'Added to your wishlist.' , "'" , ';
var ajax_allowed = true;
var ajaxsearch = true;
var baseDir = ' , "'" , 'http://automationpractice.com/' , "'" , ';
var baseUri = ' , "'" , 'http://automationpractice.com/index.php' , "'" , ';
var blocklayeredSliderName = {"price":"price","weight":"weight"};
var blocksearch_type = ' , "'" , 'top' , "'" , ';
var comparator_max_item = 3;
var comparedProductsIds = [];
var contentOnly = false;
var customizationIdMessage = ' , "'" , 'Customization #' , "'" , ';
var delete_txt = ' , "'" , 'Delete' , "'" , ';
var displayList = false;
var filters = [{"type_lite":"category","type":"category","id_key":0,"name":"Categories","values":{"9":{"name":"Casual Dresses","nbr":1,"link":"http:\/\/automationpractice.com\/index.php?id_category=8&controller=category#categories-casual_dresses","rel":"nofollow"},"10":{"name":"Evening Dresses","nbr":1,"link":"http:\/\/automationpractice.com\/index.php?id_category=8&controller=category#categories-evening_dresses","rel":"nofollow"},"11":{"name":"Summer Dresses","nbr":3,"link":"http:\/\/automationpractice.com\/index.php?id_category=8&controller=category#categories-summer_dresses","rel":"nofollow"}},"filter_show_limit":"0","filter_type":"0"},{"type_lite":"id_attribute_group","type":"id_attribute_group","id_key":1,"name":"Size","is_color_group":false,"values":{"1":{"color":"","name":"S","nbr":5,"url_name":null,"meta_title":null,"link":"http:\/\/automationpractice.com\/index.php?id_category=8&controller=category#size-s","rel":""},"2":{"color":"","name":"M","nbr":5,"url_name":null,"meta_title":null,"link":"http:\/\/automationpractice.com\/index.php?id_category=8&controller=category#size-m","rel":""},"3":{"color":"","name":"L","nbr":5,"url_name":null,"meta_title":null,"link":"http:\/\/automationpractice.com\/index.php?id_category=8&controller=category#size-l","rel":""}},"url_name":null,"meta_title":null,"filter_show_limit":"0","filter_type":"0"},{"type_lite":"id_attribute_group","type":"id_attribute_group","id_key":3,"name":"Color","is_color_group":true,"values":{"7":{"color":"#f5f5dc","name":"Beige","nbr":1,"url_name":null,"meta_title":null,"link":"http:\/\/automationpractice.com\/index.php?id_category=8&controller=category#color-beige","rel":""},"8":{"color":"#ffffff","name":"White","nbr":1,"url_name":null,"meta_title":null,"link":"http:\/\/automationpractice.com\/index.php?id_category=8&controller=category#color-white","rel":""},"11":{"color":"#434A54","name":"Black","nbr":1,"url_name":null,"meta_title":null,"link":"http:\/\/automationpractice.com\/index.php?id_category=8&controller=category#color-black","rel":""},"13":{"color":"#F39C11","name":"Orange","nbr":2,"url_name":null,"meta_title":null,"link":"http:\/\/automationpractice.com\/index.php?id_category=8&controller=category#color-orange","rel":""},"14":{"color":"#5D9CEC","name":"Blue","nbr":1,"url_name":null,"meta_title":null,"link":"http:\/\/automationpractice.com\/index.php?id_category=8&controller=category#color-blue","rel":""},"15":{"color":"#A0D468","name":"Green","nbr":1,"url_name":null,"meta_title":null,"link":"http:\/\/automationpractice.com\/index.php?id_category=8&controller=category#color-green","rel":""},"16":{"color":"#F1C40F","name":"Yellow","nbr":3,"url_name":null,"meta_title":null,"link":"http:\/\/automationpractice.com\/index.php?id_category=8&controller=category#color-yellow","rel":""},"24":{"color":"#FCCACD","name":"Pink","nbr":1,"url_name":null,"meta_title":null,"link":"http:\/\/automationpractice.com\/index.php?id_category=8&controller=category#color-pink","rel":""}},"url_name":null,"meta_title":null,"filter_show_limit":"0","filter_type":"0"},{"type_lite":"id_feature","type":"id_feature","id_key":5,"values":{"5":{"nbr":1,"name":"Cotton","url_name":null,"meta_title":null,"link":"http:\/\/automationpractice.com\/index.php?id_category=8&controller=category#compositions-cotton","rel":""},"1":{"nbr":2,"name":"Polyester","url_name":null,"meta_title":null,"link":"http:\/\/automationpractice.com\/index.php?id_category=8&controller=category#compositions-polyester","rel":""},"3":{"nbr":2,"name":"Viscose","url_name":null,"meta_title":null,"link":"http:\/\/automationpractice.com\/index.php?id_category=8&controller=category#compositions-viscose","rel":""}},"name":"Compositions","url_name":null,"meta_title":null,"filter_show_limit":"0","filter_type":"0"},{"type_lite":"id_feature","type":"id_feature","id_key":6,"values":{"11":{"nbr":1,"name":"Casual","url_name":null,"meta_title":null,"link":"http:\/\/automationpractice.com\/index.php?id_category=8&controller=category#styles-casual","rel":""},"16":{"nbr":1,"name":"Dressy","url_name":null,"meta_title":null,"link":"http:\/\/automationpractice.com\/index.php?id_category=8&controller=category#styles-dressy","rel":""},"13":{"nbr":3,"name":"Girly","url_name":null,"meta_title":null,"link":"http:\/\/automationpractice.com\/index.php?id_category=8&controller=category#styles-girly","rel":""}},"name":"Styles","url_name":null,"meta_title":null,"filter_show_limit":"0","filter_type":"0"},{"type_lite":"id_feature","type":"id_feature","id_key":7,"values":{"18":{"nbr":1,"name":"Colorful Dress","url_name":null,"meta_title":null,"link":"http:\/\/automationpractice.com\/index.php?id_category=8&controller=category#properties-colorful_dress","rel":""},"21":{"nbr":1,"name":"Maxi Dress","url_name":null,"meta_title":null,"link":"http:\/\/automationpractice.com\/index.php?id_category=8&controller=category#properties-maxi_dress","rel":""},"20":{"nbr":1,"name":"Midi Dress","url_name":null,"meta_title":null,"link":"http:\/\/automationpractice.com\/index.php?id_category=8&controller=category#properties-midi_dress","rel":""},"19":{"nbr":2,"name":"Short Dress","url_name":null,"meta_title":null,"link":"http:\/\/automationpractice.com\/index.php?id_category=8&controller=category#properties-short_dress","rel":""}},"name":"Properties","url_name":null,"meta_title":null,"filter_show_limit":"0","filter_type":"0"},{"type_lite":"quantity","type":"quantity","id_key":0,"name":"Availability","values":[{"name":"Not available","nbr":0,"link":"http:\/\/automationpractice.com\/index.php?id_category=8&controller=category#availability-not_available","rel":"nofollow"},{"name":"In stock","nbr":5,"link":"http:\/\/automationpractice.com\/index.php?id_category=8&controller=category#availability-in_stock","rel":"nofollow"}],"filter_show_limit":"0","filter_type":"0"},{"type_lite":"manufacturer","type":"manufacturer","id_key":0,"name":"Manufacturer","values":{"1":{"name":"Fashion Manufacturer","nbr":"5","link":"http:\/\/automationpractice.com\/index.php?id_category=8&controller=category#manufacturer-fashion_manufacturer","rel":"nofollow"}},"filter_show_limit":"0","filter_type":"0"},{"type_lite":"condition","type":"condition","id_key":0,"name":"Condition","values":{"new":{"name":"New","nbr":5,"link":"http:\/\/automationpractice.com\/index.php?id_category=8&controller=category#condition-new","rel":"nofollow"},"used":{"name":"Used","nbr":0,"link":"http:\/\/automationpractice.com\/index.php?id_category=8&controller=category#condition-used","rel":"nofollow"},"refurbished":{"name":"Refurbished","nbr":0,"link":"http:\/\/automationpractice.com\/index.php?id_category=8&controller=category#condition-refurbished","rel":"nofollow"}},"filter_show_limit":"0","filter_type":"0"},{"type_lite":"price","type":"price","id_key":0,"name":"Price","slider":true,"max":"53","min":"16","values":{"1":"53","0":"16"},"unit":"$","format":"1","filter_show_limit":"0","filter_type":"0"}];
var freeProductTranslation = ' , "'" , 'Free!' , "'" , ';
var freeShippingTranslation = ' , "'" , 'Free shipping!' , "'" , ';
var generated_date = 1522248415;
var id_lang = 1;
var img_dir = ' , "'" , 'http://automationpractice.com/themes/default-bootstrap/img/' , "'" , ';
var instantsearch = false;
var isGuest = 0;
var isLogged = 1;
var loggin_required = ' , "'" , 'You must be logged in to manage your wishlist.' , "'" , ';
var max_item = ' , "'" , 'You cannot add more than 3 product(s) to the product comparison' , "'" , ';
var min_item = ' , "'" , 'Please select at least one product' , "'" , ';
var mywishlist_url = ' , "'" , 'http://automationpractice.com/index.php?fc=module&module=blockwishlist&controller=mywishlist' , "'" , ';
var page_name = ' , "'" , 'category' , "'" , ';
var param_product_url = ' , "'" , '#' , "'" , ';
var placeholder_blocknewsletter = ' , "'" , 'Enter your e-mail' , "'" , ';
var priceDisplayMethod = 1;
var priceDisplayPrecision = 2;
var quickView = true;
var removingLinkText = ' , "'" , 'remove this product from my cart' , "'" , ';
var request = ' , "'" , 'http://automationpractice.com/index.php?id_category=8&controller=category' , "'" , ';
var roundMode = 2;
var search_url = ' , "'" , 'http://automationpractice.com/index.php?controller=search' , "'" , ';
var static_token = ' , "'" , 'b842f4a42956685333000db0ab174863' , "'" , ';
var token = ' , "'" , 'f0d7e4320d9dcd64ff64d5b43bc0abed' , "'" , ';
var usingSecureMode = false;
var wishlistProductsIds = false;


		
		
		
		
		
		
		
		
		
		
		
		
		
		
		
		
		
		
		
		
		
		
		
		
		
		
		
		
			
		
		
	.fancybox-margin{margin-right:17px;}#katalon{font-family:monospace;font-size:13px;background-color:rgba(0,0,0,.7);position:fixed;top:0;left:0;right:0;display:block;z-index:999999999;line-height: normal} #katalon div{padding:0;margin:0;color:#fff;} #katalon kbd{display:inline-block;padding:3px 5px;font:13px Consolas,"Liberation Mono",Menlo,Courier,monospace;line-height:10px;color:#555;vertical-align:middle;background-color:#fcfcfc;border:1px solid #ccc;border-bottom-color:#bbb;border-radius:3px;box-shadow:inset 0 -1px 0 #bbb;font-weight: bold} div#katalon-elementInfoDiv {color: lightblue; padding: 5px}
	
					
			
				
					
						
							
								
	


							
						
					
					
						
							
								
	
		Chapel Kabir
	

			
			Sign out
		
	




	Contact us

	
		Call us now: 0123-456-789
	

							
						
					
					
						
							
								
									
										
									
								
								

	
		
		
		
		
		
			Search
		
	



	
		
			Cart
			0
			Product
			Products
			
							
			(empty)
					
					
				
					
					
												
							No products
						
												
							
								
																			Free shipping!
																	
								
									Shipping
								
							
																					
								$0.00
								Total
							
													
						
							
								
									Check out
								
							
						
					
				
			
			


	
		
			
				
				
					Product successfully added to your shopping cart
				
				
				
				
					
					
					
						Quantity
						
					
					
						Total
						
					
				
			
			
				
					
					
						There are 0 items in your cart.
					
					
					
						There is 1 item in your cart.
					
				
	
				
					
						Total products
											
					
											
				
	
								
					
						Total shipping 					
					
													Free shipping!
											
				
									
					
						Total
											
					
											
				
					
					
						
							Continue shopping
						
					
					
						
							Proceed to checkout
						
						
				
			
		
		
	 
	

	
	
		Categories
		
			WomenTopsT-shirtsBlousesDressesCasual DressesEvening DressesSummer DressesDressesCasual DressesEvening DressesSummer DressesT-shirts
					
	
	
							
						
					
				
			
			
				
											


	
			>
					Women>Dresses
			

										
						
					
					
												

	
					Dresses
			
	
		
												

	
		Casual Dresses
	
	

																

	
		Evening Dresses
	
	

																

	
		Summer Dresses
	
	

									
	





	Catalog
	
		
			
																										
						                        
                            Categories
                            
						
						
																																												
																							 
																						
																								Casual Dresses (1)
																							
										
																																							
																							 
																						
																								Evening Dresses (1)
																							
										
																																							
																							 
																						
																								Summer Dresses (3)
																							
										
																																															
					
																											
						                        
                            Size
                            
						
						
																																												
																							 
																						
																								S (5)
																							
										
																																							
																							 
																						
																								M (5)
																							
										
																																							
																							 
																						
																								L (5)
																							
										
																																															
					
																											
						                        
                            Color
                            
						
						
																																												
																							
																																		
																								Beige (1)
																							
										
																																							
																							
																																		
																								White (1)
																							
										
																																							
																							
																																		
																								Black (1)
																							
										
																																							
																							
																																		
																								Orange (2)
																							
										
																																							
																							
																																		
																								Blue (1)
																							
										
																																							
																							
																																		
																								Green (1)
																							
										
																																							
																							
																																		
																								Yellow (3)
																							
										
																																							
																							
																																		
																								Pink (1)
																							
										
																																															
					
																											
						                        
                            Compositions
                            
						
						
																																												
																							 
																						
																								Cotton (1)
																							
										
																																							
																							 
																						
																								Polyester (2)
																							
										
																																							
																							 
																						
																								Viscose (2)
																							
										
																																															
					
																											
						                        
                            Styles
                            
						
						
																																												
																							 
																						
																								Casual (1)
																							
										
																																							
																							 
																						
																								Dressy (1)
																							
										
																																							
																							 
																						
																								Girly (3)
																							
										
																																															
					
																											
						                        
                            Properties
                            
						
						
																																												
																							 
																						
																								Colorful Dress (1)
																							
										
																																							
																							 
																						
																								Maxi Dress (1)
																							
										
																																							
																							 
																						
																								Midi Dress (1)
																							
										
																																							
																							 
																						
																								Short Dress (2)
																							
										
																																															
					
																											
						                        
                            Availability
                            
						
						
																																																															
																							 
																						
																								In stock (5)
																							
										
																																															
					
																											
						                        
                            Manufacturer
                            
						
						
																																												
																							 
																						
																								Fashion Manufacturer (5)
																							
										
																																															
					
																											
						                        
                            Condition
                            
						
						
																																												
																							 
																						
																								New (5)
																							
										
																																																																																					
					
																											
						                        
                            Price
                            
						
						
																								
										Range:
									 
									$16.00 - $53.00
									
										
									
																												
					
												
			
																																																																																																																																																																												
	
	
		
			
			Loading...
		
	


	
			
			
				
					Information				
			
			
				
																							
								
									Delivery
								
							
																								
								
									Legal Notice
								
							
																								
								
									Terms and conditions of use
								
							
																								
								
									About us
								
							
																								
								
									Secure payment
								
							
																						
							
								Our stores
							
						
									
			
		
		


	
        
            Specials
        
    
	
    		
        	
            	
                    
                
                
                	
                        
                            Printed Chiffon Dress
                        
                    
                                        	
                            Printed chiffon knee length dress...
                        
                                        
                    	                        	
                                $16.40
                                                            
                                                                                                                                 -20%
                                                                                         
                                $20.50
                                                            
                                            
                
            
		
		
			
                All specials
            
		
    	



	
		
			Our stores
		
	
	
		
			
				
			
		
				
			
				Discover our stores
			
		
	



																		
	

	    				
            	                     
                    
                                                    
                            
                                Dresses                            
                                                            Find your favorites dresses from our wide choice of evening, casual or summer dresses!
We offer dresses for every day, every style and every occasion.
                                                        
                                             
                              
				Dresses There are 5 products.

		        		
		
			Subcategories
			
							
                	
						
													
											
                   	
					Casual Dresses
											You are looking for a dress for every day? Take a look at
our selection of dresses to find one that suits you.
									
							
                	
						
													
											
                   	
					Evening Dresses
											Browse our different dresses to choose the perfect dress for an unforgettable evening!
									
							
                	
						
													
											
                   	
					Summer Dresses
											Short dress, long dress, silk dress, printed dress, you will find the perfect dress for summer.
									
						
		
        							
            	
            		
	View
    Grid
    List



	
		Sort by
		--
			--
							Price: Lowest first
				Price: Highest first
						Product Name: A to Z
			Product Name: Z to A
							In stock
						Reference: Lowest first
			Reference: Highest first
		
	


			
	
                								
		

				
                
                		
		
			Compare (0)
		
		
		
	
			
		
		
		
	
					
	
												
	
	    			
    
    	        	                        	                        	Showing 1 - 5 of 5 items
		    
	

                
			
				
									
		
	
	
	
			
		
		
								
			
				
					
						
							
						
													
							
								
							
						
						
							Quick view
						
																			
																	
										$26.00									
									
																		
									
															
																							
					
					
				
				
					
												
							Printed Dress
						
					
					
					
						100% cotton double printed dress. Black and white striped top and orange high waisted skater skirt bottom.
					
										
													
								$26.00							
							
														
							
											
										
																														
										Add to cart
									
																											
							More
						
					
											
					
			
							
		
	
										
																														
																		
																	
										In stock									
															
															
					 				
						

	
		Add to Wishlist
	

													
								Add to Compare
							
											
							
		
			
		
		
								
			
				
					
						
							
						
													
							
								
							
						
						
							Quick view
						
																			
																	
										$50.99									
									
																		
									
															
																							
					
					
				
				
					
												
							Printed Dress
						
					
					
					
						Printed evening dress with straight sleeves with black thin waist belt and ruffled linings.
					
										
													
								$50.99							
							
														
							
											
										
																														
										Add to cart
									
																											
							More
						
					
											
					
			
							
		
					
			
							
		
	
										
																														
																		
																	
										In stock									
															
															
					 				
						

	
		Add to Wishlist
	

													
								Add to Compare
							
											
							
		
			
		
		
								
			
				
					
						
							
						
													
							
								
							
						
						
							Quick view
						
																			
																	
										$28.98									
									
																			
										
											$30.51
										
																					-5%
																												
									
															
																							
					
					
				
				
					
												
							Printed Summer Dress
						
					
					
					
						Long printed dress with thin adjustable straps. V-neckline and wiring under the bust with ruffles at the bottom of the dress.
					
										
													
								$28.98							
							
															
								
									$30.51
								
								
																	-5%
																						
							
											
										
																														
										Add to cart
									
																											
							More
						
					
											
					
			
							
		
					
			
							
		
					
			
							
		
					
			
							
		
	
										
																																	Reduced price!
												
																		
																	
										In stock									
															
															
					 				
						

	
		Add to Wishlist
	

													
								Add to Compare
							
											
							
		
			
		
		
								
			
				
					
						
							
						
													
							
								
							
						
						
							Quick view
						
																			
																	
										$30.50									
									
																		
									
															
																							
					
					
				
				
					
												
							Printed Summer Dress
						
					
					
					
						Sleeveless knee-length chiffon dress. V-neckline with elastic under the bust lining.
					
										
													
								$30.50							
							
														
							
											
										
																														
										Add to cart
									
																											
							More
						
					
											
					
			
							
		
					
			
							
		
	
										
																														
																		
																	
										In stock									
															
															
					 				
						

	
		Add to Wishlist
	

													
								Add to Compare
							
											
							
		
			
		
		
								
			
				
					
						
							
						
													
							
								
							
						
						
							Quick view
						
																			
																	
										$16.40									
									
																			
										
											$20.50
										
																					-20%
																												
									
															
																							
					
					
				
				
					
												
							Printed Chiffon Dress
						
					
					
					
						Printed chiffon knee length dress with tank straps. Deep v-neckline.
					
										
													
								$16.40							
							
															
								
									$20.50
								
								
																	-20%
																						
							
											
										
																														
										Add to cart
									
																											
							More
						
					
											
					
			
							
		
					
			
							
		
	
										
																																	Reduced price!
												
																		
																	
										In stock									
															
															
					 				
						

	
		Add to Wishlist
	

													
								Add to Compare
							
											
							
		
		





			
				
						
		
			Compare (0)
		
		
		
	
	
                    
	
												
	
	    			
    
    	        	                        	                        	Showing 1 - 5 of 5 items
		    
	

				
			
								
										
				
			
							
				
					
						

	Newsletter
	
		
			
				
                
                    Ok
                
				
			
		
	



	
					
				
					Facebook
				
			
							
				
					Twitter
				
			
				                	
        		
        			Youtube
        		
        	
                        	
        		
        			Google Plus
        		
        	
                	
    Follow us




	Categories
	
		
			
												

	 
		Women
	
			
												

	 
		Tops
	
			
												

	
		T-shirts
	
	

																

	
		Blouses
	
	

									
	

																

	 
		Dresses
	
			
												

	
		Casual Dresses
	
	

																

	
		Evening Dresses
	
	

																

	
		Summer Dresses
	
	

									
	

									
	

							
										
		
	 


	
	
		Information
		
							
					
						Specials
					
				
									
				
					New products
				
			
										
					
						Best sellers
					
				
										
					
						Our stores
					
				
									
				
					Contact us
				
			
															
						
							Terms and conditions of use
						
					
																
						
							About us
						
					
													
				
					Sitemap
				
			
					
		
	
		
		
			© 2014 Ecommerce software by PrestaShop™
		
	
		


	My account
	
		
			My orders
						My credit slips
			My addresses
			My personal info
						
            Sign out		
	




	
        Store information
        
                        	
            		Selenium Framework, Research Triangle Park,
North Carolina,
USA            	
                                    	
            		Call us now: 
            		(347) 466-7432
            	
                                    	
            		Email: 
            		support@seleniumframework.com
            	
                    
    



					
				
					
/html[1]') or . = concat('
		
		Dresses - My Store
		
		
		
		 
		 
		
		
			
			
			
			
			
			
			
			
			
			
			
			
			
			
			
			
			
			
			
			
			
			
			
			
			
			
			
			
			
		
var CUSTOMIZE_TEXTFIELD = 1;
var FancyboxI18nClose = ' , "'" , 'Close' , "'" , ';
var FancyboxI18nNext = ' , "'" , 'Next' , "'" , ';
var FancyboxI18nPrev = ' , "'" , 'Previous' , "'" , ';
var added_to_wishlist = ' , "'" , 'Added to your wishlist.' , "'" , ';
var ajax_allowed = true;
var ajaxsearch = true;
var baseDir = ' , "'" , 'http://automationpractice.com/' , "'" , ';
var baseUri = ' , "'" , 'http://automationpractice.com/index.php' , "'" , ';
var blocklayeredSliderName = {"price":"price","weight":"weight"};
var blocksearch_type = ' , "'" , 'top' , "'" , ';
var comparator_max_item = 3;
var comparedProductsIds = [];
var contentOnly = false;
var customizationIdMessage = ' , "'" , 'Customization #' , "'" , ';
var delete_txt = ' , "'" , 'Delete' , "'" , ';
var displayList = false;
var filters = [{"type_lite":"category","type":"category","id_key":0,"name":"Categories","values":{"9":{"name":"Casual Dresses","nbr":1,"link":"http:\/\/automationpractice.com\/index.php?id_category=8&controller=category#categories-casual_dresses","rel":"nofollow"},"10":{"name":"Evening Dresses","nbr":1,"link":"http:\/\/automationpractice.com\/index.php?id_category=8&controller=category#categories-evening_dresses","rel":"nofollow"},"11":{"name":"Summer Dresses","nbr":3,"link":"http:\/\/automationpractice.com\/index.php?id_category=8&controller=category#categories-summer_dresses","rel":"nofollow"}},"filter_show_limit":"0","filter_type":"0"},{"type_lite":"id_attribute_group","type":"id_attribute_group","id_key":1,"name":"Size","is_color_group":false,"values":{"1":{"color":"","name":"S","nbr":5,"url_name":null,"meta_title":null,"link":"http:\/\/automationpractice.com\/index.php?id_category=8&controller=category#size-s","rel":""},"2":{"color":"","name":"M","nbr":5,"url_name":null,"meta_title":null,"link":"http:\/\/automationpractice.com\/index.php?id_category=8&controller=category#size-m","rel":""},"3":{"color":"","name":"L","nbr":5,"url_name":null,"meta_title":null,"link":"http:\/\/automationpractice.com\/index.php?id_category=8&controller=category#size-l","rel":""}},"url_name":null,"meta_title":null,"filter_show_limit":"0","filter_type":"0"},{"type_lite":"id_attribute_group","type":"id_attribute_group","id_key":3,"name":"Color","is_color_group":true,"values":{"7":{"color":"#f5f5dc","name":"Beige","nbr":1,"url_name":null,"meta_title":null,"link":"http:\/\/automationpractice.com\/index.php?id_category=8&controller=category#color-beige","rel":""},"8":{"color":"#ffffff","name":"White","nbr":1,"url_name":null,"meta_title":null,"link":"http:\/\/automationpractice.com\/index.php?id_category=8&controller=category#color-white","rel":""},"11":{"color":"#434A54","name":"Black","nbr":1,"url_name":null,"meta_title":null,"link":"http:\/\/automationpractice.com\/index.php?id_category=8&controller=category#color-black","rel":""},"13":{"color":"#F39C11","name":"Orange","nbr":2,"url_name":null,"meta_title":null,"link":"http:\/\/automationpractice.com\/index.php?id_category=8&controller=category#color-orange","rel":""},"14":{"color":"#5D9CEC","name":"Blue","nbr":1,"url_name":null,"meta_title":null,"link":"http:\/\/automationpractice.com\/index.php?id_category=8&controller=category#color-blue","rel":""},"15":{"color":"#A0D468","name":"Green","nbr":1,"url_name":null,"meta_title":null,"link":"http:\/\/automationpractice.com\/index.php?id_category=8&controller=category#color-green","rel":""},"16":{"color":"#F1C40F","name":"Yellow","nbr":3,"url_name":null,"meta_title":null,"link":"http:\/\/automationpractice.com\/index.php?id_category=8&controller=category#color-yellow","rel":""},"24":{"color":"#FCCACD","name":"Pink","nbr":1,"url_name":null,"meta_title":null,"link":"http:\/\/automationpractice.com\/index.php?id_category=8&controller=category#color-pink","rel":""}},"url_name":null,"meta_title":null,"filter_show_limit":"0","filter_type":"0"},{"type_lite":"id_feature","type":"id_feature","id_key":5,"values":{"5":{"nbr":1,"name":"Cotton","url_name":null,"meta_title":null,"link":"http:\/\/automationpractice.com\/index.php?id_category=8&controller=category#compositions-cotton","rel":""},"1":{"nbr":2,"name":"Polyester","url_name":null,"meta_title":null,"link":"http:\/\/automationpractice.com\/index.php?id_category=8&controller=category#compositions-polyester","rel":""},"3":{"nbr":2,"name":"Viscose","url_name":null,"meta_title":null,"link":"http:\/\/automationpractice.com\/index.php?id_category=8&controller=category#compositions-viscose","rel":""}},"name":"Compositions","url_name":null,"meta_title":null,"filter_show_limit":"0","filter_type":"0"},{"type_lite":"id_feature","type":"id_feature","id_key":6,"values":{"11":{"nbr":1,"name":"Casual","url_name":null,"meta_title":null,"link":"http:\/\/automationpractice.com\/index.php?id_category=8&controller=category#styles-casual","rel":""},"16":{"nbr":1,"name":"Dressy","url_name":null,"meta_title":null,"link":"http:\/\/automationpractice.com\/index.php?id_category=8&controller=category#styles-dressy","rel":""},"13":{"nbr":3,"name":"Girly","url_name":null,"meta_title":null,"link":"http:\/\/automationpractice.com\/index.php?id_category=8&controller=category#styles-girly","rel":""}},"name":"Styles","url_name":null,"meta_title":null,"filter_show_limit":"0","filter_type":"0"},{"type_lite":"id_feature","type":"id_feature","id_key":7,"values":{"18":{"nbr":1,"name":"Colorful Dress","url_name":null,"meta_title":null,"link":"http:\/\/automationpractice.com\/index.php?id_category=8&controller=category#properties-colorful_dress","rel":""},"21":{"nbr":1,"name":"Maxi Dress","url_name":null,"meta_title":null,"link":"http:\/\/automationpractice.com\/index.php?id_category=8&controller=category#properties-maxi_dress","rel":""},"20":{"nbr":1,"name":"Midi Dress","url_name":null,"meta_title":null,"link":"http:\/\/automationpractice.com\/index.php?id_category=8&controller=category#properties-midi_dress","rel":""},"19":{"nbr":2,"name":"Short Dress","url_name":null,"meta_title":null,"link":"http:\/\/automationpractice.com\/index.php?id_category=8&controller=category#properties-short_dress","rel":""}},"name":"Properties","url_name":null,"meta_title":null,"filter_show_limit":"0","filter_type":"0"},{"type_lite":"quantity","type":"quantity","id_key":0,"name":"Availability","values":[{"name":"Not available","nbr":0,"link":"http:\/\/automationpractice.com\/index.php?id_category=8&controller=category#availability-not_available","rel":"nofollow"},{"name":"In stock","nbr":5,"link":"http:\/\/automationpractice.com\/index.php?id_category=8&controller=category#availability-in_stock","rel":"nofollow"}],"filter_show_limit":"0","filter_type":"0"},{"type_lite":"manufacturer","type":"manufacturer","id_key":0,"name":"Manufacturer","values":{"1":{"name":"Fashion Manufacturer","nbr":"5","link":"http:\/\/automationpractice.com\/index.php?id_category=8&controller=category#manufacturer-fashion_manufacturer","rel":"nofollow"}},"filter_show_limit":"0","filter_type":"0"},{"type_lite":"condition","type":"condition","id_key":0,"name":"Condition","values":{"new":{"name":"New","nbr":5,"link":"http:\/\/automationpractice.com\/index.php?id_category=8&controller=category#condition-new","rel":"nofollow"},"used":{"name":"Used","nbr":0,"link":"http:\/\/automationpractice.com\/index.php?id_category=8&controller=category#condition-used","rel":"nofollow"},"refurbished":{"name":"Refurbished","nbr":0,"link":"http:\/\/automationpractice.com\/index.php?id_category=8&controller=category#condition-refurbished","rel":"nofollow"}},"filter_show_limit":"0","filter_type":"0"},{"type_lite":"price","type":"price","id_key":0,"name":"Price","slider":true,"max":"53","min":"16","values":{"1":"53","0":"16"},"unit":"$","format":"1","filter_show_limit":"0","filter_type":"0"}];
var freeProductTranslation = ' , "'" , 'Free!' , "'" , ';
var freeShippingTranslation = ' , "'" , 'Free shipping!' , "'" , ';
var generated_date = 1522248415;
var id_lang = 1;
var img_dir = ' , "'" , 'http://automationpractice.com/themes/default-bootstrap/img/' , "'" , ';
var instantsearch = false;
var isGuest = 0;
var isLogged = 1;
var loggin_required = ' , "'" , 'You must be logged in to manage your wishlist.' , "'" , ';
var max_item = ' , "'" , 'You cannot add more than 3 product(s) to the product comparison' , "'" , ';
var min_item = ' , "'" , 'Please select at least one product' , "'" , ';
var mywishlist_url = ' , "'" , 'http://automationpractice.com/index.php?fc=module&module=blockwishlist&controller=mywishlist' , "'" , ';
var page_name = ' , "'" , 'category' , "'" , ';
var param_product_url = ' , "'" , '#' , "'" , ';
var placeholder_blocknewsletter = ' , "'" , 'Enter your e-mail' , "'" , ';
var priceDisplayMethod = 1;
var priceDisplayPrecision = 2;
var quickView = true;
var removingLinkText = ' , "'" , 'remove this product from my cart' , "'" , ';
var request = ' , "'" , 'http://automationpractice.com/index.php?id_category=8&controller=category' , "'" , ';
var roundMode = 2;
var search_url = ' , "'" , 'http://automationpractice.com/index.php?controller=search' , "'" , ';
var static_token = ' , "'" , 'b842f4a42956685333000db0ab174863' , "'" , ';
var token = ' , "'" , 'f0d7e4320d9dcd64ff64d5b43bc0abed' , "'" , ';
var usingSecureMode = false;
var wishlistProductsIds = false;


		
		
		
		
		
		
		
		
		
		
		
		
		
		
		
		
		
		
		
		
		
		
		
		
		
		
		
		
			
		
		
	.fancybox-margin{margin-right:17px;}#katalon{font-family:monospace;font-size:13px;background-color:rgba(0,0,0,.7);position:fixed;top:0;left:0;right:0;display:block;z-index:999999999;line-height: normal} #katalon div{padding:0;margin:0;color:#fff;} #katalon kbd{display:inline-block;padding:3px 5px;font:13px Consolas,"Liberation Mono",Menlo,Courier,monospace;line-height:10px;color:#555;vertical-align:middle;background-color:#fcfcfc;border:1px solid #ccc;border-bottom-color:#bbb;border-radius:3px;box-shadow:inset 0 -1px 0 #bbb;font-weight: bold} div#katalon-elementInfoDiv {color: lightblue; padding: 5px}
	
					
			
				
					
						
							
								
	


							
						
					
					
						
							
								
	
		Chapel Kabir
	

			
			Sign out
		
	




	Contact us

	
		Call us now: 0123-456-789
	

							
						
					
					
						
							
								
									
										
									
								
								

	
		
		
		
		
		
			Search
		
	



	
		
			Cart
			0
			Product
			Products
			
							
			(empty)
					
					
				
					
					
												
							No products
						
												
							
								
																			Free shipping!
																	
								
									Shipping
								
							
																					
								$0.00
								Total
							
													
						
							
								
									Check out
								
							
						
					
				
			
			


	
		
			
				
				
					Product successfully added to your shopping cart
				
				
				
				
					
					
					
						Quantity
						
					
					
						Total
						
					
				
			
			
				
					
					
						There are 0 items in your cart.
					
					
					
						There is 1 item in your cart.
					
				
	
				
					
						Total products
											
					
											
				
	
								
					
						Total shipping 					
					
													Free shipping!
											
				
									
					
						Total
											
					
											
				
					
					
						
							Continue shopping
						
					
					
						
							Proceed to checkout
						
						
				
			
		
		
	 
	

	
	
		Categories
		
			WomenTopsT-shirtsBlousesDressesCasual DressesEvening DressesSummer DressesDressesCasual DressesEvening DressesSummer DressesT-shirts
					
	
	
							
						
					
				
			
			
				
											


	
			>
					Women>Dresses
			

										
						
					
					
												

	
					Dresses
			
	
		
												

	
		Casual Dresses
	
	

																

	
		Evening Dresses
	
	

																

	
		Summer Dresses
	
	

									
	





	Catalog
	
		
			
																										
						                        
                            Categories
                            
						
						
																																												
																							 
																						
																								Casual Dresses (1)
																							
										
																																							
																							 
																						
																								Evening Dresses (1)
																							
										
																																							
																							 
																						
																								Summer Dresses (3)
																							
										
																																															
					
																											
						                        
                            Size
                            
						
						
																																												
																							 
																						
																								S (5)
																							
										
																																							
																							 
																						
																								M (5)
																							
										
																																							
																							 
																						
																								L (5)
																							
										
																																															
					
																											
						                        
                            Color
                            
						
						
																																												
																							
																																		
																								Beige (1)
																							
										
																																							
																							
																																		
																								White (1)
																							
										
																																							
																							
																																		
																								Black (1)
																							
										
																																							
																							
																																		
																								Orange (2)
																							
										
																																							
																							
																																		
																								Blue (1)
																							
										
																																							
																							
																																		
																								Green (1)
																							
										
																																							
																							
																																		
																								Yellow (3)
																							
										
																																							
																							
																																		
																								Pink (1)
																							
										
																																															
					
																											
						                        
                            Compositions
                            
						
						
																																												
																							 
																						
																								Cotton (1)
																							
										
																																							
																							 
																						
																								Polyester (2)
																							
										
																																							
																							 
																						
																								Viscose (2)
																							
										
																																															
					
																											
						                        
                            Styles
                            
						
						
																																												
																							 
																						
																								Casual (1)
																							
										
																																							
																							 
																						
																								Dressy (1)
																							
										
																																							
																							 
																						
																								Girly (3)
																							
										
																																															
					
																											
						                        
                            Properties
                            
						
						
																																												
																							 
																						
																								Colorful Dress (1)
																							
										
																																							
																							 
																						
																								Maxi Dress (1)
																							
										
																																							
																							 
																						
																								Midi Dress (1)
																							
										
																																							
																							 
																						
																								Short Dress (2)
																							
										
																																															
					
																											
						                        
                            Availability
                            
						
						
																																																															
																							 
																						
																								In stock (5)
																							
										
																																															
					
																											
						                        
                            Manufacturer
                            
						
						
																																												
																							 
																						
																								Fashion Manufacturer (5)
																							
										
																																															
					
																											
						                        
                            Condition
                            
						
						
																																												
																							 
																						
																								New (5)
																							
										
																																																																																					
					
																											
						                        
                            Price
                            
						
						
																								
										Range:
									 
									$16.00 - $53.00
									
										
									
																												
					
												
			
																																																																																																																																																																												
	
	
		
			
			Loading...
		
	


	
			
			
				
					Information				
			
			
				
																							
								
									Delivery
								
							
																								
								
									Legal Notice
								
							
																								
								
									Terms and conditions of use
								
							
																								
								
									About us
								
							
																								
								
									Secure payment
								
							
																						
							
								Our stores
							
						
									
			
		
		


	
        
            Specials
        
    
	
    		
        	
            	
                    
                
                
                	
                        
                            Printed Chiffon Dress
                        
                    
                                        	
                            Printed chiffon knee length dress...
                        
                                        
                    	                        	
                                $16.40
                                                            
                                                                                                                                 -20%
                                                                                         
                                $20.50
                                                            
                                            
                
            
		
		
			
                All specials
            
		
    	



	
		
			Our stores
		
	
	
		
			
				
			
		
				
			
				Discover our stores
			
		
	



																		
	

	    				
            	                     
                    
                                                    
                            
                                Dresses                            
                                                            Find your favorites dresses from our wide choice of evening, casual or summer dresses!
We offer dresses for every day, every style and every occasion.
                                                        
                                             
                              
				Dresses There are 5 products.

		        		
		
			Subcategories
			
							
                	
						
													
											
                   	
					Casual Dresses
											You are looking for a dress for every day? Take a look at
our selection of dresses to find one that suits you.
									
							
                	
						
													
											
                   	
					Evening Dresses
											Browse our different dresses to choose the perfect dress for an unforgettable evening!
									
							
                	
						
													
											
                   	
					Summer Dresses
											Short dress, long dress, silk dress, printed dress, you will find the perfect dress for summer.
									
						
		
        							
            	
            		
	View
    Grid
    List



	
		Sort by
		--
			--
							Price: Lowest first
				Price: Highest first
						Product Name: A to Z
			Product Name: Z to A
							In stock
						Reference: Lowest first
			Reference: Highest first
		
	


			
	
                								
		

				
                
                		
		
			Compare (0)
		
		
		
	
			
		
		
		
	
					
	
												
	
	    			
    
    	        	                        	                        	Showing 1 - 5 of 5 items
		    
	

                
			
				
									
		
	
	
	
			
		
		
								
			
				
					
						
							
						
													
							
								
							
						
						
							Quick view
						
																			
																	
										$26.00									
									
																		
									
															
																							
					
					
				
				
					
												
							Printed Dress
						
					
					
					
						100% cotton double printed dress. Black and white striped top and orange high waisted skater skirt bottom.
					
										
													
								$26.00							
							
														
							
											
										
																														
										Add to cart
									
																											
							More
						
					
											
					
			
							
		
	
										
																														
																		
																	
										In stock									
															
															
					 				
						

	
		Add to Wishlist
	

													
								Add to Compare
							
											
							
		
			
		
		
								
			
				
					
						
							
						
													
							
								
							
						
						
							Quick view
						
																			
																	
										$50.99									
									
																		
									
															
																							
					
					
				
				
					
												
							Printed Dress
						
					
					
					
						Printed evening dress with straight sleeves with black thin waist belt and ruffled linings.
					
										
													
								$50.99							
							
														
							
											
										
																														
										Add to cart
									
																											
							More
						
					
											
					
			
							
		
					
			
							
		
	
										
																														
																		
																	
										In stock									
															
															
					 				
						

	
		Add to Wishlist
	

													
								Add to Compare
							
											
							
		
			
		
		
								
			
				
					
						
							
						
													
							
								
							
						
						
							Quick view
						
																			
																	
										$28.98									
									
																			
										
											$30.51
										
																					-5%
																												
									
															
																							
					
					
				
				
					
												
							Printed Summer Dress
						
					
					
					
						Long printed dress with thin adjustable straps. V-neckline and wiring under the bust with ruffles at the bottom of the dress.
					
										
													
								$28.98							
							
															
								
									$30.51
								
								
																	-5%
																						
							
											
										
																														
										Add to cart
									
																											
							More
						
					
											
					
			
							
		
					
			
							
		
					
			
							
		
					
			
							
		
	
										
																																	Reduced price!
												
																		
																	
										In stock									
															
															
					 				
						

	
		Add to Wishlist
	

													
								Add to Compare
							
											
							
		
			
		
		
								
			
				
					
						
							
						
													
							
								
							
						
						
							Quick view
						
																			
																	
										$30.50									
									
																		
									
															
																							
					
					
				
				
					
												
							Printed Summer Dress
						
					
					
					
						Sleeveless knee-length chiffon dress. V-neckline with elastic under the bust lining.
					
										
													
								$30.50							
							
														
							
											
										
																														
										Add to cart
									
																											
							More
						
					
											
					
			
							
		
					
			
							
		
	
										
																														
																		
																	
										In stock									
															
															
					 				
						

	
		Add to Wishlist
	

													
								Add to Compare
							
											
							
		
			
		
		
								
			
				
					
						
							
						
													
							
								
							
						
						
							Quick view
						
																			
																	
										$16.40									
									
																			
										
											$20.50
										
																					-20%
																												
									
															
																							
					
					
				
				
					
												
							Printed Chiffon Dress
						
					
					
					
						Printed chiffon knee length dress with tank straps. Deep v-neckline.
					
										
													
								$16.40							
							
															
								
									$20.50
								
								
																	-20%
																						
							
											
										
																														
										Add to cart
									
																											
							More
						
					
											
					
			
							
		
					
			
							
		
	
										
																																	Reduced price!
												
																		
																	
										In stock									
															
															
					 				
						

	
		Add to Wishlist
	

													
								Add to Compare
							
											
							
		
		





			
				
						
		
			Compare (0)
		
		
		
	
	
                    
	
												
	
	    			
    
    	        	                        	                        	Showing 1 - 5 of 5 items
		    
	

				
			
								
										
				
			
							
				
					
						

	Newsletter
	
		
			
				
                
                    Ok
                
				
			
		
	



	
					
				
					Facebook
				
			
							
				
					Twitter
				
			
				                	
        		
        			Youtube
        		
        	
                        	
        		
        			Google Plus
        		
        	
                	
    Follow us




	Categories
	
		
			
												

	 
		Women
	
			
												

	 
		Tops
	
			
												

	
		T-shirts
	
	

																

	
		Blouses
	
	

									
	

																

	 
		Dresses
	
			
												

	
		Casual Dresses
	
	

																

	
		Evening Dresses
	
	

																

	
		Summer Dresses
	
	

									
	

									
	

							
										
		
	 


	
	
		Information
		
							
					
						Specials
					
				
									
				
					New products
				
			
										
					
						Best sellers
					
				
										
					
						Our stores
					
				
									
				
					Contact us
				
			
															
						
							Terms and conditions of use
						
					
																
						
							About us
						
					
													
				
					Sitemap
				
			
					
		
	
		
		
			© 2014 Ecommerce software by PrestaShop™
		
	
		


	My account
	
		
			My orders
						My credit slips
			My addresses
			My personal info
						
            Sign out		
	




	
        Store information
        
                        	
            		Selenium Framework, Research Triangle Park,
North Carolina,
USA            	
                                    	
            		Call us now: 
            		(347) 466-7432
            	
                                    	
            		Email: 
            		support@seleniumframework.com
            	
                    
    



					
				
					
/html[1]'))]' not found)

2018-04-03 14:54:54 - [TEST_STEP][PASSED] - openBrowser: Browser is opened with url: ''

2018-04-03 14:55:11 - [MESSAGE][PASSED] - Browser is opened with url: ''

2018-04-03 14:55:11 - [TEST_STEP][PASSED] - navigateToUrl: Navigate to 'http://automationpractice.com/index.php' successfully

2018-04-03 14:55:19 - [MESSAGE][PASSED] - Navigate to 'http://automationpractice.com/index.php' successfully

2018-04-03 14:55:19 - [TEST_STEP][PASSED] - click: Object: 'Object Repository/IBM TEST/Page_My Store (3)/a_Sign in' is clicked on

2018-04-03 14:55:31 - [MESSAGE][PASSED] - Object: 'Object Repository/IBM TEST/Page_My Store (3)/a_Sign in' is clicked on

2018-04-03 14:55:31 - [TEST_STEP][PASSED] - setText: Text 'chapel.kabir@yahoo.com' is set on object 'Object Repository/IBM TEST/Page_Login - My Store (1)/input_email'

2018-04-03 14:55:51 - [MESSAGE][PASSED] - Text 'chapel.kabir@yahoo.com' is set on object 'Object Repository/IBM TEST/Page_Login - My Store (1)/input_email'

2018-04-03 14:55:51 - [TEST_STEP][PASSED] - setText: Text 'LaraSara26' is set on object 'Object Repository/IBM TEST/Page_Login - My Store (1)/input_passwd'

2018-04-03 14:56:11 - [MESSAGE][PASSED] - Text 'LaraSara26' is set on object 'Object Repository/IBM TEST/Page_Login - My Store (1)/input_passwd'

2018-04-03 14:56:11 - [TEST_STEP][PASSED] - click: Object: 'Object Repository/IBM TEST/Page_Women - My Store/a_Women' is clicked on

2018-04-03 14:56:22 - [MESSAGE][PASSED] - Object: 'Object Repository/IBM TEST/Page_Women - My Store/a_Women' is clicked on

2018-04-03 14:56:22 - [TEST_STEP][PASSED] - click: Object: 'Object Repository/IBM TEST/Page_Women - My Store/img_replace-2x' is clicked on

2018-04-03 14:56:34 - [MESSAGE][PASSED] - Object: 'Object Repository/IBM TEST/Page_Women - My Store/img_replace-2x' is clicked on

2018-04-03 14:56:34 - [TEST_STEP][FAILED] - click: Unable to click on object 'Object Repository/IBM TEST/Page_Dresses - My Store (1)/html_Dresses - My Store  var C' (Root cause: com.kms.katalon.core.webui.exception.WebElementNotFoundException: Web element with id: 'Object Repository/IBM TEST/Page_Dresses - My Store (1)/html_Dresses - My Store  var C' located by 'By.xpath: //html[(text() = concat('
		
		Dresses - My Store
		
		
		
		 
		 
		
		
			
			
			
			
			
			
			
			
			
			
			
			
			
			
			
			
			
			
			
			
			
			
			
			
			
			
			
			
			
		
var CUSTOMIZE_TEXTFIELD = 1;
var FancyboxI18nClose = ' , "'" , 'Close' , "'" , ';
var FancyboxI18nNext = ' , "'" , 'Next' , "'" , ';
var FancyboxI18nPrev = ' , "'" , 'Previous' , "'" , ';
var added_to_wishlist = ' , "'" , 'Added to your wishlist.' , "'" , ';
var ajax_allowed = true;
var ajaxsearch = true;
var baseDir = ' , "'" , 'http://automationpractice.com/' , "'" , ';
var baseUri = ' , "'" , 'http://automationpractice.com/index.php' , "'" , ';
var blocklayeredSliderName = {"price":"price","weight":"weight"};
var blocksearch_type = ' , "'" , 'top' , "'" , ';
var comparator_max_item = 3;
var comparedProductsIds = [];
var contentOnly = false;
var customizationIdMessage = ' , "'" , 'Customization #' , "'" , ';
var delete_txt = ' , "'" , 'Delete' , "'" , ';
var displayList = false;
var filters = [{"type_lite":"category","type":"category","id_key":0,"name":"Categories","values":{"9":{"name":"Casual Dresses","nbr":1,"link":"http:\/\/automationpractice.com\/index.php?id_category=8&controller=category#categories-casual_dresses","rel":"nofollow"},"10":{"name":"Evening Dresses","nbr":1,"link":"http:\/\/automationpractice.com\/index.php?id_category=8&controller=category#categories-evening_dresses","rel":"nofollow"},"11":{"name":"Summer Dresses","nbr":3,"link":"http:\/\/automationpractice.com\/index.php?id_category=8&controller=category#categories-summer_dresses","rel":"nofollow"}},"filter_show_limit":"0","filter_type":"0"},{"type_lite":"id_attribute_group","type":"id_attribute_group","id_key":1,"name":"Size","is_color_group":false,"values":{"1":{"color":"","name":"S","nbr":5,"url_name":null,"meta_title":null,"link":"http:\/\/automationpractice.com\/index.php?id_category=8&controller=category#size-s","rel":""},"2":{"color":"","name":"M","nbr":5,"url_name":null,"meta_title":null,"link":"http:\/\/automationpractice.com\/index.php?id_category=8&controller=category#size-m","rel":""},"3":{"color":"","name":"L","nbr":5,"url_name":null,"meta_title":null,"link":"http:\/\/automationpractice.com\/index.php?id_category=8&controller=category#size-l","rel":""}},"url_name":null,"meta_title":null,"filter_show_limit":"0","filter_type":"0"},{"type_lite":"id_attribute_group","type":"id_attribute_group","id_key":3,"name":"Color","is_color_group":true,"values":{"7":{"color":"#f5f5dc","name":"Beige","nbr":1,"url_name":null,"meta_title":null,"link":"http:\/\/automationpractice.com\/index.php?id_category=8&controller=category#color-beige","rel":""},"8":{"color":"#ffffff","name":"White","nbr":1,"url_name":null,"meta_title":null,"link":"http:\/\/automationpractice.com\/index.php?id_category=8&controller=category#color-white","rel":""},"11":{"color":"#434A54","name":"Black","nbr":1,"url_name":null,"meta_title":null,"link":"http:\/\/automationpractice.com\/index.php?id_category=8&controller=category#color-black","rel":""},"13":{"color":"#F39C11","name":"Orange","nbr":2,"url_name":null,"meta_title":null,"link":"http:\/\/automationpractice.com\/index.php?id_category=8&controller=category#color-orange","rel":""},"14":{"color":"#5D9CEC","name":"Blue","nbr":1,"url_name":null,"meta_title":null,"link":"http:\/\/automationpractice.com\/index.php?id_category=8&controller=category#color-blue","rel":""},"15":{"color":"#A0D468","name":"Green","nbr":1,"url_name":null,"meta_title":null,"link":"http:\/\/automationpractice.com\/index.php?id_category=8&controller=category#color-green","rel":""},"16":{"color":"#F1C40F","name":"Yellow","nbr":3,"url_name":null,"meta_title":null,"link":"http:\/\/automationpractice.com\/index.php?id_category=8&controller=category#color-yellow","rel":""},"24":{"color":"#FCCACD","name":"Pink","nbr":1,"url_name":null,"meta_title":null,"link":"http:\/\/automationpractice.com\/index.php?id_category=8&controller=category#color-pink","rel":""}},"url_name":null,"meta_title":null,"filter_show_limit":"0","filter_type":"0"},{"type_lite":"id_feature","type":"id_feature","id_key":5,"values":{"5":{"nbr":1,"name":"Cotton","url_name":null,"meta_title":null,"link":"http:\/\/automationpractice.com\/index.php?id_category=8&controller=category#compositions-cotton","rel":""},"1":{"nbr":2,"name":"Polyester","url_name":null,"meta_title":null,"link":"http:\/\/automationpractice.com\/index.php?id_category=8&controller=category#compositions-polyester","rel":""},"3":{"nbr":2,"name":"Viscose","url_name":null,"meta_title":null,"link":"http:\/\/automationpractice.com\/index.php?id_category=8&controller=category#compositions-viscose","rel":""}},"name":"Compositions","url_name":null,"meta_title":null,"filter_show_limit":"0","filter_type":"0"},{"type_lite":"id_feature","type":"id_feature","id_key":6,"values":{"11":{"nbr":1,"name":"Casual","url_name":null,"meta_title":null,"link":"http:\/\/automationpractice.com\/index.php?id_category=8&controller=category#styles-casual","rel":""},"16":{"nbr":1,"name":"Dressy","url_name":null,"meta_title":null,"link":"http:\/\/automationpractice.com\/index.php?id_category=8&controller=category#styles-dressy","rel":""},"13":{"nbr":3,"name":"Girly","url_name":null,"meta_title":null,"link":"http:\/\/automationpractice.com\/index.php?id_category=8&controller=category#styles-girly","rel":""}},"name":"Styles","url_name":null,"meta_title":null,"filter_show_limit":"0","filter_type":"0"},{"type_lite":"id_feature","type":"id_feature","id_key":7,"values":{"18":{"nbr":1,"name":"Colorful Dress","url_name":null,"meta_title":null,"link":"http:\/\/automationpractice.com\/index.php?id_category=8&controller=category#properties-colorful_dress","rel":""},"21":{"nbr":1,"name":"Maxi Dress","url_name":null,"meta_title":null,"link":"http:\/\/automationpractice.com\/index.php?id_category=8&controller=category#properties-maxi_dress","rel":""},"20":{"nbr":1,"name":"Midi Dress","url_name":null,"meta_title":null,"link":"http:\/\/automationpractice.com\/index.php?id_category=8&controller=category#properties-midi_dress","rel":""},"19":{"nbr":2,"name":"Short Dress","url_name":null,"meta_title":null,"link":"http:\/\/automationpractice.com\/index.php?id_category=8&controller=category#properties-short_dress","rel":""}},"name":"Properties","url_name":null,"meta_title":null,"filter_show_limit":"0","filter_type":"0"},{"type_lite":"quantity","type":"quantity","id_key":0,"name":"Availability","values":[{"name":"Not available","nbr":0,"link":"http:\/\/automationpractice.com\/index.php?id_category=8&controller=category#availability-not_available","rel":"nofollow"},{"name":"In stock","nbr":5,"link":"http:\/\/automationpractice.com\/index.php?id_category=8&controller=category#availability-in_stock","rel":"nofollow"}],"filter_show_limit":"0","filter_type":"0"},{"type_lite":"manufacturer","type":"manufacturer","id_key":0,"name":"Manufacturer","values":{"1":{"name":"Fashion Manufacturer","nbr":"5","link":"http:\/\/automationpractice.com\/index.php?id_category=8&controller=category#manufacturer-fashion_manufacturer","rel":"nofollow"}},"filter_show_limit":"0","filter_type":"0"},{"type_lite":"condition","type":"condition","id_key":0,"name":"Condition","values":{"new":{"name":"New","nbr":5,"link":"http:\/\/automationpractice.com\/index.php?id_category=8&controller=category#condition-new","rel":"nofollow"},"used":{"name":"Used","nbr":0,"link":"http:\/\/automationpractice.com\/index.php?id_category=8&controller=category#condition-used","rel":"nofollow"},"refurbished":{"name":"Refurbished","nbr":0,"link":"http:\/\/automationpractice.com\/index.php?id_category=8&controller=category#condition-refurbished","rel":"nofollow"}},"filter_show_limit":"0","filter_type":"0"},{"type_lite":"price","type":"price","id_key":0,"name":"Price","slider":true,"max":"53","min":"16","values":{"1":"53","0":"16"},"unit":"$","format":"1","filter_show_limit":"0","filter_type":"0"}];
var freeProductTranslation = ' , "'" , 'Free!' , "'" , ';
var freeShippingTranslation = ' , "'" , 'Free shipping!' , "'" , ';
var generated_date = 1522248415;
var id_lang = 1;
var img_dir = ' , "'" , 'http://automationpractice.com/themes/default-bootstrap/img/' , "'" , ';
var instantsearch = false;
var isGuest = 0;
var isLogged = 1;
var loggin_required = ' , "'" , 'You must be logged in to manage your wishlist.' , "'" , ';
var max_item = ' , "'" , 'You cannot add more than 3 product(s) to the product comparison' , "'" , ';
var min_item = ' , "'" , 'Please select at least one product' , "'" , ';
var mywishlist_url = ' , "'" , 'http://automationpractice.com/index.php?fc=module&module=blockwishlist&controller=mywishlist' , "'" , ';
var page_name = ' , "'" , 'category' , "'" , ';
var param_product_url = ' , "'" , '#' , "'" , ';
var placeholder_blocknewsletter = ' , "'" , 'Enter your e-mail' , "'" , ';
var priceDisplayMethod = 1;
var priceDisplayPrecision = 2;
var quickView = true;
var removingLinkText = ' , "'" , 'remove this product from my cart' , "'" , ';
var request = ' , "'" , 'http://automationpractice.com/index.php?id_category=8&controller=category' , "'" , ';
var roundMode = 2;
var search_url = ' , "'" , 'http://automationpractice.com/index.php?controller=search' , "'" , ';
var static_token = ' , "'" , 'b842f4a42956685333000db0ab174863' , "'" , ';
var token = ' , "'" , 'f0d7e4320d9dcd64ff64d5b43bc0abed' , "'" , ';
var usingSecureMode = false;
var wishlistProductsIds = false;


		
		
		
		
		
		
		
		
		
		
		
		
		
		
		
		
		
		
		
		
		
		
		
		
		
		
		
		
			
		
		
	.fancybox-margin{margin-right:17px;}#katalon{font-family:monospace;font-size:13px;background-color:rgba(0,0,0,.7);position:fixed;top:0;left:0;right:0;display:block;z-index:999999999;line-height: normal} #katalon div{padding:0;margin:0;color:#fff;} #katalon kbd{display:inline-block;padding:3px 5px;font:13px Consolas,"Liberation Mono",Menlo,Courier,monospace;line-height:10px;color:#555;vertical-align:middle;background-color:#fcfcfc;border:1px solid #ccc;border-bottom-color:#bbb;border-radius:3px;box-shadow:inset 0 -1px 0 #bbb;font-weight: bold} div#katalon-elementInfoDiv {color: lightblue; padding: 5px}
	
					
			
				
					
						
							
								
	


							
						
					
					
						
							
								
	
		Chapel Kabir
	

			
			Sign out
		
	




	Contact us

	
		Call us now: 0123-456-789
	

							
						
					
					
						
							
								
									
										
									
								
								

	
		
		
		
		
		
			Search
		
	



	
		
			Cart
			0
			Product
			Products
			
							
			(empty)
					
					
				
					
					
												
							No products
						
												
							
								
																			Free shipping!
																	
								
									Shipping
								
							
																					
								$0.00
								Total
							
													
						
							
								
									Check out
								
							
						
					
				
			
			


	
		
			
				
				
					Product successfully added to your shopping cart
				
				
				
				
					
					
					
						Quantity
						
					
					
						Total
						
					
				
			
			
				
					
					
						There are 0 items in your cart.
					
					
					
						There is 1 item in your cart.
					
				
	
				
					
						Total products
											
					
											
				
	
								
					
						Total shipping 					
					
													Free shipping!
											
				
									
					
						Total
											
					
											
				
					
					
						
							Continue shopping
						
					
					
						
							Proceed to checkout
						
						
				
			
		
		
	 
	

	
	
		Categories
		
			WomenTopsT-shirtsBlousesDressesCasual DressesEvening DressesSummer DressesDressesCasual DressesEvening DressesSummer DressesT-shirts
					
	
	
							
						
					
				
			
			
				
											


	
			>
					Women>Dresses
			

										
						
					
					
												

	
					Dresses
			
	
		
												

	
		Casual Dresses
	
	

																

	
		Evening Dresses
	
	

																

	
		Summer Dresses
	
	

									
	





	Catalog
	
		
			
																										
						                        
                            Categories
                            
						
						
																																												
																							 
																						
																								Casual Dresses (1)
																							
										
																																							
																							 
																						
																								Evening Dresses (1)
																							
										
																																							
																							 
																						
																								Summer Dresses (3)
																							
										
																																															
					
																											
						                        
                            Size
                            
						
						
																																												
																							 
																						
																								S (5)
																							
										
																																							
																							 
																						
																								M (5)
																							
										
																																							
																							 
																						
																								L (5)
																							
										
																																															
					
																											
						                        
                            Color
                            
						
						
																																												
																							
																																		
																								Beige (1)
																							
										
																																							
																							
																																		
																								White (1)
																							
										
																																							
																							
																																		
																								Black (1)
																							
										
																																							
																							
																																		
																								Orange (2)
																							
										
																																							
																							
																																		
																								Blue (1)
																							
										
																																							
																							
																																		
																								Green (1)
																							
										
																																							
																							
																																		
																								Yellow (3)
																							
										
																																							
																							
																																		
																								Pink (1)
																							
										
																																															
					
																											
						                        
                            Compositions
                            
						
						
																																												
																							 
																						
																								Cotton (1)
																							
										
																																							
																							 
																						
																								Polyester (2)
																							
										
																																							
																							 
																						
																								Viscose (2)
																							
										
																																															
					
																											
						                        
                            Styles
                            
						
						
																																												
																							 
																						
																								Casual (1)
																							
										
																																							
																							 
																						
																								Dressy (1)
																							
										
																																							
																							 
																						
																								Girly (3)
																							
										
																																															
					
																											
						                        
                            Properties
                            
						
						
																																												
																							 
																						
																								Colorful Dress (1)
																							
										
																																							
																							 
																						
																								Maxi Dress (1)
																							
										
																																							
																							 
																						
																								Midi Dress (1)
																							
										
																																							
																							 
																						
																								Short Dress (2)
																							
										
																																															
					
																											
						                        
                            Availability
                            
						
						
																																																															
																							 
																						
																								In stock (5)
																							
										
																																															
					
																											
						                        
                            Manufacturer
                            
						
						
																																												
																							 
																						
																								Fashion Manufacturer (5)
																							
										
																																															
					
																											
						                        
                            Condition
                            
						
						
																																												
																							 
																						
																								New (5)
																							
										
																																																																																					
					
																											
						                        
                            Price
                            
						
						
																								
										Range:
									 
									$16.00 - $53.00
									
										
									
																												
					
												
			
																																																																																																																																																																												
	
	
		
			
			Loading...
		
	


	
			
			
				
					Information				
			
			
				
																							
								
									Delivery
								
							
																								
								
									Legal Notice
								
							
																								
								
									Terms and conditions of use
								
							
																								
								
									About us
								
							
																								
								
									Secure payment
								
							
																						
							
								Our stores
							
						
									
			
		
		


	
        
            Specials
        
    
	
    		
        	
            	
                    
                
                
                	
                        
                            Printed Chiffon Dress
                        
                    
                                        	
                            Printed chiffon knee length dress...
                        
                                        
                    	                        	
                                $16.40
                                                            
                                                                                                                                 -20%
                                                                                         
                                $20.50
                                                            
                                            
                
            
		
		
			
                All specials
            
		
    	



	
		
			Our stores
		
	
	
		
			
				
			
		
				
			
				Discover our stores
			
		
	



																		
	

	    				
            	                     
                    
                                                    
                            
                                Dresses                            
                                                            Find your favorites dresses from our wide choice of evening, casual or summer dresses!
We offer dresses for every day, every style and every occasion.
                                                        
                                             
                              
				Dresses There are 5 products.

		        		
		
			Subcategories
			
							
                	
						
													
											
                   	
					Casual Dresses
											You are looking for a dress for every day? Take a look at
our selection of dresses to find one that suits you.
									
							
                	
						
													
											
                   	
					Evening Dresses
											Browse our different dresses to choose the perfect dress for an unforgettable evening!
									
							
                	
						
													
											
                   	
					Summer Dresses
											Short dress, long dress, silk dress, printed dress, you will find the perfect dress for summer.
									
						
		
        							
            	
            		
	View
    Grid
    List



	
		Sort by
		--
			--
							Price: Lowest first
				Price: Highest first
						Product Name: A to Z
			Product Name: Z to A
							In stock
						Reference: Lowest first
			Reference: Highest first
		
	


			
	
                								
		

				
                
                		
		
			Compare (0)
		
		
		
	
			
		
		
		
	
					
	
												
	
	    			
    
    	        	                        	                        	Showing 1 - 5 of 5 items
		    
	

                
			
				
									
		
	
	
	
			
		
		
								
			
				
					
						
							
						
													
							
								
							
						
						
							Quick view
						
																			
																	
										$26.00									
									
																		
									
															
																							
					
					
				
				
					
												
							Printed Dress
						
					
					
					
						100% cotton double printed dress. Black and white striped top and orange high waisted skater skirt bottom.
					
										
													
								$26.00							
							
														
							
											
										
																														
										Add to cart
									
																											
							More
						
					
											
					
			
							
		
	
										
																														
																		
																	
										In stock									
															
															
					 				
						

	
		Add to Wishlist
	

													
								Add to Compare
							
											
							
		
			
		
		
								
			
				
					
						
							
						
													
							
								
							
						
						
							Quick view
						
																			
																	
										$50.99									
									
																		
									
															
																							
					
					
				
				
					
												
							Printed Dress
						
					
					
					
						Printed evening dress with straight sleeves with black thin waist belt and ruffled linings.
					
										
													
								$50.99							
							
														
							
											
										
																														
										Add to cart
									
																											
							More
						
					
											
					
			
							
		
					
			
							
		
	
										
																														
																		
																	
										In stock									
															
															
					 				
						

	
		Add to Wishlist
	

													
								Add to Compare
							
											
							
		
			
		
		
								
			
				
					
						
							
						
													
							
								
							
						
						
							Quick view
						
																			
																	
										$28.98									
									
																			
										
											$30.51
										
																					-5%
																												
									
															
																							
					
					
				
				
					
												
							Printed Summer Dress
						
					
					
					
						Long printed dress with thin adjustable straps. V-neckline and wiring under the bust with ruffles at the bottom of the dress.
					
										
													
								$28.98							
							
															
								
									$30.51
								
								
																	-5%
																						
							
											
										
																														
										Add to cart
									
																											
							More
						
					
											
					
			
							
		
					
			
							
		
					
			
							
		
					
			
							
		
	
										
																																	Reduced price!
												
																		
																	
										In stock									
															
															
					 				
						

	
		Add to Wishlist
	

													
								Add to Compare
							
											
							
		
			
		
		
								
			
				
					
						
							
						
													
							
								
							
						
						
							Quick view
						
																			
																	
										$30.50									
									
																		
									
															
																							
					
					
				
				
					
												
							Printed Summer Dress
						
					
					
					
						Sleeveless knee-length chiffon dress. V-neckline with elastic under the bust lining.
					
										
													
								$30.50							
							
														
							
											
										
																														
										Add to cart
									
																											
							More
						
					
											
					
			
							
		
					
			
							
		
	
										
																														
																		
																	
										In stock									
															
															
					 				
						

	
		Add to Wishlist
	

													
								Add to Compare
							
											
							
		
			
		
		
								
			
				
					
						
							
						
													
							
								
							
						
						
							Quick view
						
																			
																	
										$16.40									
									
																			
										
											$20.50
										
																					-20%
																												
									
															
																							
					
					
				
				
					
												
							Printed Chiffon Dress
						
					
					
					
						Printed chiffon knee length dress with tank straps. Deep v-neckline.
					
										
													
								$16.40							
							
															
								
									$20.50
								
								
																	-20%
																						
							
											
										
																														
										Add to cart
									
																											
							More
						
					
											
					
			
							
		
					
			
							
		
	
										
																																	Reduced price!
												
																		
																	
										In stock									
															
															
					 				
						

	
		Add to Wishlist
	

													
								Add to Compare
							
											
							
		
		





			
				
						
		
			Compare (0)
		
		
		
	
	
                    
	
												
	
	    			
    
    	        	                        	                        	Showing 1 - 5 of 5 items
		    
	

				
			
								
										
				
			
							
				
					
						

	Newsletter
	
		
			
				
                
                    Ok
                
				
			
		
	



	
					
				
					Facebook
				
			
							
				
					Twitter
				
			
				                	
        		
        			Youtube
        		
        	
                        	
        		
        			Google Plus
        		
        	
                	
    Follow us




	Categories
	
		
			
												

	 
		Women
	
			
												

	 
		Tops
	
			
												

	
		T-shirts
	
	

																

	
		Blouses
	
	

									
	

																

	 
		Dresses
	
			
												

	
		Casual Dresses
	
	

																

	
		Evening Dresses
	
	

																

	
		Summer Dresses
	
	

									
	

									
	

							
										
		
	 


	
	
		Information
		
							
					
						Specials
					
				
									
				
					New products
				
			
										
					
						Best sellers
					
				
										
					
						Our stores
					
				
									
				
					Contact us
				
			
															
						
							Terms and conditions of use
						
					
																
						
							About us
						
					
													
				
					Sitemap
				
			
					
		
	
		
		
			© 2014 Ecommerce software by PrestaShop™
		
	
		


	My account
	
		
			My orders
						My credit slips
			My addresses
			My personal info
						
            Sign out		
	




	
        Store information
        
                        	
            		Selenium Framework, Research Triangle Park,
North Carolina,
USA            	
                                    	
            		Call us now: 
            		(347) 466-7432
            	
                                    	
            		Email: 
            		support@seleniumframework.com
            	
                    
    



					
				
					
/html[1]') or . = concat('
		
		Dresses - My Store
		
		
		
		 
		 
		
		
			
			
			
			
			
			
			
			
			
			
			
			
			
			
			
			
			
			
			
			
			
			
			
			
			
			
			
			
			
		
var CUSTOMIZE_TEXTFIELD = 1;
var FancyboxI18nClose = ' , "'" , 'Close' , "'" , ';
var FancyboxI18nNext = ' , "'" , 'Next' , "'" , ';
var FancyboxI18nPrev = ' , "'" , 'Previous' , "'" , ';
var added_to_wishlist = ' , "'" , 'Added to your wishlist.' , "'" , ';
var ajax_allowed = true;
var ajaxsearch = true;
var baseDir = ' , "'" , 'http://automationpractice.com/' , "'" , ';
var baseUri = ' , "'" , 'http://automationpractice.com/index.php' , "'" , ';
var blocklayeredSliderName = {"price":"price","weight":"weight"};
var blocksearch_type = ' , "'" , 'top' , "'" , ';
var comparator_max_item = 3;
var comparedProductsIds = [];
var contentOnly = false;
var customizationIdMessage = ' , "'" , 'Customization #' , "'" , ';
var delete_txt = ' , "'" , 'Delete' , "'" , ';
var displayList = false;
var filters = [{"type_lite":"category","type":"category","id_key":0,"name":"Categories","values":{"9":{"name":"Casual Dresses","nbr":1,"link":"http:\/\/automationpractice.com\/index.php?id_category=8&controller=category#categories-casual_dresses","rel":"nofollow"},"10":{"name":"Evening Dresses","nbr":1,"link":"http:\/\/automationpractice.com\/index.php?id_category=8&controller=category#categories-evening_dresses","rel":"nofollow"},"11":{"name":"Summer Dresses","nbr":3,"link":"http:\/\/automationpractice.com\/index.php?id_category=8&controller=category#categories-summer_dresses","rel":"nofollow"}},"filter_show_limit":"0","filter_type":"0"},{"type_lite":"id_attribute_group","type":"id_attribute_group","id_key":1,"name":"Size","is_color_group":false,"values":{"1":{"color":"","name":"S","nbr":5,"url_name":null,"meta_title":null,"link":"http:\/\/automationpractice.com\/index.php?id_category=8&controller=category#size-s","rel":""},"2":{"color":"","name":"M","nbr":5,"url_name":null,"meta_title":null,"link":"http:\/\/automationpractice.com\/index.php?id_category=8&controller=category#size-m","rel":""},"3":{"color":"","name":"L","nbr":5,"url_name":null,"meta_title":null,"link":"http:\/\/automationpractice.com\/index.php?id_category=8&controller=category#size-l","rel":""}},"url_name":null,"meta_title":null,"filter_show_limit":"0","filter_type":"0"},{"type_lite":"id_attribute_group","type":"id_attribute_group","id_key":3,"name":"Color","is_color_group":true,"values":{"7":{"color":"#f5f5dc","name":"Beige","nbr":1,"url_name":null,"meta_title":null,"link":"http:\/\/automationpractice.com\/index.php?id_category=8&controller=category#color-beige","rel":""},"8":{"color":"#ffffff","name":"White","nbr":1,"url_name":null,"meta_title":null,"link":"http:\/\/automationpractice.com\/index.php?id_category=8&controller=category#color-white","rel":""},"11":{"color":"#434A54","name":"Black","nbr":1,"url_name":null,"meta_title":null,"link":"http:\/\/automationpractice.com\/index.php?id_category=8&controller=category#color-black","rel":""},"13":{"color":"#F39C11","name":"Orange","nbr":2,"url_name":null,"meta_title":null,"link":"http:\/\/automationpractice.com\/index.php?id_category=8&controller=category#color-orange","rel":""},"14":{"color":"#5D9CEC","name":"Blue","nbr":1,"url_name":null,"meta_title":null,"link":"http:\/\/automationpractice.com\/index.php?id_category=8&controller=category#color-blue","rel":""},"15":{"color":"#A0D468","name":"Green","nbr":1,"url_name":null,"meta_title":null,"link":"http:\/\/automationpractice.com\/index.php?id_category=8&controller=category#color-green","rel":""},"16":{"color":"#F1C40F","name":"Yellow","nbr":3,"url_name":null,"meta_title":null,"link":"http:\/\/automationpractice.com\/index.php?id_category=8&controller=category#color-yellow","rel":""},"24":{"color":"#FCCACD","name":"Pink","nbr":1,"url_name":null,"meta_title":null,"link":"http:\/\/automationpractice.com\/index.php?id_category=8&controller=category#color-pink","rel":""}},"url_name":null,"meta_title":null,"filter_show_limit":"0","filter_type":"0"},{"type_lite":"id_feature","type":"id_feature","id_key":5,"values":{"5":{"nbr":1,"name":"Cotton","url_name":null,"meta_title":null,"link":"http:\/\/automationpractice.com\/index.php?id_category=8&controller=category#compositions-cotton","rel":""},"1":{"nbr":2,"name":"Polyester","url_name":null,"meta_title":null,"link":"http:\/\/automationpractice.com\/index.php?id_category=8&controller=category#compositions-polyester","rel":""},"3":{"nbr":2,"name":"Viscose","url_name":null,"meta_title":null,"link":"http:\/\/automationpractice.com\/index.php?id_category=8&controller=category#compositions-viscose","rel":""}},"name":"Compositions","url_name":null,"meta_title":null,"filter_show_limit":"0","filter_type":"0"},{"type_lite":"id_feature","type":"id_feature","id_key":6,"values":{"11":{"nbr":1,"name":"Casual","url_name":null,"meta_title":null,"link":"http:\/\/automationpractice.com\/index.php?id_category=8&controller=category#styles-casual","rel":""},"16":{"nbr":1,"name":"Dressy","url_name":null,"meta_title":null,"link":"http:\/\/automationpractice.com\/index.php?id_category=8&controller=category#styles-dressy","rel":""},"13":{"nbr":3,"name":"Girly","url_name":null,"meta_title":null,"link":"http:\/\/automationpractice.com\/index.php?id_category=8&controller=category#styles-girly","rel":""}},"name":"Styles","url_name":null,"meta_title":null,"filter_show_limit":"0","filter_type":"0"},{"type_lite":"id_feature","type":"id_feature","id_key":7,"values":{"18":{"nbr":1,"name":"Colorful Dress","url_name":null,"meta_title":null,"link":"http:\/\/automationpractice.com\/index.php?id_category=8&controller=category#properties-colorful_dress","rel":""},"21":{"nbr":1,"name":"Maxi Dress","url_name":null,"meta_title":null,"link":"http:\/\/automationpractice.com\/index.php?id_category=8&controller=category#properties-maxi_dress","rel":""},"20":{"nbr":1,"name":"Midi Dress","url_name":null,"meta_title":null,"link":"http:\/\/automationpractice.com\/index.php?id_category=8&controller=category#properties-midi_dress","rel":""},"19":{"nbr":2,"name":"Short Dress","url_name":null,"meta_title":null,"link":"http:\/\/automationpractice.com\/index.php?id_category=8&controller=category#properties-short_dress","rel":""}},"name":"Properties","url_name":null,"meta_title":null,"filter_show_limit":"0","filter_type":"0"},{"type_lite":"quantity","type":"quantity","id_key":0,"name":"Availability","values":[{"name":"Not available","nbr":0,"link":"http:\/\/automationpractice.com\/index.php?id_category=8&controller=category#availability-not_available","rel":"nofollow"},{"name":"In stock","nbr":5,"link":"http:\/\/automationpractice.com\/index.php?id_category=8&controller=category#availability-in_stock","rel":"nofollow"}],"filter_show_limit":"0","filter_type":"0"},{"type_lite":"manufacturer","type":"manufacturer","id_key":0,"name":"Manufacturer","values":{"1":{"name":"Fashion Manufacturer","nbr":"5","link":"http:\/\/automationpractice.com\/index.php?id_category=8&controller=category#manufacturer-fashion_manufacturer","rel":"nofollow"}},"filter_show_limit":"0","filter_type":"0"},{"type_lite":"condition","type":"condition","id_key":0,"name":"Condition","values":{"new":{"name":"New","nbr":5,"link":"http:\/\/automationpractice.com\/index.php?id_category=8&controller=category#condition-new","rel":"nofollow"},"used":{"name":"Used","nbr":0,"link":"http:\/\/automationpractice.com\/index.php?id_category=8&controller=category#condition-used","rel":"nofollow"},"refurbished":{"name":"Refurbished","nbr":0,"link":"http:\/\/automationpractice.com\/index.php?id_category=8&controller=category#condition-refurbished","rel":"nofollow"}},"filter_show_limit":"0","filter_type":"0"},{"type_lite":"price","type":"price","id_key":0,"name":"Price","slider":true,"max":"53","min":"16","values":{"1":"53","0":"16"},"unit":"$","format":"1","filter_show_limit":"0","filter_type":"0"}];
var freeProductTranslation = ' , "'" , 'Free!' , "'" , ';
var freeShippingTranslation = ' , "'" , 'Free shipping!' , "'" , ';
var generated_date = 1522248415;
var id_lang = 1;
var img_dir = ' , "'" , 'http://automationpractice.com/themes/default-bootstrap/img/' , "'" , ';
var instantsearch = false;
var isGuest = 0;
var isLogged = 1;
var loggin_required = ' , "'" , 'You must be logged in to manage your wishlist.' , "'" , ';
var max_item = ' , "'" , 'You cannot add more than 3 product(s) to the product comparison' , "'" , ';
var min_item = ' , "'" , 'Please select at least one product' , "'" , ';
var mywishlist_url = ' , "'" , 'http://automationpractice.com/index.php?fc=module&module=blockwishlist&controller=mywishlist' , "'" , ';
var page_name = ' , "'" , 'category' , "'" , ';
var param_product_url = ' , "'" , '#' , "'" , ';
var placeholder_blocknewsletter = ' , "'" , 'Enter your e-mail' , "'" , ';
var priceDisplayMethod = 1;
var priceDisplayPrecision = 2;
var quickView = true;
var removingLinkText = ' , "'" , 'remove this product from my cart' , "'" , ';
var request = ' , "'" , 'http://automationpractice.com/index.php?id_category=8&controller=category' , "'" , ';
var roundMode = 2;
var search_url = ' , "'" , 'http://automationpractice.com/index.php?controller=search' , "'" , ';
var static_token = ' , "'" , 'b842f4a42956685333000db0ab174863' , "'" , ';
var token = ' , "'" , 'f0d7e4320d9dcd64ff64d5b43bc0abed' , "'" , ';
var usingSecureMode = false;
var wishlistProductsIds = false;


		
		
		
		
		
		
		
		
		
		
		
		
		
		
		
		
		
		
		
		
		
		
		
		
		
		
		
		
			
		
		
	.fancybox-margin{margin-right:17px;}#katalon{font-family:monospace;font-size:13px;background-color:rgba(0,0,0,.7);position:fixed;top:0;left:0;right:0;display:block;z-index:999999999;line-height: normal} #katalon div{padding:0;margin:0;color:#fff;} #katalon kbd{display:inline-block;padding:3px 5px;font:13px Consolas,"Liberation Mono",Menlo,Courier,monospace;line-height:10px;color:#555;vertical-align:middle;background-color:#fcfcfc;border:1px solid #ccc;border-bottom-color:#bbb;border-radius:3px;box-shadow:inset 0 -1px 0 #bbb;font-weight: bold} div#katalon-elementInfoDiv {color: lightblue; padding: 5px}
	
					
			
				
					
						
							
								
	


							
						
					
					
						
							
								
	
		Chapel Kabir
	

			
			Sign out
		
	




	Contact us

	
		Call us now: 0123-456-789
	

							
						
					
					
						
							
								
									
										
									
								
								

	
		
		
		
		
		
			Search
		
	



	
		
			Cart
			0
			Product
			Products
			
							
			(empty)
					
					
				
					
					
												
							No products
						
												
							
								
																			Free shipping!
																	
								
									Shipping
								
							
																					
								$0.00
								Total
							
													
						
							
								
									Check out
								
							
						
					
				
			
			


	
		
			
				
				
					Product successfully added to your shopping cart
				
				
				
				
					
					
					
						Quantity
						
					
					
						Total
						
					
				
			
			
				
					
					
						There are 0 items in your cart.
					
					
					
						There is 1 item in your cart.
					
				
	
				
					
						Total products
											
					
											
				
	
								
					
						Total shipping 					
					
													Free shipping!
											
				
									
					
						Total
											
					
											
				
					
					
						
							Continue shopping
						
					
					
						
							Proceed to checkout
						
						
				
			
		
		
	 
	

	
	
		Categories
		
			WomenTopsT-shirtsBlousesDressesCasual DressesEvening DressesSummer DressesDressesCasual DressesEvening DressesSummer DressesT-shirts
					
	
	
							
						
					
				
			
			
				
											


	
			>
					Women>Dresses
			

										
						
					
					
												

	
					Dresses
			
	
		
												

	
		Casual Dresses
	
	

																

	
		Evening Dresses
	
	

																

	
		Summer Dresses
	
	

									
	





	Catalog
	
		
			
																										
						                        
                            Categories
                            
						
						
																																												
																							 
																						
																								Casual Dresses (1)
																							
										
																																							
																							 
																						
																								Evening Dresses (1)
																							
										
																																							
																							 
																						
																								Summer Dresses (3)
																							
										
																																															
					
																											
						                        
                            Size
                            
						
						
																																												
																							 
																						
																								S (5)
																							
										
																																							
																							 
																						
																								M (5)
																							
										
																																							
																							 
																						
																								L (5)
																							
										
																																															
					
																											
						                        
                            Color
                            
						
						
																																												
																							
																																		
																								Beige (1)
																							
										
																																							
																							
																																		
																								White (1)
																							
										
																																							
																							
																																		
																								Black (1)
																							
										
																																							
																							
																																		
																								Orange (2)
																							
										
																																							
																							
																																		
																								Blue (1)
																							
										
																																							
																							
																																		
																								Green (1)
																							
										
																																							
																							
																																		
																								Yellow (3)
																							
										
																																							
																							
																																		
																								Pink (1)
																							
										
																																															
					
																											
						                        
                            Compositions
                            
						
						
																																												
																							 
																						
																								Cotton (1)
																							
										
																																							
																							 
																						
																								Polyester (2)
																							
										
																																							
																							 
																						
																								Viscose (2)
																							
										
																																															
					
																											
						                        
                            Styles
                            
						
						
																																												
																							 
																						
																								Casual (1)
																							
										
																																							
																							 
																						
																								Dressy (1)
																							
										
																																							
																							 
																						
																								Girly (3)
																							
										
																																															
					
																											
						                        
                            Properties
                            
						
						
																																												
																							 
																						
																								Colorful Dress (1)
																							
										
																																							
																							 
																						
																								Maxi Dress (1)
																							
										
																																							
																							 
																						
																								Midi Dress (1)
																							
										
																																							
																							 
																						
																								Short Dress (2)
																							
										
																																															
					
																											
						                        
                            Availability
                            
						
						
																																																															
																							 
																						
																								In stock (5)
																							
										
																																															
					
																											
						                        
                            Manufacturer
                            
						
						
																																												
																							 
																						
																								Fashion Manufacturer (5)
																							
										
																																															
					
																											
						                        
                            Condition
                            
						
						
																																												
																							 
																						
																								New (5)
																							
										
																																																																																					
					
																											
						                        
                            Price
                            
						
						
																								
										Range:
									 
									$16.00 - $53.00
									
										
									
																												
					
												
			
																																																																																																																																																																												
	
	
		
			
			Loading...
		
	


	
			
			
				
					Information				
			
			
				
																							
								
									Delivery
								
							
																								
								
									Legal Notice
								
							
																								
								
									Terms and conditions of use
								
							
																								
								
									About us
								
							
																								
								
									Secure payment
								
							
																						
							
								Our stores
							
						
									
			
		
		


	
        
            Specials
        
    
	
    		
        	
            	
                    
                
                
                	
                        
                            Printed Chiffon Dress
                        
                    
                                        	
                            Printed chiffon knee length dress...
                        
                                        
                    	                        	
                                $16.40
                                                            
                                                                                                                                 -20%
                                                                                         
                                $20.50
                                                            
                                            
                
            
		
		
			
                All specials
            
		
    	



	
		
			Our stores
		
	
	
		
			
				
			
		
				
			
				Discover our stores
			
		
	



																		
	

	    				
            	                     
                    
                                                    
                            
                                Dresses                            
                                                            Find your favorites dresses from our wide choice of evening, casual or summer dresses!
We offer dresses for every day, every style and every occasion.
                                                        
                                             
                              
				Dresses There are 5 products.

		        		
		
			Subcategories
			
							
                	
						
													
											
                   	
					Casual Dresses
											You are looking for a dress for every day? Take a look at
our selection of dresses to find one that suits you.
									
							
                	
						
													
											
                   	
					Evening Dresses
											Browse our different dresses to choose the perfect dress for an unforgettable evening!
									
							
                	
						
													
											
                   	
					Summer Dresses
											Short dress, long dress, silk dress, printed dress, you will find the perfect dress for summer.
									
						
		
        							
            	
            		
	View
    Grid
    List



	
		Sort by
		--
			--
							Price: Lowest first
				Price: Highest first
						Product Name: A to Z
			Product Name: Z to A
							In stock
						Reference: Lowest first
			Reference: Highest first
		
	


			
	
                								
		

				
                
                		
		
			Compare (0)
		
		
		
	
			
		
		
		
	
					
	
												
	
	    			
    
    	        	                        	                        	Showing 1 - 5 of 5 items
		    
	

                
			
				
									
		
	
	
	
			
		
		
								
			
				
					
						
							
						
													
							
								
							
						
						
							Quick view
						
																			
																	
										$26.00									
									
																		
									
															
																							
					
					
				
				
					
												
							Printed Dress
						
					
					
					
						100% cotton double printed dress. Black and white striped top and orange high waisted skater skirt bottom.
					
										
													
								$26.00							
							
														
							
											
										
																														
										Add to cart
									
																											
							More
						
					
											
					
			
							
		
	
										
																														
																		
																	
										In stock									
															
															
					 				
						

	
		Add to Wishlist
	

													
								Add to Compare
							
											
							
		
			
		
		
								
			
				
					
						
							
						
													
							
								
							
						
						
							Quick view
						
																			
																	
										$50.99									
									
																		
									
															
																							
					
					
				
				
					
												
							Printed Dress
						
					
					
					
						Printed evening dress with straight sleeves with black thin waist belt and ruffled linings.
					
										
													
								$50.99							
							
														
							
											
										
																														
										Add to cart
									
																											
							More
						
					
											
					
			
							
		
					
			
							
		
	
										
																														
																		
																	
										In stock									
															
															
					 				
						

	
		Add to Wishlist
	

													
								Add to Compare
							
											
							
		
			
		
		
								
			
				
					
						
							
						
													
							
								
							
						
						
							Quick view
						
																			
																	
										$28.98									
									
																			
										
											$30.51
										
																					-5%
																												
									
															
																							
					
					
				
				
					
												
							Printed Summer Dress
						
					
					
					
						Long printed dress with thin adjustable straps. V-neckline and wiring under the bust with ruffles at the bottom of the dress.
					
										
													
								$28.98							
							
															
								
									$30.51
								
								
																	-5%
																						
							
											
										
																														
										Add to cart
									
																											
							More
						
					
											
					
			
							
		
					
			
							
		
					
			
							
		
					
			
							
		
	
										
																																	Reduced price!
												
																		
																	
										In stock									
															
															
					 				
						

	
		Add to Wishlist
	

													
								Add to Compare
							
											
							
		
			
		
		
								
			
				
					
						
							
						
													
							
								
							
						
						
							Quick view
						
																			
																	
										$30.50									
									
																		
									
															
																							
					
					
				
				
					
												
							Printed Summer Dress
						
					
					
					
						Sleeveless knee-length chiffon dress. V-neckline with elastic under the bust lining.
					
										
													
								$30.50							
							
														
							
											
										
																														
										Add to cart
									
																											
							More
						
					
											
					
			
							
		
					
			
							
		
	
										
																														
																		
																	
										In stock									
															
															
					 				
						

	
		Add to Wishlist
	

													
								Add to Compare
							
											
							
		
			
		
		
								
			
				
					
						
							
						
													
							
								
							
						
						
							Quick view
						
																			
																	
										$16.40									
									
																			
										
											$20.50
										
																					-20%
																												
									
															
																							
					
					
				
				
					
												
							Printed Chiffon Dress
						
					
					
					
						Printed chiffon knee length dress with tank straps. Deep v-neckline.
					
										
													
								$16.40							
							
															
								
									$20.50
								
								
																	-20%
																						
							
											
										
																														
										Add to cart
									
																											
							More
						
					
											
					
			
							
		
					
			
							
		
	
										
																																	Reduced price!
												
																		
																	
										In stock									
															
															
					 				
						

	
		Add to Wishlist
	

													
								Add to Compare
							
											
							
		
		





			
				
						
		
			Compare (0)
		
		
		
	
	
                    
	
												
	
	    			
    
    	        	                        	                        	Showing 1 - 5 of 5 items
		    
	

				
			
								
										
				
			
							
				
					
						

	Newsletter
	
		
			
				
                
                    Ok
                
				
			
		
	



	
					
				
					Facebook
				
			
							
				
					Twitter
				
			
				                	
        		
        			Youtube
        		
        	
                        	
        		
        			Google Plus
        		
        	
                	
    Follow us




	Categories
	
		
			
												

	 
		Women
	
			
												

	 
		Tops
	
			
												

	
		T-shirts
	
	

																

	
		Blouses
	
	

									
	

																

	 
		Dresses
	
			
												

	
		Casual Dresses
	
	

																

	
		Evening Dresses
	
	

																

	
		Summer Dresses
	
	

									
	

									
	

							
										
		
	 


	
	
		Information
		
							
					
						Specials
					
				
									
				
					New products
				
			
										
					
						Best sellers
					
				
										
					
						Our stores
					
				
									
				
					Contact us
				
			
															
						
							Terms and conditions of use
						
					
																
						
							About us
						
					
													
				
					Sitemap
				
			
					
		
	
		
		
			© 2014 Ecommerce software by PrestaShop™
		
	
		


	My account
	
		
			My orders
						My credit slips
			My addresses
			My personal info
						
            Sign out		
	




	
        Store information
        
                        	
            		Selenium Framework, Research Triangle Park,
North Carolina,
USA            	
                                    	
            		Call us now: 
            		(347) 466-7432
            	
                                    	
            		Email: 
            		support@seleniumframework.com
            	
                    
    



					
				
					
/html[1]'))]' not found)

2018-04-03 14:56:44 - [MESSAGE][FAILED] - Unable to click on object 'Object Repository/IBM TEST/Page_Dresses - My Store (1)/html_Dresses - My Store  var C' (Root cause: com.kms.katalon.core.webui.exception.WebElementNotFoundException: Web element with id: 'Object Repository/IBM TEST/Page_Dresses - My Store (1)/html_Dresses - My Store  var C' located by 'By.xpath: //html[(text() = concat('
		
		Dresses - My Store
		
		
		
		 
		 
		
		
			
			
			
			
			
			
			
			
			
			
			
			
			
			
			
			
			
			
			
			
			
			
			
			
			
			
			
			
			
		
var CUSTOMIZE_TEXTFIELD = 1;
var FancyboxI18nClose = ' , "'" , 'Close' , "'" , ';
var FancyboxI18nNext = ' , "'" , 'Next' , "'" , ';
var FancyboxI18nPrev = ' , "'" , 'Previous' , "'" , ';
var added_to_wishlist = ' , "'" , 'Added to your wishlist.' , "'" , ';
var ajax_allowed = true;
var ajaxsearch = true;
var baseDir = ' , "'" , 'http://automationpractice.com/' , "'" , ';
var baseUri = ' , "'" , 'http://automationpractice.com/index.php' , "'" , ';
var blocklayeredSliderName = {"price":"price","weight":"weight"};
var blocksearch_type = ' , "'" , 'top' , "'" , ';
var comparator_max_item = 3;
var comparedProductsIds = [];
var contentOnly = false;
var customizationIdMessage = ' , "'" , 'Customization #' , "'" , ';
var delete_txt = ' , "'" , 'Delete' , "'" , ';
var displayList = false;
var filters = [{"type_lite":"category","type":"category","id_key":0,"name":"Categories","values":{"9":{"name":"Casual Dresses","nbr":1,"link":"http:\/\/automationpractice.com\/index.php?id_category=8&controller=category#categories-casual_dresses","rel":"nofollow"},"10":{"name":"Evening Dresses","nbr":1,"link":"http:\/\/automationpractice.com\/index.php?id_category=8&controller=category#categories-evening_dresses","rel":"nofollow"},"11":{"name":"Summer Dresses","nbr":3,"link":"http:\/\/automationpractice.com\/index.php?id_category=8&controller=category#categories-summer_dresses","rel":"nofollow"}},"filter_show_limit":"0","filter_type":"0"},{"type_lite":"id_attribute_group","type":"id_attribute_group","id_key":1,"name":"Size","is_color_group":false,"values":{"1":{"color":"","name":"S","nbr":5,"url_name":null,"meta_title":null,"link":"http:\/\/automationpractice.com\/index.php?id_category=8&controller=category#size-s","rel":""},"2":{"color":"","name":"M","nbr":5,"url_name":null,"meta_title":null,"link":"http:\/\/automationpractice.com\/index.php?id_category=8&controller=category#size-m","rel":""},"3":{"color":"","name":"L","nbr":5,"url_name":null,"meta_title":null,"link":"http:\/\/automationpractice.com\/index.php?id_category=8&controller=category#size-l","rel":""}},"url_name":null,"meta_title":null,"filter_show_limit":"0","filter_type":"0"},{"type_lite":"id_attribute_group","type":"id_attribute_group","id_key":3,"name":"Color","is_color_group":true,"values":{"7":{"color":"#f5f5dc","name":"Beige","nbr":1,"url_name":null,"meta_title":null,"link":"http:\/\/automationpractice.com\/index.php?id_category=8&controller=category#color-beige","rel":""},"8":{"color":"#ffffff","name":"White","nbr":1,"url_name":null,"meta_title":null,"link":"http:\/\/automationpractice.com\/index.php?id_category=8&controller=category#color-white","rel":""},"11":{"color":"#434A54","name":"Black","nbr":1,"url_name":null,"meta_title":null,"link":"http:\/\/automationpractice.com\/index.php?id_category=8&controller=category#color-black","rel":""},"13":{"color":"#F39C11","name":"Orange","nbr":2,"url_name":null,"meta_title":null,"link":"http:\/\/automationpractice.com\/index.php?id_category=8&controller=category#color-orange","rel":""},"14":{"color":"#5D9CEC","name":"Blue","nbr":1,"url_name":null,"meta_title":null,"link":"http:\/\/automationpractice.com\/index.php?id_category=8&controller=category#color-blue","rel":""},"15":{"color":"#A0D468","name":"Green","nbr":1,"url_name":null,"meta_title":null,"link":"http:\/\/automationpractice.com\/index.php?id_category=8&controller=category#color-green","rel":""},"16":{"color":"#F1C40F","name":"Yellow","nbr":3,"url_name":null,"meta_title":null,"link":"http:\/\/automationpractice.com\/index.php?id_category=8&controller=category#color-yellow","rel":""},"24":{"color":"#FCCACD","name":"Pink","nbr":1,"url_name":null,"meta_title":null,"link":"http:\/\/automationpractice.com\/index.php?id_category=8&controller=category#color-pink","rel":""}},"url_name":null,"meta_title":null,"filter_show_limit":"0","filter_type":"0"},{"type_lite":"id_feature","type":"id_feature","id_key":5,"values":{"5":{"nbr":1,"name":"Cotton","url_name":null,"meta_title":null,"link":"http:\/\/automationpractice.com\/index.php?id_category=8&controller=category#compositions-cotton","rel":""},"1":{"nbr":2,"name":"Polyester","url_name":null,"meta_title":null,"link":"http:\/\/automationpractice.com\/index.php?id_category=8&controller=category#compositions-polyester","rel":""},"3":{"nbr":2,"name":"Viscose","url_name":null,"meta_title":null,"link":"http:\/\/automationpractice.com\/index.php?id_category=8&controller=category#compositions-viscose","rel":""}},"name":"Compositions","url_name":null,"meta_title":null,"filter_show_limit":"0","filter_type":"0"},{"type_lite":"id_feature","type":"id_feature","id_key":6,"values":{"11":{"nbr":1,"name":"Casual","url_name":null,"meta_title":null,"link":"http:\/\/automationpractice.com\/index.php?id_category=8&controller=category#styles-casual","rel":""},"16":{"nbr":1,"name":"Dressy","url_name":null,"meta_title":null,"link":"http:\/\/automationpractice.com\/index.php?id_category=8&controller=category#styles-dressy","rel":""},"13":{"nbr":3,"name":"Girly","url_name":null,"meta_title":null,"link":"http:\/\/automationpractice.com\/index.php?id_category=8&controller=category#styles-girly","rel":""}},"name":"Styles","url_name":null,"meta_title":null,"filter_show_limit":"0","filter_type":"0"},{"type_lite":"id_feature","type":"id_feature","id_key":7,"values":{"18":{"nbr":1,"name":"Colorful Dress","url_name":null,"meta_title":null,"link":"http:\/\/automationpractice.com\/index.php?id_category=8&controller=category#properties-colorful_dress","rel":""},"21":{"nbr":1,"name":"Maxi Dress","url_name":null,"meta_title":null,"link":"http:\/\/automationpractice.com\/index.php?id_category=8&controller=category#properties-maxi_dress","rel":""},"20":{"nbr":1,"name":"Midi Dress","url_name":null,"meta_title":null,"link":"http:\/\/automationpractice.com\/index.php?id_category=8&controller=category#properties-midi_dress","rel":""},"19":{"nbr":2,"name":"Short Dress","url_name":null,"meta_title":null,"link":"http:\/\/automationpractice.com\/index.php?id_category=8&controller=category#properties-short_dress","rel":""}},"name":"Properties","url_name":null,"meta_title":null,"filter_show_limit":"0","filter_type":"0"},{"type_lite":"quantity","type":"quantity","id_key":0,"name":"Availability","values":[{"name":"Not available","nbr":0,"link":"http:\/\/automationpractice.com\/index.php?id_category=8&controller=category#availability-not_available","rel":"nofollow"},{"name":"In stock","nbr":5,"link":"http:\/\/automationpractice.com\/index.php?id_category=8&controller=category#availability-in_stock","rel":"nofollow"}],"filter_show_limit":"0","filter_type":"0"},{"type_lite":"manufacturer","type":"manufacturer","id_key":0,"name":"Manufacturer","values":{"1":{"name":"Fashion Manufacturer","nbr":"5","link":"http:\/\/automationpractice.com\/index.php?id_category=8&controller=category#manufacturer-fashion_manufacturer","rel":"nofollow"}},"filter_show_limit":"0","filter_type":"0"},{"type_lite":"condition","type":"condition","id_key":0,"name":"Condition","values":{"new":{"name":"New","nbr":5,"link":"http:\/\/automationpractice.com\/index.php?id_category=8&controller=category#condition-new","rel":"nofollow"},"used":{"name":"Used","nbr":0,"link":"http:\/\/automationpractice.com\/index.php?id_category=8&controller=category#condition-used","rel":"nofollow"},"refurbished":{"name":"Refurbished","nbr":0,"link":"http:\/\/automationpractice.com\/index.php?id_category=8&controller=category#condition-refurbished","rel":"nofollow"}},"filter_show_limit":"0","filter_type":"0"},{"type_lite":"price","type":"price","id_key":0,"name":"Price","slider":true,"max":"53","min":"16","values":{"1":"53","0":"16"},"unit":"$","format":"1","filter_show_limit":"0","filter_type":"0"}];
var freeProductTranslation = ' , "'" , 'Free!' , "'" , ';
var freeShippingTranslation = ' , "'" , 'Free shipping!' , "'" , ';
var generated_date = 1522248415;
var id_lang = 1;
var img_dir = ' , "'" , 'http://automationpractice.com/themes/default-bootstrap/img/' , "'" , ';
var instantsearch = false;
var isGuest = 0;
var isLogged = 1;
var loggin_required = ' , "'" , 'You must be logged in to manage your wishlist.' , "'" , ';
var max_item = ' , "'" , 'You cannot add more than 3 product(s) to the product comparison' , "'" , ';
var min_item = ' , "'" , 'Please select at least one product' , "'" , ';
var mywishlist_url = ' , "'" , 'http://automationpractice.com/index.php?fc=module&module=blockwishlist&controller=mywishlist' , "'" , ';
var page_name = ' , "'" , 'category' , "'" , ';
var param_product_url = ' , "'" , '#' , "'" , ';
var placeholder_blocknewsletter = ' , "'" , 'Enter your e-mail' , "'" , ';
var priceDisplayMethod = 1;
var priceDisplayPrecision = 2;
var quickView = true;
var removingLinkText = ' , "'" , 'remove this product from my cart' , "'" , ';
var request = ' , "'" , 'http://automationpractice.com/index.php?id_category=8&controller=category' , "'" , ';
var roundMode = 2;
var search_url = ' , "'" , 'http://automationpractice.com/index.php?controller=search' , "'" , ';
var static_token = ' , "'" , 'b842f4a42956685333000db0ab174863' , "'" , ';
var token = ' , "'" , 'f0d7e4320d9dcd64ff64d5b43bc0abed' , "'" , ';
var usingSecureMode = false;
var wishlistProductsIds = false;


		
		
		
		
		
		
		
		
		
		
		
		
		
		
		
		
		
		
		
		
		
		
		
		
		
		
		
		
			
		
		
	.fancybox-margin{margin-right:17px;}#katalon{font-family:monospace;font-size:13px;background-color:rgba(0,0,0,.7);position:fixed;top:0;left:0;right:0;display:block;z-index:999999999;line-height: normal} #katalon div{padding:0;margin:0;color:#fff;} #katalon kbd{display:inline-block;padding:3px 5px;font:13px Consolas,"Liberation Mono",Menlo,Courier,monospace;line-height:10px;color:#555;vertical-align:middle;background-color:#fcfcfc;border:1px solid #ccc;border-bottom-color:#bbb;border-radius:3px;box-shadow:inset 0 -1px 0 #bbb;font-weight: bold} div#katalon-elementInfoDiv {color: lightblue; padding: 5px}
	
					
			
				
					
						
							
								
	


							
						
					
					
						
							
								
	
		Chapel Kabir
	

			
			Sign out
		
	




	Contact us

	
		Call us now: 0123-456-789
	

							
						
					
					
						
							
								
									
										
									
								
								

	
		
		
		
		
		
			Search
		
	



	
		
			Cart
			0
			Product
			Products
			
							
			(empty)
					
					
				
					
					
												
							No products
						
												
							
								
																			Free shipping!
																	
								
									Shipping
								
							
																					
								$0.00
								Total
							
													
						
							
								
									Check out
								
							
						
					
				
			
			


	
		
			
				
				
					Product successfully added to your shopping cart
				
				
				
				
					
					
					
						Quantity
						
					
					
						Total
						
					
				
			
			
				
					
					
						There are 0 items in your cart.
					
					
					
						There is 1 item in your cart.
					
				
	
				
					
						Total products
											
					
											
				
	
								
					
						Total shipping 					
					
													Free shipping!
											
				
									
					
						Total
											
					
											
				
					
					
						
							Continue shopping
						
					
					
						
							Proceed to checkout
						
						
				
			
		
		
	 
	

	
	
		Categories
		
			WomenTopsT-shirtsBlousesDressesCasual DressesEvening DressesSummer DressesDressesCasual DressesEvening DressesSummer DressesT-shirts
					
	
	
							
						
					
				
			
			
				
											


	
			>
					Women>Dresses
			

										
						
					
					
												

	
					Dresses
			
	
		
												

	
		Casual Dresses
	
	

																

	
		Evening Dresses
	
	

																

	
		Summer Dresses
	
	

									
	





	Catalog
	
		
			
																										
						                        
                            Categories
                            
						
						
																																												
																							 
																						
																								Casual Dresses (1)
																							
										
																																							
																							 
																						
																								Evening Dresses (1)
																							
										
																																							
																							 
																						
																								Summer Dresses (3)
																							
										
																																															
					
																											
						                        
                            Size
                            
						
						
																																												
																							 
																						
																								S (5)
																							
										
																																							
																							 
																						
																								M (5)
																							
										
																																							
																							 
																						
																								L (5)
																							
										
																																															
					
																											
						                        
                            Color
                            
						
						
																																												
																							
																																		
																								Beige (1)
																							
										
																																							
																							
																																		
																								White (1)
																							
										
																																							
																							
																																		
																								Black (1)
																							
										
																																							
																							
																																		
																								Orange (2)
																							
										
																																							
																							
																																		
																								Blue (1)
																							
										
																																							
																							
																																		
																								Green (1)
																							
										
																																							
																							
																																		
																								Yellow (3)
																							
										
																																							
																							
																																		
																								Pink (1)
																							
										
																																															
					
																											
						                        
                            Compositions
                            
						
						
																																												
																							 
																						
																								Cotton (1)
																							
										
																																							
																							 
																						
																								Polyester (2)
																							
										
																																							
																							 
																						
																								Viscose (2)
																							
										
																																															
					
																											
						                        
                            Styles
                            
						
						
																																												
																							 
																						
																								Casual (1)
																							
										
																																							
																							 
																						
																								Dressy (1)
																							
										
																																							
																							 
																						
																								Girly (3)
																							
										
																																															
					
																											
						                        
                            Properties
                            
						
						
																																												
																							 
																						
																								Colorful Dress (1)
																							
										
																																							
																							 
																						
																								Maxi Dress (1)
																							
										
																																							
																							 
																						
																								Midi Dress (1)
																							
										
																																							
																							 
																						
																								Short Dress (2)
																							
										
																																															
					
																											
						                        
                            Availability
                            
						
						
																																																															
																							 
																						
																								In stock (5)
																							
										
																																															
					
																											
						                        
                            Manufacturer
                            
						
						
																																												
																							 
																						
																								Fashion Manufacturer (5)
																							
										
																																															
					
																											
						                        
                            Condition
                            
						
						
																																												
																							 
																						
																								New (5)
																							
										
																																																																																					
					
																											
						                        
                            Price
                            
						
						
																								
										Range:
									 
									$16.00 - $53.00
									
										
									
																												
					
												
			
																																																																																																																																																																												
	
	
		
			
			Loading...
		
	


	
			
			
				
					Information				
			
			
				
																							
								
									Delivery
								
							
																								
								
									Legal Notice
								
							
																								
								
									Terms and conditions of use
								
							
																								
								
									About us
								
							
																								
								
									Secure payment
								
							
																						
							
								Our stores
							
						
									
			
		
		


	
        
            Specials
        
    
	
    		
        	
            	
                    
                
                
                	
                        
                            Printed Chiffon Dress
                        
                    
                                        	
                            Printed chiffon knee length dress...
                        
                                        
                    	                        	
                                $16.40
                                                            
                                                                                                                                 -20%
                                                                                         
                                $20.50
                                                            
                                            
                
            
		
		
			
                All specials
            
		
    	



	
		
			Our stores
		
	
	
		
			
				
			
		
				
			
				Discover our stores
			
		
	



																		
	

	    				
            	                     
                    
                                                    
                            
                                Dresses                            
                                                            Find your favorites dresses from our wide choice of evening, casual or summer dresses!
We offer dresses for every day, every style and every occasion.
                                                        
                                             
                              
				Dresses There are 5 products.

		        		
		
			Subcategories
			
							
                	
						
													
											
                   	
					Casual Dresses
											You are looking for a dress for every day? Take a look at
our selection of dresses to find one that suits you.
									
							
                	
						
													
											
                   	
					Evening Dresses
											Browse our different dresses to choose the perfect dress for an unforgettable evening!
									
							
                	
						
													
											
                   	
					Summer Dresses
											Short dress, long dress, silk dress, printed dress, you will find the perfect dress for summer.
									
						
		
        							
            	
            		
	View
    Grid
    List



	
		Sort by
		--
			--
							Price: Lowest first
				Price: Highest first
						Product Name: A to Z
			Product Name: Z to A
							In stock
						Reference: Lowest first
			Reference: Highest first
		
	


			
	
                								
		

				
                
                		
		
			Compare (0)
		
		
		
	
			
		
		
		
	
					
	
												
	
	    			
    
    	        	                        	                        	Showing 1 - 5 of 5 items
		    
	

                
			
				
									
		
	
	
	
			
		
		
								
			
				
					
						
							
						
													
							
								
							
						
						
							Quick view
						
																			
																	
										$26.00									
									
																		
									
															
																							
					
					
				
				
					
												
							Printed Dress
						
					
					
					
						100% cotton double printed dress. Black and white striped top and orange high waisted skater skirt bottom.
					
										
													
								$26.00							
							
														
							
											
										
																														
										Add to cart
									
																											
							More
						
					
											
					
			
							
		
	
										
																														
																		
																	
										In stock									
															
															
					 				
						

	
		Add to Wishlist
	

													
								Add to Compare
							
											
							
		
			
		
		
								
			
				
					
						
							
						
													
							
								
							
						
						
							Quick view
						
																			
																	
										$50.99									
									
																		
									
															
																							
					
					
				
				
					
												
							Printed Dress
						
					
					
					
						Printed evening dress with straight sleeves with black thin waist belt and ruffled linings.
					
										
													
								$50.99							
							
														
							
											
										
																														
										Add to cart
									
																											
							More
						
					
											
					
			
							
		
					
			
							
		
	
										
																														
																		
																	
										In stock									
															
															
					 				
						

	
		Add to Wishlist
	

													
								Add to Compare
							
											
							
		
			
		
		
								
			
				
					
						
							
						
													
							
								
							
						
						
							Quick view
						
																			
																	
										$28.98									
									
																			
										
											$30.51
										
																					-5%
																												
									
															
																							
					
					
				
				
					
												
							Printed Summer Dress
						
					
					
					
						Long printed dress with thin adjustable straps. V-neckline and wiring under the bust with ruffles at the bottom of the dress.
					
										
													
								$28.98							
							
															
								
									$30.51
								
								
																	-5%
																						
							
											
										
																														
										Add to cart
									
																											
							More
						
					
											
					
			
							
		
					
			
							
		
					
			
							
		
					
			
							
		
	
										
																																	Reduced price!
												
																		
																	
										In stock									
															
															
					 				
						

	
		Add to Wishlist
	

													
								Add to Compare
							
											
							
		
			
		
		
								
			
				
					
						
							
						
													
							
								
							
						
						
							Quick view
						
																			
																	
										$30.50									
									
																		
									
															
																							
					
					
				
				
					
												
							Printed Summer Dress
						
					
					
					
						Sleeveless knee-length chiffon dress. V-neckline with elastic under the bust lining.
					
										
													
								$30.50							
							
														
							
											
										
																														
										Add to cart
									
																											
							More
						
					
											
					
			
							
		
					
			
							
		
	
										
																														
																		
																	
										In stock									
															
															
					 				
						

	
		Add to Wishlist
	

													
								Add to Compare
							
											
							
		
			
		
		
								
			
				
					
						
							
						
													
							
								
							
						
						
							Quick view
						
																			
																	
										$16.40									
									
																			
										
											$20.50
										
																					-20%
																												
									
															
																							
					
					
				
				
					
												
							Printed Chiffon Dress
						
					
					
					
						Printed chiffon knee length dress with tank straps. Deep v-neckline.
					
										
													
								$16.40							
							
															
								
									$20.50
								
								
																	-20%
																						
							
											
										
																														
										Add to cart
									
																											
							More
						
					
											
					
			
							
		
					
			
							
		
	
										
																																	Reduced price!
												
																		
																	
										In stock									
															
															
					 				
						

	
		Add to Wishlist
	

													
								Add to Compare
							
											
							
		
		





			
				
						
		
			Compare (0)
		
		
		
	
	
                    
	
												
	
	    			
    
    	        	                        	                        	Showing 1 - 5 of 5 items
		    
	

				
			
								
										
				
			
							
				
					
						

	Newsletter
	
		
			
				
                
                    Ok
                
				
			
		
	



	
					
				
					Facebook
				
			
							
				
					Twitter
				
			
				                	
        		
        			Youtube
        		
        	
                        	
        		
        			Google Plus
        		
        	
                	
    Follow us




	Categories
	
		
			
												

	 
		Women
	
			
												

	 
		Tops
	
			
												

	
		T-shirts
	
	

																

	
		Blouses
	
	

									
	

																

	 
		Dresses
	
			
												

	
		Casual Dresses
	
	

																

	
		Evening Dresses
	
	

																

	
		Summer Dresses
	
	

									
	

									
	

							
										
		
	 


	
	
		Information
		
							
					
						Specials
					
				
									
				
					New products
				
			
										
					
						Best sellers
					
				
										
					
						Our stores
					
				
									
				
					Contact us
				
			
															
						
							Terms and conditions of use
						
					
																
						
							About us
						
					
													
				
					Sitemap
				
			
					
		
	
		
		
			© 2014 Ecommerce software by PrestaShop™
		
	
		


	My account
	
		
			My orders
						My credit slips
			My addresses
			My personal info
						
            Sign out		
	




	
        Store information
        
                        	
            		Selenium Framework, Research Triangle Park,
North Carolina,
USA            	
                                    	
            		Call us now: 
            		(347) 466-7432
            	
                                    	
            		Email: 
            		support@seleniumframework.com
            	
                    
    



					
				
					
/html[1]') or . = concat('
		
		Dresses - My Store
		
		
		
		 
		 
		
		
			
			
			
			
			
			
			
			
			
			
			
			
			
			
			
			
			
			
			
			
			
			
			
			
			
			
			
			
			
		
var CUSTOMIZE_TEXTFIELD = 1;
var FancyboxI18nClose = ' , "'" , 'Close' , "'" , ';
var FancyboxI18nNext = ' , "'" , 'Next' , "'" , ';
var FancyboxI18nPrev = ' , "'" , 'Previous' , "'" , ';
var added_to_wishlist = ' , "'" , 'Added to your wishlist.' , "'" , ';
var ajax_allowed = true;
var ajaxsearch = true;
var baseDir = ' , "'" , 'http://automationpractice.com/' , "'" , ';
var baseUri = ' , "'" , 'http://automationpractice.com/index.php' , "'" , ';
var blocklayeredSliderName = {"price":"price","weight":"weight"};
var blocksearch_type = ' , "'" , 'top' , "'" , ';
var comparator_max_item = 3;
var comparedProductsIds = [];
var contentOnly = false;
var customizationIdMessage = ' , "'" , 'Customization #' , "'" , ';
var delete_txt = ' , "'" , 'Delete' , "'" , ';
var displayList = false;
var filters = [{"type_lite":"category","type":"category","id_key":0,"name":"Categories","values":{"9":{"name":"Casual Dresses","nbr":1,"link":"http:\/\/automationpractice.com\/index.php?id_category=8&controller=category#categories-casual_dresses","rel":"nofollow"},"10":{"name":"Evening Dresses","nbr":1,"link":"http:\/\/automationpractice.com\/index.php?id_category=8&controller=category#categories-evening_dresses","rel":"nofollow"},"11":{"name":"Summer Dresses","nbr":3,"link":"http:\/\/automationpractice.com\/index.php?id_category=8&controller=category#categories-summer_dresses","rel":"nofollow"}},"filter_show_limit":"0","filter_type":"0"},{"type_lite":"id_attribute_group","type":"id_attribute_group","id_key":1,"name":"Size","is_color_group":false,"values":{"1":{"color":"","name":"S","nbr":5,"url_name":null,"meta_title":null,"link":"http:\/\/automationpractice.com\/index.php?id_category=8&controller=category#size-s","rel":""},"2":{"color":"","name":"M","nbr":5,"url_name":null,"meta_title":null,"link":"http:\/\/automationpractice.com\/index.php?id_category=8&controller=category#size-m","rel":""},"3":{"color":"","name":"L","nbr":5,"url_name":null,"meta_title":null,"link":"http:\/\/automationpractice.com\/index.php?id_category=8&controller=category#size-l","rel":""}},"url_name":null,"meta_title":null,"filter_show_limit":"0","filter_type":"0"},{"type_lite":"id_attribute_group","type":"id_attribute_group","id_key":3,"name":"Color","is_color_group":true,"values":{"7":{"color":"#f5f5dc","name":"Beige","nbr":1,"url_name":null,"meta_title":null,"link":"http:\/\/automationpractice.com\/index.php?id_category=8&controller=category#color-beige","rel":""},"8":{"color":"#ffffff","name":"White","nbr":1,"url_name":null,"meta_title":null,"link":"http:\/\/automationpractice.com\/index.php?id_category=8&controller=category#color-white","rel":""},"11":{"color":"#434A54","name":"Black","nbr":1,"url_name":null,"meta_title":null,"link":"http:\/\/automationpractice.com\/index.php?id_category=8&controller=category#color-black","rel":""},"13":{"color":"#F39C11","name":"Orange","nbr":2,"url_name":null,"meta_title":null,"link":"http:\/\/automationpractice.com\/index.php?id_category=8&controller=category#color-orange","rel":""},"14":{"color":"#5D9CEC","name":"Blue","nbr":1,"url_name":null,"meta_title":null,"link":"http:\/\/automationpractice.com\/index.php?id_category=8&controller=category#color-blue","rel":""},"15":{"color":"#A0D468","name":"Green","nbr":1,"url_name":null,"meta_title":null,"link":"http:\/\/automationpractice.com\/index.php?id_category=8&controller=category#color-green","rel":""},"16":{"color":"#F1C40F","name":"Yellow","nbr":3,"url_name":null,"meta_title":null,"link":"http:\/\/automationpractice.com\/index.php?id_category=8&controller=category#color-yellow","rel":""},"24":{"color":"#FCCACD","name":"Pink","nbr":1,"url_name":null,"meta_title":null,"link":"http:\/\/automationpractice.com\/index.php?id_category=8&controller=category#color-pink","rel":""}},"url_name":null,"meta_title":null,"filter_show_limit":"0","filter_type":"0"},{"type_lite":"id_feature","type":"id_feature","id_key":5,"values":{"5":{"nbr":1,"name":"Cotton","url_name":null,"meta_title":null,"link":"http:\/\/automationpractice.com\/index.php?id_category=8&controller=category#compositions-cotton","rel":""},"1":{"nbr":2,"name":"Polyester","url_name":null,"meta_title":null,"link":"http:\/\/automationpractice.com\/index.php?id_category=8&controller=category#compositions-polyester","rel":""},"3":{"nbr":2,"name":"Viscose","url_name":null,"meta_title":null,"link":"http:\/\/automationpractice.com\/index.php?id_category=8&controller=category#compositions-viscose","rel":""}},"name":"Compositions","url_name":null,"meta_title":null,"filter_show_limit":"0","filter_type":"0"},{"type_lite":"id_feature","type":"id_feature","id_key":6,"values":{"11":{"nbr":1,"name":"Casual","url_name":null,"meta_title":null,"link":"http:\/\/automationpractice.com\/index.php?id_category=8&controller=category#styles-casual","rel":""},"16":{"nbr":1,"name":"Dressy","url_name":null,"meta_title":null,"link":"http:\/\/automationpractice.com\/index.php?id_category=8&controller=category#styles-dressy","rel":""},"13":{"nbr":3,"name":"Girly","url_name":null,"meta_title":null,"link":"http:\/\/automationpractice.com\/index.php?id_category=8&controller=category#styles-girly","rel":""}},"name":"Styles","url_name":null,"meta_title":null,"filter_show_limit":"0","filter_type":"0"},{"type_lite":"id_feature","type":"id_feature","id_key":7,"values":{"18":{"nbr":1,"name":"Colorful Dress","url_name":null,"meta_title":null,"link":"http:\/\/automationpractice.com\/index.php?id_category=8&controller=category#properties-colorful_dress","rel":""},"21":{"nbr":1,"name":"Maxi Dress","url_name":null,"meta_title":null,"link":"http:\/\/automationpractice.com\/index.php?id_category=8&controller=category#properties-maxi_dress","rel":""},"20":{"nbr":1,"name":"Midi Dress","url_name":null,"meta_title":null,"link":"http:\/\/automationpractice.com\/index.php?id_category=8&controller=category#properties-midi_dress","rel":""},"19":{"nbr":2,"name":"Short Dress","url_name":null,"meta_title":null,"link":"http:\/\/automationpractice.com\/index.php?id_category=8&controller=category#properties-short_dress","rel":""}},"name":"Properties","url_name":null,"meta_title":null,"filter_show_limit":"0","filter_type":"0"},{"type_lite":"quantity","type":"quantity","id_key":0,"name":"Availability","values":[{"name":"Not available","nbr":0,"link":"http:\/\/automationpractice.com\/index.php?id_category=8&controller=category#availability-not_available","rel":"nofollow"},{"name":"In stock","nbr":5,"link":"http:\/\/automationpractice.com\/index.php?id_category=8&controller=category#availability-in_stock","rel":"nofollow"}],"filter_show_limit":"0","filter_type":"0"},{"type_lite":"manufacturer","type":"manufacturer","id_key":0,"name":"Manufacturer","values":{"1":{"name":"Fashion Manufacturer","nbr":"5","link":"http:\/\/automationpractice.com\/index.php?id_category=8&controller=category#manufacturer-fashion_manufacturer","rel":"nofollow"}},"filter_show_limit":"0","filter_type":"0"},{"type_lite":"condition","type":"condition","id_key":0,"name":"Condition","values":{"new":{"name":"New","nbr":5,"link":"http:\/\/automationpractice.com\/index.php?id_category=8&controller=category#condition-new","rel":"nofollow"},"used":{"name":"Used","nbr":0,"link":"http:\/\/automationpractice.com\/index.php?id_category=8&controller=category#condition-used","rel":"nofollow"},"refurbished":{"name":"Refurbished","nbr":0,"link":"http:\/\/automationpractice.com\/index.php?id_category=8&controller=category#condition-refurbished","rel":"nofollow"}},"filter_show_limit":"0","filter_type":"0"},{"type_lite":"price","type":"price","id_key":0,"name":"Price","slider":true,"max":"53","min":"16","values":{"1":"53","0":"16"},"unit":"$","format":"1","filter_show_limit":"0","filter_type":"0"}];
var freeProductTranslation = ' , "'" , 'Free!' , "'" , ';
var freeShippingTranslation = ' , "'" , 'Free shipping!' , "'" , ';
var generated_date = 1522248415;
var id_lang = 1;
var img_dir = ' , "'" , 'http://automationpractice.com/themes/default-bootstrap/img/' , "'" , ';
var instantsearch = false;
var isGuest = 0;
var isLogged = 1;
var loggin_required = ' , "'" , 'You must be logged in to manage your wishlist.' , "'" , ';
var max_item = ' , "'" , 'You cannot add more than 3 product(s) to the product comparison' , "'" , ';
var min_item = ' , "'" , 'Please select at least one product' , "'" , ';
var mywishlist_url = ' , "'" , 'http://automationpractice.com/index.php?fc=module&module=blockwishlist&controller=mywishlist' , "'" , ';
var page_name = ' , "'" , 'category' , "'" , ';
var param_product_url = ' , "'" , '#' , "'" , ';
var placeholder_blocknewsletter = ' , "'" , 'Enter your e-mail' , "'" , ';
var priceDisplayMethod = 1;
var priceDisplayPrecision = 2;
var quickView = true;
var removingLinkText = ' , "'" , 'remove this product from my cart' , "'" , ';
var request = ' , "'" , 'http://automationpractice.com/index.php?id_category=8&controller=category' , "'" , ';
var roundMode = 2;
var search_url = ' , "'" , 'http://automationpractice.com/index.php?controller=search' , "'" , ';
var static_token = ' , "'" , 'b842f4a42956685333000db0ab174863' , "'" , ';
var token = ' , "'" , 'f0d7e4320d9dcd64ff64d5b43bc0abed' , "'" , ';
var usingSecureMode = false;
var wishlistProductsIds = false;


		
		
		
		
		
		
		
		
		
		
		
		
		
		
		
		
		
		
		
		
		
		
		
		
		
		
		
		
			
		
		
	.fancybox-margin{margin-right:17px;}#katalon{font-family:monospace;font-size:13px;background-color:rgba(0,0,0,.7);position:fixed;top:0;left:0;right:0;display:block;z-index:999999999;line-height: normal} #katalon div{padding:0;margin:0;color:#fff;} #katalon kbd{display:inline-block;padding:3px 5px;font:13px Consolas,"Liberation Mono",Menlo,Courier,monospace;line-height:10px;color:#555;vertical-align:middle;background-color:#fcfcfc;border:1px solid #ccc;border-bottom-color:#bbb;border-radius:3px;box-shadow:inset 0 -1px 0 #bbb;font-weight: bold} div#katalon-elementInfoDiv {color: lightblue; padding: 5px}
	
					
			
				
					
						
							
								
	


							
						
					
					
						
							
								
	
		Chapel Kabir
	

			
			Sign out
		
	




	Contact us

	
		Call us now: 0123-456-789
	

							
						
					
					
						
							
								
									
										
									
								
								

	
		
		
		
		
		
			Search
		
	



	
		
			Cart
			0
			Product
			Products
			
							
			(empty)
					
					
				
					
					
												
							No products
						
												
							
								
																			Free shipping!
																	
								
									Shipping
								
							
																					
								$0.00
								Total
							
													
						
							
								
									Check out
								
							
						
					
				
			
			


	
		
			
				
				
					Product successfully added to your shopping cart
				
				
				
				
					
					
					
						Quantity
						
					
					
						Total
						
					
				
			
			
				
					
					
						There are 0 items in your cart.
					
					
					
						There is 1 item in your cart.
					
				
	
				
					
						Total products
											
					
											
				
	
								
					
						Total shipping 					
					
													Free shipping!
											
				
									
					
						Total
											
					
											
				
					
					
						
							Continue shopping
						
					
					
						
							Proceed to checkout
						
						
				
			
		
		
	 
	

	
	
		Categories
		
			WomenTopsT-shirtsBlousesDressesCasual DressesEvening DressesSummer DressesDressesCasual DressesEvening DressesSummer DressesT-shirts
					
	
	
							
						
					
				
			
			
				
											


	
			>
					Women>Dresses
			

										
						
					
					
												

	
					Dresses
			
	
		
												

	
		Casual Dresses
	
	

																

	
		Evening Dresses
	
	

																

	
		Summer Dresses
	
	

									
	





	Catalog
	
		
			
																										
						                        
                            Categories
                            
						
						
																																												
																							 
																						
																								Casual Dresses (1)
																							
										
																																							
																							 
																						
																								Evening Dresses (1)
																							
										
																																							
																							 
																						
																								Summer Dresses (3)
																							
										
																																															
					
																											
						                        
                            Size
                            
						
						
																																												
																							 
																						
																								S (5)
																							
										
																																							
																							 
																						
																								M (5)
																							
										
																																							
																							 
																						
																								L (5)
																							
										
																																															
					
																											
						                        
                            Color
                            
						
						
																																												
																							
																																		
																								Beige (1)
																							
										
																																							
																							
																																		
																								White (1)
																							
										
																																							
																							
																																		
																								Black (1)
																							
										
																																							
																							
																																		
																								Orange (2)
																							
										
																																							
																							
																																		
																								Blue (1)
																							
										
																																							
																							
																																		
																								Green (1)
																							
										
																																							
																							
																																		
																								Yellow (3)
																							
										
																																							
																							
																																		
																								Pink (1)
																							
										
																																															
					
																											
						                        
                            Compositions
                            
						
						
																																												
																							 
																						
																								Cotton (1)
																							
										
																																							
																							 
																						
																								Polyester (2)
																							
										
																																							
																							 
																						
																								Viscose (2)
																							
										
																																															
					
																											
						                        
                            Styles
                            
						
						
																																												
																							 
																						
																								Casual (1)
																							
										
																																							
																							 
																						
																								Dressy (1)
																							
										
																																							
																							 
																						
																								Girly (3)
																							
										
																																															
					
																											
						                        
                            Properties
                            
						
						
																																												
																							 
																						
																								Colorful Dress (1)
																							
										
																																							
																							 
																						
																								Maxi Dress (1)
																							
										
																																							
																							 
																						
																								Midi Dress (1)
																							
										
																																							
																							 
																						
																								Short Dress (2)
																							
										
																																															
					
																											
						                        
                            Availability
                            
						
						
																																																															
																							 
																						
																								In stock (5)
																							
										
																																															
					
																											
						                        
                            Manufacturer
                            
						
						
																																												
																							 
																						
																								Fashion Manufacturer (5)
																							
										
																																															
					
																											
						                        
                            Condition
                            
						
						
																																												
																							 
																						
																								New (5)
																							
										
																																																																																					
					
																											
						                        
                            Price
                            
						
						
																								
										Range:
									 
									$16.00 - $53.00
									
										
									
																												
					
												
			
																																																																																																																																																																												
	
	
		
			
			Loading...
		
	


	
			
			
				
					Information				
			
			
				
																							
								
									Delivery
								
							
																								
								
									Legal Notice
								
							
																								
								
									Terms and conditions of use
								
							
																								
								
									About us
								
							
																								
								
									Secure payment
								
							
																						
							
								Our stores
							
						
									
			
		
		


	
        
            Specials
        
    
	
    		
        	
            	
                    
                
                
                	
                        
                            Printed Chiffon Dress
                        
                    
                                        	
                            Printed chiffon knee length dress...
                        
                                        
                    	                        	
                                $16.40
                                                            
                                                                                                                                 -20%
                                                                                         
                                $20.50
                                                            
                                            
                
            
		
		
			
                All specials
            
		
    	



	
		
			Our stores
		
	
	
		
			
				
			
		
				
			
				Discover our stores
			
		
	



																		
	

	    				
            	                     
                    
                                                    
                            
                                Dresses                            
                                                            Find your favorites dresses from our wide choice of evening, casual or summer dresses!
We offer dresses for every day, every style and every occasion.
                                                        
                                             
                              
				Dresses There are 5 products.

		        		
		
			Subcategories
			
							
                	
						
													
											
                   	
					Casual Dresses
											You are looking for a dress for every day? Take a look at
our selection of dresses to find one that suits you.
									
							
                	
						
													
											
                   	
					Evening Dresses
											Browse our different dresses to choose the perfect dress for an unforgettable evening!
									
							
                	
						
													
											
                   	
					Summer Dresses
											Short dress, long dress, silk dress, printed dress, you will find the perfect dress for summer.
									
						
		
        							
            	
            		
	View
    Grid
    List



	
		Sort by
		--
			--
							Price: Lowest first
				Price: Highest first
						Product Name: A to Z
			Product Name: Z to A
							In stock
						Reference: Lowest first
			Reference: Highest first
		
	


			
	
                								
		

				
                
                		
		
			Compare (0)
		
		
		
	
			
		
		
		
	
					
	
												
	
	    			
    
    	        	                        	                        	Showing 1 - 5 of 5 items
		    
	

                
			
				
									
		
	
	
	
			
		
		
								
			
				
					
						
							
						
													
							
								
							
						
						
							Quick view
						
																			
																	
										$26.00									
									
																		
									
															
																							
					
					
				
				
					
												
							Printed Dress
						
					
					
					
						100% cotton double printed dress. Black and white striped top and orange high waisted skater skirt bottom.
					
										
													
								$26.00							
							
														
							
											
										
																														
										Add to cart
									
																											
							More
						
					
											
					
			
							
		
	
										
																														
																		
																	
										In stock									
															
															
					 				
						

	
		Add to Wishlist
	

													
								Add to Compare
							
											
							
		
			
		
		
								
			
				
					
						
							
						
													
							
								
							
						
						
							Quick view
						
																			
																	
										$50.99									
									
																		
									
															
																							
					
					
				
				
					
												
							Printed Dress
						
					
					
					
						Printed evening dress with straight sleeves with black thin waist belt and ruffled linings.
					
										
													
								$50.99							
							
														
							
											
										
																														
										Add to cart
									
																											
							More
						
					
											
					
			
							
		
					
			
							
		
	
										
																														
																		
																	
										In stock									
															
															
					 				
						

	
		Add to Wishlist
	

													
								Add to Compare
							
											
							
		
			
		
		
								
			
				
					
						
							
						
													
							
								
							
						
						
							Quick view
						
																			
																	
										$28.98									
									
																			
										
											$30.51
										
																					-5%
																												
									
															
																							
					
					
				
				
					
												
							Printed Summer Dress
						
					
					
					
						Long printed dress with thin adjustable straps. V-neckline and wiring under the bust with ruffles at the bottom of the dress.
					
										
													
								$28.98							
							
															
								
									$30.51
								
								
																	-5%
																						
							
											
										
																														
										Add to cart
									
																											
							More
						
					
											
					
			
							
		
					
			
							
		
					
			
							
		
					
			
							
		
	
										
																																	Reduced price!
												
																		
																	
										In stock									
															
															
					 				
						

	
		Add to Wishlist
	

													
								Add to Compare
							
											
							
		
			
		
		
								
			
				
					
						
							
						
													
							
								
							
						
						
							Quick view
						
																			
																	
										$30.50									
									
																		
									
															
																							
					
					
				
				
					
												
							Printed Summer Dress
						
					
					
					
						Sleeveless knee-length chiffon dress. V-neckline with elastic under the bust lining.
					
										
													
								$30.50							
							
														
							
											
										
																														
										Add to cart
									
																											
							More
						
					
											
					
			
							
		
					
			
							
		
	
										
																														
																		
																	
										In stock									
															
															
					 				
						

	
		Add to Wishlist
	

													
								Add to Compare
							
											
							
		
			
		
		
								
			
				
					
						
							
						
													
							
								
							
						
						
							Quick view
						
																			
																	
										$16.40									
									
																			
										
											$20.50
										
																					-20%
																												
									
															
																							
					
					
				
				
					
												
							Printed Chiffon Dress
						
					
					
					
						Printed chiffon knee length dress with tank straps. Deep v-neckline.
					
										
													
								$16.40							
							
															
								
									$20.50
								
								
																	-20%
																						
							
											
										
																														
										Add to cart
									
																											
							More
						
					
											
					
			
							
		
					
			
							
		
	
										
																																	Reduced price!
												
																		
																	
										In stock									
															
															
					 				
						

	
		Add to Wishlist
	

													
								Add to Compare
							
											
							
		
		





			
				
						
		
			Compare (0)
		
		
		
	
	
                    
	
												
	
	    			
    
    	        	                        	                        	Showing 1 - 5 of 5 items
		    
	

				
			
								
										
				
			
							
				
					
						

	Newsletter
	
		
			
				
                
                    Ok
                
				
			
		
	



	
					
				
					Facebook
				
			
							
				
					Twitter
				
			
				                	
        		
        			Youtube
        		
        	
                        	
        		
        			Google Plus
        		
        	
                	
    Follow us




	Categories
	
		
			
												

	 
		Women
	
			
												

	 
		Tops
	
			
												

	
		T-shirts
	
	

																

	
		Blouses
	
	

									
	

																

	 
		Dresses
	
			
												

	
		Casual Dresses
	
	

																

	
		Evening Dresses
	
	

																

	
		Summer Dresses
	
	

									
	

									
	

							
										
		
	 


	
	
		Information
		
							
					
						Specials
					
				
									
				
					New products
				
			
										
					
						Best sellers
					
				
										
					
						Our stores
					
				
									
				
					Contact us
				
			
															
						
							Terms and conditions of use
						
					
																
						
							About us
						
					
													
				
					Sitemap
				
			
					
		
	
		
		
			© 2014 Ecommerce software by PrestaShop™
		
	
		


	My account
	
		
			My orders
						My credit slips
			My addresses
			My personal info
						
            Sign out		
	




	
        Store information
        
                        	
            		Selenium Framework, Research Triangle Park,
North Carolina,
USA            	
                                    	
            		Call us now: 
            		(347) 466-7432
            	
                                    	
            		Email: 
            		support@seleniumframework.com
            	
                    
    



					
				
					
/html[1]'))]' not found)
[[ATTACHMENT|C:\\Users\\mkabir\\Katalon Studio\\Automation Practice 1\\Reports\\Testing via Firefox\\20180403_145450\\1522763799758.png]]

2018-04-03 14:56:45 - [TEST_STEP][PASSED] - click: Object: 'Object Repository/IBM TEST/Page_Dresses - My Store (1)/img_replace-2x img-responsive' is clicked on

2018-04-03 14:56:56 - [MESSAGE][PASSED] - Object: 'Object Repository/IBM TEST/Page_Dresses - My Store (1)/img_replace-2x img-responsive' is clicked on

2018-04-03 14:56:56 - [TEST_STEP][PASSED] - click: Object: 'Object Repository/IBM TEST/Page_Printed Summer Dress - My Stor (1)/span_Add to cart' is clicked on

2018-04-03 14:57:06 - [MESSAGE][PASSED] - Object: 'Object Repository/IBM TEST/Page_Printed Summer Dress - My Stor (1)/span_Add to cart' is clicked on

2018-04-03 14:57:06 - [TEST_STEP][PASSED] - click: Object: 'Object Repository/IBM TEST/Page_Printed Summer Dress - My Stor (1)/span_Continue shopping' is clicked on

2018-04-03 14:57:16 - [MESSAGE][PASSED] - Object: 'Object Repository/IBM TEST/Page_Printed Summer Dress - My Stor (1)/span_Continue shopping' is clicked on

2018-04-03 14:57:16 - [TEST_STEP][PASSED] - click: Object: 'Object Repository/IBM TEST/Page_Printed Summer Dress - My Stor (1)/a_Blue' is clicked on

2018-04-03 14:57:26 - [MESSAGE][PASSED] - Object: 'Object Repository/IBM TEST/Page_Printed Summer Dress - My Stor (1)/a_Blue' is clicked on

2018-04-03 14:57:26 - [TEST_STEP][PASSED] - click: Object: 'Object Repository/IBM TEST/Page_Printed Summer Dress - My Stor (1)/span_Add to cart' is clicked on

2018-04-03 14:57:37 - [MESSAGE][PASSED] - Object: 'Object Repository/IBM TEST/Page_Printed Summer Dress - My Stor (1)/span_Add to cart' is clicked on

2018-04-03 14:57:37 - [TEST_STEP][PASSED] - click: Object: 'Object Repository/IBM TEST/Page_Printed Summer Dress - My Stor (1)/span_Continue shopping' is clicked on

2018-04-03 14:57:47 - [MESSAGE][PASSED] - Object: 'Object Repository/IBM TEST/Page_Printed Summer Dress - My Stor (1)/span_Continue shopping' is clicked on

2018-04-03 14:57:47 - [TEST_STEP][FAILED] - click: Unable to click on object 'Object Repository/IBM TEST/Page_Printed Summer Dress - My Stor (1)/a_T-shirts' (Root cause: org.openqa.selenium.ElementNotInteractableException: Element <a href="http://automationpractice.com/index.php?id_category=5&controller=category"> could not be scrolled into view
Build info: version: '3.7.1', revision: '8a0099a', time: '2017-11-06T21:07:36.161Z'
System info: host: 'LP02732', ip: '172.31.253.229', os.name: 'Windows 10', os.arch: 'amd64', os.version: '10.0', java.version: '1.8.0_102'
Driver info: com.kms.katalon.core.webui.driver.firefox.CGeckoDriver
Capabilities {acceptInsecureCerts: true, browserName: firefox, browserVersion: 58.0.2, javascriptEnabled: true, moz:accessibilityChecks: false, moz:headless: false, moz:processID: 10556, moz:profile: C:\Users\mkabir\AppData\Loc..., moz:webdriverClick: true, pageLoadStrategy: normal, platform: XP, platformName: XP, platformVersion: 10.0, proxy: Proxy(direct), rotatable: false, timeouts: {implicit: 0, pageLoad: 300000, script: 30000}}
Session ID: 80f5c088-46da-486d-bf13-2c8f96cbb381)

2018-04-03 14:58:02 - [MESSAGE][FAILED] - Unable to click on object 'Object Repository/IBM TEST/Page_Printed Summer Dress - My Stor (1)/a_T-shirts' (Root cause: org.openqa.selenium.ElementNotInteractableException: Element <a href="http://automationpractice.com/index.php?id_category=5&controller=category"> could not be scrolled into view
Build info: version: '3.7.1', revision: '8a0099a', time: '2017-11-06T21:07:36.161Z'
System info: host: 'LP02732', ip: '172.31.253.229', os.name: 'Windows 10', os.arch: 'amd64', os.version: '10.0', java.version: '1.8.0_102'
Driver info: com.kms.katalon.core.webui.driver.firefox.CGeckoDriver
Capabilities {acceptInsecureCerts: true, browserName: firefox, browserVersion: 58.0.2, javascriptEnabled: true, moz:accessibilityChecks: false, moz:headless: false, moz:processID: 10556, moz:profile: C:\Users\mkabir\AppData\Loc..., moz:webdriverClick: true, pageLoadStrategy: normal, platform: XP, platformName: XP, platformVersion: 10.0, proxy: Proxy(direct), rotatable: false, timeouts: {implicit: 0, pageLoad: 300000, script: 30000}}
Session ID: 80f5c088-46da-486d-bf13-2c8f96cbb381)
[[ATTACHMENT|C:\\Users\\mkabir\\Katalon Studio\\Automation Practice 1\\Reports\\Testing via Firefox\\20180403_145450\\1522763877491.png]]

2018-04-03 14:58:02 - [TEST_STEP][FAILED] - click: Unable to click on object 'Object Repository/IBM TEST/Page_T-shirts - My Store/html_T-shirts - My Store  var' (Root cause: com.kms.katalon.core.webui.exception.WebElementNotFoundException: Web element with id: 'Object Repository/IBM TEST/Page_T-shirts - My Store/html_T-shirts - My Store  var' located by 'By.xpath: //html[(text() = concat('
		
		T-shirts - My Store
		
		
		
		 
		 
		
		
			
			
			
			
			
			
			
			
			
			
			
			
			
			
			
			
			
			
			
			
			
			
			
			
			
			
			
			
			
		
var CUSTOMIZE_TEXTFIELD = 1;
var FancyboxI18nClose = ' , "'" , 'Close' , "'" , ';
var FancyboxI18nNext = ' , "'" , 'Next' , "'" , ';
var FancyboxI18nPrev = ' , "'" , 'Previous' , "'" , ';
var added_to_wishlist = ' , "'" , 'Added to your wishlist.' , "'" , ';
var ajax_allowed = true;
var ajaxsearch = true;
var baseDir = ' , "'" , 'http://automationpractice.com/' , "'" , ';
var baseUri = ' , "'" , 'http://automationpractice.com/index.php' , "'" , ';
var blocklayeredSliderName = {"price":"price","weight":"weight"};
var blocksearch_type = ' , "'" , 'top' , "'" , ';
var comparator_max_item = 3;
var comparedProductsIds = [];
var contentOnly = false;
var customizationIdMessage = ' , "'" , 'Customization #' , "'" , ';
var delete_txt = ' , "'" , 'Delete' , "'" , ';
var displayList = false;
var filters = [{"type_lite":"id_attribute_group","type":"id_attribute_group","id_key":1,"name":"Size","is_color_group":false,"values":{"1":{"color":"","name":"S","nbr":1,"url_name":null,"meta_title":null,"link":"http:\/\/automationpractice.com\/index.php?id_category=5&controller=category#size-s","rel":""},"2":{"color":"","name":"M","nbr":1,"url_name":null,"meta_title":null,"link":"http:\/\/automationpractice.com\/index.php?id_category=5&controller=category#size-m","rel":""},"3":{"color":"","name":"L","nbr":1,"url_name":null,"meta_title":null,"link":"http:\/\/automationpractice.com\/index.php?id_category=5&controller=category#size-l","rel":""}},"url_name":null,"meta_title":null,"filter_show_limit":"0","filter_type":"0"},{"type_lite":"id_attribute_group","type":"id_attribute_group","id_key":3,"name":"Color","is_color_group":true,"values":{"13":{"color":"#F39C11","name":"Orange","nbr":1,"url_name":null,"meta_title":null,"link":"http:\/\/automationpractice.com\/index.php?id_category=5&controller=category#color-orange","rel":""},"14":{"color":"#5D9CEC","name":"Blue","nbr":1,"url_name":null,"meta_title":null,"link":"http:\/\/automationpractice.com\/index.php?id_category=5&controller=category#color-blue","rel":""}},"url_name":null,"meta_title":null,"filter_show_limit":"0","filter_type":"0"},{"type_lite":"id_feature","type":"id_feature","id_key":5,"values":{"5":{"nbr":1,"name":"Cotton","url_name":null,"meta_title":null,"link":"http:\/\/automationpractice.com\/index.php?id_category=5&controller=category#compositions-cotton","rel":""}},"name":"Compositions","url_name":null,"meta_title":null,"filter_show_limit":"0","filter_type":"0"},{"type_lite":"id_feature","type":"id_feature","id_key":6,"values":{"11":{"nbr":1,"name":"Casual","url_name":null,"meta_title":null,"link":"http:\/\/automationpractice.com\/index.php?id_category=5&controller=category#styles-casual","rel":""}},"name":"Styles","url_name":null,"meta_title":null,"filter_show_limit":"0","filter_type":"0"},{"type_lite":"id_feature","type":"id_feature","id_key":7,"values":{"17":{"nbr":1,"name":"Short Sleeve","url_name":null,"meta_title":null,"link":"http:\/\/automationpractice.com\/index.php?id_category=5&controller=category#properties-short_sleeve","rel":""}},"name":"Properties","url_name":null,"meta_title":null,"filter_show_limit":"0","filter_type":"0"},{"type_lite":"quantity","type":"quantity","id_key":0,"name":"Availability","values":[{"name":"Not available","nbr":0,"link":"http:\/\/automationpractice.com\/index.php?id_category=5&controller=category#availability-not_available","rel":"nofollow"},{"name":"In stock","nbr":1,"link":"http:\/\/automationpractice.com\/index.php?id_category=5&controller=category#availability-in_stock","rel":"nofollow"}],"filter_show_limit":"0","filter_type":"0"},{"type_lite":"manufacturer","type":"manufacturer","id_key":0,"name":"Manufacturer","values":{"1":{"name":"Fashion Manufacturer","nbr":"1","link":"http:\/\/automationpractice.com\/index.php?id_category=5&controller=category#manufacturer-fashion_manufacturer","rel":"nofollow"}},"filter_show_limit":"0","filter_type":"0"},{"type_lite":"condition","type":"condition","id_key":0,"name":"Condition","values":{"new":{"name":"New","nbr":1,"link":"http:\/\/automationpractice.com\/index.php?id_category=5&controller=category#condition-new","rel":"nofollow"},"used":{"name":"Used","nbr":0,"link":"http:\/\/automationpractice.com\/index.php?id_category=5&controller=category#condition-used","rel":"nofollow"},"refurbished":{"name":"Refurbished","nbr":0,"link":"http:\/\/automationpractice.com\/index.php?id_category=5&controller=category#condition-refurbished","rel":"nofollow"}},"filter_show_limit":"0","filter_type":"0"},{"type_lite":"price","type":"price","id_key":0,"name":"Price","slider":true,"max":"17","min":"16","values":{"1":"17","0":"16"},"unit":"$","format":"1","filter_show_limit":"0","filter_type":"0"}];
var freeProductTranslation = ' , "'" , 'Free!' , "'" , ';
var freeShippingTranslation = ' , "'" , 'Free shipping!' , "'" , ';
var generated_date = 1522248444;
var id_lang = 1;
var img_dir = ' , "'" , 'http://automationpractice.com/themes/default-bootstrap/img/' , "'" , ';
var instantsearch = false;
var isGuest = 0;
var isLogged = 1;
var loggin_required = ' , "'" , 'You must be logged in to manage your wishlist.' , "'" , ';
var max_item = ' , "'" , 'You cannot add more than 3 product(s) to the product comparison' , "'" , ';
var min_item = ' , "'" , 'Please select at least one product' , "'" , ';
var mywishlist_url = ' , "'" , 'http://automationpractice.com/index.php?fc=module&module=blockwishlist&controller=mywishlist' , "'" , ';
var page_name = ' , "'" , 'category' , "'" , ';
var param_product_url = ' , "'" , '#' , "'" , ';
var placeholder_blocknewsletter = ' , "'" , 'Enter your e-mail' , "'" , ';
var priceDisplayMethod = 1;
var priceDisplayPrecision = 2;
var quickView = true;
var removingLinkText = ' , "'" , 'remove this product from my cart' , "'" , ';
var request = ' , "'" , 'http://automationpractice.com/index.php?id_category=5&controller=category' , "'" , ';
var roundMode = 2;
var search_url = ' , "'" , 'http://automationpractice.com/index.php?controller=search' , "'" , ';
var static_token = ' , "'" , 'b842f4a42956685333000db0ab174863' , "'" , ';
var token = ' , "'" , 'f0d7e4320d9dcd64ff64d5b43bc0abed' , "'" , ';
var usingSecureMode = false;
var wishlistProductsIds = false;


		
		
		
		
		
		
		
		
		
		
		
		
		
		
		
		
		
		
		
		
		
		
		
		
		
		
		
		
			
		
		
	.fancybox-margin{margin-right:17px;}#katalon{font-family:monospace;font-size:13px;background-color:rgba(0,0,0,.7);position:fixed;top:0;left:0;right:0;display:block;z-index:999999999;line-height: normal} #katalon div{padding:0;margin:0;color:#fff;} #katalon kbd{display:inline-block;padding:3px 5px;font:13px Consolas,"Liberation Mono",Menlo,Courier,monospace;line-height:10px;color:#555;vertical-align:middle;background-color:#fcfcfc;border:1px solid #ccc;border-bottom-color:#bbb;border-radius:3px;box-shadow:inset 0 -1px 0 #bbb;font-weight: bold} div#katalon-elementInfoDiv {color: lightblue; padding: 5px}
	
					
			
				
					
						
							
								
	


							
						
					
					
						
							
								
	
		Chapel Kabir
	

			
			Sign out
		
	




	Contact us

	
		Call us now: 0123-456-789
	

							
						
					
					
						
							
								
									
										
									
								
								

	
		
		
		
		
		
			Search
		
	



	
		
			Cart
			2
			Product
			Products
			
																					$57.96
												
			(empty)
					
					
				
					
					
													
																																			
										
										
											
												1 x Printed...
											
																							
													Yellow, S
												
																						
																									$28.98																							
										
										
																							 
																					
									
																			
																		
																																																					
										
										
											
												1 x Printed...
											
																							
													Blue, S
												
																						
																									$28.98																							
										
										
																							 
																					
									
																			
																		
																																	
												
							No products
						
												
							
								
																			$2.00
																	
								
									Shipping
								
							
																					
								$59.96
								Total
							
													
						
							
								
									Check out
								
							
						
					
				
			
			


	
		
			
				
				
					Product successfully added to your shopping cart
				
				
				
				
					
					
					
						Quantity
						
					
					
						Total
						
					
				
			
			
				
					
					
						There are 2 items in your cart.
					
					
					
						There is 1 item in your cart.
					
				
	
				
					
						Total products
											
					
													$57.96
											
				
	
								
					
						Total shipping 					
					
													$2.00
											
				
									
					
						Total
											
					
																					$59.96
																		
				
					
					
						
							Continue shopping
						
					
					
						
							Proceed to checkout
						
						
				
			
		
		
	 
	

	
	
		Categories
		
			WomenTopsT-shirtsBlousesDressesCasual DressesEvening DressesSummer DressesDressesCasual DressesEvening DressesSummer DressesT-shirts
					
	
	
							
						
					
				
			
			
				
											


	
			>
					Women>Tops>T-shirts
			

										
						
					
					
												


	Catalog
	
		
			
																										
						                        
                            Size
                            
						
						
																																												
																							 
																						
																								S (1)
																							
										
																																							
																							 
																						
																								M (1)
																							
										
																																							
																							 
																						
																								L (1)
																							
										
																																															
					
																											
						                        
                            Color
                            
						
						
																																												
																							
																																		
																								Orange (1)
																							
										
																																							
																							
																																		
																								Blue (1)
																							
										
																																															
					
																											
						                        
                            Compositions
                            
						
						
																																												
																							 
																						
																								Cotton (1)
																							
										
																																															
					
																											
						                        
                            Styles
                            
						
						
																																												
																							 
																						
																								Casual (1)
																							
										
																																															
					
																											
						                        
                            Properties
                            
						
						
																																												
																							 
																						
																								Short Sleeve (1)
																							
										
																																															
					
																											
						                        
                            Availability
                            
						
						
																																																															
																							 
																						
																								In stock (1)
																							
										
																																															
					
																											
						                        
                            Manufacturer
                            
						
						
																																												
																							 
																						
																								Fashion Manufacturer (1)
																							
										
																																															
					
																											
						                        
                            Condition
                            
						
						
																																												
																							 
																						
																								New (1)
																							
										
																																																																																					
					
																											
						                        
                            Price
                            
						
						
																								
										Range:
									 
									$16.00 - $17.00
									
										
									
																												
					
												
			
																																																																																																			
	
	
		
			
			Loading...
		
	


	
			
			
				
					Information				
			
			
				
																							
								
									Delivery
								
							
																								
								
									Legal Notice
								
							
																								
								
									Terms and conditions of use
								
							
																								
								
									About us
								
							
																								
								
									Secure payment
								
							
																						
							
								Our stores
							
						
									
			
		
		


	
        
            Specials
        
    
	
    		
        	
            	
                    
                
                
                	
                        
                            Printed Summer Dress
                        
                    
                                        	
                            Long printed dress with thin...
                        
                                        
                    	                        	
                                $28.98
                                                            
                                                                                                                                 -5%
                                                                                         
                                $30.51
                                                            
                                            
                
            
		
		
			
                All specials
            
		
    	



	
		
			Our stores
		
	
	
		
			
				
			
		
				
			
				Discover our stores
			
		
	





	Viewed products
	
		
							
					
						
					
					
						
							
								Printed Summer Dress
							
						
						Long printed dress with thin...
					
				
					
	


																		
	

	    				
            	                     
                    
                                                    
                            
                                T-shirts                            
                                                            The must have of your wardrobe, take a look at our different colors,
shapes and style of our collection!
                                                        
                                             
                              
				T-shirts There is 1 product.

							
            	
            		
	View
    Grid
    List



	
		Sort by
		--
			--
							Price: Lowest first
				Price: Highest first
						Product Name: A to Z
			Product Name: Z to A
							In stock
						Reference: Lowest first
			Reference: Highest first
		
	


			
	
                								
		

				
                
                		
		
			Compare (0)
		
		
		
	
			
		
		
		
	
					
	
												
	
	    			
    
    	        	                        	                        	Showing 1 - 1 of 1 item
       	    
	

                
			
				
									
		
	
	
	
			
		
		
								
			
				
					
						
							
						
													
							
								
							
						
						
							Quick view
						
																			
																	
										$16.51									
									
																		
									
															
																							
					
					
				
				
					
												
							Faded Short Sleeve T-shirts
						
					
					
					
						Faded short sleeve t-shirt with high neckline. Soft and stretchy material for a comfortable fit. Accessorize with a straw hat and you' , "'" , 're ready for summer!
					
										
													
								$16.51							
							
														
							
											
										
																														
										Add to cart
									
																											
							More
						
					
											
					
			
							
		
					
			
							
		
	
										
																														
																		
																	
										In stock									
															
															
					 				
						

	
		Add to Wishlist
	

													
								Add to Compare
							
											
							
		
		





			
				
						
		
			Compare (0)
		
		
		
	
	
                    
	
												
	
	    			
    
    	        	                        	                        	Showing 1 - 1 of 1 item
       	    
	

				
			
								
										
				
			
							
				
					
						

	Newsletter
	
		
			
				
                
                    Ok
                
				
			
		
	



	
					
				
					Facebook
				
			
							
				
					Twitter
				
			
				                	
        		
        			Youtube
        		
        	
                        	
        		
        			Google Plus
        		
        	
                	
    Follow us




	Categories
	
		
			
												

	 
		Women
	
			
												

	 
		Tops
	
			
												

	
		T-shirts
	
	

																

	
		Blouses
	
	

									
	

																

	 
		Dresses
	
			
												

	
		Casual Dresses
	
	

																

	
		Evening Dresses
	
	

																

	
		Summer Dresses
	
	

									
	

									
	

							
										
		
	 


	
	
		Information
		
							
					
						Specials
					
				
									
				
					New products
				
			
										
					
						Best sellers
					
				
										
					
						Our stores
					
				
									
				
					Contact us
				
			
															
						
							Terms and conditions of use
						
					
																
						
							About us
						
					
													
				
					Sitemap
				
			
					
		
	
		
		
			© 2014 Ecommerce software by PrestaShop™
		
	
		


	My account
	
		
			My orders
						My credit slips
			My addresses
			My personal info
						
            Sign out		
	




	
        Store information
        
                        	
            		Selenium Framework, Research Triangle Park,
North Carolina,
USA            	
                                    	
            		Call us now: 
            		(347) 466-7432
            	
                                    	
            		Email: 
            		support@seleniumframework.com
            	
                    
    



					
				
					
/html[1]') or . = concat('
		
		T-shirts - My Store
		
		
		
		 
		 
		
		
			
			
			
			
			
			
			
			
			
			
			
			
			
			
			
			
			
			
			
			
			
			
			
			
			
			
			
			
			
		
var CUSTOMIZE_TEXTFIELD = 1;
var FancyboxI18nClose = ' , "'" , 'Close' , "'" , ';
var FancyboxI18nNext = ' , "'" , 'Next' , "'" , ';
var FancyboxI18nPrev = ' , "'" , 'Previous' , "'" , ';
var added_to_wishlist = ' , "'" , 'Added to your wishlist.' , "'" , ';
var ajax_allowed = true;
var ajaxsearch = true;
var baseDir = ' , "'" , 'http://automationpractice.com/' , "'" , ';
var baseUri = ' , "'" , 'http://automationpractice.com/index.php' , "'" , ';
var blocklayeredSliderName = {"price":"price","weight":"weight"};
var blocksearch_type = ' , "'" , 'top' , "'" , ';
var comparator_max_item = 3;
var comparedProductsIds = [];
var contentOnly = false;
var customizationIdMessage = ' , "'" , 'Customization #' , "'" , ';
var delete_txt = ' , "'" , 'Delete' , "'" , ';
var displayList = false;
var filters = [{"type_lite":"id_attribute_group","type":"id_attribute_group","id_key":1,"name":"Size","is_color_group":false,"values":{"1":{"color":"","name":"S","nbr":1,"url_name":null,"meta_title":null,"link":"http:\/\/automationpractice.com\/index.php?id_category=5&controller=category#size-s","rel":""},"2":{"color":"","name":"M","nbr":1,"url_name":null,"meta_title":null,"link":"http:\/\/automationpractice.com\/index.php?id_category=5&controller=category#size-m","rel":""},"3":{"color":"","name":"L","nbr":1,"url_name":null,"meta_title":null,"link":"http:\/\/automationpractice.com\/index.php?id_category=5&controller=category#size-l","rel":""}},"url_name":null,"meta_title":null,"filter_show_limit":"0","filter_type":"0"},{"type_lite":"id_attribute_group","type":"id_attribute_group","id_key":3,"name":"Color","is_color_group":true,"values":{"13":{"color":"#F39C11","name":"Orange","nbr":1,"url_name":null,"meta_title":null,"link":"http:\/\/automationpractice.com\/index.php?id_category=5&controller=category#color-orange","rel":""},"14":{"color":"#5D9CEC","name":"Blue","nbr":1,"url_name":null,"meta_title":null,"link":"http:\/\/automationpractice.com\/index.php?id_category=5&controller=category#color-blue","rel":""}},"url_name":null,"meta_title":null,"filter_show_limit":"0","filter_type":"0"},{"type_lite":"id_feature","type":"id_feature","id_key":5,"values":{"5":{"nbr":1,"name":"Cotton","url_name":null,"meta_title":null,"link":"http:\/\/automationpractice.com\/index.php?id_category=5&controller=category#compositions-cotton","rel":""}},"name":"Compositions","url_name":null,"meta_title":null,"filter_show_limit":"0","filter_type":"0"},{"type_lite":"id_feature","type":"id_feature","id_key":6,"values":{"11":{"nbr":1,"name":"Casual","url_name":null,"meta_title":null,"link":"http:\/\/automationpractice.com\/index.php?id_category=5&controller=category#styles-casual","rel":""}},"name":"Styles","url_name":null,"meta_title":null,"filter_show_limit":"0","filter_type":"0"},{"type_lite":"id_feature","type":"id_feature","id_key":7,"values":{"17":{"nbr":1,"name":"Short Sleeve","url_name":null,"meta_title":null,"link":"http:\/\/automationpractice.com\/index.php?id_category=5&controller=category#properties-short_sleeve","rel":""}},"name":"Properties","url_name":null,"meta_title":null,"filter_show_limit":"0","filter_type":"0"},{"type_lite":"quantity","type":"quantity","id_key":0,"name":"Availability","values":[{"name":"Not available","nbr":0,"link":"http:\/\/automationpractice.com\/index.php?id_category=5&controller=category#availability-not_available","rel":"nofollow"},{"name":"In stock","nbr":1,"link":"http:\/\/automationpractice.com\/index.php?id_category=5&controller=category#availability-in_stock","rel":"nofollow"}],"filter_show_limit":"0","filter_type":"0"},{"type_lite":"manufacturer","type":"manufacturer","id_key":0,"name":"Manufacturer","values":{"1":{"name":"Fashion Manufacturer","nbr":"1","link":"http:\/\/automationpractice.com\/index.php?id_category=5&controller=category#manufacturer-fashion_manufacturer","rel":"nofollow"}},"filter_show_limit":"0","filter_type":"0"},{"type_lite":"condition","type":"condition","id_key":0,"name":"Condition","values":{"new":{"name":"New","nbr":1,"link":"http:\/\/automationpractice.com\/index.php?id_category=5&controller=category#condition-new","rel":"nofollow"},"used":{"name":"Used","nbr":0,"link":"http:\/\/automationpractice.com\/index.php?id_category=5&controller=category#condition-used","rel":"nofollow"},"refurbished":{"name":"Refurbished","nbr":0,"link":"http:\/\/automationpractice.com\/index.php?id_category=5&controller=category#condition-refurbished","rel":"nofollow"}},"filter_show_limit":"0","filter_type":"0"},{"type_lite":"price","type":"price","id_key":0,"name":"Price","slider":true,"max":"17","min":"16","values":{"1":"17","0":"16"},"unit":"$","format":"1","filter_show_limit":"0","filter_type":"0"}];
var freeProductTranslation = ' , "'" , 'Free!' , "'" , ';
var freeShippingTranslation = ' , "'" , 'Free shipping!' , "'" , ';
var generated_date = 1522248444;
var id_lang = 1;
var img_dir = ' , "'" , 'http://automationpractice.com/themes/default-bootstrap/img/' , "'" , ';
var instantsearch = false;
var isGuest = 0;
var isLogged = 1;
var loggin_required = ' , "'" , 'You must be logged in to manage your wishlist.' , "'" , ';
var max_item = ' , "'" , 'You cannot add more than 3 product(s) to the product comparison' , "'" , ';
var min_item = ' , "'" , 'Please select at least one product' , "'" , ';
var mywishlist_url = ' , "'" , 'http://automationpractice.com/index.php?fc=module&module=blockwishlist&controller=mywishlist' , "'" , ';
var page_name = ' , "'" , 'category' , "'" , ';
var param_product_url = ' , "'" , '#' , "'" , ';
var placeholder_blocknewsletter = ' , "'" , 'Enter your e-mail' , "'" , ';
var priceDisplayMethod = 1;
var priceDisplayPrecision = 2;
var quickView = true;
var removingLinkText = ' , "'" , 'remove this product from my cart' , "'" , ';
var request = ' , "'" , 'http://automationpractice.com/index.php?id_category=5&controller=category' , "'" , ';
var roundMode = 2;
var search_url = ' , "'" , 'http://automationpractice.com/index.php?controller=search' , "'" , ';
var static_token = ' , "'" , 'b842f4a42956685333000db0ab174863' , "'" , ';
var token = ' , "'" , 'f0d7e4320d9dcd64ff64d5b43bc0abed' , "'" , ';
var usingSecureMode = false;
var wishlistProductsIds = false;


		
		
		
		
		
		
		
		
		
		
		
		
		
		
		
		
		
		
		
		
		
		
		
		
		
		
		
		
			
		
		
	.fancybox-margin{margin-right:17px;}#katalon{font-family:monospace;font-size:13px;background-color:rgba(0,0,0,.7);position:fixed;top:0;left:0;right:0;display:block;z-index:999999999;line-height: normal} #katalon div{padding:0;margin:0;color:#fff;} #katalon kbd{display:inline-block;padding:3px 5px;font:13px Consolas,"Liberation Mono",Menlo,Courier,monospace;line-height:10px;color:#555;vertical-align:middle;background-color:#fcfcfc;border:1px solid #ccc;border-bottom-color:#bbb;border-radius:3px;box-shadow:inset 0 -1px 0 #bbb;font-weight: bold} div#katalon-elementInfoDiv {color: lightblue; padding: 5px}
	
					
			
				
					
						
							
								
	


							
						
					
					
						
							
								
	
		Chapel Kabir
	

			
			Sign out
		
	




	Contact us

	
		Call us now: 0123-456-789
	

							
						
					
					
						
							
								
									
										
									
								
								

	
		
		
		
		
		
			Search
		
	



	
		
			Cart
			2
			Product
			Products
			
																					$57.96
												
			(empty)
					
					
				
					
					
													
																																			
										
										
											
												1 x Printed...
											
																							
													Yellow, S
												
																						
																									$28.98																							
										
										
																							 
																					
									
																			
																		
																																																					
										
										
											
												1 x Printed...
											
																							
													Blue, S
												
																						
																									$28.98																							
										
										
																							 
																					
									
																			
																		
																																	
												
							No products
						
												
							
								
																			$2.00
																	
								
									Shipping
								
							
																					
								$59.96
								Total
							
													
						
							
								
									Check out
								
							
						
					
				
			
			


	
		
			
				
				
					Product successfully added to your shopping cart
				
				
				
				
					
					
					
						Quantity
						
					
					
						Total
						
					
				
			
			
				
					
					
						There are 2 items in your cart.
					
					
					
						There is 1 item in your cart.
					
				
	
				
					
						Total products
											
					
													$57.96
											
				
	
								
					
						Total shipping 					
					
													$2.00
											
				
									
					
						Total
											
					
																					$59.96
																		
				
					
					
						
							Continue shopping
						
					
					
						
							Proceed to checkout
						
						
				
			
		
		
	 
	

	
	
		Categories
		
			WomenTopsT-shirtsBlousesDressesCasual DressesEvening DressesSummer DressesDressesCasual DressesEvening DressesSummer DressesT-shirts
					
	
	
							
						
					
				
			
			
				
											


	
			>
					Women>Tops>T-shirts
			

										
						
					
					
												


	Catalog
	
		
			
																										
						                        
                            Size
                            
						
						
																																												
																							 
																						
																								S (1)
																							
										
																																							
																							 
																						
																								M (1)
																							
										
																																							
																							 
																						
																								L (1)
																							
										
																																															
					
																											
						                        
                            Color
                            
						
						
																																												
																							
																																		
																								Orange (1)
																							
										
																																							
																							
																																		
																								Blue (1)
																							
										
																																															
					
																											
						                        
                            Compositions
                            
						
						
																																												
																							 
																						
																								Cotton (1)
																							
										
																																															
					
																											
						                        
                            Styles
                            
						
						
																																												
																							 
																						
																								Casual (1)
																							
										
																																															
					
																											
						                        
                            Properties
                            
						
						
																																												
																							 
																						
																								Short Sleeve (1)
																							
										
																																															
					
																											
						                        
                            Availability
                            
						
						
																																																															
																							 
																						
																								In stock (1)
																							
										
																																															
					
																											
						                        
                            Manufacturer
                            
						
						
																																												
																							 
																						
																								Fashion Manufacturer (1)
																							
										
																																															
					
																											
						                        
                            Condition
                            
						
						
																																												
																							 
																						
																								New (1)
																							
										
																																																																																					
					
																											
						                        
                            Price
                            
						
						
																								
										Range:
									 
									$16.00 - $17.00
									
										
									
																												
					
												
			
																																																																																																			
	
	
		
			
			Loading...
		
	


	
			
			
				
					Information				
			
			
				
																							
								
									Delivery
								
							
																								
								
									Legal Notice
								
							
																								
								
									Terms and conditions of use
								
							
																								
								
									About us
								
							
																								
								
									Secure payment
								
							
																						
							
								Our stores
							
						
									
			
		
		


	
        
            Specials
        
    
	
    		
        	
            	
                    
                
                
                	
                        
                            Printed Summer Dress
                        
                    
                                        	
                            Long printed dress with thin...
                        
                                        
                    	                        	
                                $28.98
                                                            
                                                                                                                                 -5%
                                                                                         
                                $30.51
                                                            
                                            
                
            
		
		
			
                All specials
            
		
    	



	
		
			Our stores
		
	
	
		
			
				
			
		
				
			
				Discover our stores
			
		
	





	Viewed products
	
		
							
					
						
					
					
						
							
								Printed Summer Dress
							
						
						Long printed dress with thin...
					
				
					
	


																		
	

	    				
            	                     
                    
                                                    
                            
                                T-shirts                            
                                                            The must have of your wardrobe, take a look at our different colors,
shapes and style of our collection!
                                                        
                                             
                              
				T-shirts There is 1 product.

							
            	
            		
	View
    Grid
    List



	
		Sort by
		--
			--
							Price: Lowest first
				Price: Highest first
						Product Name: A to Z
			Product Name: Z to A
							In stock
						Reference: Lowest first
			Reference: Highest first
		
	


			
	
                								
		

				
                
                		
		
			Compare (0)
		
		
		
	
			
		
		
		
	
					
	
												
	
	    			
    
    	        	                        	                        	Showing 1 - 1 of 1 item
       	    
	

                
			
				
									
		
	
	
	
			
		
		
								
			
				
					
						
							
						
													
							
								
							
						
						
							Quick view
						
																			
																	
										$16.51									
									
																		
									
															
																							
					
					
				
				
					
												
							Faded Short Sleeve T-shirts
						
					
					
					
						Faded short sleeve t-shirt with high neckline. Soft and stretchy material for a comfortable fit. Accessorize with a straw hat and you' , "'" , 're ready for summer!
					
										
													
								$16.51							
							
														
							
											
										
																														
										Add to cart
									
																											
							More
						
					
											
					
			
							
		
					
			
							
		
	
										
																														
																		
																	
										In stock									
															
															
					 				
						

	
		Add to Wishlist
	

													
								Add to Compare
							
											
							
		
		





			
				
						
		
			Compare (0)
		
		
		
	
	
                    
	
												
	
	    			
    
    	        	                        	                        	Showing 1 - 1 of 1 item
       	    
	

				
			
								
										
				
			
							
				
					
						

	Newsletter
	
		
			
				
                
                    Ok
                
				
			
		
	



	
					
				
					Facebook
				
			
							
				
					Twitter
				
			
				                	
        		
        			Youtube
        		
        	
                        	
        		
        			Google Plus
        		
        	
                	
    Follow us




	Categories
	
		
			
												

	 
		Women
	
			
												

	 
		Tops
	
			
												

	
		T-shirts
	
	

																

	
		Blouses
	
	

									
	

																

	 
		Dresses
	
			
												

	
		Casual Dresses
	
	

																

	
		Evening Dresses
	
	

																

	
		Summer Dresses
	
	

									
	

									
	

							
										
		
	 


	
	
		Information
		
							
					
						Specials
					
				
									
				
					New products
				
			
										
					
						Best sellers
					
				
										
					
						Our stores
					
				
									
				
					Contact us
				
			
															
						
							Terms and conditions of use
						
					
																
						
							About us
						
					
													
				
					Sitemap
				
			
					
		
	
		
		
			© 2014 Ecommerce software by PrestaShop™
		
	
		


	My account
	
		
			My orders
						My credit slips
			My addresses
			My personal info
						
            Sign out		
	




	
        Store information
        
                        	
            		Selenium Framework, Research Triangle Park,
North Carolina,
USA            	
                                    	
            		Call us now: 
            		(347) 466-7432
            	
                                    	
            		Email: 
            		support@seleniumframework.com
            	
                    
    



					
				
					
/html[1]'))]' not found)

2018-04-03 14:58:13 - [MESSAGE][FAILED] - Unable to click on object 'Object Repository/IBM TEST/Page_T-shirts - My Store/html_T-shirts - My Store  var' (Root cause: com.kms.katalon.core.webui.exception.WebElementNotFoundException: Web element with id: 'Object Repository/IBM TEST/Page_T-shirts - My Store/html_T-shirts - My Store  var' located by 'By.xpath: //html[(text() = concat('
		
		T-shirts - My Store
		
		
		
		 
		 
		
		
			
			
			
			
			
			
			
			
			
			
			
			
			
			
			
			
			
			
			
			
			
			
			
			
			
			
			
			
			
		
var CUSTOMIZE_TEXTFIELD = 1;
var FancyboxI18nClose = ' , "'" , 'Close' , "'" , ';
var FancyboxI18nNext = ' , "'" , 'Next' , "'" , ';
var FancyboxI18nPrev = ' , "'" , 'Previous' , "'" , ';
var added_to_wishlist = ' , "'" , 'Added to your wishlist.' , "'" , ';
var ajax_allowed = true;
var ajaxsearch = true;
var baseDir = ' , "'" , 'http://automationpractice.com/' , "'" , ';
var baseUri = ' , "'" , 'http://automationpractice.com/index.php' , "'" , ';
var blocklayeredSliderName = {"price":"price","weight":"weight"};
var blocksearch_type = ' , "'" , 'top' , "'" , ';
var comparator_max_item = 3;
var comparedProductsIds = [];
var contentOnly = false;
var customizationIdMessage = ' , "'" , 'Customization #' , "'" , ';
var delete_txt = ' , "'" , 'Delete' , "'" , ';
var displayList = false;
var filters = [{"type_lite":"id_attribute_group","type":"id_attribute_group","id_key":1,"name":"Size","is_color_group":false,"values":{"1":{"color":"","name":"S","nbr":1,"url_name":null,"meta_title":null,"link":"http:\/\/automationpractice.com\/index.php?id_category=5&controller=category#size-s","rel":""},"2":{"color":"","name":"M","nbr":1,"url_name":null,"meta_title":null,"link":"http:\/\/automationpractice.com\/index.php?id_category=5&controller=category#size-m","rel":""},"3":{"color":"","name":"L","nbr":1,"url_name":null,"meta_title":null,"link":"http:\/\/automationpractice.com\/index.php?id_category=5&controller=category#size-l","rel":""}},"url_name":null,"meta_title":null,"filter_show_limit":"0","filter_type":"0"},{"type_lite":"id_attribute_group","type":"id_attribute_group","id_key":3,"name":"Color","is_color_group":true,"values":{"13":{"color":"#F39C11","name":"Orange","nbr":1,"url_name":null,"meta_title":null,"link":"http:\/\/automationpractice.com\/index.php?id_category=5&controller=category#color-orange","rel":""},"14":{"color":"#5D9CEC","name":"Blue","nbr":1,"url_name":null,"meta_title":null,"link":"http:\/\/automationpractice.com\/index.php?id_category=5&controller=category#color-blue","rel":""}},"url_name":null,"meta_title":null,"filter_show_limit":"0","filter_type":"0"},{"type_lite":"id_feature","type":"id_feature","id_key":5,"values":{"5":{"nbr":1,"name":"Cotton","url_name":null,"meta_title":null,"link":"http:\/\/automationpractice.com\/index.php?id_category=5&controller=category#compositions-cotton","rel":""}},"name":"Compositions","url_name":null,"meta_title":null,"filter_show_limit":"0","filter_type":"0"},{"type_lite":"id_feature","type":"id_feature","id_key":6,"values":{"11":{"nbr":1,"name":"Casual","url_name":null,"meta_title":null,"link":"http:\/\/automationpractice.com\/index.php?id_category=5&controller=category#styles-casual","rel":""}},"name":"Styles","url_name":null,"meta_title":null,"filter_show_limit":"0","filter_type":"0"},{"type_lite":"id_feature","type":"id_feature","id_key":7,"values":{"17":{"nbr":1,"name":"Short Sleeve","url_name":null,"meta_title":null,"link":"http:\/\/automationpractice.com\/index.php?id_category=5&controller=category#properties-short_sleeve","rel":""}},"name":"Properties","url_name":null,"meta_title":null,"filter_show_limit":"0","filter_type":"0"},{"type_lite":"quantity","type":"quantity","id_key":0,"name":"Availability","values":[{"name":"Not available","nbr":0,"link":"http:\/\/automationpractice.com\/index.php?id_category=5&controller=category#availability-not_available","rel":"nofollow"},{"name":"In stock","nbr":1,"link":"http:\/\/automationpractice.com\/index.php?id_category=5&controller=category#availability-in_stock","rel":"nofollow"}],"filter_show_limit":"0","filter_type":"0"},{"type_lite":"manufacturer","type":"manufacturer","id_key":0,"name":"Manufacturer","values":{"1":{"name":"Fashion Manufacturer","nbr":"1","link":"http:\/\/automationpractice.com\/index.php?id_category=5&controller=category#manufacturer-fashion_manufacturer","rel":"nofollow"}},"filter_show_limit":"0","filter_type":"0"},{"type_lite":"condition","type":"condition","id_key":0,"name":"Condition","values":{"new":{"name":"New","nbr":1,"link":"http:\/\/automationpractice.com\/index.php?id_category=5&controller=category#condition-new","rel":"nofollow"},"used":{"name":"Used","nbr":0,"link":"http:\/\/automationpractice.com\/index.php?id_category=5&controller=category#condition-used","rel":"nofollow"},"refurbished":{"name":"Refurbished","nbr":0,"link":"http:\/\/automationpractice.com\/index.php?id_category=5&controller=category#condition-refurbished","rel":"nofollow"}},"filter_show_limit":"0","filter_type":"0"},{"type_lite":"price","type":"price","id_key":0,"name":"Price","slider":true,"max":"17","min":"16","values":{"1":"17","0":"16"},"unit":"$","format":"1","filter_show_limit":"0","filter_type":"0"}];
var freeProductTranslation = ' , "'" , 'Free!' , "'" , ';
var freeShippingTranslation = ' , "'" , 'Free shipping!' , "'" , ';
var generated_date = 1522248444;
var id_lang = 1;
var img_dir = ' , "'" , 'http://automationpractice.com/themes/default-bootstrap/img/' , "'" , ';
var instantsearch = false;
var isGuest = 0;
var isLogged = 1;
var loggin_required = ' , "'" , 'You must be logged in to manage your wishlist.' , "'" , ';
var max_item = ' , "'" , 'You cannot add more than 3 product(s) to the product comparison' , "'" , ';
var min_item = ' , "'" , 'Please select at least one product' , "'" , ';
var mywishlist_url = ' , "'" , 'http://automationpractice.com/index.php?fc=module&module=blockwishlist&controller=mywishlist' , "'" , ';
var page_name = ' , "'" , 'category' , "'" , ';
var param_product_url = ' , "'" , '#' , "'" , ';
var placeholder_blocknewsletter = ' , "'" , 'Enter your e-mail' , "'" , ';
var priceDisplayMethod = 1;
var priceDisplayPrecision = 2;
var quickView = true;
var removingLinkText = ' , "'" , 'remove this product from my cart' , "'" , ';
var request = ' , "'" , 'http://automationpractice.com/index.php?id_category=5&controller=category' , "'" , ';
var roundMode = 2;
var search_url = ' , "'" , 'http://automationpractice.com/index.php?controller=search' , "'" , ';
var static_token = ' , "'" , 'b842f4a42956685333000db0ab174863' , "'" , ';
var token = ' , "'" , 'f0d7e4320d9dcd64ff64d5b43bc0abed' , "'" , ';
var usingSecureMode = false;
var wishlistProductsIds = false;


		
		
		
		
		
		
		
		
		
		
		
		
		
		
		
		
		
		
		
		
		
		
		
		
		
		
		
		
			
		
		
	.fancybox-margin{margin-right:17px;}#katalon{font-family:monospace;font-size:13px;background-color:rgba(0,0,0,.7);position:fixed;top:0;left:0;right:0;display:block;z-index:999999999;line-height: normal} #katalon div{padding:0;margin:0;color:#fff;} #katalon kbd{display:inline-block;padding:3px 5px;font:13px Consolas,"Liberation Mono",Menlo,Courier,monospace;line-height:10px;color:#555;vertical-align:middle;background-color:#fcfcfc;border:1px solid #ccc;border-bottom-color:#bbb;border-radius:3px;box-shadow:inset 0 -1px 0 #bbb;font-weight: bold} div#katalon-elementInfoDiv {color: lightblue; padding: 5px}
	
					
			
				
					
						
							
								
	


							
						
					
					
						
							
								
	
		Chapel Kabir
	

			
			Sign out
		
	




	Contact us

	
		Call us now: 0123-456-789
	

							
						
					
					
						
							
								
									
										
									
								
								

	
		
		
		
		
		
			Search
		
	



	
		
			Cart
			2
			Product
			Products
			
																					$57.96
												
			(empty)
					
					
				
					
					
													
																																			
										
										
											
												1 x Printed...
											
																							
													Yellow, S
												
																						
																									$28.98																							
										
										
																							 
																					
									
																			
																		
																																																					
										
										
											
												1 x Printed...
											
																							
													Blue, S
												
																						
																									$28.98																							
										
										
																							 
																					
									
																			
																		
																																	
												
							No products
						
												
							
								
																			$2.00
																	
								
									Shipping
								
							
																					
								$59.96
								Total
							
													
						
							
								
									Check out
								
							
						
					
				
			
			


	
		
			
				
				
					Product successfully added to your shopping cart
				
				
				
				
					
					
					
						Quantity
						
					
					
						Total
						
					
				
			
			
				
					
					
						There are 2 items in your cart.
					
					
					
						There is 1 item in your cart.
					
				
	
				
					
						Total products
											
					
													$57.96
											
				
	
								
					
						Total shipping 					
					
													$2.00
											
				
									
					
						Total
											
					
																					$59.96
																		
				
					
					
						
							Continue shopping
						
					
					
						
							Proceed to checkout
						
						
				
			
		
		
	 
	

	
	
		Categories
		
			WomenTopsT-shirtsBlousesDressesCasual DressesEvening DressesSummer DressesDressesCasual DressesEvening DressesSummer DressesT-shirts
					
	
	
							
						
					
				
			
			
				
											


	
			>
					Women>Tops>T-shirts
			

										
						
					
					
												


	Catalog
	
		
			
																										
						                        
                            Size
                            
						
						
																																												
																							 
																						
																								S (1)
																							
										
																																							
																							 
																						
																								M (1)
																							
										
																																							
																							 
																						
																								L (1)
																							
										
																																															
					
																											
						                        
                            Color
                            
						
						
																																												
																							
																																		
																								Orange (1)
																							
										
																																							
																							
																																		
																								Blue (1)
																							
										
																																															
					
																											
						                        
                            Compositions
                            
						
						
																																												
																							 
																						
																								Cotton (1)
																							
										
																																															
					
																											
						                        
                            Styles
                            
						
						
																																												
																							 
																						
																								Casual (1)
																							
										
																																															
					
																											
						                        
                            Properties
                            
						
						
																																												
																							 
																						
																								Short Sleeve (1)
																							
										
																																															
					
																											
						                        
                            Availability
                            
						
						
																																																															
																							 
																						
																								In stock (1)
																							
										
																																															
					
																											
						                        
                            Manufacturer
                            
						
						
																																												
																							 
																						
																								Fashion Manufacturer (1)
																							
										
																																															
					
																											
						                        
                            Condition
                            
						
						
																																												
																							 
																						
																								New (1)
																							
										
																																																																																					
					
																											
						                        
                            Price
                            
						
						
																								
										Range:
									 
									$16.00 - $17.00
									
										
									
																												
					
												
			
																																																																																																			
	
	
		
			
			Loading...
		
	


	
			
			
				
					Information				
			
			
				
																							
								
									Delivery
								
							
																								
								
									Legal Notice
								
							
																								
								
									Terms and conditions of use
								
							
																								
								
									About us
								
							
																								
								
									Secure payment
								
							
																						
							
								Our stores
							
						
									
			
		
		


	
        
            Specials
        
    
	
    		
        	
            	
                    
                
                
                	
                        
                            Printed Summer Dress
                        
                    
                                        	
                            Long printed dress with thin...
                        
                                        
                    	                        	
                                $28.98
                                                            
                                                                                                                                 -5%
                                                                                         
                                $30.51
                                                            
                                            
                
            
		
		
			
                All specials
            
		
    	



	
		
			Our stores
		
	
	
		
			
				
			
		
				
			
				Discover our stores
			
		
	





	Viewed products
	
		
							
					
						
					
					
						
							
								Printed Summer Dress
							
						
						Long printed dress with thin...
					
				
					
	


																		
	

	    				
            	                     
                    
                                                    
                            
                                T-shirts                            
                                                            The must have of your wardrobe, take a look at our different colors,
shapes and style of our collection!
                                                        
                                             
                              
				T-shirts There is 1 product.

							
            	
            		
	View
    Grid
    List



	
		Sort by
		--
			--
							Price: Lowest first
				Price: Highest first
						Product Name: A to Z
			Product Name: Z to A
							In stock
						Reference: Lowest first
			Reference: Highest first
		
	


			
	
                								
		

				
                
                		
		
			Compare (0)
		
		
		
	
			
		
		
		
	
					
	
												
	
	    			
    
    	        	                        	                        	Showing 1 - 1 of 1 item
       	    
	

                
			
				
									
		
	
	
	
			
		
		
								
			
				
					
						
							
						
													
							
								
							
						
						
							Quick view
						
																			
																	
										$16.51									
									
																		
									
															
																							
					
					
				
				
					
												
							Faded Short Sleeve T-shirts
						
					
					
					
						Faded short sleeve t-shirt with high neckline. Soft and stretchy material for a comfortable fit. Accessorize with a straw hat and you' , "'" , 're ready for summer!
					
										
													
								$16.51							
							
														
							
											
										
																														
										Add to cart
									
																											
							More
						
					
											
					
			
							
		
					
			
							
		
	
										
																														
																		
																	
										In stock									
															
															
					 				
						

	
		Add to Wishlist
	

													
								Add to Compare
							
											
							
		
		





			
				
						
		
			Compare (0)
		
		
		
	
	
                    
	
												
	
	    			
    
    	        	                        	                        	Showing 1 - 1 of 1 item
       	    
	

				
			
								
										
				
			
							
				
					
						

	Newsletter
	
		
			
				
                
                    Ok
                
				
			
		
	



	
					
				
					Facebook
				
			
							
				
					Twitter
				
			
				                	
        		
        			Youtube
        		
        	
                        	
        		
        			Google Plus
        		
        	
                	
    Follow us




	Categories
	
		
			
												

	 
		Women
	
			
												

	 
		Tops
	
			
												

	
		T-shirts
	
	

																

	
		Blouses
	
	

									
	

																

	 
		Dresses
	
			
												

	
		Casual Dresses
	
	

																

	
		Evening Dresses
	
	

																

	
		Summer Dresses
	
	

									
	

									
	

							
										
		
	 


	
	
		Information
		
							
					
						Specials
					
				
									
				
					New products
				
			
										
					
						Best sellers
					
				
										
					
						Our stores
					
				
									
				
					Contact us
				
			
															
						
							Terms and conditions of use
						
					
																
						
							About us
						
					
													
				
					Sitemap
				
			
					
		
	
		
		
			© 2014 Ecommerce software by PrestaShop™
		
	
		


	My account
	
		
			My orders
						My credit slips
			My addresses
			My personal info
						
            Sign out		
	




	
        Store information
        
                        	
            		Selenium Framework, Research Triangle Park,
North Carolina,
USA            	
                                    	
            		Call us now: 
            		(347) 466-7432
            	
                                    	
            		Email: 
            		support@seleniumframework.com
            	
                    
    



					
				
					
/html[1]') or . = concat('
		
		T-shirts - My Store
		
		
		
		 
		 
		
		
			
			
			
			
			
			
			
			
			
			
			
			
			
			
			
			
			
			
			
			
			
			
			
			
			
			
			
			
			
		
var CUSTOMIZE_TEXTFIELD = 1;
var FancyboxI18nClose = ' , "'" , 'Close' , "'" , ';
var FancyboxI18nNext = ' , "'" , 'Next' , "'" , ';
var FancyboxI18nPrev = ' , "'" , 'Previous' , "'" , ';
var added_to_wishlist = ' , "'" , 'Added to your wishlist.' , "'" , ';
var ajax_allowed = true;
var ajaxsearch = true;
var baseDir = ' , "'" , 'http://automationpractice.com/' , "'" , ';
var baseUri = ' , "'" , 'http://automationpractice.com/index.php' , "'" , ';
var blocklayeredSliderName = {"price":"price","weight":"weight"};
var blocksearch_type = ' , "'" , 'top' , "'" , ';
var comparator_max_item = 3;
var comparedProductsIds = [];
var contentOnly = false;
var customizationIdMessage = ' , "'" , 'Customization #' , "'" , ';
var delete_txt = ' , "'" , 'Delete' , "'" , ';
var displayList = false;
var filters = [{"type_lite":"id_attribute_group","type":"id_attribute_group","id_key":1,"name":"Size","is_color_group":false,"values":{"1":{"color":"","name":"S","nbr":1,"url_name":null,"meta_title":null,"link":"http:\/\/automationpractice.com\/index.php?id_category=5&controller=category#size-s","rel":""},"2":{"color":"","name":"M","nbr":1,"url_name":null,"meta_title":null,"link":"http:\/\/automationpractice.com\/index.php?id_category=5&controller=category#size-m","rel":""},"3":{"color":"","name":"L","nbr":1,"url_name":null,"meta_title":null,"link":"http:\/\/automationpractice.com\/index.php?id_category=5&controller=category#size-l","rel":""}},"url_name":null,"meta_title":null,"filter_show_limit":"0","filter_type":"0"},{"type_lite":"id_attribute_group","type":"id_attribute_group","id_key":3,"name":"Color","is_color_group":true,"values":{"13":{"color":"#F39C11","name":"Orange","nbr":1,"url_name":null,"meta_title":null,"link":"http:\/\/automationpractice.com\/index.php?id_category=5&controller=category#color-orange","rel":""},"14":{"color":"#5D9CEC","name":"Blue","nbr":1,"url_name":null,"meta_title":null,"link":"http:\/\/automationpractice.com\/index.php?id_category=5&controller=category#color-blue","rel":""}},"url_name":null,"meta_title":null,"filter_show_limit":"0","filter_type":"0"},{"type_lite":"id_feature","type":"id_feature","id_key":5,"values":{"5":{"nbr":1,"name":"Cotton","url_name":null,"meta_title":null,"link":"http:\/\/automationpractice.com\/index.php?id_category=5&controller=category#compositions-cotton","rel":""}},"name":"Compositions","url_name":null,"meta_title":null,"filter_show_limit":"0","filter_type":"0"},{"type_lite":"id_feature","type":"id_feature","id_key":6,"values":{"11":{"nbr":1,"name":"Casual","url_name":null,"meta_title":null,"link":"http:\/\/automationpractice.com\/index.php?id_category=5&controller=category#styles-casual","rel":""}},"name":"Styles","url_name":null,"meta_title":null,"filter_show_limit":"0","filter_type":"0"},{"type_lite":"id_feature","type":"id_feature","id_key":7,"values":{"17":{"nbr":1,"name":"Short Sleeve","url_name":null,"meta_title":null,"link":"http:\/\/automationpractice.com\/index.php?id_category=5&controller=category#properties-short_sleeve","rel":""}},"name":"Properties","url_name":null,"meta_title":null,"filter_show_limit":"0","filter_type":"0"},{"type_lite":"quantity","type":"quantity","id_key":0,"name":"Availability","values":[{"name":"Not available","nbr":0,"link":"http:\/\/automationpractice.com\/index.php?id_category=5&controller=category#availability-not_available","rel":"nofollow"},{"name":"In stock","nbr":1,"link":"http:\/\/automationpractice.com\/index.php?id_category=5&controller=category#availability-in_stock","rel":"nofollow"}],"filter_show_limit":"0","filter_type":"0"},{"type_lite":"manufacturer","type":"manufacturer","id_key":0,"name":"Manufacturer","values":{"1":{"name":"Fashion Manufacturer","nbr":"1","link":"http:\/\/automationpractice.com\/index.php?id_category=5&controller=category#manufacturer-fashion_manufacturer","rel":"nofollow"}},"filter_show_limit":"0","filter_type":"0"},{"type_lite":"condition","type":"condition","id_key":0,"name":"Condition","values":{"new":{"name":"New","nbr":1,"link":"http:\/\/automationpractice.com\/index.php?id_category=5&controller=category#condition-new","rel":"nofollow"},"used":{"name":"Used","nbr":0,"link":"http:\/\/automationpractice.com\/index.php?id_category=5&controller=category#condition-used","rel":"nofollow"},"refurbished":{"name":"Refurbished","nbr":0,"link":"http:\/\/automationpractice.com\/index.php?id_category=5&controller=category#condition-refurbished","rel":"nofollow"}},"filter_show_limit":"0","filter_type":"0"},{"type_lite":"price","type":"price","id_key":0,"name":"Price","slider":true,"max":"17","min":"16","values":{"1":"17","0":"16"},"unit":"$","format":"1","filter_show_limit":"0","filter_type":"0"}];
var freeProductTranslation = ' , "'" , 'Free!' , "'" , ';
var freeShippingTranslation = ' , "'" , 'Free shipping!' , "'" , ';
var generated_date = 1522248444;
var id_lang = 1;
var img_dir = ' , "'" , 'http://automationpractice.com/themes/default-bootstrap/img/' , "'" , ';
var instantsearch = false;
var isGuest = 0;
var isLogged = 1;
var loggin_required = ' , "'" , 'You must be logged in to manage your wishlist.' , "'" , ';
var max_item = ' , "'" , 'You cannot add more than 3 product(s) to the product comparison' , "'" , ';
var min_item = ' , "'" , 'Please select at least one product' , "'" , ';
var mywishlist_url = ' , "'" , 'http://automationpractice.com/index.php?fc=module&module=blockwishlist&controller=mywishlist' , "'" , ';
var page_name = ' , "'" , 'category' , "'" , ';
var param_product_url = ' , "'" , '#' , "'" , ';
var placeholder_blocknewsletter = ' , "'" , 'Enter your e-mail' , "'" , ';
var priceDisplayMethod = 1;
var priceDisplayPrecision = 2;
var quickView = true;
var removingLinkText = ' , "'" , 'remove this product from my cart' , "'" , ';
var request = ' , "'" , 'http://automationpractice.com/index.php?id_category=5&controller=category' , "'" , ';
var roundMode = 2;
var search_url = ' , "'" , 'http://automationpractice.com/index.php?controller=search' , "'" , ';
var static_token = ' , "'" , 'b842f4a42956685333000db0ab174863' , "'" , ';
var token = ' , "'" , 'f0d7e4320d9dcd64ff64d5b43bc0abed' , "'" , ';
var usingSecureMode = false;
var wishlistProductsIds = false;


		
		
		
		
		
		
		
		
		
		
		
		
		
		
		
		
		
		
		
		
		
		
		
		
		
		
		
		
			
		
		
	.fancybox-margin{margin-right:17px;}#katalon{font-family:monospace;font-size:13px;background-color:rgba(0,0,0,.7);position:fixed;top:0;left:0;right:0;display:block;z-index:999999999;line-height: normal} #katalon div{padding:0;margin:0;color:#fff;} #katalon kbd{display:inline-block;padding:3px 5px;font:13px Consolas,"Liberation Mono",Menlo,Courier,monospace;line-height:10px;color:#555;vertical-align:middle;background-color:#fcfcfc;border:1px solid #ccc;border-bottom-color:#bbb;border-radius:3px;box-shadow:inset 0 -1px 0 #bbb;font-weight: bold} div#katalon-elementInfoDiv {color: lightblue; padding: 5px}
	
					
			
				
					
						
							
								
	


							
						
					
					
						
							
								
	
		Chapel Kabir
	

			
			Sign out
		
	




	Contact us

	
		Call us now: 0123-456-789
	

							
						
					
					
						
							
								
									
										
									
								
								

	
		
		
		
		
		
			Search
		
	



	
		
			Cart
			2
			Product
			Products
			
																					$57.96
												
			(empty)
					
					
				
					
					
													
																																			
										
										
											
												1 x Printed...
											
																							
													Yellow, S
												
																						
																									$28.98																							
										
										
																							 
																					
									
																			
																		
																																																					
										
										
											
												1 x Printed...
											
																							
													Blue, S
												
																						
																									$28.98																							
										
										
																							 
																					
									
																			
																		
																																	
												
							No products
						
												
							
								
																			$2.00
																	
								
									Shipping
								
							
																					
								$59.96
								Total
							
													
						
							
								
									Check out
								
							
						
					
				
			
			


	
		
			
				
				
					Product successfully added to your shopping cart
				
				
				
				
					
					
					
						Quantity
						
					
					
						Total
						
					
				
			
			
				
					
					
						There are 2 items in your cart.
					
					
					
						There is 1 item in your cart.
					
				
	
				
					
						Total products
											
					
													$57.96
											
				
	
								
					
						Total shipping 					
					
													$2.00
											
				
									
					
						Total
											
					
																					$59.96
																		
				
					
					
						
							Continue shopping
						
					
					
						
							Proceed to checkout
						
						
				
			
		
		
	 
	

	
	
		Categories
		
			WomenTopsT-shirtsBlousesDressesCasual DressesEvening DressesSummer DressesDressesCasual DressesEvening DressesSummer DressesT-shirts
					
	
	
							
						
					
				
			
			
				
											


	
			>
					Women>Tops>T-shirts
			

										
						
					
					
												


	Catalog
	
		
			
																										
						                        
                            Size
                            
						
						
																																												
																							 
																						
																								S (1)
																							
										
																																							
																							 
																						
																								M (1)
																							
										
																																							
																							 
																						
																								L (1)
																							
										
																																															
					
																											
						                        
                            Color
                            
						
						
																																												
																							
																																		
																								Orange (1)
																							
										
																																							
																							
																																		
																								Blue (1)
																							
										
																																															
					
																											
						                        
                            Compositions
                            
						
						
																																												
																							 
																						
																								Cotton (1)
																							
										
																																															
					
																											
						                        
                            Styles
                            
						
						
																																												
																							 
																						
																								Casual (1)
																							
										
																																															
					
																											
						                        
                            Properties
                            
						
						
																																												
																							 
																						
																								Short Sleeve (1)
																							
										
																																															
					
																											
						                        
                            Availability
                            
						
						
																																																															
																							 
																						
																								In stock (1)
																							
										
																																															
					
																											
						                        
                            Manufacturer
                            
						
						
																																												
																							 
																						
																								Fashion Manufacturer (1)
																							
										
																																															
					
																											
						                        
                            Condition
                            
						
						
																																												
																							 
																						
																								New (1)
																							
										
																																																																																					
					
																											
						                        
                            Price
                            
						
						
																								
										Range:
									 
									$16.00 - $17.00
									
										
									
																												
					
												
			
																																																																																																			
	
	
		
			
			Loading...
		
	


	
			
			
				
					Information				
			
			
				
																							
								
									Delivery
								
							
																								
								
									Legal Notice
								
							
																								
								
									Terms and conditions of use
								
							
																								
								
									About us
								
							
																								
								
									Secure payment
								
							
																						
							
								Our stores
							
						
									
			
		
		


	
        
            Specials
        
    
	
    		
        	
            	
                    
                
                
                	
                        
                            Printed Summer Dress
                        
                    
                                        	
                            Long printed dress with thin...
                        
                                        
                    	                        	
                                $28.98
                                                            
                                                                                                                                 -5%
                                                                                         
                                $30.51
                                                            
                                            
                
            
		
		
			
                All specials
            
		
    	



	
		
			Our stores
		
	
	
		
			
				
			
		
				
			
				Discover our stores
			
		
	





	Viewed products
	
		
							
					
						
					
					
						
							
								Printed Summer Dress
							
						
						Long printed dress with thin...
					
				
					
	


																		
	

	    				
            	                     
                    
                                                    
                            
                                T-shirts                            
                                                            The must have of your wardrobe, take a look at our different colors,
shapes and style of our collection!
                                                        
                                             
                              
				T-shirts There is 1 product.

							
            	
            		
	View
    Grid
    List



	
		Sort by
		--
			--
							Price: Lowest first
				Price: Highest first
						Product Name: A to Z
			Product Name: Z to A
							In stock
						Reference: Lowest first
			Reference: Highest first
		
	


			
	
                								
		

				
                
                		
		
			Compare (0)
		
		
		
	
			
		
		
		
	
					
	
												
	
	    			
    
    	        	                        	                        	Showing 1 - 1 of 1 item
       	    
	

                
			
				
									
		
	
	
	
			
		
		
								
			
				
					
						
							
						
													
							
								
							
						
						
							Quick view
						
																			
																	
										$16.51									
									
																		
									
															
																							
					
					
				
				
					
												
							Faded Short Sleeve T-shirts
						
					
					
					
						Faded short sleeve t-shirt with high neckline. Soft and stretchy material for a comfortable fit. Accessorize with a straw hat and you' , "'" , 're ready for summer!
					
										
													
								$16.51							
							
														
							
											
										
																														
										Add to cart
									
																											
							More
						
					
											
					
			
							
		
					
			
							
		
	
										
																														
																		
																	
										In stock									
															
															
					 				
						

	
		Add to Wishlist
	

													
								Add to Compare
							
											
							
		
		





			
				
						
		
			Compare (0)
		
		
		
	
	
                    
	
												
	
	    			
    
    	        	                        	                        	Showing 1 - 1 of 1 item
       	    
	

				
			
								
										
				
			
							
				
					
						

	Newsletter
	
		
			
				
                
                    Ok
                
				
			
		
	



	
					
				
					Facebook
				
			
							
				
					Twitter
				
			
				                	
        		
        			Youtube
        		
        	
                        	
        		
        			Google Plus
        		
        	
                	
    Follow us




	Categories
	
		
			
												

	 
		Women
	
			
												

	 
		Tops
	
			
												

	
		T-shirts
	
	

																

	
		Blouses
	
	

									
	

																

	 
		Dresses
	
			
												

	
		Casual Dresses
	
	

																

	
		Evening Dresses
	
	

																

	
		Summer Dresses
	
	

									
	

									
	

							
										
		
	 


	
	
		Information
		
							
					
						Specials
					
				
									
				
					New products
				
			
										
					
						Best sellers
					
				
										
					
						Our stores
					
				
									
				
					Contact us
				
			
															
						
							Terms and conditions of use
						
					
																
						
							About us
						
					
													
				
					Sitemap
				
			
					
		
	
		
		
			© 2014 Ecommerce software by PrestaShop™
		
	
		


	My account
	
		
			My orders
						My credit slips
			My addresses
			My personal info
						
            Sign out		
	




	
        Store information
        
                        	
            		Selenium Framework, Research Triangle Park,
North Carolina,
USA            	
                                    	
            		Call us now: 
            		(347) 466-7432
            	
                                    	
            		Email: 
            		support@seleniumframework.com
            	
                    
    



					
				
					
/html[1]'))]' not found)
[[ATTACHMENT|C:\\Users\\mkabir\\Katalon Studio\\Automation Practice 1\\Reports\\Testing via Firefox\\20180403_145450\\1522763888177.png]]

2018-04-03 14:58:13 - [TEST_STEP][FAILED] - click: Unable to click on object 'Object Repository/IBM TEST/Page_T-shirts - My Store/a_color_2' (Root cause: com.kms.katalon.core.webui.exception.WebElementNotFoundException: Web element with id: 'Object Repository/IBM TEST/Page_T-shirts - My Store/a_color_2' located by 'By.xpath: //a[@href = 'http://automationpractice.com/index.php?id_product=1&controller=product#/size-s/color-blue' and @id = 'color_2']' not found)

2018-04-03 14:58:23 - [MESSAGE][FAILED] - Unable to click on object 'Object Repository/IBM TEST/Page_T-shirts - My Store/a_color_2' (Root cause: com.kms.katalon.core.webui.exception.WebElementNotFoundException: Web element with id: 'Object Repository/IBM TEST/Page_T-shirts - My Store/a_color_2' located by 'By.xpath: //a[@href = 'http://automationpractice.com/index.php?id_product=1&controller=product#/size-s/color-blue' and @id = 'color_2']' not found)
[[ATTACHMENT|C:\\Users\\mkabir\\Katalon Studio\\Automation Practice 1\\Reports\\Testing via Firefox\\20180403_145450\\1522763898805.png]]

2018-04-03 14:58:23 - [TEST_STEP][PASSED] - click: Object: 'Object Repository/IBM TEST/Page_Faded Short Sleeve T-shirts - (1)/span_Add to cart' is clicked on

2018-04-03 14:58:34 - [MESSAGE][PASSED] - Object: 'Object Repository/IBM TEST/Page_Faded Short Sleeve T-shirts - (1)/span_Add to cart' is clicked on

2018-04-03 14:58:34 - [TEST_STEP][PASSED] - click: Object: 'Object Repository/IBM TEST/Page_Faded Short Sleeve T-shirts - (1)/span_cross' is clicked on

2018-04-03 14:58:44 - [MESSAGE][PASSED] - Object: 'Object Repository/IBM TEST/Page_Faded Short Sleeve T-shirts - (1)/span_cross' is clicked on

2018-04-03 14:58:44 - [TEST_STEP][FAILED] - click: Unable to click on object 'Object Repository/IBM TEST/Page_Faded Short Sleeve T-shirts - (1)/a_Sign out' (Root cause: com.kms.katalon.core.webui.exception.WebElementNotFoundException: Web element with id: 'Object Repository/IBM TEST/Page_Faded Short Sleeve T-shirts - (1)/a_Sign out' located by 'By.xpath: //a[@href = 'http://automationpractice.com/index.php?mylogout=' and @title = 'Log me out' and (text() = '
			Sign out
		' or . = '
			Sign out
		')]' not found)

2018-04-03 14:58:55 - [MESSAGE][FAILED] - Unable to click on object 'Object Repository/IBM TEST/Page_Faded Short Sleeve T-shirts - (1)/a_Sign out' (Root cause: com.kms.katalon.core.webui.exception.WebElementNotFoundException: Web element with id: 'Object Repository/IBM TEST/Page_Faded Short Sleeve T-shirts - (1)/a_Sign out' located by 'By.xpath: //a[@href = 'http://automationpractice.com/index.php?mylogout=' and @title = 'Log me out' and (text() = '
			Sign out
		' or . = '
			Sign out
		')]' not found)
[[ATTACHMENT|C:\\Users\\mkabir\\Katalon Studio\\Automation Practice 1\\Reports\\Testing via Firefox\\20180403_145450\\1522763929977.png]]

2018-04-03 14:58:55 - [TEST_STEP][PASSED] - click: Object: 'Object Repository/IBM TEST/Page_Faded Short Sleeve T-shirts - (1)/a_Sign in' is clicked on

2018-04-03 14:59:06 - [MESSAGE][PASSED] - Object: 'Object Repository/IBM TEST/Page_Faded Short Sleeve T-shirts - (1)/a_Sign in' is clicked on

2018-04-03 14:59:06 - [TEST_STEP][PASSED] - setText: Text 'chapel.kabir@yahoo.com' is set on object 'Object Repository/IBM TEST/Page_Login - My Store (1)/input_email'

2018-04-03 14:59:26 - [MESSAGE][PASSED] - Text 'chapel.kabir@yahoo.com' is set on object 'Object Repository/IBM TEST/Page_Login - My Store (1)/input_email'

2018-04-03 14:59:26 - [TEST_STEP][PASSED] - setText: Text 'LaraSara26' is set on object 'Object Repository/IBM TEST/Page_Login - My Store (1)/input_passwd'

2018-04-03 14:59:46 - [MESSAGE][PASSED] - Text 'LaraSara26' is set on object 'Object Repository/IBM TEST/Page_Login - My Store (1)/input_passwd'

2018-04-03 14:59:46 - [TEST_STEP][PASSED] - click: Object: 'Object Repository/IBM TEST/Page_Login - My Store (1)/span_Sign in' is clicked on

2018-04-03 14:59:58 - [MESSAGE][PASSED] - Object: 'Object Repository/IBM TEST/Page_Login - My Store (1)/span_Sign in' is clicked on

2018-04-03 14:59:58 - [TEST_STEP][FAILED] - acceptAlert: No alert found

2018-04-03 15:00:08 - [MESSAGE][FAILED] - No alert found
[[ATTACHMENT|C:\\Users\\mkabir\\Katalon Studio\\Automation Practice 1\\Reports\\Testing via Firefox\\20180403_145450\\1522764003271.png]]

2018-04-03 15:00:08 - [TEST_STEP][PASSED] - closeBrowser: Browser is closed

2018-04-03 15:00:13 - [MESSAGE][PASSED] - Browser is closed]]></system-out>
         <system-err><![CDATA[2018-04-03 14:54:54 - [TEST_CASE][FAILED] - Test Cases/Verify a user can see previously added items in their shopping cart: Test Cases/Verify a user can see previously added items in their shopping cart FAILED because (of) Unable to click on object 'Object Repository/IBM TEST/Page_Dresses - My Store (1)/html_Dresses - My Store  var C' (Root cause: com.kms.katalon.core.webui.exception.WebElementNotFoundException: Web element with id: 'Object Repository/IBM TEST/Page_Dresses - My Store (1)/html_Dresses - My Store  var C' located by 'By.xpath: //html[(text() = concat('
		
		Dresses - My Store
		
		
		
		 
		 
		
		
			
			
			
			
			
			
			
			
			
			
			
			
			
			
			
			
			
			
			
			
			
			
			
			
			
			
			
			
			
		
var CUSTOMIZE_TEXTFIELD = 1;
var FancyboxI18nClose = ' , "'" , 'Close' , "'" , ';
var FancyboxI18nNext = ' , "'" , 'Next' , "'" , ';
var FancyboxI18nPrev = ' , "'" , 'Previous' , "'" , ';
var added_to_wishlist = ' , "'" , 'Added to your wishlist.' , "'" , ';
var ajax_allowed = true;
var ajaxsearch = true;
var baseDir = ' , "'" , 'http://automationpractice.com/' , "'" , ';
var baseUri = ' , "'" , 'http://automationpractice.com/index.php' , "'" , ';
var blocklayeredSliderName = {"price":"price","weight":"weight"};
var blocksearch_type = ' , "'" , 'top' , "'" , ';
var comparator_max_item = 3;
var comparedProductsIds = [];
var contentOnly = false;
var customizationIdMessage = ' , "'" , 'Customization #' , "'" , ';
var delete_txt = ' , "'" , 'Delete' , "'" , ';
var displayList = false;
var filters = [{"type_lite":"category","type":"category","id_key":0,"name":"Categories","values":{"9":{"name":"Casual Dresses","nbr":1,"link":"http:\/\/automationpractice.com\/index.php?id_category=8&controller=category#categories-casual_dresses","rel":"nofollow"},"10":{"name":"Evening Dresses","nbr":1,"link":"http:\/\/automationpractice.com\/index.php?id_category=8&controller=category#categories-evening_dresses","rel":"nofollow"},"11":{"name":"Summer Dresses","nbr":3,"link":"http:\/\/automationpractice.com\/index.php?id_category=8&controller=category#categories-summer_dresses","rel":"nofollow"}},"filter_show_limit":"0","filter_type":"0"},{"type_lite":"id_attribute_group","type":"id_attribute_group","id_key":1,"name":"Size","is_color_group":false,"values":{"1":{"color":"","name":"S","nbr":5,"url_name":null,"meta_title":null,"link":"http:\/\/automationpractice.com\/index.php?id_category=8&controller=category#size-s","rel":""},"2":{"color":"","name":"M","nbr":5,"url_name":null,"meta_title":null,"link":"http:\/\/automationpractice.com\/index.php?id_category=8&controller=category#size-m","rel":""},"3":{"color":"","name":"L","nbr":5,"url_name":null,"meta_title":null,"link":"http:\/\/automationpractice.com\/index.php?id_category=8&controller=category#size-l","rel":""}},"url_name":null,"meta_title":null,"filter_show_limit":"0","filter_type":"0"},{"type_lite":"id_attribute_group","type":"id_attribute_group","id_key":3,"name":"Color","is_color_group":true,"values":{"7":{"color":"#f5f5dc","name":"Beige","nbr":1,"url_name":null,"meta_title":null,"link":"http:\/\/automationpractice.com\/index.php?id_category=8&controller=category#color-beige","rel":""},"8":{"color":"#ffffff","name":"White","nbr":1,"url_name":null,"meta_title":null,"link":"http:\/\/automationpractice.com\/index.php?id_category=8&controller=category#color-white","rel":""},"11":{"color":"#434A54","name":"Black","nbr":1,"url_name":null,"meta_title":null,"link":"http:\/\/automationpractice.com\/index.php?id_category=8&controller=category#color-black","rel":""},"13":{"color":"#F39C11","name":"Orange","nbr":2,"url_name":null,"meta_title":null,"link":"http:\/\/automationpractice.com\/index.php?id_category=8&controller=category#color-orange","rel":""},"14":{"color":"#5D9CEC","name":"Blue","nbr":1,"url_name":null,"meta_title":null,"link":"http:\/\/automationpractice.com\/index.php?id_category=8&controller=category#color-blue","rel":""},"15":{"color":"#A0D468","name":"Green","nbr":1,"url_name":null,"meta_title":null,"link":"http:\/\/automationpractice.com\/index.php?id_category=8&controller=category#color-green","rel":""},"16":{"color":"#F1C40F","name":"Yellow","nbr":3,"url_name":null,"meta_title":null,"link":"http:\/\/automationpractice.com\/index.php?id_category=8&controller=category#color-yellow","rel":""},"24":{"color":"#FCCACD","name":"Pink","nbr":1,"url_name":null,"meta_title":null,"link":"http:\/\/automationpractice.com\/index.php?id_category=8&controller=category#color-pink","rel":""}},"url_name":null,"meta_title":null,"filter_show_limit":"0","filter_type":"0"},{"type_lite":"id_feature","type":"id_feature","id_key":5,"values":{"5":{"nbr":1,"name":"Cotton","url_name":null,"meta_title":null,"link":"http:\/\/automationpractice.com\/index.php?id_category=8&controller=category#compositions-cotton","rel":""},"1":{"nbr":2,"name":"Polyester","url_name":null,"meta_title":null,"link":"http:\/\/automationpractice.com\/index.php?id_category=8&controller=category#compositions-polyester","rel":""},"3":{"nbr":2,"name":"Viscose","url_name":null,"meta_title":null,"link":"http:\/\/automationpractice.com\/index.php?id_category=8&controller=category#compositions-viscose","rel":""}},"name":"Compositions","url_name":null,"meta_title":null,"filter_show_limit":"0","filter_type":"0"},{"type_lite":"id_feature","type":"id_feature","id_key":6,"values":{"11":{"nbr":1,"name":"Casual","url_name":null,"meta_title":null,"link":"http:\/\/automationpractice.com\/index.php?id_category=8&controller=category#styles-casual","rel":""},"16":{"nbr":1,"name":"Dressy","url_name":null,"meta_title":null,"link":"http:\/\/automationpractice.com\/index.php?id_category=8&controller=category#styles-dressy","rel":""},"13":{"nbr":3,"name":"Girly","url_name":null,"meta_title":null,"link":"http:\/\/automationpractice.com\/index.php?id_category=8&controller=category#styles-girly","rel":""}},"name":"Styles","url_name":null,"meta_title":null,"filter_show_limit":"0","filter_type":"0"},{"type_lite":"id_feature","type":"id_feature","id_key":7,"values":{"18":{"nbr":1,"name":"Colorful Dress","url_name":null,"meta_title":null,"link":"http:\/\/automationpractice.com\/index.php?id_category=8&controller=category#properties-colorful_dress","rel":""},"21":{"nbr":1,"name":"Maxi Dress","url_name":null,"meta_title":null,"link":"http:\/\/automationpractice.com\/index.php?id_category=8&controller=category#properties-maxi_dress","rel":""},"20":{"nbr":1,"name":"Midi Dress","url_name":null,"meta_title":null,"link":"http:\/\/automationpractice.com\/index.php?id_category=8&controller=category#properties-midi_dress","rel":""},"19":{"nbr":2,"name":"Short Dress","url_name":null,"meta_title":null,"link":"http:\/\/automationpractice.com\/index.php?id_category=8&controller=category#properties-short_dress","rel":""}},"name":"Properties","url_name":null,"meta_title":null,"filter_show_limit":"0","filter_type":"0"},{"type_lite":"quantity","type":"quantity","id_key":0,"name":"Availability","values":[{"name":"Not available","nbr":0,"link":"http:\/\/automationpractice.com\/index.php?id_category=8&controller=category#availability-not_available","rel":"nofollow"},{"name":"In stock","nbr":5,"link":"http:\/\/automationpractice.com\/index.php?id_category=8&controller=category#availability-in_stock","rel":"nofollow"}],"filter_show_limit":"0","filter_type":"0"},{"type_lite":"manufacturer","type":"manufacturer","id_key":0,"name":"Manufacturer","values":{"1":{"name":"Fashion Manufacturer","nbr":"5","link":"http:\/\/automationpractice.com\/index.php?id_category=8&controller=category#manufacturer-fashion_manufacturer","rel":"nofollow"}},"filter_show_limit":"0","filter_type":"0"},{"type_lite":"condition","type":"condition","id_key":0,"name":"Condition","values":{"new":{"name":"New","nbr":5,"link":"http:\/\/automationpractice.com\/index.php?id_category=8&controller=category#condition-new","rel":"nofollow"},"used":{"name":"Used","nbr":0,"link":"http:\/\/automationpractice.com\/index.php?id_category=8&controller=category#condition-used","rel":"nofollow"},"refurbished":{"name":"Refurbished","nbr":0,"link":"http:\/\/automationpractice.com\/index.php?id_category=8&controller=category#condition-refurbished","rel":"nofollow"}},"filter_show_limit":"0","filter_type":"0"},{"type_lite":"price","type":"price","id_key":0,"name":"Price","slider":true,"max":"53","min":"16","values":{"1":"53","0":"16"},"unit":"$","format":"1","filter_show_limit":"0","filter_type":"0"}];
var freeProductTranslation = ' , "'" , 'Free!' , "'" , ';
var freeShippingTranslation = ' , "'" , 'Free shipping!' , "'" , ';
var generated_date = 1522248415;
var id_lang = 1;
var img_dir = ' , "'" , 'http://automationpractice.com/themes/default-bootstrap/img/' , "'" , ';
var instantsearch = false;
var isGuest = 0;
var isLogged = 1;
var loggin_required = ' , "'" , 'You must be logged in to manage your wishlist.' , "'" , ';
var max_item = ' , "'" , 'You cannot add more than 3 product(s) to the product comparison' , "'" , ';
var min_item = ' , "'" , 'Please select at least one product' , "'" , ';
var mywishlist_url = ' , "'" , 'http://automationpractice.com/index.php?fc=module&module=blockwishlist&controller=mywishlist' , "'" , ';
var page_name = ' , "'" , 'category' , "'" , ';
var param_product_url = ' , "'" , '#' , "'" , ';
var placeholder_blocknewsletter = ' , "'" , 'Enter your e-mail' , "'" , ';
var priceDisplayMethod = 1;
var priceDisplayPrecision = 2;
var quickView = true;
var removingLinkText = ' , "'" , 'remove this product from my cart' , "'" , ';
var request = ' , "'" , 'http://automationpractice.com/index.php?id_category=8&controller=category' , "'" , ';
var roundMode = 2;
var search_url = ' , "'" , 'http://automationpractice.com/index.php?controller=search' , "'" , ';
var static_token = ' , "'" , 'b842f4a42956685333000db0ab174863' , "'" , ';
var token = ' , "'" , 'f0d7e4320d9dcd64ff64d5b43bc0abed' , "'" , ';
var usingSecureMode = false;
var wishlistProductsIds = false;


		
		
		
		
		
		
		
		
		
		
		
		
		
		
		
		
		
		
		
		
		
		
		
		
		
		
		
		
			
		
		
	.fancybox-margin{margin-right:17px;}#katalon{font-family:monospace;font-size:13px;background-color:rgba(0,0,0,.7);position:fixed;top:0;left:0;right:0;display:block;z-index:999999999;line-height: normal} #katalon div{padding:0;margin:0;color:#fff;} #katalon kbd{display:inline-block;padding:3px 5px;font:13px Consolas,"Liberation Mono",Menlo,Courier,monospace;line-height:10px;color:#555;vertical-align:middle;background-color:#fcfcfc;border:1px solid #ccc;border-bottom-color:#bbb;border-radius:3px;box-shadow:inset 0 -1px 0 #bbb;font-weight: bold} div#katalon-elementInfoDiv {color: lightblue; padding: 5px}
	
					
			
				
					
						
							
								
	


							
						
					
					
						
							
								
	
		Chapel Kabir
	

			
			Sign out
		
	




	Contact us

	
		Call us now: 0123-456-789
	

							
						
					
					
						
							
								
									
										
									
								
								

	
		
		
		
		
		
			Search
		
	



	
		
			Cart
			0
			Product
			Products
			
							
			(empty)
					
					
				
					
					
												
							No products
						
												
							
								
																			Free shipping!
																	
								
									Shipping
								
							
																					
								$0.00
								Total
							
													
						
							
								
									Check out
								
							
						
					
				
			
			


	
		
			
				
				
					Product successfully added to your shopping cart
				
				
				
				
					
					
					
						Quantity
						
					
					
						Total
						
					
				
			
			
				
					
					
						There are 0 items in your cart.
					
					
					
						There is 1 item in your cart.
					
				
	
				
					
						Total products
											
					
											
				
	
								
					
						Total shipping 					
					
													Free shipping!
											
				
									
					
						Total
											
					
											
				
					
					
						
							Continue shopping
						
					
					
						
							Proceed to checkout
						
						
				
			
		
		
	 
	

	
	
		Categories
		
			WomenTopsT-shirtsBlousesDressesCasual DressesEvening DressesSummer DressesDressesCasual DressesEvening DressesSummer DressesT-shirts
					
	
	
							
						
					
				
			
			
				
											


	
			>
					Women>Dresses
			

										
						
					
					
												

	
					Dresses
			
	
		
												

	
		Casual Dresses
	
	

																

	
		Evening Dresses
	
	

																

	
		Summer Dresses
	
	

									
	





	Catalog
	
		
			
																										
						                        
                            Categories
                            
						
						
																																												
																							 
																						
																								Casual Dresses (1)
																							
										
																																							
																							 
																						
																								Evening Dresses (1)
																							
										
																																							
																							 
																						
																								Summer Dresses (3)
																							
										
																																															
					
																											
						                        
                            Size
                            
						
						
																																												
																							 
																						
																								S (5)
																							
										
																																							
																							 
																						
																								M (5)
																							
										
																																							
																							 
																						
																								L (5)
																							
										
																																															
					
																											
						                        
                            Color
                            
						
						
																																												
																							
																																		
																								Beige (1)
																							
										
																																							
																							
																																		
																								White (1)
																							
										
																																							
																							
																																		
																								Black (1)
																							
										
																																							
																							
																																		
																								Orange (2)
																							
										
																																							
																							
																																		
																								Blue (1)
																							
										
																																							
																							
																																		
																								Green (1)
																							
										
																																							
																							
																																		
																								Yellow (3)
																							
										
																																							
																							
																																		
																								Pink (1)
																							
										
																																															
					
																											
						                        
                            Compositions
                            
						
						
																																												
																							 
																						
																								Cotton (1)
																							
										
																																							
																							 
																						
																								Polyester (2)
																							
										
																																							
																							 
																						
																								Viscose (2)
																							
										
																																															
					
																											
						                        
                            Styles
                            
						
						
																																												
																							 
																						
																								Casual (1)
																							
										
																																							
																							 
																						
																								Dressy (1)
																							
										
																																							
																							 
																						
																								Girly (3)
																							
										
																																															
					
																											
						                        
                            Properties
                            
						
						
																																												
																							 
																						
																								Colorful Dress (1)
																							
										
																																							
																							 
																						
																								Maxi Dress (1)
																							
										
																																							
																							 
																						
																								Midi Dress (1)
																							
										
																																							
																							 
																						
																								Short Dress (2)
																							
										
																																															
					
																											
						                        
                            Availability
                            
						
						
																																																															
																							 
																						
																								In stock (5)
																							
										
																																															
					
																											
						                        
                            Manufacturer
                            
						
						
																																												
																							 
																						
																								Fashion Manufacturer (5)
																							
										
																																															
					
																											
						                        
                            Condition
                            
						
						
																																												
																							 
																						
																								New (5)
																							
										
																																																																																					
					
																											
						                        
                            Price
                            
						
						
																								
										Range:
									 
									$16.00 - $53.00
									
										
									
																												
					
												
			
																																																																																																																																																																												
	
	
		
			
			Loading...
		
	


	
			
			
				
					Information				
			
			
				
																							
								
									Delivery
								
							
																								
								
									Legal Notice
								
							
																								
								
									Terms and conditions of use
								
							
																								
								
									About us
								
							
																								
								
									Secure payment
								
							
																						
							
								Our stores
							
						
									
			
		
		


	
        
            Specials
        
    
	
    		
        	
            	
                    
                
                
                	
                        
                            Printed Chiffon Dress
                        
                    
                                        	
                            Printed chiffon knee length dress...
                        
                                        
                    	                        	
                                $16.40
                                                            
                                                                                                                                 -20%
                                                                                         
                                $20.50
                                                            
                                            
                
            
		
		
			
                All specials
            
		
    	



	
		
			Our stores
		
	
	
		
			
				
			
		
				
			
				Discover our stores
			
		
	



																		
	

	    				
            	                     
                    
                                                    
                            
                                Dresses                            
                                                            Find your favorites dresses from our wide choice of evening, casual or summer dresses!
We offer dresses for every day, every style and every occasion.
                                                        
                                             
                              
				Dresses There are 5 products.

		        		
		
			Subcategories
			
							
                	
						
													
											
                   	
					Casual Dresses
											You are looking for a dress for every day? Take a look at
our selection of dresses to find one that suits you.
									
							
                	
						
													
											
                   	
					Evening Dresses
											Browse our different dresses to choose the perfect dress for an unforgettable evening!
									
							
                	
						
													
											
                   	
					Summer Dresses
											Short dress, long dress, silk dress, printed dress, you will find the perfect dress for summer.
									
						
		
        							
            	
            		
	View
    Grid
    List



	
		Sort by
		--
			--
							Price: Lowest first
				Price: Highest first
						Product Name: A to Z
			Product Name: Z to A
							In stock
						Reference: Lowest first
			Reference: Highest first
		
	


			
	
                								
		

				
                
                		
		
			Compare (0)
		
		
		
	
			
		
		
		
	
					
	
												
	
	    			
    
    	        	                        	                        	Showing 1 - 5 of 5 items
		    
	

                
			
				
									
		
	
	
	
			
		
		
								
			
				
					
						
							
						
													
							
								
							
						
						
							Quick view
						
																			
																	
										$26.00									
									
																		
									
															
																							
					
					
				
				
					
												
							Printed Dress
						
					
					
					
						100% cotton double printed dress. Black and white striped top and orange high waisted skater skirt bottom.
					
										
													
								$26.00							
							
														
							
											
										
																														
										Add to cart
									
																											
							More
						
					
											
					
			
							
		
	
										
																														
																		
																	
										In stock									
															
															
					 				
						

	
		Add to Wishlist
	

													
								Add to Compare
							
											
							
		
			
		
		
								
			
				
					
						
							
						
													
							
								
							
						
						
							Quick view
						
																			
																	
										$50.99									
									
																		
									
															
																							
					
					
				
				
					
												
							Printed Dress
						
					
					
					
						Printed evening dress with straight sleeves with black thin waist belt and ruffled linings.
					
										
													
								$50.99							
							
														
							
											
										
																														
										Add to cart
									
																											
							More
						
					
											
					
			
							
		
					
			
							
		
	
										
																														
																		
																	
										In stock									
															
															
					 				
						

	
		Add to Wishlist
	

													
								Add to Compare
							
											
							
		
			
		
		
								
			
				
					
						
							
						
													
							
								
							
						
						
							Quick view
						
																			
																	
										$28.98									
									
																			
										
											$30.51
										
																					-5%
																												
									
															
																							
					
					
				
				
					
												
							Printed Summer Dress
						
					
					
					
						Long printed dress with thin adjustable straps. V-neckline and wiring under the bust with ruffles at the bottom of the dress.
					
										
													
								$28.98							
							
															
								
									$30.51
								
								
																	-5%
																						
							
											
										
																														
										Add to cart
									
																											
							More
						
					
											
					
			
							
		
					
			
							
		
					
			
							
		
					
			
							
		
	
										
																																	Reduced price!
												
																		
																	
										In stock									
															
															
					 				
						

	
		Add to Wishlist
	

													
								Add to Compare
							
											
							
		
			
		
		
								
			
				
					
						
							
						
													
							
								
							
						
						
							Quick view
						
																			
																	
										$30.50									
									
																		
									
															
																							
					
					
				
				
					
												
							Printed Summer Dress
						
					
					
					
						Sleeveless knee-length chiffon dress. V-neckline with elastic under the bust lining.
					
										
													
								$30.50							
							
														
							
											
										
																														
										Add to cart
									
																											
							More
						
					
											
					
			
							
		
					
			
							
		
	
										
																														
																		
																	
										In stock									
															
															
					 				
						

	
		Add to Wishlist
	

													
								Add to Compare
							
											
							
		
			
		
		
								
			
				
					
						
							
						
													
							
								
							
						
						
							Quick view
						
																			
																	
										$16.40									
									
																			
										
											$20.50
										
																					-20%
																												
									
															
																							
					
					
				
				
					
												
							Printed Chiffon Dress
						
					
					
					
						Printed chiffon knee length dress with tank straps. Deep v-neckline.
					
										
													
								$16.40							
							
															
								
									$20.50
								
								
																	-20%
																						
							
											
										
																														
										Add to cart
									
																											
							More
						
					
											
					
			
							
		
					
			
							
		
	
										
																																	Reduced price!
												
																		
																	
										In stock									
															
															
					 				
						

	
		Add to Wishlist
	

													
								Add to Compare
							
											
							
		
		





			
				
						
		
			Compare (0)
		
		
		
	
	
                    
	
												
	
	    			
    
    	        	                        	                        	Showing 1 - 5 of 5 items
		    
	

				
			
								
										
				
			
							
				
					
						

	Newsletter
	
		
			
				
                
                    Ok
                
				
			
		
	



	
					
				
					Facebook
				
			
							
				
					Twitter
				
			
				                	
        		
        			Youtube
        		
        	
                        	
        		
        			Google Plus
        		
        	
                	
    Follow us




	Categories
	
		
			
												

	 
		Women
	
			
												

	 
		Tops
	
			
												

	
		T-shirts
	
	

																

	
		Blouses
	
	

									
	

																

	 
		Dresses
	
			
												

	
		Casual Dresses
	
	

																

	
		Evening Dresses
	
	

																

	
		Summer Dresses
	
	

									
	

									
	

							
										
		
	 


	
	
		Information
		
							
					
						Specials
					
				
									
				
					New products
				
			
										
					
						Best sellers
					
				
										
					
						Our stores
					
				
									
				
					Contact us
				
			
															
						
							Terms and conditions of use
						
					
																
						
							About us
						
					
													
				
					Sitemap
				
			
					
		
	
		
		
			© 2014 Ecommerce software by PrestaShop™
		
	
		


	My account
	
		
			My orders
						My credit slips
			My addresses
			My personal info
						
            Sign out		
	




	
        Store information
        
                        	
            		Selenium Framework, Research Triangle Park,
North Carolina,
USA            	
                                    	
            		Call us now: 
            		(347) 466-7432
            	
                                    	
            		Email: 
            		support@seleniumframework.com
            	
                    
    



					
				
					
/html[1]') or . = concat('
		
		Dresses - My Store
		
		
		
		 
		 
		
		
			
			
			
			
			
			
			
			
			
			
			
			
			
			
			
			
			
			
			
			
			
			
			
			
			
			
			
			
			
		
var CUSTOMIZE_TEXTFIELD = 1;
var FancyboxI18nClose = ' , "'" , 'Close' , "'" , ';
var FancyboxI18nNext = ' , "'" , 'Next' , "'" , ';
var FancyboxI18nPrev = ' , "'" , 'Previous' , "'" , ';
var added_to_wishlist = ' , "'" , 'Added to your wishlist.' , "'" , ';
var ajax_allowed = true;
var ajaxsearch = true;
var baseDir = ' , "'" , 'http://automationpractice.com/' , "'" , ';
var baseUri = ' , "'" , 'http://automationpractice.com/index.php' , "'" , ';
var blocklayeredSliderName = {"price":"price","weight":"weight"};
var blocksearch_type = ' , "'" , 'top' , "'" , ';
var comparator_max_item = 3;
var comparedProductsIds = [];
var contentOnly = false;
var customizationIdMessage = ' , "'" , 'Customization #' , "'" , ';
var delete_txt = ' , "'" , 'Delete' , "'" , ';
var displayList = false;
var filters = [{"type_lite":"category","type":"category","id_key":0,"name":"Categories","values":{"9":{"name":"Casual Dresses","nbr":1,"link":"http:\/\/automationpractice.com\/index.php?id_category=8&controller=category#categories-casual_dresses","rel":"nofollow"},"10":{"name":"Evening Dresses","nbr":1,"link":"http:\/\/automationpractice.com\/index.php?id_category=8&controller=category#categories-evening_dresses","rel":"nofollow"},"11":{"name":"Summer Dresses","nbr":3,"link":"http:\/\/automationpractice.com\/index.php?id_category=8&controller=category#categories-summer_dresses","rel":"nofollow"}},"filter_show_limit":"0","filter_type":"0"},{"type_lite":"id_attribute_group","type":"id_attribute_group","id_key":1,"name":"Size","is_color_group":false,"values":{"1":{"color":"","name":"S","nbr":5,"url_name":null,"meta_title":null,"link":"http:\/\/automationpractice.com\/index.php?id_category=8&controller=category#size-s","rel":""},"2":{"color":"","name":"M","nbr":5,"url_name":null,"meta_title":null,"link":"http:\/\/automationpractice.com\/index.php?id_category=8&controller=category#size-m","rel":""},"3":{"color":"","name":"L","nbr":5,"url_name":null,"meta_title":null,"link":"http:\/\/automationpractice.com\/index.php?id_category=8&controller=category#size-l","rel":""}},"url_name":null,"meta_title":null,"filter_show_limit":"0","filter_type":"0"},{"type_lite":"id_attribute_group","type":"id_attribute_group","id_key":3,"name":"Color","is_color_group":true,"values":{"7":{"color":"#f5f5dc","name":"Beige","nbr":1,"url_name":null,"meta_title":null,"link":"http:\/\/automationpractice.com\/index.php?id_category=8&controller=category#color-beige","rel":""},"8":{"color":"#ffffff","name":"White","nbr":1,"url_name":null,"meta_title":null,"link":"http:\/\/automationpractice.com\/index.php?id_category=8&controller=category#color-white","rel":""},"11":{"color":"#434A54","name":"Black","nbr":1,"url_name":null,"meta_title":null,"link":"http:\/\/automationpractice.com\/index.php?id_category=8&controller=category#color-black","rel":""},"13":{"color":"#F39C11","name":"Orange","nbr":2,"url_name":null,"meta_title":null,"link":"http:\/\/automationpractice.com\/index.php?id_category=8&controller=category#color-orange","rel":""},"14":{"color":"#5D9CEC","name":"Blue","nbr":1,"url_name":null,"meta_title":null,"link":"http:\/\/automationpractice.com\/index.php?id_category=8&controller=category#color-blue","rel":""},"15":{"color":"#A0D468","name":"Green","nbr":1,"url_name":null,"meta_title":null,"link":"http:\/\/automationpractice.com\/index.php?id_category=8&controller=category#color-green","rel":""},"16":{"color":"#F1C40F","name":"Yellow","nbr":3,"url_name":null,"meta_title":null,"link":"http:\/\/automationpractice.com\/index.php?id_category=8&controller=category#color-yellow","rel":""},"24":{"color":"#FCCACD","name":"Pink","nbr":1,"url_name":null,"meta_title":null,"link":"http:\/\/automationpractice.com\/index.php?id_category=8&controller=category#color-pink","rel":""}},"url_name":null,"meta_title":null,"filter_show_limit":"0","filter_type":"0"},{"type_lite":"id_feature","type":"id_feature","id_key":5,"values":{"5":{"nbr":1,"name":"Cotton","url_name":null,"meta_title":null,"link":"http:\/\/automationpractice.com\/index.php?id_category=8&controller=category#compositions-cotton","rel":""},"1":{"nbr":2,"name":"Polyester","url_name":null,"meta_title":null,"link":"http:\/\/automationpractice.com\/index.php?id_category=8&controller=category#compositions-polyester","rel":""},"3":{"nbr":2,"name":"Viscose","url_name":null,"meta_title":null,"link":"http:\/\/automationpractice.com\/index.php?id_category=8&controller=category#compositions-viscose","rel":""}},"name":"Compositions","url_name":null,"meta_title":null,"filter_show_limit":"0","filter_type":"0"},{"type_lite":"id_feature","type":"id_feature","id_key":6,"values":{"11":{"nbr":1,"name":"Casual","url_name":null,"meta_title":null,"link":"http:\/\/automationpractice.com\/index.php?id_category=8&controller=category#styles-casual","rel":""},"16":{"nbr":1,"name":"Dressy","url_name":null,"meta_title":null,"link":"http:\/\/automationpractice.com\/index.php?id_category=8&controller=category#styles-dressy","rel":""},"13":{"nbr":3,"name":"Girly","url_name":null,"meta_title":null,"link":"http:\/\/automationpractice.com\/index.php?id_category=8&controller=category#styles-girly","rel":""}},"name":"Styles","url_name":null,"meta_title":null,"filter_show_limit":"0","filter_type":"0"},{"type_lite":"id_feature","type":"id_feature","id_key":7,"values":{"18":{"nbr":1,"name":"Colorful Dress","url_name":null,"meta_title":null,"link":"http:\/\/automationpractice.com\/index.php?id_category=8&controller=category#properties-colorful_dress","rel":""},"21":{"nbr":1,"name":"Maxi Dress","url_name":null,"meta_title":null,"link":"http:\/\/automationpractice.com\/index.php?id_category=8&controller=category#properties-maxi_dress","rel":""},"20":{"nbr":1,"name":"Midi Dress","url_name":null,"meta_title":null,"link":"http:\/\/automationpractice.com\/index.php?id_category=8&controller=category#properties-midi_dress","rel":""},"19":{"nbr":2,"name":"Short Dress","url_name":null,"meta_title":null,"link":"http:\/\/automationpractice.com\/index.php?id_category=8&controller=category#properties-short_dress","rel":""}},"name":"Properties","url_name":null,"meta_title":null,"filter_show_limit":"0","filter_type":"0"},{"type_lite":"quantity","type":"quantity","id_key":0,"name":"Availability","values":[{"name":"Not available","nbr":0,"link":"http:\/\/automationpractice.com\/index.php?id_category=8&controller=category#availability-not_available","rel":"nofollow"},{"name":"In stock","nbr":5,"link":"http:\/\/automationpractice.com\/index.php?id_category=8&controller=category#availability-in_stock","rel":"nofollow"}],"filter_show_limit":"0","filter_type":"0"},{"type_lite":"manufacturer","type":"manufacturer","id_key":0,"name":"Manufacturer","values":{"1":{"name":"Fashion Manufacturer","nbr":"5","link":"http:\/\/automationpractice.com\/index.php?id_category=8&controller=category#manufacturer-fashion_manufacturer","rel":"nofollow"}},"filter_show_limit":"0","filter_type":"0"},{"type_lite":"condition","type":"condition","id_key":0,"name":"Condition","values":{"new":{"name":"New","nbr":5,"link":"http:\/\/automationpractice.com\/index.php?id_category=8&controller=category#condition-new","rel":"nofollow"},"used":{"name":"Used","nbr":0,"link":"http:\/\/automationpractice.com\/index.php?id_category=8&controller=category#condition-used","rel":"nofollow"},"refurbished":{"name":"Refurbished","nbr":0,"link":"http:\/\/automationpractice.com\/index.php?id_category=8&controller=category#condition-refurbished","rel":"nofollow"}},"filter_show_limit":"0","filter_type":"0"},{"type_lite":"price","type":"price","id_key":0,"name":"Price","slider":true,"max":"53","min":"16","values":{"1":"53","0":"16"},"unit":"$","format":"1","filter_show_limit":"0","filter_type":"0"}];
var freeProductTranslation = ' , "'" , 'Free!' , "'" , ';
var freeShippingTranslation = ' , "'" , 'Free shipping!' , "'" , ';
var generated_date = 1522248415;
var id_lang = 1;
var img_dir = ' , "'" , 'http://automationpractice.com/themes/default-bootstrap/img/' , "'" , ';
var instantsearch = false;
var isGuest = 0;
var isLogged = 1;
var loggin_required = ' , "'" , 'You must be logged in to manage your wishlist.' , "'" , ';
var max_item = ' , "'" , 'You cannot add more than 3 product(s) to the product comparison' , "'" , ';
var min_item = ' , "'" , 'Please select at least one product' , "'" , ';
var mywishlist_url = ' , "'" , 'http://automationpractice.com/index.php?fc=module&module=blockwishlist&controller=mywishlist' , "'" , ';
var page_name = ' , "'" , 'category' , "'" , ';
var param_product_url = ' , "'" , '#' , "'" , ';
var placeholder_blocknewsletter = ' , "'" , 'Enter your e-mail' , "'" , ';
var priceDisplayMethod = 1;
var priceDisplayPrecision = 2;
var quickView = true;
var removingLinkText = ' , "'" , 'remove this product from my cart' , "'" , ';
var request = ' , "'" , 'http://automationpractice.com/index.php?id_category=8&controller=category' , "'" , ';
var roundMode = 2;
var search_url = ' , "'" , 'http://automationpractice.com/index.php?controller=search' , "'" , ';
var static_token = ' , "'" , 'b842f4a42956685333000db0ab174863' , "'" , ';
var token = ' , "'" , 'f0d7e4320d9dcd64ff64d5b43bc0abed' , "'" , ';
var usingSecureMode = false;
var wishlistProductsIds = false;


		
		
		
		
		
		
		
		
		
		
		
		
		
		
		
		
		
		
		
		
		
		
		
		
		
		
		
		
			
		
		
	.fancybox-margin{margin-right:17px;}#katalon{font-family:monospace;font-size:13px;background-color:rgba(0,0,0,.7);position:fixed;top:0;left:0;right:0;display:block;z-index:999999999;line-height: normal} #katalon div{padding:0;margin:0;color:#fff;} #katalon kbd{display:inline-block;padding:3px 5px;font:13px Consolas,"Liberation Mono",Menlo,Courier,monospace;line-height:10px;color:#555;vertical-align:middle;background-color:#fcfcfc;border:1px solid #ccc;border-bottom-color:#bbb;border-radius:3px;box-shadow:inset 0 -1px 0 #bbb;font-weight: bold} div#katalon-elementInfoDiv {color: lightblue; padding: 5px}
	
					
			
				
					
						
							
								
	


							
						
					
					
						
							
								
	
		Chapel Kabir
	

			
			Sign out
		
	




	Contact us

	
		Call us now: 0123-456-789
	

							
						
					
					
						
							
								
									
										
									
								
								

	
		
		
		
		
		
			Search
		
	



	
		
			Cart
			0
			Product
			Products
			
							
			(empty)
					
					
				
					
					
												
							No products
						
												
							
								
																			Free shipping!
																	
								
									Shipping
								
							
																					
								$0.00
								Total
							
													
						
							
								
									Check out
								
							
						
					
				
			
			


	
		
			
				
				
					Product successfully added to your shopping cart
				
				
				
				
					
					
					
						Quantity
						
					
					
						Total
						
					
				
			
			
				
					
					
						There are 0 items in your cart.
					
					
					
						There is 1 item in your cart.
					
				
	
				
					
						Total products
											
					
											
				
	
								
					
						Total shipping 					
					
													Free shipping!
											
				
									
					
						Total
											
					
											
				
					
					
						
							Continue shopping
						
					
					
						
							Proceed to checkout
						
						
				
			
		
		
	 
	

	
	
		Categories
		
			WomenTopsT-shirtsBlousesDressesCasual DressesEvening DressesSummer DressesDressesCasual DressesEvening DressesSummer DressesT-shirts
					
	
	
							
						
					
				
			
			
				
											


	
			>
					Women>Dresses
			

										
						
					
					
												

	
					Dresses
			
	
		
												

	
		Casual Dresses
	
	

																

	
		Evening Dresses
	
	

																

	
		Summer Dresses
	
	

									
	





	Catalog
	
		
			
																										
						                        
                            Categories
                            
						
						
																																												
																							 
																						
																								Casual Dresses (1)
																							
										
																																							
																							 
																						
																								Evening Dresses (1)
																							
										
																																							
																							 
																						
																								Summer Dresses (3)
																							
										
																																															
					
																											
						                        
                            Size
                            
						
						
																																												
																							 
																						
																								S (5)
																							
										
																																							
																							 
																						
																								M (5)
																							
										
																																							
																							 
																						
																								L (5)
																							
										
																																															
					
																											
						                        
                            Color
                            
						
						
																																												
																							
																																		
																								Beige (1)
																							
										
																																							
																							
																																		
																								White (1)
																							
										
																																							
																							
																																		
																								Black (1)
																							
										
																																							
																							
																																		
																								Orange (2)
																							
										
																																							
																							
																																		
																								Blue (1)
																							
										
																																							
																							
																																		
																								Green (1)
																							
										
																																							
																							
																																		
																								Yellow (3)
																							
										
																																							
																							
																																		
																								Pink (1)
																							
										
																																															
					
																											
						                        
                            Compositions
                            
						
						
																																												
																							 
																						
																								Cotton (1)
																							
										
																																							
																							 
																						
																								Polyester (2)
																							
										
																																							
																							 
																						
																								Viscose (2)
																							
										
																																															
					
																											
						                        
                            Styles
                            
						
						
																																												
																							 
																						
																								Casual (1)
																							
										
																																							
																							 
																						
																								Dressy (1)
																							
										
																																							
																							 
																						
																								Girly (3)
																							
										
																																															
					
																											
						                        
                            Properties
                            
						
						
																																												
																							 
																						
																								Colorful Dress (1)
																							
										
																																							
																							 
																						
																								Maxi Dress (1)
																							
										
																																							
																							 
																						
																								Midi Dress (1)
																							
										
																																							
																							 
																						
																								Short Dress (2)
																							
										
																																															
					
																											
						                        
                            Availability
                            
						
						
																																																															
																							 
																						
																								In stock (5)
																							
										
																																															
					
																											
						                        
                            Manufacturer
                            
						
						
																																												
																							 
																						
																								Fashion Manufacturer (5)
																							
										
																																															
					
																											
						                        
                            Condition
                            
						
						
																																												
																							 
																						
																								New (5)
																							
										
																																																																																					
					
																											
						                        
                            Price
                            
						
						
																								
										Range:
									 
									$16.00 - $53.00
									
										
									
																												
					
												
			
																																																																																																																																																																												
	
	
		
			
			Loading...
		
	


	
			
			
				
					Information				
			
			
				
																							
								
									Delivery
								
							
																								
								
									Legal Notice
								
							
																								
								
									Terms and conditions of use
								
							
																								
								
									About us
								
							
																								
								
									Secure payment
								
							
																						
							
								Our stores
							
						
									
			
		
		


	
        
            Specials
        
    
	
    		
        	
            	
                    
                
                
                	
                        
                            Printed Chiffon Dress
                        
                    
                                        	
                            Printed chiffon knee length dress...
                        
                                        
                    	                        	
                                $16.40
                                                            
                                                                                                                                 -20%
                                                                                         
                                $20.50
                                                            
                                            
                
            
		
		
			
                All specials
            
		
    	



	
		
			Our stores
		
	
	
		
			
				
			
		
				
			
				Discover our stores
			
		
	



																		
	

	    				
            	                     
                    
                                                    
                            
                                Dresses                            
                                                            Find your favorites dresses from our wide choice of evening, casual or summer dresses!
We offer dresses for every day, every style and every occasion.
                                                        
                                             
                              
				Dresses There are 5 products.

		        		
		
			Subcategories
			
							
                	
						
													
											
                   	
					Casual Dresses
											You are looking for a dress for every day? Take a look at
our selection of dresses to find one that suits you.
									
							
                	
						
													
											
                   	
					Evening Dresses
											Browse our different dresses to choose the perfect dress for an unforgettable evening!
									
							
                	
						
													
											
                   	
					Summer Dresses
											Short dress, long dress, silk dress, printed dress, you will find the perfect dress for summer.
									
						
		
        							
            	
            		
	View
    Grid
    List



	
		Sort by
		--
			--
							Price: Lowest first
				Price: Highest first
						Product Name: A to Z
			Product Name: Z to A
							In stock
						Reference: Lowest first
			Reference: Highest first
		
	


			
	
                								
		

				
                
                		
		
			Compare (0)
		
		
		
	
			
		
		
		
	
					
	
												
	
	    			
    
    	        	                        	                        	Showing 1 - 5 of 5 items
		    
	

                
			
				
									
		
	
	
	
			
		
		
								
			
				
					
						
							
						
													
							
								
							
						
						
							Quick view
						
																			
																	
										$26.00									
									
																		
									
															
																							
					
					
				
				
					
												
							Printed Dress
						
					
					
					
						100% cotton double printed dress. Black and white striped top and orange high waisted skater skirt bottom.
					
										
													
								$26.00							
							
														
							
											
										
																														
										Add to cart
									
																											
							More
						
					
											
					
			
							
		
	
										
																														
																		
																	
										In stock									
															
															
					 				
						

	
		Add to Wishlist
	

													
								Add to Compare
							
											
							
		
			
		
		
								
			
				
					
						
							
						
													
							
								
							
						
						
							Quick view
						
																			
																	
										$50.99									
									
																		
									
															
																							
					
					
				
				
					
												
							Printed Dress
						
					
					
					
						Printed evening dress with straight sleeves with black thin waist belt and ruffled linings.
					
										
													
								$50.99							
							
														
							
											
										
																														
										Add to cart
									
																											
							More
						
					
											
					
			
							
		
					
			
							
		
	
										
																														
																		
																	
										In stock									
															
															
					 				
						

	
		Add to Wishlist
	

													
								Add to Compare
							
											
							
		
			
		
		
								
			
				
					
						
							
						
													
							
								
							
						
						
							Quick view
						
																			
																	
										$28.98									
									
																			
										
											$30.51
										
																					-5%
																												
									
															
																							
					
					
				
				
					
												
							Printed Summer Dress
						
					
					
					
						Long printed dress with thin adjustable straps. V-neckline and wiring under the bust with ruffles at the bottom of the dress.
					
										
													
								$28.98							
							
															
								
									$30.51
								
								
																	-5%
																						
							
											
										
																														
										Add to cart
									
																											
							More
						
					
											
					
			
							
		
					
			
							
		
					
			
							
		
					
			
							
		
	
										
																																	Reduced price!
												
																		
																	
										In stock									
															
															
					 				
						

	
		Add to Wishlist
	

													
								Add to Compare
							
											
							
		
			
		
		
								
			
				
					
						
							
						
													
							
								
							
						
						
							Quick view
						
																			
																	
										$30.50									
									
																		
									
															
																							
					
					
				
				
					
												
							Printed Summer Dress
						
					
					
					
						Sleeveless knee-length chiffon dress. V-neckline with elastic under the bust lining.
					
										
													
								$30.50							
							
														
							
											
										
																														
										Add to cart
									
																											
							More
						
					
											
					
			
							
		
					
			
							
		
	
										
																														
																		
																	
										In stock									
															
															
					 				
						

	
		Add to Wishlist
	

													
								Add to Compare
							
											
							
		
			
		
		
								
			
				
					
						
							
						
													
							
								
							
						
						
							Quick view
						
																			
																	
										$16.40									
									
																			
										
											$20.50
										
																					-20%
																												
									
															
																							
					
					
				
				
					
												
							Printed Chiffon Dress
						
					
					
					
						Printed chiffon knee length dress with tank straps. Deep v-neckline.
					
										
													
								$16.40							
							
															
								
									$20.50
								
								
																	-20%
																						
							
											
										
																														
										Add to cart
									
																											
							More
						
					
											
					
			
							
		
					
			
							
		
	
										
																																	Reduced price!
												
																		
																	
										In stock									
															
															
					 				
						

	
		Add to Wishlist
	

													
								Add to Compare
							
											
							
		
		





			
				
						
		
			Compare (0)
		
		
		
	
	
                    
	
												
	
	    			
    
    	        	                        	                        	Showing 1 - 5 of 5 items
		    
	

				
			
								
										
				
			
							
				
					
						

	Newsletter
	
		
			
				
                
                    Ok
                
				
			
		
	



	
					
				
					Facebook
				
			
							
				
					Twitter
				
			
				                	
        		
        			Youtube
        		
        	
                        	
        		
        			Google Plus
        		
        	
                	
    Follow us




	Categories
	
		
			
												

	 
		Women
	
			
												

	 
		Tops
	
			
												

	
		T-shirts
	
	

																

	
		Blouses
	
	

									
	

																

	 
		Dresses
	
			
												

	
		Casual Dresses
	
	

																

	
		Evening Dresses
	
	

																

	
		Summer Dresses
	
	

									
	

									
	

							
										
		
	 


	
	
		Information
		
							
					
						Specials
					
				
									
				
					New products
				
			
										
					
						Best sellers
					
				
										
					
						Our stores
					
				
									
				
					Contact us
				
			
															
						
							Terms and conditions of use
						
					
																
						
							About us
						
					
													
				
					Sitemap
				
			
					
		
	
		
		
			© 2014 Ecommerce software by PrestaShop™
		
	
		


	My account
	
		
			My orders
						My credit slips
			My addresses
			My personal info
						
            Sign out		
	




	
        Store information
        
                        	
            		Selenium Framework, Research Triangle Park,
North Carolina,
USA            	
                                    	
            		Call us now: 
            		(347) 466-7432
            	
                                    	
            		Email: 
            		support@seleniumframework.com
            	
                    
    



					
				
					
/html[1]'))]' not found)]]></system-err>
      </testcase>
      <testcase name="Test Cases/Verify Browsing around the menus works without error" classname="Test Cases/Verify Browsing around the menus works without error" status="FAILED">
         <failure type="FAILED" message="Unable to click on object (Root cause: java.lang.IllegalArgumentException: Object is null)"/>
         <system-out><![CDATA[2018-04-03 15:00:13 - [TEST_CASE][FAILED] - Test Cases/Verify Browsing around the menus works without error: Test Cases/Verify Browsing around the menus works without error FAILED because (of) Unable to click on object (Root cause: java.lang.IllegalArgumentException: Object is null)

2018-04-03 15:00:14 - [TEST_STEP][PASSED] - openBrowser: Browser is opened with url: ''

2018-04-03 15:00:28 - [MESSAGE][PASSED] - Browser is opened with url: ''

2018-04-03 15:00:28 - [TEST_STEP][PASSED] - navigateToUrl: Navigate to 'http://automationpractice.com/index.php' successfully

2018-04-03 15:00:36 - [MESSAGE][PASSED] - Navigate to 'http://automationpractice.com/index.php' successfully

2018-04-03 15:00:36 - [TEST_STEP][FAILED] - click: Unable to click on object (Root cause: java.lang.IllegalArgumentException: Object is null)

2018-04-03 15:00:36 - [MESSAGE][WARNING] - Test object with id 'Object Repository/Page_My Store (2)/a_Women' does not exist

2018-04-03 15:00:36 - [MESSAGE][WARNING] - Test object with id 'Object Repository/' does not exist

2018-04-03 15:00:41 - [MESSAGE][FAILED] - Unable to click on object (Root cause: java.lang.IllegalArgumentException: Object is null)
[[ATTACHMENT|C:\\Users\\mkabir\\Katalon Studio\\Automation Practice 1\\Reports\\Testing via Firefox\\20180403_145450\\1522764036160.png]]

2018-04-03 15:00:41 - [TEST_STEP][FAILED] - click: Unable to click on object (Root cause: java.lang.IllegalArgumentException: Object is null)

2018-04-03 15:00:41 - [MESSAGE][WARNING] - Test object with id 'Object Repository/Page_Women - My Store (1)/a_Dresses' does not exist

2018-04-03 15:00:41 - [MESSAGE][WARNING] - Test object with id 'Object Repository/' does not exist

2018-04-03 15:00:46 - [MESSAGE][FAILED] - Unable to click on object (Root cause: java.lang.IllegalArgumentException: Object is null)
[[ATTACHMENT|C:\\Users\\mkabir\\Katalon Studio\\Automation Practice 1\\Reports\\Testing via Firefox\\20180403_145450\\1522764041502.png]]

2018-04-03 15:00:46 - [TEST_STEP][FAILED] - click: Unable to click on object (Root cause: java.lang.IllegalArgumentException: Object is null)

2018-04-03 15:00:46 - [MESSAGE][WARNING] - Test object with id 'Object Repository/Page_Dresses - My Store (1)/a_T-shirts' does not exist

2018-04-03 15:00:46 - [MESSAGE][WARNING] - Test object with id 'Object Repository/' does not exist

2018-04-03 15:00:52 - [MESSAGE][FAILED] - Unable to click on object (Root cause: java.lang.IllegalArgumentException: Object is null)
[[ATTACHMENT|C:\\Users\\mkabir\\Katalon Studio\\Automation Practice 1\\Reports\\Testing via Firefox\\20180403_145450\\1522764046870.png]]

2018-04-03 15:00:52 - [TEST_STEP][PASSED] - closeBrowser: Browser is closed

2018-04-03 15:00:57 - [MESSAGE][PASSED] - Browser is closed]]></system-out>
         <system-err><![CDATA[2018-04-03 15:00:13 - [TEST_CASE][FAILED] - Test Cases/Verify Browsing around the menus works without error: Test Cases/Verify Browsing around the menus works without error FAILED because (of) Unable to click on object (Root cause: java.lang.IllegalArgumentException: Object is null)]]></system-err>
      </testcase>
      <testcase name="Test Cases/Verify it is possible to add items to the cart" classname="Test Cases/Verify it is possible to add items to the cart" status="FAILED">
         <failure type="FAILED" message="Unable to click on object 'Object Repository/IBM TEST/Page_Faded Short Sleeve T-shirts -/a_Dresses' (Root cause: org.openqa.selenium.ElementNotInteractableException: Element &lt;a class=&quot;sf-with-ul&quot; href=&quot;http://automationpractice.com/index.php?id_category=8&amp;controller=category&quot;> could not be scrolled into view
Build info: version: '3.7.1', revision: '8a0099a', time: '2017-11-06T21:07:36.161Z'
System info: host: 'LP02732', ip: '172.31.253.229', os.name: 'Windows 10', os.arch: 'amd64', os.version: '10.0', java.version: '1.8.0_102'
Driver info: com.kms.katalon.core.webui.driver.firefox.CGeckoDriver
Capabilities {acceptInsecureCerts: true, browserName: firefox, browserVersion: 58.0.2, javascriptEnabled: true, moz:accessibilityChecks: false, moz:headless: false, moz:processID: 13928, moz:profile: C:\Users\mkabir\AppData\Loc..., moz:webdriverClick: true, pageLoadStrategy: normal, platform: XP, platformName: XP, platformVersion: 10.0, proxy: Proxy(direct), rotatable: false, timeouts: {implicit: 0, pageLoad: 300000, script: 30000}}
Session ID: db258148-b1f0-4c57-a682-3e02d79896fa)"/>
         <system-out><![CDATA[2018-04-03 15:00:57 - [TEST_CASE][FAILED] - Test Cases/Verify it is possible to add items to the cart: Test Cases/Verify it is possible to add items to the cart FAILED because (of) Unable to click on object 'Object Repository/IBM TEST/Page_Faded Short Sleeve T-shirts -/a_Dresses' (Root cause: org.openqa.selenium.ElementNotInteractableException: Element <a class="sf-with-ul" href="http://automationpractice.com/index.php?id_category=8&controller=category"> could not be scrolled into view
Build info: version: '3.7.1', revision: '8a0099a', time: '2017-11-06T21:07:36.161Z'
System info: host: 'LP02732', ip: '172.31.253.229', os.name: 'Windows 10', os.arch: 'amd64', os.version: '10.0', java.version: '1.8.0_102'
Driver info: com.kms.katalon.core.webui.driver.firefox.CGeckoDriver
Capabilities {acceptInsecureCerts: true, browserName: firefox, browserVersion: 58.0.2, javascriptEnabled: true, moz:accessibilityChecks: false, moz:headless: false, moz:processID: 13928, moz:profile: C:\Users\mkabir\AppData\Loc..., moz:webdriverClick: true, pageLoadStrategy: normal, platform: XP, platformName: XP, platformVersion: 10.0, proxy: Proxy(direct), rotatable: false, timeouts: {implicit: 0, pageLoad: 300000, script: 30000}}
Session ID: db258148-b1f0-4c57-a682-3e02d79896fa)

2018-04-03 15:00:57 - [TEST_STEP][PASSED] - openBrowser: Browser is opened with url: ''

2018-04-03 15:01:10 - [MESSAGE][PASSED] - Browser is opened with url: ''

2018-04-03 15:01:10 - [TEST_STEP][PASSED] - navigateToUrl: Navigate to 'http://automationpractice.com/index.php' successfully

2018-04-03 15:01:18 - [MESSAGE][PASSED] - Navigate to 'http://automationpractice.com/index.php' successfully

2018-04-03 15:01:18 - [TEST_STEP][PASSED] - click: Object: 'Object Repository/IBM TEST/Page_My Store (2)/img_replace-2x img-responsive' is clicked on

2018-04-03 15:01:30 - [MESSAGE][PASSED] - Object: 'Object Repository/IBM TEST/Page_My Store (2)/img_replace-2x img-responsive' is clicked on

2018-04-03 15:01:30 - [TEST_STEP][PASSED] - click: Object: 'Object Repository/IBM TEST/Page_Faded Short Sleeve T-shirts -/a_Orange' is clicked on

2018-04-03 15:01:40 - [MESSAGE][PASSED] - Object: 'Object Repository/IBM TEST/Page_Faded Short Sleeve T-shirts -/a_Orange' is clicked on

2018-04-03 15:01:40 - [TEST_STEP][PASSED] - click: Object: 'Object Repository/IBM TEST/Page_Faded Short Sleeve T-shirts -/span_Add to cart' is clicked on

2018-04-03 15:01:50 - [MESSAGE][PASSED] - Object: 'Object Repository/IBM TEST/Page_Faded Short Sleeve T-shirts -/span_Add to cart' is clicked on

2018-04-03 15:01:50 - [TEST_STEP][PASSED] - click: Object: 'Object Repository/IBM TEST/Page_Faded Short Sleeve T-shirts -/span_cross' is clicked on

2018-04-03 15:02:00 - [MESSAGE][PASSED] - Object: 'Object Repository/IBM TEST/Page_Faded Short Sleeve T-shirts -/span_cross' is clicked on

2018-04-03 15:02:00 - [TEST_STEP][FAILED] - click: Unable to click on object 'Object Repository/IBM TEST/Page_Faded Short Sleeve T-shirts -/a_Dresses' (Root cause: org.openqa.selenium.ElementNotInteractableException: Element <a class="sf-with-ul" href="http://automationpractice.com/index.php?id_category=8&controller=category"> could not be scrolled into view
Build info: version: '3.7.1', revision: '8a0099a', time: '2017-11-06T21:07:36.161Z'
System info: host: 'LP02732', ip: '172.31.253.229', os.name: 'Windows 10', os.arch: 'amd64', os.version: '10.0', java.version: '1.8.0_102'
Driver info: com.kms.katalon.core.webui.driver.firefox.CGeckoDriver
Capabilities {acceptInsecureCerts: true, browserName: firefox, browserVersion: 58.0.2, javascriptEnabled: true, moz:accessibilityChecks: false, moz:headless: false, moz:processID: 13928, moz:profile: C:\Users\mkabir\AppData\Loc..., moz:webdriverClick: true, pageLoadStrategy: normal, platform: XP, platformName: XP, platformVersion: 10.0, proxy: Proxy(direct), rotatable: false, timeouts: {implicit: 0, pageLoad: 300000, script: 30000}}
Session ID: db258148-b1f0-4c57-a682-3e02d79896fa)

2018-04-03 15:02:15 - [MESSAGE][FAILED] - Unable to click on object 'Object Repository/IBM TEST/Page_Faded Short Sleeve T-shirts -/a_Dresses' (Root cause: org.openqa.selenium.ElementNotInteractableException: Element <a class="sf-with-ul" href="http://automationpractice.com/index.php?id_category=8&controller=category"> could not be scrolled into view
Build info: version: '3.7.1', revision: '8a0099a', time: '2017-11-06T21:07:36.161Z'
System info: host: 'LP02732', ip: '172.31.253.229', os.name: 'Windows 10', os.arch: 'amd64', os.version: '10.0', java.version: '1.8.0_102'
Driver info: com.kms.katalon.core.webui.driver.firefox.CGeckoDriver
Capabilities {acceptInsecureCerts: true, browserName: firefox, browserVersion: 58.0.2, javascriptEnabled: true, moz:accessibilityChecks: false, moz:headless: false, moz:processID: 13928, moz:profile: C:\Users\mkabir\AppData\Loc..., moz:webdriverClick: true, pageLoadStrategy: normal, platform: XP, platformName: XP, platformVersion: 10.0, proxy: Proxy(direct), rotatable: false, timeouts: {implicit: 0, pageLoad: 300000, script: 30000}}
Session ID: db258148-b1f0-4c57-a682-3e02d79896fa)
[[ATTACHMENT|C:\\Users\\mkabir\\Katalon Studio\\Automation Practice 1\\Reports\\Testing via Firefox\\20180403_145450\\1522764130875.png]]

2018-04-03 15:02:15 - [TEST_STEP][FAILED] - click: Unable to click on object 'Object Repository/IBM TEST/Page_Dresses - My Store/html_Dresses - My Store  var C' (Root cause: com.kms.katalon.core.webui.exception.WebElementNotFoundException: Web element with id: 'Object Repository/IBM TEST/Page_Dresses - My Store/html_Dresses - My Store  var C' located by 'By.xpath: //html[(text() = concat('
		
		Dresses - My Store
		
		
		
		 
		 
		
		
			
			
			
			
			
			
			
			
			
			
			
			
			
			
			
			
			
			
			
			
			
			
			
			
			
			
			
			
			
		
var CUSTOMIZE_TEXTFIELD = 1;
var FancyboxI18nClose = ' , "'" , 'Close' , "'" , ';
var FancyboxI18nNext = ' , "'" , 'Next' , "'" , ';
var FancyboxI18nPrev = ' , "'" , 'Previous' , "'" , ';
var added_to_wishlist = ' , "'" , 'Added to your wishlist.' , "'" , ';
var ajax_allowed = true;
var ajaxsearch = true;
var baseDir = ' , "'" , 'http://automationpractice.com/' , "'" , ';
var baseUri = ' , "'" , 'http://automationpractice.com/index.php' , "'" , ';
var blocklayeredSliderName = {"price":"price","weight":"weight"};
var blocksearch_type = ' , "'" , 'top' , "'" , ';
var comparator_max_item = 3;
var comparedProductsIds = [];
var contentOnly = false;
var customizationIdMessage = ' , "'" , 'Customization #' , "'" , ';
var delete_txt = ' , "'" , 'Delete' , "'" , ';
var displayList = false;
var filters = [{"type_lite":"category","type":"category","id_key":0,"name":"Categories","values":{"9":{"name":"Casual Dresses","nbr":1,"link":"http:\/\/automationpractice.com\/index.php?id_category=8&controller=category#categories-casual_dresses","rel":"nofollow"},"10":{"name":"Evening Dresses","nbr":1,"link":"http:\/\/automationpractice.com\/index.php?id_category=8&controller=category#categories-evening_dresses","rel":"nofollow"},"11":{"name":"Summer Dresses","nbr":3,"link":"http:\/\/automationpractice.com\/index.php?id_category=8&controller=category#categories-summer_dresses","rel":"nofollow"}},"filter_show_limit":"0","filter_type":"0"},{"type_lite":"id_attribute_group","type":"id_attribute_group","id_key":1,"name":"Size","is_color_group":false,"values":{"1":{"color":"","name":"S","nbr":5,"url_name":null,"meta_title":null,"link":"http:\/\/automationpractice.com\/index.php?id_category=8&controller=category#size-s","rel":""},"2":{"color":"","name":"M","nbr":5,"url_name":null,"meta_title":null,"link":"http:\/\/automationpractice.com\/index.php?id_category=8&controller=category#size-m","rel":""},"3":{"color":"","name":"L","nbr":5,"url_name":null,"meta_title":null,"link":"http:\/\/automationpractice.com\/index.php?id_category=8&controller=category#size-l","rel":""}},"url_name":null,"meta_title":null,"filter_show_limit":"0","filter_type":"0"},{"type_lite":"id_attribute_group","type":"id_attribute_group","id_key":3,"name":"Color","is_color_group":true,"values":{"7":{"color":"#f5f5dc","name":"Beige","nbr":1,"url_name":null,"meta_title":null,"link":"http:\/\/automationpractice.com\/index.php?id_category=8&controller=category#color-beige","rel":""},"8":{"color":"#ffffff","name":"White","nbr":1,"url_name":null,"meta_title":null,"link":"http:\/\/automationpractice.com\/index.php?id_category=8&controller=category#color-white","rel":""},"11":{"color":"#434A54","name":"Black","nbr":1,"url_name":null,"meta_title":null,"link":"http:\/\/automationpractice.com\/index.php?id_category=8&controller=category#color-black","rel":""},"13":{"color":"#F39C11","name":"Orange","nbr":2,"url_name":null,"meta_title":null,"link":"http:\/\/automationpractice.com\/index.php?id_category=8&controller=category#color-orange","rel":""},"14":{"color":"#5D9CEC","name":"Blue","nbr":1,"url_name":null,"meta_title":null,"link":"http:\/\/automationpractice.com\/index.php?id_category=8&controller=category#color-blue","rel":""},"15":{"color":"#A0D468","name":"Green","nbr":1,"url_name":null,"meta_title":null,"link":"http:\/\/automationpractice.com\/index.php?id_category=8&controller=category#color-green","rel":""},"16":{"color":"#F1C40F","name":"Yellow","nbr":3,"url_name":null,"meta_title":null,"link":"http:\/\/automationpractice.com\/index.php?id_category=8&controller=category#color-yellow","rel":""},"24":{"color":"#FCCACD","name":"Pink","nbr":1,"url_name":null,"meta_title":null,"link":"http:\/\/automationpractice.com\/index.php?id_category=8&controller=category#color-pink","rel":""}},"url_name":null,"meta_title":null,"filter_show_limit":"0","filter_type":"0"},{"type_lite":"id_feature","type":"id_feature","id_key":5,"values":{"5":{"nbr":1,"name":"Cotton","url_name":null,"meta_title":null,"link":"http:\/\/automationpractice.com\/index.php?id_category=8&controller=category#compositions-cotton","rel":""},"1":{"nbr":2,"name":"Polyester","url_name":null,"meta_title":null,"link":"http:\/\/automationpractice.com\/index.php?id_category=8&controller=category#compositions-polyester","rel":""},"3":{"nbr":2,"name":"Viscose","url_name":null,"meta_title":null,"link":"http:\/\/automationpractice.com\/index.php?id_category=8&controller=category#compositions-viscose","rel":""}},"name":"Compositions","url_name":null,"meta_title":null,"filter_show_limit":"0","filter_type":"0"},{"type_lite":"id_feature","type":"id_feature","id_key":6,"values":{"11":{"nbr":1,"name":"Casual","url_name":null,"meta_title":null,"link":"http:\/\/automationpractice.com\/index.php?id_category=8&controller=category#styles-casual","rel":""},"16":{"nbr":1,"name":"Dressy","url_name":null,"meta_title":null,"link":"http:\/\/automationpractice.com\/index.php?id_category=8&controller=category#styles-dressy","rel":""},"13":{"nbr":3,"name":"Girly","url_name":null,"meta_title":null,"link":"http:\/\/automationpractice.com\/index.php?id_category=8&controller=category#styles-girly","rel":""}},"name":"Styles","url_name":null,"meta_title":null,"filter_show_limit":"0","filter_type":"0"},{"type_lite":"id_feature","type":"id_feature","id_key":7,"values":{"18":{"nbr":1,"name":"Colorful Dress","url_name":null,"meta_title":null,"link":"http:\/\/automationpractice.com\/index.php?id_category=8&controller=category#properties-colorful_dress","rel":""},"21":{"nbr":1,"name":"Maxi Dress","url_name":null,"meta_title":null,"link":"http:\/\/automationpractice.com\/index.php?id_category=8&controller=category#properties-maxi_dress","rel":""},"20":{"nbr":1,"name":"Midi Dress","url_name":null,"meta_title":null,"link":"http:\/\/automationpractice.com\/index.php?id_category=8&controller=category#properties-midi_dress","rel":""},"19":{"nbr":2,"name":"Short Dress","url_name":null,"meta_title":null,"link":"http:\/\/automationpractice.com\/index.php?id_category=8&controller=category#properties-short_dress","rel":""}},"name":"Properties","url_name":null,"meta_title":null,"filter_show_limit":"0","filter_type":"0"},{"type_lite":"quantity","type":"quantity","id_key":0,"name":"Availability","values":[{"name":"Not available","nbr":0,"link":"http:\/\/automationpractice.com\/index.php?id_category=8&controller=category#availability-not_available","rel":"nofollow"},{"name":"In stock","nbr":5,"link":"http:\/\/automationpractice.com\/index.php?id_category=8&controller=category#availability-in_stock","rel":"nofollow"}],"filter_show_limit":"0","filter_type":"0"},{"type_lite":"manufacturer","type":"manufacturer","id_key":0,"name":"Manufacturer","values":{"1":{"name":"Fashion Manufacturer","nbr":"5","link":"http:\/\/automationpractice.com\/index.php?id_category=8&controller=category#manufacturer-fashion_manufacturer","rel":"nofollow"}},"filter_show_limit":"0","filter_type":"0"},{"type_lite":"condition","type":"condition","id_key":0,"name":"Condition","values":{"new":{"name":"New","nbr":5,"link":"http:\/\/automationpractice.com\/index.php?id_category=8&controller=category#condition-new","rel":"nofollow"},"used":{"name":"Used","nbr":0,"link":"http:\/\/automationpractice.com\/index.php?id_category=8&controller=category#condition-used","rel":"nofollow"},"refurbished":{"name":"Refurbished","nbr":0,"link":"http:\/\/automationpractice.com\/index.php?id_category=8&controller=category#condition-refurbished","rel":"nofollow"}},"filter_show_limit":"0","filter_type":"0"},{"type_lite":"price","type":"price","id_key":0,"name":"Price","slider":true,"max":"53","min":"16","values":{"1":"53","0":"16"},"unit":"$","format":"1","filter_show_limit":"0","filter_type":"0"}];
var freeProductTranslation = ' , "'" , 'Free!' , "'" , ';
var freeShippingTranslation = ' , "'" , 'Free shipping!' , "'" , ';
var generated_date = 1522247829;
var id_lang = 1;
var img_dir = ' , "'" , 'http://automationpractice.com/themes/default-bootstrap/img/' , "'" , ';
var instantsearch = false;
var isGuest = 0;
var isLogged = 0;
var loggin_required = ' , "'" , 'You must be logged in to manage your wishlist.' , "'" , ';
var max_item = ' , "'" , 'You cannot add more than 3 product(s) to the product comparison' , "'" , ';
var min_item = ' , "'" , 'Please select at least one product' , "'" , ';
var mywishlist_url = ' , "'" , 'http://automationpractice.com/index.php?fc=module&module=blockwishlist&controller=mywishlist' , "'" , ';
var page_name = ' , "'" , 'category' , "'" , ';
var param_product_url = ' , "'" , '#' , "'" , ';
var placeholder_blocknewsletter = ' , "'" , 'Enter your e-mail' , "'" , ';
var priceDisplayMethod = 1;
var priceDisplayPrecision = 2;
var quickView = true;
var removingLinkText = ' , "'" , 'remove this product from my cart' , "'" , ';
var request = ' , "'" , 'http://automationpractice.com/index.php?id_category=8&controller=category' , "'" , ';
var roundMode = 2;
var search_url = ' , "'" , 'http://automationpractice.com/index.php?controller=search' , "'" , ';
var static_token = ' , "'" , 'e817bb0705dd58da8db074c69f729fd8' , "'" , ';
var token = ' , "'" , 'ce65cefcbafad255f0866d3b32d32058' , "'" , ';
var usingSecureMode = false;
var wishlistProductsIds = false;


		
		
		
		
		
		
		
		
		
		
		
		
		
		
		
		
		
		
		
		
		
		
		
		
		
		
		
		
			
		
		
	.fancybox-margin{margin-right:17px;}#katalon{font-family:monospace;font-size:13px;background-color:rgba(0,0,0,.7);position:fixed;top:0;left:0;right:0;display:block;z-index:999999999;line-height: normal} #katalon div{padding:0;margin:0;color:#fff;} #katalon kbd{display:inline-block;padding:3px 5px;font:13px Consolas,"Liberation Mono",Menlo,Courier,monospace;line-height:10px;color:#555;vertical-align:middle;background-color:#fcfcfc;border:1px solid #ccc;border-bottom-color:#bbb;border-radius:3px;box-shadow:inset 0 -1px 0 #bbb;font-weight: bold} div#katalon-elementInfoDiv {color: lightblue; padding: 5px}
	
					
			
				
					
						
							
								
	


							
						
					
					
						
							
								

			
			Sign in
		
	




	Contact us

	
		Call us now: 0123-456-789
	

							
						
					
					
						
							
								
									
										
									
								
								

	
		
		
		
		
		
			Search
		
	



	
		
			Cart
			1
			Product
			Products
			
																					$16.51
												
			(empty)
					
					
				
					
					
													
																																			
										
										
											
												1 x Faded...
											
																							
													Orange, S
												
																						
																									$16.51																							
										
										
																							 
																					
									
																			
																		
																																	
												
							No products
						
												
							
								
																			$2.00
																	
								
									Shipping
								
							
																					
								$18.51
								Total
							
													
						
							
								
									Check out
								
							
						
					
				
			
			


	
		
			
				
				
					Product successfully added to your shopping cart
				
				
				
				
					
					
					
						Quantity
						
					
					
						Total
						
					
				
			
			
				
					
					
						There are 1 items in your cart.
					
					
					
						There is 1 item in your cart.
					
				
	
				
					
						Total products
											
					
													$16.51
											
				
	
								
					
						Total shipping 					
					
													$2.00
											
				
									
					
						Total
											
					
																					$18.51
																		
				
					
					
						
							Continue shopping
						
					
					
						
							Proceed to checkout
						
						
				
			
		
		
	 
	

	
	
		Categories
		
			WomenTopsT-shirtsBlousesDressesCasual DressesEvening DressesSummer DressesDressesCasual DressesEvening DressesSummer DressesT-shirts
					
	
	
							
						
					
				
			
			
				
											


	
			>
					Women>Dresses
			

										
						
					
					
												

	
					Dresses
			
	
		
												

	
		Casual Dresses
	
	

																

	
		Evening Dresses
	
	

																

	
		Summer Dresses
	
	

									
	





	Catalog
	
		
			
																										
						                        
                            Categories
                            
						
						
																																												
																							 
																						
																								Casual Dresses (1)
																							
										
																																							
																							 
																						
																								Evening Dresses (1)
																							
										
																																							
																							 
																						
																								Summer Dresses (3)
																							
										
																																															
					
																											
						                        
                            Size
                            
						
						
																																												
																							 
																						
																								S (5)
																							
										
																																							
																							 
																						
																								M (5)
																							
										
																																							
																							 
																						
																								L (5)
																							
										
																																															
					
																											
						                        
                            Color
                            
						
						
																																												
																							
																																		
																								Beige (1)
																							
										
																																							
																							
																																		
																								White (1)
																							
										
																																							
																							
																																		
																								Black (1)
																							
										
																																							
																							
																																		
																								Orange (2)
																							
										
																																							
																							
																																		
																								Blue (1)
																							
										
																																							
																							
																																		
																								Green (1)
																							
										
																																							
																							
																																		
																								Yellow (3)
																							
										
																																							
																							
																																		
																								Pink (1)
																							
										
																																															
					
																											
						                        
                            Compositions
                            
						
						
																																												
																							 
																						
																								Cotton (1)
																							
										
																																							
																							 
																						
																								Polyester (2)
																							
										
																																							
																							 
																						
																								Viscose (2)
																							
										
																																															
					
																											
						                        
                            Styles
                            
						
						
																																												
																							 
																						
																								Casual (1)
																							
										
																																							
																							 
																						
																								Dressy (1)
																							
										
																																							
																							 
																						
																								Girly (3)
																							
										
																																															
					
																											
						                        
                            Properties
                            
						
						
																																												
																							 
																						
																								Colorful Dress (1)
																							
										
																																							
																							 
																						
																								Maxi Dress (1)
																							
										
																																							
																							 
																						
																								Midi Dress (1)
																							
										
																																							
																							 
																						
																								Short Dress (2)
																							
										
																																															
					
																											
						                        
                            Availability
                            
						
						
																																																															
																							 
																						
																								In stock (5)
																							
										
																																															
					
																											
						                        
                            Manufacturer
                            
						
						
																																												
																							 
																						
																								Fashion Manufacturer (5)
																							
										
																																															
					
																											
						                        
                            Condition
                            
						
						
																																												
																							 
																						
																								New (5)
																							
										
																																																																																					
					
																											
						                        
                            Price
                            
						
						
																								
										Range:
									 
									$16.00 - $53.00
									
										
									
																												
					
												
			
																																																																																																																																																																												
	
	
		
			
			Loading...
		
	


	
			
			
				
					Information				
			
			
				
																							
								
									Delivery
								
							
																								
								
									Legal Notice
								
							
																								
								
									Terms and conditions of use
								
							
																								
								
									About us
								
							
																								
								
									Secure payment
								
							
																						
							
								Our stores
							
						
									
			
		
		


	
        
            Specials
        
    
	
    		
        	
            	
                    
                
                
                	
                        
                            Printed Summer Dress
                        
                    
                                        	
                            Long printed dress with thin...
                        
                                        
                    	                        	
                                $28.98
                                                            
                                                                                                                                 -5%
                                                                                         
                                $30.51
                                                            
                                            
                
            
		
		
			
                All specials
            
		
    	



	
		
			Our stores
		
	
	
		
			
				
			
		
				
			
				Discover our stores
			
		
	





	Viewed products
	
		
							
					
						
					
					
						
							
								Faded Short Sleeve...
							
						
						Faded short sleeve t-shirt with high...
					
				
					
	


																		
	

	    				
            	                     
                    
                                                    
                            
                                Dresses                            
                                                            Find your favorites dresses from our wide choice of evening, casual or summer dresses!
We offer dresses for every day, every style and every occasion.
                                                        
                                             
                              
				Dresses There are 5 products.

		        		
		
			Subcategories
			
							
                	
						
													
											
                   	
					Casual Dresses
											You are looking for a dress for every day? Take a look at
our selection of dresses to find one that suits you.
									
							
                	
						
													
											
                   	
					Evening Dresses
											Browse our different dresses to choose the perfect dress for an unforgettable evening!
									
							
                	
						
													
											
                   	
					Summer Dresses
											Short dress, long dress, silk dress, printed dress, you will find the perfect dress for summer.
									
						
		
        							
            	
            		
	View
    Grid
    List



	
		Sort by
		--
			--
							Price: Lowest first
				Price: Highest first
						Product Name: A to Z
			Product Name: Z to A
							In stock
						Reference: Lowest first
			Reference: Highest first
		
	


			
	
                								
		

				
                
                		
		
			Compare (0)
		
		
		
	
			
		
		
		
	
					
	
												
	
	    			
    
    	        	                        	                        	Showing 1 - 5 of 5 items
		    
	

                
			
				
									
		
	
	
	
			
		
		
								
			
				
					
						
							
						
													
							
								
							
						
						
							Quick view
						
																			
																	
										$26.00									
									
																		
									
															
																							
					
					
				
				
					
												
							Printed Dress
						
					
					
					
						100% cotton double printed dress. Black and white striped top and orange high waisted skater skirt bottom.
					
										
													
								$26.00							
							
														
							
											
										
																														
										Add to cart
									
																											
							More
						
					
											
					
			
							
		
	
										
																														
																		
																	
										In stock									
															
															
					 				
						

	
		Add to Wishlist
	

													
								Add to Compare
							
											
							
		
			
		
		
								
			
				
					
						
							
						
													
							
								
							
						
						
							Quick view
						
																			
																	
										$50.99									
									
																		
									
															
																							
					
					
				
				
					
												
							Printed Dress
						
					
					
					
						Printed evening dress with straight sleeves with black thin waist belt and ruffled linings.
					
										
													
								$50.99							
							
														
							
											
										
																														
										Add to cart
									
																											
							More
						
					
											
					
			
							
		
					
			
							
		
	
										
																														
																		
																	
										In stock									
															
															
					 				
						

	
		Add to Wishlist
	

													
								Add to Compare
							
											
							
		
			
		
		
								
			
				
					
						
							
						
													
							
								
							
						
						
							Quick view
						
																			
																	
										$28.98									
									
																			
										
											$30.51
										
																					-5%
																												
									
															
																							
					
					
				
				
					
												
							Printed Summer Dress
						
					
					
					
						Long printed dress with thin adjustable straps. V-neckline and wiring under the bust with ruffles at the bottom of the dress.
					
										
													
								$28.98							
							
															
								
									$30.51
								
								
																	-5%
																						
							
											
										
																														
										Add to cart
									
																											
							More
						
					
											
					
			
							
		
					
			
							
		
					
			
							
		
					
			
							
		
	
										
																																	Reduced price!
												
																		
																	
										In stock									
															
															
					 				
						

	
		Add to Wishlist
	

													
								Add to Compare
							
											
							
		
			
		
		
								
			
				
					
						
							
						
													
							
								
							
						
						
							Quick view
						
																			
																	
										$30.50									
									
																		
									
															
																							
					
					
				
				
					
												
							Printed Summer Dress
						
					
					
					
						Sleeveless knee-length chiffon dress. V-neckline with elastic under the bust lining.
					
										
													
								$30.50							
							
														
							
											
										
																														
										Add to cart
									
																											
							More
						
					
											
					
			
							
		
					
			
							
		
	
										
																														
																		
																	
										In stock									
															
															
					 				
						

	
		Add to Wishlist
	

													
								Add to Compare
							
											
							
		
			
		
		
								
			
				
					
						
							
						
													
							
								
							
						
						
							Quick view
						
																			
																	
										$16.40									
									
																			
										
											$20.50
										
																					-20%
																												
									
															
																							
					
					
				
				
					
												
							Printed Chiffon Dress
						
					
					
					
						Printed chiffon knee length dress with tank straps. Deep v-neckline.
					
										
													
								$16.40							
							
															
								
									$20.50
								
								
																	-20%
																						
							
											
										
																														
										Add to cart
									
																											
							More
						
					
											
					
			
							
		
					
			
							
		
	
										
																																	Reduced price!
												
																		
																	
										In stock									
															
															
					 				
						

	
		Add to Wishlist
	

													
								Add to Compare
							
											
							
		
		





			
				
						
		
			Compare (0)
		
		
		
	
	
                    
	
												
	
	    			
    
    	        	                        	                        	Showing 1 - 5 of 5 items
		    
	

				
			
								
										
				
			
							
				
					
						

	Newsletter
	
		
			
				
                
                    Ok
                
				
			
		
	



	
					
				
					Facebook
				
			
							
				
					Twitter
				
			
				                	
        		
        			Youtube
        		
        	
                        	
        		
        			Google Plus
        		
        	
                	
    Follow us




	Categories
	
		
			
												

	 
		Women
	
			
												

	 
		Tops
	
			
												

	
		T-shirts
	
	

																

	
		Blouses
	
	

									
	

																

	 
		Dresses
	
			
												

	
		Casual Dresses
	
	

																

	
		Evening Dresses
	
	

																

	
		Summer Dresses
	
	

									
	

									
	

							
										
		
	 


	
	
		Information
		
							
					
						Specials
					
				
									
				
					New products
				
			
										
					
						Best sellers
					
				
										
					
						Our stores
					
				
									
				
					Contact us
				
			
															
						
							Terms and conditions of use
						
					
																
						
							About us
						
					
													
				
					Sitemap
				
			
					
		
	
		
		
			© 2014 Ecommerce software by PrestaShop™
		
	
		


	My account
	
		
			My orders
						My credit slips
			My addresses
			My personal info
						
            		
	




	
        Store information
        
                        	
            		Selenium Framework, Research Triangle Park,
North Carolina,
USA            	
                                    	
            		Call us now: 
            		(347) 466-7432
            	
                                    	
            		Email: 
            		support@seleniumframework.com
            	
                    
    



					
				
					
/html[1]') or . = concat('
		
		Dresses - My Store
		
		
		
		 
		 
		
		
			
			
			
			
			
			
			
			
			
			
			
			
			
			
			
			
			
			
			
			
			
			
			
			
			
			
			
			
			
		
var CUSTOMIZE_TEXTFIELD = 1;
var FancyboxI18nClose = ' , "'" , 'Close' , "'" , ';
var FancyboxI18nNext = ' , "'" , 'Next' , "'" , ';
var FancyboxI18nPrev = ' , "'" , 'Previous' , "'" , ';
var added_to_wishlist = ' , "'" , 'Added to your wishlist.' , "'" , ';
var ajax_allowed = true;
var ajaxsearch = true;
var baseDir = ' , "'" , 'http://automationpractice.com/' , "'" , ';
var baseUri = ' , "'" , 'http://automationpractice.com/index.php' , "'" , ';
var blocklayeredSliderName = {"price":"price","weight":"weight"};
var blocksearch_type = ' , "'" , 'top' , "'" , ';
var comparator_max_item = 3;
var comparedProductsIds = [];
var contentOnly = false;
var customizationIdMessage = ' , "'" , 'Customization #' , "'" , ';
var delete_txt = ' , "'" , 'Delete' , "'" , ';
var displayList = false;
var filters = [{"type_lite":"category","type":"category","id_key":0,"name":"Categories","values":{"9":{"name":"Casual Dresses","nbr":1,"link":"http:\/\/automationpractice.com\/index.php?id_category=8&controller=category#categories-casual_dresses","rel":"nofollow"},"10":{"name":"Evening Dresses","nbr":1,"link":"http:\/\/automationpractice.com\/index.php?id_category=8&controller=category#categories-evening_dresses","rel":"nofollow"},"11":{"name":"Summer Dresses","nbr":3,"link":"http:\/\/automationpractice.com\/index.php?id_category=8&controller=category#categories-summer_dresses","rel":"nofollow"}},"filter_show_limit":"0","filter_type":"0"},{"type_lite":"id_attribute_group","type":"id_attribute_group","id_key":1,"name":"Size","is_color_group":false,"values":{"1":{"color":"","name":"S","nbr":5,"url_name":null,"meta_title":null,"link":"http:\/\/automationpractice.com\/index.php?id_category=8&controller=category#size-s","rel":""},"2":{"color":"","name":"M","nbr":5,"url_name":null,"meta_title":null,"link":"http:\/\/automationpractice.com\/index.php?id_category=8&controller=category#size-m","rel":""},"3":{"color":"","name":"L","nbr":5,"url_name":null,"meta_title":null,"link":"http:\/\/automationpractice.com\/index.php?id_category=8&controller=category#size-l","rel":""}},"url_name":null,"meta_title":null,"filter_show_limit":"0","filter_type":"0"},{"type_lite":"id_attribute_group","type":"id_attribute_group","id_key":3,"name":"Color","is_color_group":true,"values":{"7":{"color":"#f5f5dc","name":"Beige","nbr":1,"url_name":null,"meta_title":null,"link":"http:\/\/automationpractice.com\/index.php?id_category=8&controller=category#color-beige","rel":""},"8":{"color":"#ffffff","name":"White","nbr":1,"url_name":null,"meta_title":null,"link":"http:\/\/automationpractice.com\/index.php?id_category=8&controller=category#color-white","rel":""},"11":{"color":"#434A54","name":"Black","nbr":1,"url_name":null,"meta_title":null,"link":"http:\/\/automationpractice.com\/index.php?id_category=8&controller=category#color-black","rel":""},"13":{"color":"#F39C11","name":"Orange","nbr":2,"url_name":null,"meta_title":null,"link":"http:\/\/automationpractice.com\/index.php?id_category=8&controller=category#color-orange","rel":""},"14":{"color":"#5D9CEC","name":"Blue","nbr":1,"url_name":null,"meta_title":null,"link":"http:\/\/automationpractice.com\/index.php?id_category=8&controller=category#color-blue","rel":""},"15":{"color":"#A0D468","name":"Green","nbr":1,"url_name":null,"meta_title":null,"link":"http:\/\/automationpractice.com\/index.php?id_category=8&controller=category#color-green","rel":""},"16":{"color":"#F1C40F","name":"Yellow","nbr":3,"url_name":null,"meta_title":null,"link":"http:\/\/automationpractice.com\/index.php?id_category=8&controller=category#color-yellow","rel":""},"24":{"color":"#FCCACD","name":"Pink","nbr":1,"url_name":null,"meta_title":null,"link":"http:\/\/automationpractice.com\/index.php?id_category=8&controller=category#color-pink","rel":""}},"url_name":null,"meta_title":null,"filter_show_limit":"0","filter_type":"0"},{"type_lite":"id_feature","type":"id_feature","id_key":5,"values":{"5":{"nbr":1,"name":"Cotton","url_name":null,"meta_title":null,"link":"http:\/\/automationpractice.com\/index.php?id_category=8&controller=category#compositions-cotton","rel":""},"1":{"nbr":2,"name":"Polyester","url_name":null,"meta_title":null,"link":"http:\/\/automationpractice.com\/index.php?id_category=8&controller=category#compositions-polyester","rel":""},"3":{"nbr":2,"name":"Viscose","url_name":null,"meta_title":null,"link":"http:\/\/automationpractice.com\/index.php?id_category=8&controller=category#compositions-viscose","rel":""}},"name":"Compositions","url_name":null,"meta_title":null,"filter_show_limit":"0","filter_type":"0"},{"type_lite":"id_feature","type":"id_feature","id_key":6,"values":{"11":{"nbr":1,"name":"Casual","url_name":null,"meta_title":null,"link":"http:\/\/automationpractice.com\/index.php?id_category=8&controller=category#styles-casual","rel":""},"16":{"nbr":1,"name":"Dressy","url_name":null,"meta_title":null,"link":"http:\/\/automationpractice.com\/index.php?id_category=8&controller=category#styles-dressy","rel":""},"13":{"nbr":3,"name":"Girly","url_name":null,"meta_title":null,"link":"http:\/\/automationpractice.com\/index.php?id_category=8&controller=category#styles-girly","rel":""}},"name":"Styles","url_name":null,"meta_title":null,"filter_show_limit":"0","filter_type":"0"},{"type_lite":"id_feature","type":"id_feature","id_key":7,"values":{"18":{"nbr":1,"name":"Colorful Dress","url_name":null,"meta_title":null,"link":"http:\/\/automationpractice.com\/index.php?id_category=8&controller=category#properties-colorful_dress","rel":""},"21":{"nbr":1,"name":"Maxi Dress","url_name":null,"meta_title":null,"link":"http:\/\/automationpractice.com\/index.php?id_category=8&controller=category#properties-maxi_dress","rel":""},"20":{"nbr":1,"name":"Midi Dress","url_name":null,"meta_title":null,"link":"http:\/\/automationpractice.com\/index.php?id_category=8&controller=category#properties-midi_dress","rel":""},"19":{"nbr":2,"name":"Short Dress","url_name":null,"meta_title":null,"link":"http:\/\/automationpractice.com\/index.php?id_category=8&controller=category#properties-short_dress","rel":""}},"name":"Properties","url_name":null,"meta_title":null,"filter_show_limit":"0","filter_type":"0"},{"type_lite":"quantity","type":"quantity","id_key":0,"name":"Availability","values":[{"name":"Not available","nbr":0,"link":"http:\/\/automationpractice.com\/index.php?id_category=8&controller=category#availability-not_available","rel":"nofollow"},{"name":"In stock","nbr":5,"link":"http:\/\/automationpractice.com\/index.php?id_category=8&controller=category#availability-in_stock","rel":"nofollow"}],"filter_show_limit":"0","filter_type":"0"},{"type_lite":"manufacturer","type":"manufacturer","id_key":0,"name":"Manufacturer","values":{"1":{"name":"Fashion Manufacturer","nbr":"5","link":"http:\/\/automationpractice.com\/index.php?id_category=8&controller=category#manufacturer-fashion_manufacturer","rel":"nofollow"}},"filter_show_limit":"0","filter_type":"0"},{"type_lite":"condition","type":"condition","id_key":0,"name":"Condition","values":{"new":{"name":"New","nbr":5,"link":"http:\/\/automationpractice.com\/index.php?id_category=8&controller=category#condition-new","rel":"nofollow"},"used":{"name":"Used","nbr":0,"link":"http:\/\/automationpractice.com\/index.php?id_category=8&controller=category#condition-used","rel":"nofollow"},"refurbished":{"name":"Refurbished","nbr":0,"link":"http:\/\/automationpractice.com\/index.php?id_category=8&controller=category#condition-refurbished","rel":"nofollow"}},"filter_show_limit":"0","filter_type":"0"},{"type_lite":"price","type":"price","id_key":0,"name":"Price","slider":true,"max":"53","min":"16","values":{"1":"53","0":"16"},"unit":"$","format":"1","filter_show_limit":"0","filter_type":"0"}];
var freeProductTranslation = ' , "'" , 'Free!' , "'" , ';
var freeShippingTranslation = ' , "'" , 'Free shipping!' , "'" , ';
var generated_date = 1522247829;
var id_lang = 1;
var img_dir = ' , "'" , 'http://automationpractice.com/themes/default-bootstrap/img/' , "'" , ';
var instantsearch = false;
var isGuest = 0;
var isLogged = 0;
var loggin_required = ' , "'" , 'You must be logged in to manage your wishlist.' , "'" , ';
var max_item = ' , "'" , 'You cannot add more than 3 product(s) to the product comparison' , "'" , ';
var min_item = ' , "'" , 'Please select at least one product' , "'" , ';
var mywishlist_url = ' , "'" , 'http://automationpractice.com/index.php?fc=module&module=blockwishlist&controller=mywishlist' , "'" , ';
var page_name = ' , "'" , 'category' , "'" , ';
var param_product_url = ' , "'" , '#' , "'" , ';
var placeholder_blocknewsletter = ' , "'" , 'Enter your e-mail' , "'" , ';
var priceDisplayMethod = 1;
var priceDisplayPrecision = 2;
var quickView = true;
var removingLinkText = ' , "'" , 'remove this product from my cart' , "'" , ';
var request = ' , "'" , 'http://automationpractice.com/index.php?id_category=8&controller=category' , "'" , ';
var roundMode = 2;
var search_url = ' , "'" , 'http://automationpractice.com/index.php?controller=search' , "'" , ';
var static_token = ' , "'" , 'e817bb0705dd58da8db074c69f729fd8' , "'" , ';
var token = ' , "'" , 'ce65cefcbafad255f0866d3b32d32058' , "'" , ';
var usingSecureMode = false;
var wishlistProductsIds = false;


		
		
		
		
		
		
		
		
		
		
		
		
		
		
		
		
		
		
		
		
		
		
		
		
		
		
		
		
			
		
		
	.fancybox-margin{margin-right:17px;}#katalon{font-family:monospace;font-size:13px;background-color:rgba(0,0,0,.7);position:fixed;top:0;left:0;right:0;display:block;z-index:999999999;line-height: normal} #katalon div{padding:0;margin:0;color:#fff;} #katalon kbd{display:inline-block;padding:3px 5px;font:13px Consolas,"Liberation Mono",Menlo,Courier,monospace;line-height:10px;color:#555;vertical-align:middle;background-color:#fcfcfc;border:1px solid #ccc;border-bottom-color:#bbb;border-radius:3px;box-shadow:inset 0 -1px 0 #bbb;font-weight: bold} div#katalon-elementInfoDiv {color: lightblue; padding: 5px}
	
					
			
				
					
						
							
								
	


							
						
					
					
						
							
								

			
			Sign in
		
	




	Contact us

	
		Call us now: 0123-456-789
	

							
						
					
					
						
							
								
									
										
									
								
								

	
		
		
		
		
		
			Search
		
	



	
		
			Cart
			1
			Product
			Products
			
																					$16.51
												
			(empty)
					
					
				
					
					
													
																																			
										
										
											
												1 x Faded...
											
																							
													Orange, S
												
																						
																									$16.51																							
										
										
																							 
																					
									
																			
																		
																																	
												
							No products
						
												
							
								
																			$2.00
																	
								
									Shipping
								
							
																					
								$18.51
								Total
							
													
						
							
								
									Check out
								
							
						
					
				
			
			


	
		
			
				
				
					Product successfully added to your shopping cart
				
				
				
				
					
					
					
						Quantity
						
					
					
						Total
						
					
				
			
			
				
					
					
						There are 1 items in your cart.
					
					
					
						There is 1 item in your cart.
					
				
	
				
					
						Total products
											
					
													$16.51
											
				
	
								
					
						Total shipping 					
					
													$2.00
											
				
									
					
						Total
											
					
																					$18.51
																		
				
					
					
						
							Continue shopping
						
					
					
						
							Proceed to checkout
						
						
				
			
		
		
	 
	

	
	
		Categories
		
			WomenTopsT-shirtsBlousesDressesCasual DressesEvening DressesSummer DressesDressesCasual DressesEvening DressesSummer DressesT-shirts
					
	
	
							
						
					
				
			
			
				
											


	
			>
					Women>Dresses
			

										
						
					
					
												

	
					Dresses
			
	
		
												

	
		Casual Dresses
	
	

																

	
		Evening Dresses
	
	

																

	
		Summer Dresses
	
	

									
	





	Catalog
	
		
			
																										
						                        
                            Categories
                            
						
						
																																												
																							 
																						
																								Casual Dresses (1)
																							
										
																																							
																							 
																						
																								Evening Dresses (1)
																							
										
																																							
																							 
																						
																								Summer Dresses (3)
																							
										
																																															
					
																											
						                        
                            Size
                            
						
						
																																												
																							 
																						
																								S (5)
																							
										
																																							
																							 
																						
																								M (5)
																							
										
																																							
																							 
																						
																								L (5)
																							
										
																																															
					
																											
						                        
                            Color
                            
						
						
																																												
																							
																																		
																								Beige (1)
																							
										
																																							
																							
																																		
																								White (1)
																							
										
																																							
																							
																																		
																								Black (1)
																							
										
																																							
																							
																																		
																								Orange (2)
																							
										
																																							
																							
																																		
																								Blue (1)
																							
										
																																							
																							
																																		
																								Green (1)
																							
										
																																							
																							
																																		
																								Yellow (3)
																							
										
																																							
																							
																																		
																								Pink (1)
																							
										
																																															
					
																											
						                        
                            Compositions
                            
						
						
																																												
																							 
																						
																								Cotton (1)
																							
										
																																							
																							 
																						
																								Polyester (2)
																							
										
																																							
																							 
																						
																								Viscose (2)
																							
										
																																															
					
																											
						                        
                            Styles
                            
						
						
																																												
																							 
																						
																								Casual (1)
																							
										
																																							
																							 
																						
																								Dressy (1)
																							
										
																																							
																							 
																						
																								Girly (3)
																							
										
																																															
					
																											
						                        
                            Properties
                            
						
						
																																												
																							 
																						
																								Colorful Dress (1)
																							
										
																																							
																							 
																						
																								Maxi Dress (1)
																							
										
																																							
																							 
																						
																								Midi Dress (1)
																							
										
																																							
																							 
																						
																								Short Dress (2)
																							
										
																																															
					
																											
						                        
                            Availability
                            
						
						
																																																															
																							 
																						
																								In stock (5)
																							
										
																																															
					
																											
						                        
                            Manufacturer
                            
						
						
																																												
																							 
																						
																								Fashion Manufacturer (5)
																							
										
																																															
					
																											
						                        
                            Condition
                            
						
						
																																												
																							 
																						
																								New (5)
																							
										
																																																																																					
					
																											
						                        
                            Price
                            
						
						
																								
										Range:
									 
									$16.00 - $53.00
									
										
									
																												
					
												
			
																																																																																																																																																																												
	
	
		
			
			Loading...
		
	


	
			
			
				
					Information				
			
			
				
																							
								
									Delivery
								
							
																								
								
									Legal Notice
								
							
																								
								
									Terms and conditions of use
								
							
																								
								
									About us
								
							
																								
								
									Secure payment
								
							
																						
							
								Our stores
							
						
									
			
		
		


	
        
            Specials
        
    
	
    		
        	
            	
                    
                
                
                	
                        
                            Printed Summer Dress
                        
                    
                                        	
                            Long printed dress with thin...
                        
                                        
                    	                        	
                                $28.98
                                                            
                                                                                                                                 -5%
                                                                                         
                                $30.51
                                                            
                                            
                
            
		
		
			
                All specials
            
		
    	



	
		
			Our stores
		
	
	
		
			
				
			
		
				
			
				Discover our stores
			
		
	





	Viewed products
	
		
							
					
						
					
					
						
							
								Faded Short Sleeve...
							
						
						Faded short sleeve t-shirt with high...
					
				
					
	


																		
	

	    				
            	                     
                    
                                                    
                            
                                Dresses                            
                                                            Find your favorites dresses from our wide choice of evening, casual or summer dresses!
We offer dresses for every day, every style and every occasion.
                                                        
                                             
                              
				Dresses There are 5 products.

		        		
		
			Subcategories
			
							
                	
						
													
											
                   	
					Casual Dresses
											You are looking for a dress for every day? Take a look at
our selection of dresses to find one that suits you.
									
							
                	
						
													
											
                   	
					Evening Dresses
											Browse our different dresses to choose the perfect dress for an unforgettable evening!
									
							
                	
						
													
											
                   	
					Summer Dresses
											Short dress, long dress, silk dress, printed dress, you will find the perfect dress for summer.
									
						
		
        							
            	
            		
	View
    Grid
    List



	
		Sort by
		--
			--
							Price: Lowest first
				Price: Highest first
						Product Name: A to Z
			Product Name: Z to A
							In stock
						Reference: Lowest first
			Reference: Highest first
		
	


			
	
                								
		

				
                
                		
		
			Compare (0)
		
		
		
	
			
		
		
		
	
					
	
												
	
	    			
    
    	        	                        	                        	Showing 1 - 5 of 5 items
		    
	

                
			
				
									
		
	
	
	
			
		
		
								
			
				
					
						
							
						
													
							
								
							
						
						
							Quick view
						
																			
																	
										$26.00									
									
																		
									
															
																							
					
					
				
				
					
												
							Printed Dress
						
					
					
					
						100% cotton double printed dress. Black and white striped top and orange high waisted skater skirt bottom.
					
										
													
								$26.00							
							
														
							
											
										
																														
										Add to cart
									
																											
							More
						
					
											
					
			
							
		
	
										
																														
																		
																	
										In stock									
															
															
					 				
						

	
		Add to Wishlist
	

													
								Add to Compare
							
											
							
		
			
		
		
								
			
				
					
						
							
						
													
							
								
							
						
						
							Quick view
						
																			
																	
										$50.99									
									
																		
									
															
																							
					
					
				
				
					
												
							Printed Dress
						
					
					
					
						Printed evening dress with straight sleeves with black thin waist belt and ruffled linings.
					
										
													
								$50.99							
							
														
							
											
										
																														
										Add to cart
									
																											
							More
						
					
											
					
			
							
		
					
			
							
		
	
										
																														
																		
																	
										In stock									
															
															
					 				
						

	
		Add to Wishlist
	

													
								Add to Compare
							
											
							
		
			
		
		
								
			
				
					
						
							
						
													
							
								
							
						
						
							Quick view
						
																			
																	
										$28.98									
									
																			
										
											$30.51
										
																					-5%
																												
									
															
																							
					
					
				
				
					
												
							Printed Summer Dress
						
					
					
					
						Long printed dress with thin adjustable straps. V-neckline and wiring under the bust with ruffles at the bottom of the dress.
					
										
													
								$28.98							
							
															
								
									$30.51
								
								
																	-5%
																						
							
											
										
																														
										Add to cart
									
																											
							More
						
					
											
					
			
							
		
					
			
							
		
					
			
							
		
					
			
							
		
	
										
																																	Reduced price!
												
																		
																	
										In stock									
															
															
					 				
						

	
		Add to Wishlist
	

													
								Add to Compare
							
											
							
		
			
		
		
								
			
				
					
						
							
						
													
							
								
							
						
						
							Quick view
						
																			
																	
										$30.50									
									
																		
									
															
																							
					
					
				
				
					
												
							Printed Summer Dress
						
					
					
					
						Sleeveless knee-length chiffon dress. V-neckline with elastic under the bust lining.
					
										
													
								$30.50							
							
														
							
											
										
																														
										Add to cart
									
																											
							More
						
					
											
					
			
							
		
					
			
							
		
	
										
																														
																		
																	
										In stock									
															
															
					 				
						

	
		Add to Wishlist
	

													
								Add to Compare
							
											
							
		
			
		
		
								
			
				
					
						
							
						
													
							
								
							
						
						
							Quick view
						
																			
																	
										$16.40									
									
																			
										
											$20.50
										
																					-20%
																												
									
															
																							
					
					
				
				
					
												
							Printed Chiffon Dress
						
					
					
					
						Printed chiffon knee length dress with tank straps. Deep v-neckline.
					
										
													
								$16.40							
							
															
								
									$20.50
								
								
																	-20%
																						
							
											
										
																														
										Add to cart
									
																											
							More
						
					
											
					
			
							
		
					
			
							
		
	
										
																																	Reduced price!
												
																		
																	
										In stock									
															
															
					 				
						

	
		Add to Wishlist
	

													
								Add to Compare
							
											
							
		
		





			
				
						
		
			Compare (0)
		
		
		
	
	
                    
	
												
	
	    			
    
    	        	                        	                        	Showing 1 - 5 of 5 items
		    
	

				
			
								
										
				
			
							
				
					
						

	Newsletter
	
		
			
				
                
                    Ok
                
				
			
		
	



	
					
				
					Facebook
				
			
							
				
					Twitter
				
			
				                	
        		
        			Youtube
        		
        	
                        	
        		
        			Google Plus
        		
        	
                	
    Follow us




	Categories
	
		
			
												

	 
		Women
	
			
												

	 
		Tops
	
			
												

	
		T-shirts
	
	

																

	
		Blouses
	
	

									
	

																

	 
		Dresses
	
			
												

	
		Casual Dresses
	
	

																

	
		Evening Dresses
	
	

																

	
		Summer Dresses
	
	

									
	

									
	

							
										
		
	 


	
	
		Information
		
							
					
						Specials
					
				
									
				
					New products
				
			
										
					
						Best sellers
					
				
										
					
						Our stores
					
				
									
				
					Contact us
				
			
															
						
							Terms and conditions of use
						
					
																
						
							About us
						
					
													
				
					Sitemap
				
			
					
		
	
		
		
			© 2014 Ecommerce software by PrestaShop™
		
	
		


	My account
	
		
			My orders
						My credit slips
			My addresses
			My personal info
						
            		
	




	
        Store information
        
                        	
            		Selenium Framework, Research Triangle Park,
North Carolina,
USA            	
                                    	
            		Call us now: 
            		(347) 466-7432
            	
                                    	
            		Email: 
            		support@seleniumframework.com
            	
                    
    



					
				
					
/html[1]'))]' not found)

2018-04-03 15:02:26 - [MESSAGE][FAILED] - Unable to click on object 'Object Repository/IBM TEST/Page_Dresses - My Store/html_Dresses - My Store  var C' (Root cause: com.kms.katalon.core.webui.exception.WebElementNotFoundException: Web element with id: 'Object Repository/IBM TEST/Page_Dresses - My Store/html_Dresses - My Store  var C' located by 'By.xpath: //html[(text() = concat('
		
		Dresses - My Store
		
		
		
		 
		 
		
		
			
			
			
			
			
			
			
			
			
			
			
			
			
			
			
			
			
			
			
			
			
			
			
			
			
			
			
			
			
		
var CUSTOMIZE_TEXTFIELD = 1;
var FancyboxI18nClose = ' , "'" , 'Close' , "'" , ';
var FancyboxI18nNext = ' , "'" , 'Next' , "'" , ';
var FancyboxI18nPrev = ' , "'" , 'Previous' , "'" , ';
var added_to_wishlist = ' , "'" , 'Added to your wishlist.' , "'" , ';
var ajax_allowed = true;
var ajaxsearch = true;
var baseDir = ' , "'" , 'http://automationpractice.com/' , "'" , ';
var baseUri = ' , "'" , 'http://automationpractice.com/index.php' , "'" , ';
var blocklayeredSliderName = {"price":"price","weight":"weight"};
var blocksearch_type = ' , "'" , 'top' , "'" , ';
var comparator_max_item = 3;
var comparedProductsIds = [];
var contentOnly = false;
var customizationIdMessage = ' , "'" , 'Customization #' , "'" , ';
var delete_txt = ' , "'" , 'Delete' , "'" , ';
var displayList = false;
var filters = [{"type_lite":"category","type":"category","id_key":0,"name":"Categories","values":{"9":{"name":"Casual Dresses","nbr":1,"link":"http:\/\/automationpractice.com\/index.php?id_category=8&controller=category#categories-casual_dresses","rel":"nofollow"},"10":{"name":"Evening Dresses","nbr":1,"link":"http:\/\/automationpractice.com\/index.php?id_category=8&controller=category#categories-evening_dresses","rel":"nofollow"},"11":{"name":"Summer Dresses","nbr":3,"link":"http:\/\/automationpractice.com\/index.php?id_category=8&controller=category#categories-summer_dresses","rel":"nofollow"}},"filter_show_limit":"0","filter_type":"0"},{"type_lite":"id_attribute_group","type":"id_attribute_group","id_key":1,"name":"Size","is_color_group":false,"values":{"1":{"color":"","name":"S","nbr":5,"url_name":null,"meta_title":null,"link":"http:\/\/automationpractice.com\/index.php?id_category=8&controller=category#size-s","rel":""},"2":{"color":"","name":"M","nbr":5,"url_name":null,"meta_title":null,"link":"http:\/\/automationpractice.com\/index.php?id_category=8&controller=category#size-m","rel":""},"3":{"color":"","name":"L","nbr":5,"url_name":null,"meta_title":null,"link":"http:\/\/automationpractice.com\/index.php?id_category=8&controller=category#size-l","rel":""}},"url_name":null,"meta_title":null,"filter_show_limit":"0","filter_type":"0"},{"type_lite":"id_attribute_group","type":"id_attribute_group","id_key":3,"name":"Color","is_color_group":true,"values":{"7":{"color":"#f5f5dc","name":"Beige","nbr":1,"url_name":null,"meta_title":null,"link":"http:\/\/automationpractice.com\/index.php?id_category=8&controller=category#color-beige","rel":""},"8":{"color":"#ffffff","name":"White","nbr":1,"url_name":null,"meta_title":null,"link":"http:\/\/automationpractice.com\/index.php?id_category=8&controller=category#color-white","rel":""},"11":{"color":"#434A54","name":"Black","nbr":1,"url_name":null,"meta_title":null,"link":"http:\/\/automationpractice.com\/index.php?id_category=8&controller=category#color-black","rel":""},"13":{"color":"#F39C11","name":"Orange","nbr":2,"url_name":null,"meta_title":null,"link":"http:\/\/automationpractice.com\/index.php?id_category=8&controller=category#color-orange","rel":""},"14":{"color":"#5D9CEC","name":"Blue","nbr":1,"url_name":null,"meta_title":null,"link":"http:\/\/automationpractice.com\/index.php?id_category=8&controller=category#color-blue","rel":""},"15":{"color":"#A0D468","name":"Green","nbr":1,"url_name":null,"meta_title":null,"link":"http:\/\/automationpractice.com\/index.php?id_category=8&controller=category#color-green","rel":""},"16":{"color":"#F1C40F","name":"Yellow","nbr":3,"url_name":null,"meta_title":null,"link":"http:\/\/automationpractice.com\/index.php?id_category=8&controller=category#color-yellow","rel":""},"24":{"color":"#FCCACD","name":"Pink","nbr":1,"url_name":null,"meta_title":null,"link":"http:\/\/automationpractice.com\/index.php?id_category=8&controller=category#color-pink","rel":""}},"url_name":null,"meta_title":null,"filter_show_limit":"0","filter_type":"0"},{"type_lite":"id_feature","type":"id_feature","id_key":5,"values":{"5":{"nbr":1,"name":"Cotton","url_name":null,"meta_title":null,"link":"http:\/\/automationpractice.com\/index.php?id_category=8&controller=category#compositions-cotton","rel":""},"1":{"nbr":2,"name":"Polyester","url_name":null,"meta_title":null,"link":"http:\/\/automationpractice.com\/index.php?id_category=8&controller=category#compositions-polyester","rel":""},"3":{"nbr":2,"name":"Viscose","url_name":null,"meta_title":null,"link":"http:\/\/automationpractice.com\/index.php?id_category=8&controller=category#compositions-viscose","rel":""}},"name":"Compositions","url_name":null,"meta_title":null,"filter_show_limit":"0","filter_type":"0"},{"type_lite":"id_feature","type":"id_feature","id_key":6,"values":{"11":{"nbr":1,"name":"Casual","url_name":null,"meta_title":null,"link":"http:\/\/automationpractice.com\/index.php?id_category=8&controller=category#styles-casual","rel":""},"16":{"nbr":1,"name":"Dressy","url_name":null,"meta_title":null,"link":"http:\/\/automationpractice.com\/index.php?id_category=8&controller=category#styles-dressy","rel":""},"13":{"nbr":3,"name":"Girly","url_name":null,"meta_title":null,"link":"http:\/\/automationpractice.com\/index.php?id_category=8&controller=category#styles-girly","rel":""}},"name":"Styles","url_name":null,"meta_title":null,"filter_show_limit":"0","filter_type":"0"},{"type_lite":"id_feature","type":"id_feature","id_key":7,"values":{"18":{"nbr":1,"name":"Colorful Dress","url_name":null,"meta_title":null,"link":"http:\/\/automationpractice.com\/index.php?id_category=8&controller=category#properties-colorful_dress","rel":""},"21":{"nbr":1,"name":"Maxi Dress","url_name":null,"meta_title":null,"link":"http:\/\/automationpractice.com\/index.php?id_category=8&controller=category#properties-maxi_dress","rel":""},"20":{"nbr":1,"name":"Midi Dress","url_name":null,"meta_title":null,"link":"http:\/\/automationpractice.com\/index.php?id_category=8&controller=category#properties-midi_dress","rel":""},"19":{"nbr":2,"name":"Short Dress","url_name":null,"meta_title":null,"link":"http:\/\/automationpractice.com\/index.php?id_category=8&controller=category#properties-short_dress","rel":""}},"name":"Properties","url_name":null,"meta_title":null,"filter_show_limit":"0","filter_type":"0"},{"type_lite":"quantity","type":"quantity","id_key":0,"name":"Availability","values":[{"name":"Not available","nbr":0,"link":"http:\/\/automationpractice.com\/index.php?id_category=8&controller=category#availability-not_available","rel":"nofollow"},{"name":"In stock","nbr":5,"link":"http:\/\/automationpractice.com\/index.php?id_category=8&controller=category#availability-in_stock","rel":"nofollow"}],"filter_show_limit":"0","filter_type":"0"},{"type_lite":"manufacturer","type":"manufacturer","id_key":0,"name":"Manufacturer","values":{"1":{"name":"Fashion Manufacturer","nbr":"5","link":"http:\/\/automationpractice.com\/index.php?id_category=8&controller=category#manufacturer-fashion_manufacturer","rel":"nofollow"}},"filter_show_limit":"0","filter_type":"0"},{"type_lite":"condition","type":"condition","id_key":0,"name":"Condition","values":{"new":{"name":"New","nbr":5,"link":"http:\/\/automationpractice.com\/index.php?id_category=8&controller=category#condition-new","rel":"nofollow"},"used":{"name":"Used","nbr":0,"link":"http:\/\/automationpractice.com\/index.php?id_category=8&controller=category#condition-used","rel":"nofollow"},"refurbished":{"name":"Refurbished","nbr":0,"link":"http:\/\/automationpractice.com\/index.php?id_category=8&controller=category#condition-refurbished","rel":"nofollow"}},"filter_show_limit":"0","filter_type":"0"},{"type_lite":"price","type":"price","id_key":0,"name":"Price","slider":true,"max":"53","min":"16","values":{"1":"53","0":"16"},"unit":"$","format":"1","filter_show_limit":"0","filter_type":"0"}];
var freeProductTranslation = ' , "'" , 'Free!' , "'" , ';
var freeShippingTranslation = ' , "'" , 'Free shipping!' , "'" , ';
var generated_date = 1522247829;
var id_lang = 1;
var img_dir = ' , "'" , 'http://automationpractice.com/themes/default-bootstrap/img/' , "'" , ';
var instantsearch = false;
var isGuest = 0;
var isLogged = 0;
var loggin_required = ' , "'" , 'You must be logged in to manage your wishlist.' , "'" , ';
var max_item = ' , "'" , 'You cannot add more than 3 product(s) to the product comparison' , "'" , ';
var min_item = ' , "'" , 'Please select at least one product' , "'" , ';
var mywishlist_url = ' , "'" , 'http://automationpractice.com/index.php?fc=module&module=blockwishlist&controller=mywishlist' , "'" , ';
var page_name = ' , "'" , 'category' , "'" , ';
var param_product_url = ' , "'" , '#' , "'" , ';
var placeholder_blocknewsletter = ' , "'" , 'Enter your e-mail' , "'" , ';
var priceDisplayMethod = 1;
var priceDisplayPrecision = 2;
var quickView = true;
var removingLinkText = ' , "'" , 'remove this product from my cart' , "'" , ';
var request = ' , "'" , 'http://automationpractice.com/index.php?id_category=8&controller=category' , "'" , ';
var roundMode = 2;
var search_url = ' , "'" , 'http://automationpractice.com/index.php?controller=search' , "'" , ';
var static_token = ' , "'" , 'e817bb0705dd58da8db074c69f729fd8' , "'" , ';
var token = ' , "'" , 'ce65cefcbafad255f0866d3b32d32058' , "'" , ';
var usingSecureMode = false;
var wishlistProductsIds = false;


		
		
		
		
		
		
		
		
		
		
		
		
		
		
		
		
		
		
		
		
		
		
		
		
		
		
		
		
			
		
		
	.fancybox-margin{margin-right:17px;}#katalon{font-family:monospace;font-size:13px;background-color:rgba(0,0,0,.7);position:fixed;top:0;left:0;right:0;display:block;z-index:999999999;line-height: normal} #katalon div{padding:0;margin:0;color:#fff;} #katalon kbd{display:inline-block;padding:3px 5px;font:13px Consolas,"Liberation Mono",Menlo,Courier,monospace;line-height:10px;color:#555;vertical-align:middle;background-color:#fcfcfc;border:1px solid #ccc;border-bottom-color:#bbb;border-radius:3px;box-shadow:inset 0 -1px 0 #bbb;font-weight: bold} div#katalon-elementInfoDiv {color: lightblue; padding: 5px}
	
					
			
				
					
						
							
								
	


							
						
					
					
						
							
								

			
			Sign in
		
	




	Contact us

	
		Call us now: 0123-456-789
	

							
						
					
					
						
							
								
									
										
									
								
								

	
		
		
		
		
		
			Search
		
	



	
		
			Cart
			1
			Product
			Products
			
																					$16.51
												
			(empty)
					
					
				
					
					
													
																																			
										
										
											
												1 x Faded...
											
																							
													Orange, S
												
																						
																									$16.51																							
										
										
																							 
																					
									
																			
																		
																																	
												
							No products
						
												
							
								
																			$2.00
																	
								
									Shipping
								
							
																					
								$18.51
								Total
							
													
						
							
								
									Check out
								
							
						
					
				
			
			


	
		
			
				
				
					Product successfully added to your shopping cart
				
				
				
				
					
					
					
						Quantity
						
					
					
						Total
						
					
				
			
			
				
					
					
						There are 1 items in your cart.
					
					
					
						There is 1 item in your cart.
					
				
	
				
					
						Total products
											
					
													$16.51
											
				
	
								
					
						Total shipping 					
					
													$2.00
											
				
									
					
						Total
											
					
																					$18.51
																		
				
					
					
						
							Continue shopping
						
					
					
						
							Proceed to checkout
						
						
				
			
		
		
	 
	

	
	
		Categories
		
			WomenTopsT-shirtsBlousesDressesCasual DressesEvening DressesSummer DressesDressesCasual DressesEvening DressesSummer DressesT-shirts
					
	
	
							
						
					
				
			
			
				
											


	
			>
					Women>Dresses
			

										
						
					
					
												

	
					Dresses
			
	
		
												

	
		Casual Dresses
	
	

																

	
		Evening Dresses
	
	

																

	
		Summer Dresses
	
	

									
	





	Catalog
	
		
			
																										
						                        
                            Categories
                            
						
						
																																												
																							 
																						
																								Casual Dresses (1)
																							
										
																																							
																							 
																						
																								Evening Dresses (1)
																							
										
																																							
																							 
																						
																								Summer Dresses (3)
																							
										
																																															
					
																											
						                        
                            Size
                            
						
						
																																												
																							 
																						
																								S (5)
																							
										
																																							
																							 
																						
																								M (5)
																							
										
																																							
																							 
																						
																								L (5)
																							
										
																																															
					
																											
						                        
                            Color
                            
						
						
																																												
																							
																																		
																								Beige (1)
																							
										
																																							
																							
																																		
																								White (1)
																							
										
																																							
																							
																																		
																								Black (1)
																							
										
																																							
																							
																																		
																								Orange (2)
																							
										
																																							
																							
																																		
																								Blue (1)
																							
										
																																							
																							
																																		
																								Green (1)
																							
										
																																							
																							
																																		
																								Yellow (3)
																							
										
																																							
																							
																																		
																								Pink (1)
																							
										
																																															
					
																											
						                        
                            Compositions
                            
						
						
																																												
																							 
																						
																								Cotton (1)
																							
										
																																							
																							 
																						
																								Polyester (2)
																							
										
																																							
																							 
																						
																								Viscose (2)
																							
										
																																															
					
																											
						                        
                            Styles
                            
						
						
																																												
																							 
																						
																								Casual (1)
																							
										
																																							
																							 
																						
																								Dressy (1)
																							
										
																																							
																							 
																						
																								Girly (3)
																							
										
																																															
					
																											
						                        
                            Properties
                            
						
						
																																												
																							 
																						
																								Colorful Dress (1)
																							
										
																																							
																							 
																						
																								Maxi Dress (1)
																							
										
																																							
																							 
																						
																								Midi Dress (1)
																							
										
																																							
																							 
																						
																								Short Dress (2)
																							
										
																																															
					
																											
						                        
                            Availability
                            
						
						
																																																															
																							 
																						
																								In stock (5)
																							
										
																																															
					
																											
						                        
                            Manufacturer
                            
						
						
																																												
																							 
																						
																								Fashion Manufacturer (5)
																							
										
																																															
					
																											
						                        
                            Condition
                            
						
						
																																												
																							 
																						
																								New (5)
																							
										
																																																																																					
					
																											
						                        
                            Price
                            
						
						
																								
										Range:
									 
									$16.00 - $53.00
									
										
									
																												
					
												
			
																																																																																																																																																																												
	
	
		
			
			Loading...
		
	


	
			
			
				
					Information				
			
			
				
																							
								
									Delivery
								
							
																								
								
									Legal Notice
								
							
																								
								
									Terms and conditions of use
								
							
																								
								
									About us
								
							
																								
								
									Secure payment
								
							
																						
							
								Our stores
							
						
									
			
		
		


	
        
            Specials
        
    
	
    		
        	
            	
                    
                
                
                	
                        
                            Printed Summer Dress
                        
                    
                                        	
                            Long printed dress with thin...
                        
                                        
                    	                        	
                                $28.98
                                                            
                                                                                                                                 -5%
                                                                                         
                                $30.51
                                                            
                                            
                
            
		
		
			
                All specials
            
		
    	



	
		
			Our stores
		
	
	
		
			
				
			
		
				
			
				Discover our stores
			
		
	





	Viewed products
	
		
							
					
						
					
					
						
							
								Faded Short Sleeve...
							
						
						Faded short sleeve t-shirt with high...
					
				
					
	


																		
	

	    				
            	                     
                    
                                                    
                            
                                Dresses                            
                                                            Find your favorites dresses from our wide choice of evening, casual or summer dresses!
We offer dresses for every day, every style and every occasion.
                                                        
                                             
                              
				Dresses There are 5 products.

		        		
		
			Subcategories
			
							
                	
						
													
											
                   	
					Casual Dresses
											You are looking for a dress for every day? Take a look at
our selection of dresses to find one that suits you.
									
							
                	
						
													
											
                   	
					Evening Dresses
											Browse our different dresses to choose the perfect dress for an unforgettable evening!
									
							
                	
						
													
											
                   	
					Summer Dresses
											Short dress, long dress, silk dress, printed dress, you will find the perfect dress for summer.
									
						
		
        							
            	
            		
	View
    Grid
    List



	
		Sort by
		--
			--
							Price: Lowest first
				Price: Highest first
						Product Name: A to Z
			Product Name: Z to A
							In stock
						Reference: Lowest first
			Reference: Highest first
		
	


			
	
                								
		

				
                
                		
		
			Compare (0)
		
		
		
	
			
		
		
		
	
					
	
												
	
	    			
    
    	        	                        	                        	Showing 1 - 5 of 5 items
		    
	

                
			
				
									
		
	
	
	
			
		
		
								
			
				
					
						
							
						
													
							
								
							
						
						
							Quick view
						
																			
																	
										$26.00									
									
																		
									
															
																							
					
					
				
				
					
												
							Printed Dress
						
					
					
					
						100% cotton double printed dress. Black and white striped top and orange high waisted skater skirt bottom.
					
										
													
								$26.00							
							
														
							
											
										
																														
										Add to cart
									
																											
							More
						
					
											
					
			
							
		
	
										
																														
																		
																	
										In stock									
															
															
					 				
						

	
		Add to Wishlist
	

													
								Add to Compare
							
											
							
		
			
		
		
								
			
				
					
						
							
						
													
							
								
							
						
						
							Quick view
						
																			
																	
										$50.99									
									
																		
									
															
																							
					
					
				
				
					
												
							Printed Dress
						
					
					
					
						Printed evening dress with straight sleeves with black thin waist belt and ruffled linings.
					
										
													
								$50.99							
							
														
							
											
										
																														
										Add to cart
									
																											
							More
						
					
											
					
			
							
		
					
			
							
		
	
										
																														
																		
																	
										In stock									
															
															
					 				
						

	
		Add to Wishlist
	

													
								Add to Compare
							
											
							
		
			
		
		
								
			
				
					
						
							
						
													
							
								
							
						
						
							Quick view
						
																			
																	
										$28.98									
									
																			
										
											$30.51
										
																					-5%
																												
									
															
																							
					
					
				
				
					
												
							Printed Summer Dress
						
					
					
					
						Long printed dress with thin adjustable straps. V-neckline and wiring under the bust with ruffles at the bottom of the dress.
					
										
													
								$28.98							
							
															
								
									$30.51
								
								
																	-5%
																						
							
											
										
																														
										Add to cart
									
																											
							More
						
					
											
					
			
							
		
					
			
							
		
					
			
							
		
					
			
							
		
	
										
																																	Reduced price!
												
																		
																	
										In stock									
															
															
					 				
						

	
		Add to Wishlist
	

													
								Add to Compare
							
											
							
		
			
		
		
								
			
				
					
						
							
						
													
							
								
							
						
						
							Quick view
						
																			
																	
										$30.50									
									
																		
									
															
																							
					
					
				
				
					
												
							Printed Summer Dress
						
					
					
					
						Sleeveless knee-length chiffon dress. V-neckline with elastic under the bust lining.
					
										
													
								$30.50							
							
														
							
											
										
																														
										Add to cart
									
																											
							More
						
					
											
					
			
							
		
					
			
							
		
	
										
																														
																		
																	
										In stock									
															
															
					 				
						

	
		Add to Wishlist
	

													
								Add to Compare
							
											
							
		
			
		
		
								
			
				
					
						
							
						
													
							
								
							
						
						
							Quick view
						
																			
																	
										$16.40									
									
																			
										
											$20.50
										
																					-20%
																												
									
															
																							
					
					
				
				
					
												
							Printed Chiffon Dress
						
					
					
					
						Printed chiffon knee length dress with tank straps. Deep v-neckline.
					
										
													
								$16.40							
							
															
								
									$20.50
								
								
																	-20%
																						
							
											
										
																														
										Add to cart
									
																											
							More
						
					
											
					
			
							
		
					
			
							
		
	
										
																																	Reduced price!
												
																		
																	
										In stock									
															
															
					 				
						

	
		Add to Wishlist
	

													
								Add to Compare
							
											
							
		
		





			
				
						
		
			Compare (0)
		
		
		
	
	
                    
	
												
	
	    			
    
    	        	                        	                        	Showing 1 - 5 of 5 items
		    
	

				
			
								
										
				
			
							
				
					
						

	Newsletter
	
		
			
				
                
                    Ok
                
				
			
		
	



	
					
				
					Facebook
				
			
							
				
					Twitter
				
			
				                	
        		
        			Youtube
        		
        	
                        	
        		
        			Google Plus
        		
        	
                	
    Follow us




	Categories
	
		
			
												

	 
		Women
	
			
												

	 
		Tops
	
			
												

	
		T-shirts
	
	

																

	
		Blouses
	
	

									
	

																

	 
		Dresses
	
			
												

	
		Casual Dresses
	
	

																

	
		Evening Dresses
	
	

																

	
		Summer Dresses
	
	

									
	

									
	

							
										
		
	 


	
	
		Information
		
							
					
						Specials
					
				
									
				
					New products
				
			
										
					
						Best sellers
					
				
										
					
						Our stores
					
				
									
				
					Contact us
				
			
															
						
							Terms and conditions of use
						
					
																
						
							About us
						
					
													
				
					Sitemap
				
			
					
		
	
		
		
			© 2014 Ecommerce software by PrestaShop™
		
	
		


	My account
	
		
			My orders
						My credit slips
			My addresses
			My personal info
						
            		
	




	
        Store information
        
                        	
            		Selenium Framework, Research Triangle Park,
North Carolina,
USA            	
                                    	
            		Call us now: 
            		(347) 466-7432
            	
                                    	
            		Email: 
            		support@seleniumframework.com
            	
                    
    



					
				
					
/html[1]') or . = concat('
		
		Dresses - My Store
		
		
		
		 
		 
		
		
			
			
			
			
			
			
			
			
			
			
			
			
			
			
			
			
			
			
			
			
			
			
			
			
			
			
			
			
			
		
var CUSTOMIZE_TEXTFIELD = 1;
var FancyboxI18nClose = ' , "'" , 'Close' , "'" , ';
var FancyboxI18nNext = ' , "'" , 'Next' , "'" , ';
var FancyboxI18nPrev = ' , "'" , 'Previous' , "'" , ';
var added_to_wishlist = ' , "'" , 'Added to your wishlist.' , "'" , ';
var ajax_allowed = true;
var ajaxsearch = true;
var baseDir = ' , "'" , 'http://automationpractice.com/' , "'" , ';
var baseUri = ' , "'" , 'http://automationpractice.com/index.php' , "'" , ';
var blocklayeredSliderName = {"price":"price","weight":"weight"};
var blocksearch_type = ' , "'" , 'top' , "'" , ';
var comparator_max_item = 3;
var comparedProductsIds = [];
var contentOnly = false;
var customizationIdMessage = ' , "'" , 'Customization #' , "'" , ';
var delete_txt = ' , "'" , 'Delete' , "'" , ';
var displayList = false;
var filters = [{"type_lite":"category","type":"category","id_key":0,"name":"Categories","values":{"9":{"name":"Casual Dresses","nbr":1,"link":"http:\/\/automationpractice.com\/index.php?id_category=8&controller=category#categories-casual_dresses","rel":"nofollow"},"10":{"name":"Evening Dresses","nbr":1,"link":"http:\/\/automationpractice.com\/index.php?id_category=8&controller=category#categories-evening_dresses","rel":"nofollow"},"11":{"name":"Summer Dresses","nbr":3,"link":"http:\/\/automationpractice.com\/index.php?id_category=8&controller=category#categories-summer_dresses","rel":"nofollow"}},"filter_show_limit":"0","filter_type":"0"},{"type_lite":"id_attribute_group","type":"id_attribute_group","id_key":1,"name":"Size","is_color_group":false,"values":{"1":{"color":"","name":"S","nbr":5,"url_name":null,"meta_title":null,"link":"http:\/\/automationpractice.com\/index.php?id_category=8&controller=category#size-s","rel":""},"2":{"color":"","name":"M","nbr":5,"url_name":null,"meta_title":null,"link":"http:\/\/automationpractice.com\/index.php?id_category=8&controller=category#size-m","rel":""},"3":{"color":"","name":"L","nbr":5,"url_name":null,"meta_title":null,"link":"http:\/\/automationpractice.com\/index.php?id_category=8&controller=category#size-l","rel":""}},"url_name":null,"meta_title":null,"filter_show_limit":"0","filter_type":"0"},{"type_lite":"id_attribute_group","type":"id_attribute_group","id_key":3,"name":"Color","is_color_group":true,"values":{"7":{"color":"#f5f5dc","name":"Beige","nbr":1,"url_name":null,"meta_title":null,"link":"http:\/\/automationpractice.com\/index.php?id_category=8&controller=category#color-beige","rel":""},"8":{"color":"#ffffff","name":"White","nbr":1,"url_name":null,"meta_title":null,"link":"http:\/\/automationpractice.com\/index.php?id_category=8&controller=category#color-white","rel":""},"11":{"color":"#434A54","name":"Black","nbr":1,"url_name":null,"meta_title":null,"link":"http:\/\/automationpractice.com\/index.php?id_category=8&controller=category#color-black","rel":""},"13":{"color":"#F39C11","name":"Orange","nbr":2,"url_name":null,"meta_title":null,"link":"http:\/\/automationpractice.com\/index.php?id_category=8&controller=category#color-orange","rel":""},"14":{"color":"#5D9CEC","name":"Blue","nbr":1,"url_name":null,"meta_title":null,"link":"http:\/\/automationpractice.com\/index.php?id_category=8&controller=category#color-blue","rel":""},"15":{"color":"#A0D468","name":"Green","nbr":1,"url_name":null,"meta_title":null,"link":"http:\/\/automationpractice.com\/index.php?id_category=8&controller=category#color-green","rel":""},"16":{"color":"#F1C40F","name":"Yellow","nbr":3,"url_name":null,"meta_title":null,"link":"http:\/\/automationpractice.com\/index.php?id_category=8&controller=category#color-yellow","rel":""},"24":{"color":"#FCCACD","name":"Pink","nbr":1,"url_name":null,"meta_title":null,"link":"http:\/\/automationpractice.com\/index.php?id_category=8&controller=category#color-pink","rel":""}},"url_name":null,"meta_title":null,"filter_show_limit":"0","filter_type":"0"},{"type_lite":"id_feature","type":"id_feature","id_key":5,"values":{"5":{"nbr":1,"name":"Cotton","url_name":null,"meta_title":null,"link":"http:\/\/automationpractice.com\/index.php?id_category=8&controller=category#compositions-cotton","rel":""},"1":{"nbr":2,"name":"Polyester","url_name":null,"meta_title":null,"link":"http:\/\/automationpractice.com\/index.php?id_category=8&controller=category#compositions-polyester","rel":""},"3":{"nbr":2,"name":"Viscose","url_name":null,"meta_title":null,"link":"http:\/\/automationpractice.com\/index.php?id_category=8&controller=category#compositions-viscose","rel":""}},"name":"Compositions","url_name":null,"meta_title":null,"filter_show_limit":"0","filter_type":"0"},{"type_lite":"id_feature","type":"id_feature","id_key":6,"values":{"11":{"nbr":1,"name":"Casual","url_name":null,"meta_title":null,"link":"http:\/\/automationpractice.com\/index.php?id_category=8&controller=category#styles-casual","rel":""},"16":{"nbr":1,"name":"Dressy","url_name":null,"meta_title":null,"link":"http:\/\/automationpractice.com\/index.php?id_category=8&controller=category#styles-dressy","rel":""},"13":{"nbr":3,"name":"Girly","url_name":null,"meta_title":null,"link":"http:\/\/automationpractice.com\/index.php?id_category=8&controller=category#styles-girly","rel":""}},"name":"Styles","url_name":null,"meta_title":null,"filter_show_limit":"0","filter_type":"0"},{"type_lite":"id_feature","type":"id_feature","id_key":7,"values":{"18":{"nbr":1,"name":"Colorful Dress","url_name":null,"meta_title":null,"link":"http:\/\/automationpractice.com\/index.php?id_category=8&controller=category#properties-colorful_dress","rel":""},"21":{"nbr":1,"name":"Maxi Dress","url_name":null,"meta_title":null,"link":"http:\/\/automationpractice.com\/index.php?id_category=8&controller=category#properties-maxi_dress","rel":""},"20":{"nbr":1,"name":"Midi Dress","url_name":null,"meta_title":null,"link":"http:\/\/automationpractice.com\/index.php?id_category=8&controller=category#properties-midi_dress","rel":""},"19":{"nbr":2,"name":"Short Dress","url_name":null,"meta_title":null,"link":"http:\/\/automationpractice.com\/index.php?id_category=8&controller=category#properties-short_dress","rel":""}},"name":"Properties","url_name":null,"meta_title":null,"filter_show_limit":"0","filter_type":"0"},{"type_lite":"quantity","type":"quantity","id_key":0,"name":"Availability","values":[{"name":"Not available","nbr":0,"link":"http:\/\/automationpractice.com\/index.php?id_category=8&controller=category#availability-not_available","rel":"nofollow"},{"name":"In stock","nbr":5,"link":"http:\/\/automationpractice.com\/index.php?id_category=8&controller=category#availability-in_stock","rel":"nofollow"}],"filter_show_limit":"0","filter_type":"0"},{"type_lite":"manufacturer","type":"manufacturer","id_key":0,"name":"Manufacturer","values":{"1":{"name":"Fashion Manufacturer","nbr":"5","link":"http:\/\/automationpractice.com\/index.php?id_category=8&controller=category#manufacturer-fashion_manufacturer","rel":"nofollow"}},"filter_show_limit":"0","filter_type":"0"},{"type_lite":"condition","type":"condition","id_key":0,"name":"Condition","values":{"new":{"name":"New","nbr":5,"link":"http:\/\/automationpractice.com\/index.php?id_category=8&controller=category#condition-new","rel":"nofollow"},"used":{"name":"Used","nbr":0,"link":"http:\/\/automationpractice.com\/index.php?id_category=8&controller=category#condition-used","rel":"nofollow"},"refurbished":{"name":"Refurbished","nbr":0,"link":"http:\/\/automationpractice.com\/index.php?id_category=8&controller=category#condition-refurbished","rel":"nofollow"}},"filter_show_limit":"0","filter_type":"0"},{"type_lite":"price","type":"price","id_key":0,"name":"Price","slider":true,"max":"53","min":"16","values":{"1":"53","0":"16"},"unit":"$","format":"1","filter_show_limit":"0","filter_type":"0"}];
var freeProductTranslation = ' , "'" , 'Free!' , "'" , ';
var freeShippingTranslation = ' , "'" , 'Free shipping!' , "'" , ';
var generated_date = 1522247829;
var id_lang = 1;
var img_dir = ' , "'" , 'http://automationpractice.com/themes/default-bootstrap/img/' , "'" , ';
var instantsearch = false;
var isGuest = 0;
var isLogged = 0;
var loggin_required = ' , "'" , 'You must be logged in to manage your wishlist.' , "'" , ';
var max_item = ' , "'" , 'You cannot add more than 3 product(s) to the product comparison' , "'" , ';
var min_item = ' , "'" , 'Please select at least one product' , "'" , ';
var mywishlist_url = ' , "'" , 'http://automationpractice.com/index.php?fc=module&module=blockwishlist&controller=mywishlist' , "'" , ';
var page_name = ' , "'" , 'category' , "'" , ';
var param_product_url = ' , "'" , '#' , "'" , ';
var placeholder_blocknewsletter = ' , "'" , 'Enter your e-mail' , "'" , ';
var priceDisplayMethod = 1;
var priceDisplayPrecision = 2;
var quickView = true;
var removingLinkText = ' , "'" , 'remove this product from my cart' , "'" , ';
var request = ' , "'" , 'http://automationpractice.com/index.php?id_category=8&controller=category' , "'" , ';
var roundMode = 2;
var search_url = ' , "'" , 'http://automationpractice.com/index.php?controller=search' , "'" , ';
var static_token = ' , "'" , 'e817bb0705dd58da8db074c69f729fd8' , "'" , ';
var token = ' , "'" , 'ce65cefcbafad255f0866d3b32d32058' , "'" , ';
var usingSecureMode = false;
var wishlistProductsIds = false;


		
		
		
		
		
		
		
		
		
		
		
		
		
		
		
		
		
		
		
		
		
		
		
		
		
		
		
		
			
		
		
	.fancybox-margin{margin-right:17px;}#katalon{font-family:monospace;font-size:13px;background-color:rgba(0,0,0,.7);position:fixed;top:0;left:0;right:0;display:block;z-index:999999999;line-height: normal} #katalon div{padding:0;margin:0;color:#fff;} #katalon kbd{display:inline-block;padding:3px 5px;font:13px Consolas,"Liberation Mono",Menlo,Courier,monospace;line-height:10px;color:#555;vertical-align:middle;background-color:#fcfcfc;border:1px solid #ccc;border-bottom-color:#bbb;border-radius:3px;box-shadow:inset 0 -1px 0 #bbb;font-weight: bold} div#katalon-elementInfoDiv {color: lightblue; padding: 5px}
	
					
			
				
					
						
							
								
	


							
						
					
					
						
							
								

			
			Sign in
		
	




	Contact us

	
		Call us now: 0123-456-789
	

							
						
					
					
						
							
								
									
										
									
								
								

	
		
		
		
		
		
			Search
		
	



	
		
			Cart
			1
			Product
			Products
			
																					$16.51
												
			(empty)
					
					
				
					
					
													
																																			
										
										
											
												1 x Faded...
											
																							
													Orange, S
												
																						
																									$16.51																							
										
										
																							 
																					
									
																			
																		
																																	
												
							No products
						
												
							
								
																			$2.00
																	
								
									Shipping
								
							
																					
								$18.51
								Total
							
													
						
							
								
									Check out
								
							
						
					
				
			
			


	
		
			
				
				
					Product successfully added to your shopping cart
				
				
				
				
					
					
					
						Quantity
						
					
					
						Total
						
					
				
			
			
				
					
					
						There are 1 items in your cart.
					
					
					
						There is 1 item in your cart.
					
				
	
				
					
						Total products
											
					
													$16.51
											
				
	
								
					
						Total shipping 					
					
													$2.00
											
				
									
					
						Total
											
					
																					$18.51
																		
				
					
					
						
							Continue shopping
						
					
					
						
							Proceed to checkout
						
						
				
			
		
		
	 
	

	
	
		Categories
		
			WomenTopsT-shirtsBlousesDressesCasual DressesEvening DressesSummer DressesDressesCasual DressesEvening DressesSummer DressesT-shirts
					
	
	
							
						
					
				
			
			
				
											


	
			>
					Women>Dresses
			

										
						
					
					
												

	
					Dresses
			
	
		
												

	
		Casual Dresses
	
	

																

	
		Evening Dresses
	
	

																

	
		Summer Dresses
	
	

									
	





	Catalog
	
		
			
																										
						                        
                            Categories
                            
						
						
																																												
																							 
																						
																								Casual Dresses (1)
																							
										
																																							
																							 
																						
																								Evening Dresses (1)
																							
										
																																							
																							 
																						
																								Summer Dresses (3)
																							
										
																																															
					
																											
						                        
                            Size
                            
						
						
																																												
																							 
																						
																								S (5)
																							
										
																																							
																							 
																						
																								M (5)
																							
										
																																							
																							 
																						
																								L (5)
																							
										
																																															
					
																											
						                        
                            Color
                            
						
						
																																												
																							
																																		
																								Beige (1)
																							
										
																																							
																							
																																		
																								White (1)
																							
										
																																							
																							
																																		
																								Black (1)
																							
										
																																							
																							
																																		
																								Orange (2)
																							
										
																																							
																							
																																		
																								Blue (1)
																							
										
																																							
																							
																																		
																								Green (1)
																							
										
																																							
																							
																																		
																								Yellow (3)
																							
										
																																							
																							
																																		
																								Pink (1)
																							
										
																																															
					
																											
						                        
                            Compositions
                            
						
						
																																												
																							 
																						
																								Cotton (1)
																							
										
																																							
																							 
																						
																								Polyester (2)
																							
										
																																							
																							 
																						
																								Viscose (2)
																							
										
																																															
					
																											
						                        
                            Styles
                            
						
						
																																												
																							 
																						
																								Casual (1)
																							
										
																																							
																							 
																						
																								Dressy (1)
																							
										
																																							
																							 
																						
																								Girly (3)
																							
										
																																															
					
																											
						                        
                            Properties
                            
						
						
																																												
																							 
																						
																								Colorful Dress (1)
																							
										
																																							
																							 
																						
																								Maxi Dress (1)
																							
										
																																							
																							 
																						
																								Midi Dress (1)
																							
										
																																							
																							 
																						
																								Short Dress (2)
																							
										
																																															
					
																											
						                        
                            Availability
                            
						
						
																																																															
																							 
																						
																								In stock (5)
																							
										
																																															
					
																											
						                        
                            Manufacturer
                            
						
						
																																												
																							 
																						
																								Fashion Manufacturer (5)
																							
										
																																															
					
																											
						                        
                            Condition
                            
						
						
																																												
																							 
																						
																								New (5)
																							
										
																																																																																					
					
																											
						                        
                            Price
                            
						
						
																								
										Range:
									 
									$16.00 - $53.00
									
										
									
																												
					
												
			
																																																																																																																																																																												
	
	
		
			
			Loading...
		
	


	
			
			
				
					Information				
			
			
				
																							
								
									Delivery
								
							
																								
								
									Legal Notice
								
							
																								
								
									Terms and conditions of use
								
							
																								
								
									About us
								
							
																								
								
									Secure payment
								
							
																						
							
								Our stores
							
						
									
			
		
		


	
        
            Specials
        
    
	
    		
        	
            	
                    
                
                
                	
                        
                            Printed Summer Dress
                        
                    
                                        	
                            Long printed dress with thin...
                        
                                        
                    	                        	
                                $28.98
                                                            
                                                                                                                                 -5%
                                                                                         
                                $30.51
                                                            
                                            
                
            
		
		
			
                All specials
            
		
    	



	
		
			Our stores
		
	
	
		
			
				
			
		
				
			
				Discover our stores
			
		
	





	Viewed products
	
		
							
					
						
					
					
						
							
								Faded Short Sleeve...
							
						
						Faded short sleeve t-shirt with high...
					
				
					
	


																		
	

	    				
            	                     
                    
                                                    
                            
                                Dresses                            
                                                            Find your favorites dresses from our wide choice of evening, casual or summer dresses!
We offer dresses for every day, every style and every occasion.
                                                        
                                             
                              
				Dresses There are 5 products.

		        		
		
			Subcategories
			
							
                	
						
													
											
                   	
					Casual Dresses
											You are looking for a dress for every day? Take a look at
our selection of dresses to find one that suits you.
									
							
                	
						
													
											
                   	
					Evening Dresses
											Browse our different dresses to choose the perfect dress for an unforgettable evening!
									
							
                	
						
													
											
                   	
					Summer Dresses
											Short dress, long dress, silk dress, printed dress, you will find the perfect dress for summer.
									
						
		
        							
            	
            		
	View
    Grid
    List



	
		Sort by
		--
			--
							Price: Lowest first
				Price: Highest first
						Product Name: A to Z
			Product Name: Z to A
							In stock
						Reference: Lowest first
			Reference: Highest first
		
	


			
	
                								
		

				
                
                		
		
			Compare (0)
		
		
		
	
			
		
		
		
	
					
	
												
	
	    			
    
    	        	                        	                        	Showing 1 - 5 of 5 items
		    
	

                
			
				
									
		
	
	
	
			
		
		
								
			
				
					
						
							
						
													
							
								
							
						
						
							Quick view
						
																			
																	
										$26.00									
									
																		
									
															
																							
					
					
				
				
					
												
							Printed Dress
						
					
					
					
						100% cotton double printed dress. Black and white striped top and orange high waisted skater skirt bottom.
					
										
													
								$26.00							
							
														
							
											
										
																														
										Add to cart
									
																											
							More
						
					
											
					
			
							
		
	
										
																														
																		
																	
										In stock									
															
															
					 				
						

	
		Add to Wishlist
	

													
								Add to Compare
							
											
							
		
			
		
		
								
			
				
					
						
							
						
													
							
								
							
						
						
							Quick view
						
																			
																	
										$50.99									
									
																		
									
															
																							
					
					
				
				
					
												
							Printed Dress
						
					
					
					
						Printed evening dress with straight sleeves with black thin waist belt and ruffled linings.
					
										
													
								$50.99							
							
														
							
											
										
																														
										Add to cart
									
																											
							More
						
					
											
					
			
							
		
					
			
							
		
	
										
																														
																		
																	
										In stock									
															
															
					 				
						

	
		Add to Wishlist
	

													
								Add to Compare
							
											
							
		
			
		
		
								
			
				
					
						
							
						
													
							
								
							
						
						
							Quick view
						
																			
																	
										$28.98									
									
																			
										
											$30.51
										
																					-5%
																												
									
															
																							
					
					
				
				
					
												
							Printed Summer Dress
						
					
					
					
						Long printed dress with thin adjustable straps. V-neckline and wiring under the bust with ruffles at the bottom of the dress.
					
										
													
								$28.98							
							
															
								
									$30.51
								
								
																	-5%
																						
							
											
										
																														
										Add to cart
									
																											
							More
						
					
											
					
			
							
		
					
			
							
		
					
			
							
		
					
			
							
		
	
										
																																	Reduced price!
												
																		
																	
										In stock									
															
															
					 				
						

	
		Add to Wishlist
	

													
								Add to Compare
							
											
							
		
			
		
		
								
			
				
					
						
							
						
													
							
								
							
						
						
							Quick view
						
																			
																	
										$30.50									
									
																		
									
															
																							
					
					
				
				
					
												
							Printed Summer Dress
						
					
					
					
						Sleeveless knee-length chiffon dress. V-neckline with elastic under the bust lining.
					
										
													
								$30.50							
							
														
							
											
										
																														
										Add to cart
									
																											
							More
						
					
											
					
			
							
		
					
			
							
		
	
										
																														
																		
																	
										In stock									
															
															
					 				
						

	
		Add to Wishlist
	

													
								Add to Compare
							
											
							
		
			
		
		
								
			
				
					
						
							
						
													
							
								
							
						
						
							Quick view
						
																			
																	
										$16.40									
									
																			
										
											$20.50
										
																					-20%
																												
									
															
																							
					
					
				
				
					
												
							Printed Chiffon Dress
						
					
					
					
						Printed chiffon knee length dress with tank straps. Deep v-neckline.
					
										
													
								$16.40							
							
															
								
									$20.50
								
								
																	-20%
																						
							
											
										
																														
										Add to cart
									
																											
							More
						
					
											
					
			
							
		
					
			
							
		
	
										
																																	Reduced price!
												
																		
																	
										In stock									
															
															
					 				
						

	
		Add to Wishlist
	

													
								Add to Compare
							
											
							
		
		





			
				
						
		
			Compare (0)
		
		
		
	
	
                    
	
												
	
	    			
    
    	        	                        	                        	Showing 1 - 5 of 5 items
		    
	

				
			
								
										
				
			
							
				
					
						

	Newsletter
	
		
			
				
                
                    Ok
                
				
			
		
	



	
					
				
					Facebook
				
			
							
				
					Twitter
				
			
				                	
        		
        			Youtube
        		
        	
                        	
        		
        			Google Plus
        		
        	
                	
    Follow us




	Categories
	
		
			
												

	 
		Women
	
			
												

	 
		Tops
	
			
												

	
		T-shirts
	
	

																

	
		Blouses
	
	

									
	

																

	 
		Dresses
	
			
												

	
		Casual Dresses
	
	

																

	
		Evening Dresses
	
	

																

	
		Summer Dresses
	
	

									
	

									
	

							
										
		
	 


	
	
		Information
		
							
					
						Specials
					
				
									
				
					New products
				
			
										
					
						Best sellers
					
				
										
					
						Our stores
					
				
									
				
					Contact us
				
			
															
						
							Terms and conditions of use
						
					
																
						
							About us
						
					
													
				
					Sitemap
				
			
					
		
	
		
		
			© 2014 Ecommerce software by PrestaShop™
		
	
		


	My account
	
		
			My orders
						My credit slips
			My addresses
			My personal info
						
            		
	




	
        Store information
        
                        	
            		Selenium Framework, Research Triangle Park,
North Carolina,
USA            	
                                    	
            		Call us now: 
            		(347) 466-7432
            	
                                    	
            		Email: 
            		support@seleniumframework.com
            	
                    
    



					
				
					
/html[1]'))]' not found)
[[ATTACHMENT|C:\\Users\\mkabir\\Katalon Studio\\Automation Practice 1\\Reports\\Testing via Firefox\\20180403_145450\\1522764141534.png]]

2018-04-03 15:02:26 - [TEST_STEP][FAILED] - click: Unable to click on object 'Object Repository/IBM TEST/Page_Dresses - My Store/img_replace-2x img-responsive' (Root cause: com.kms.katalon.core.webui.exception.WebElementNotFoundException: Web element with id: 'Object Repository/IBM TEST/Page_Dresses - My Store/img_replace-2x img-responsive' located by 'By.xpath: //img[@src = 'http://automationpractice.com/img/p/1/2/12-home_default.jpg' and @alt = 'Printed Summer Dress' and @title = 'Printed Summer Dress']' not found)

2018-04-03 15:02:37 - [MESSAGE][FAILED] - Unable to click on object 'Object Repository/IBM TEST/Page_Dresses - My Store/img_replace-2x img-responsive' (Root cause: com.kms.katalon.core.webui.exception.WebElementNotFoundException: Web element with id: 'Object Repository/IBM TEST/Page_Dresses - My Store/img_replace-2x img-responsive' located by 'By.xpath: //img[@src = 'http://automationpractice.com/img/p/1/2/12-home_default.jpg' and @alt = 'Printed Summer Dress' and @title = 'Printed Summer Dress']' not found)
[[ATTACHMENT|C:\\Users\\mkabir\\Katalon Studio\\Automation Practice 1\\Reports\\Testing via Firefox\\20180403_145450\\1522764152166.png]]

2018-04-03 15:02:37 - [TEST_STEP][FAILED] - click: Unable to click on object 'Object Repository/IBM TEST/Page_Printed Summer Dress - My Stor/a_Blue' (Root cause: com.kms.katalon.core.webui.exception.WebElementNotFoundException: Web element with id: 'Object Repository/IBM TEST/Page_Printed Summer Dress - My Stor/a_Blue' located by 'By.xpath: //a[@href = 'http://automationpractice.com/index.php?id_product=5&controller=product' and @id = 'color_14' and @name = 'Blue' and @title = 'Blue']' not found)

2018-04-03 15:02:47 - [MESSAGE][FAILED] - Unable to click on object 'Object Repository/IBM TEST/Page_Printed Summer Dress - My Stor/a_Blue' (Root cause: com.kms.katalon.core.webui.exception.WebElementNotFoundException: Web element with id: 'Object Repository/IBM TEST/Page_Printed Summer Dress - My Stor/a_Blue' located by 'By.xpath: //a[@href = 'http://automationpractice.com/index.php?id_product=5&controller=product' and @id = 'color_14' and @name = 'Blue' and @title = 'Blue']' not found)
[[ATTACHMENT|C:\\Users\\mkabir\\Katalon Studio\\Automation Practice 1\\Reports\\Testing via Firefox\\20180403_145450\\1522764162847.png]]

2018-04-03 15:02:47 - [TEST_STEP][PASSED] - click: Object: 'Object Repository/IBM TEST/Page_Printed Summer Dress - My Stor/span_Add to cart' is clicked on

2018-04-03 15:02:58 - [MESSAGE][PASSED] - Object: 'Object Repository/IBM TEST/Page_Printed Summer Dress - My Stor/span_Add to cart' is clicked on

2018-04-03 15:02:58 - [TEST_STEP][PASSED] - click: Object: 'Object Repository/IBM TEST/Page_Printed Summer Dress - My Stor/span_cross' is clicked on

2018-04-03 15:03:08 - [MESSAGE][PASSED] - Object: 'Object Repository/IBM TEST/Page_Printed Summer Dress - My Stor/span_cross' is clicked on

2018-04-03 15:03:08 - [TEST_STEP][FAILED] - click: Unable to click on object 'Object Repository/IBM TEST/Page_Printed Summer Dress - My Stor/a_Yellow' (Root cause: com.kms.katalon.core.webui.exception.WebElementNotFoundException: Web element with id: 'Object Repository/IBM TEST/Page_Printed Summer Dress - My Stor/a_Yellow' located by 'By.xpath: //a[@href = 'http://automationpractice.com/index.php?id_product=5&controller=product' and @id = 'color_16' and @name = 'Yellow' and @title = 'Yellow']' not found)

2018-04-03 15:03:19 - [MESSAGE][FAILED] - Unable to click on object 'Object Repository/IBM TEST/Page_Printed Summer Dress - My Stor/a_Yellow' (Root cause: com.kms.katalon.core.webui.exception.WebElementNotFoundException: Web element with id: 'Object Repository/IBM TEST/Page_Printed Summer Dress - My Stor/a_Yellow' located by 'By.xpath: //a[@href = 'http://automationpractice.com/index.php?id_product=5&controller=product' and @id = 'color_16' and @name = 'Yellow' and @title = 'Yellow']' not found)
[[ATTACHMENT|C:\\Users\\mkabir\\Katalon Studio\\Automation Practice 1\\Reports\\Testing via Firefox\\20180403_145450\\1522764194033.png]]

2018-04-03 15:03:19 - [TEST_STEP][FAILED] - click: Unable to click on object 'Object Repository/IBM TEST/Page_Printed Summer Dress - My Stor/a_Orange' (Root cause: com.kms.katalon.core.webui.exception.WebElementNotFoundException: Web element with id: 'Object Repository/IBM TEST/Page_Printed Summer Dress - My Stor/a_Orange' located by 'By.xpath: //a[@href = 'http://automationpractice.com/index.php?id_product=5&controller=product' and @id = 'color_13' and @name = 'Orange' and @title = 'Orange']' not found)

2018-04-03 15:03:29 - [MESSAGE][FAILED] - Unable to click on object 'Object Repository/IBM TEST/Page_Printed Summer Dress - My Stor/a_Orange' (Root cause: com.kms.katalon.core.webui.exception.WebElementNotFoundException: Web element with id: 'Object Repository/IBM TEST/Page_Printed Summer Dress - My Stor/a_Orange' located by 'By.xpath: //a[@href = 'http://automationpractice.com/index.php?id_product=5&controller=product' and @id = 'color_13' and @name = 'Orange' and @title = 'Orange']' not found)
[[ATTACHMENT|C:\\Users\\mkabir\\Katalon Studio\\Automation Practice 1\\Reports\\Testing via Firefox\\20180403_145450\\1522764204655.png]]

2018-04-03 15:03:29 - [TEST_STEP][FAILED] - click: Unable to click on object 'Object Repository/IBM TEST/Page_Printed Summer Dress - My Stor/a_Yellow' (Root cause: com.kms.katalon.core.webui.exception.WebElementNotFoundException: Web element with id: 'Object Repository/IBM TEST/Page_Printed Summer Dress - My Stor/a_Yellow' located by 'By.xpath: //a[@href = 'http://automationpractice.com/index.php?id_product=5&controller=product' and @id = 'color_16' and @name = 'Yellow' and @title = 'Yellow']' not found)

2018-04-03 15:03:40 - [MESSAGE][FAILED] - Unable to click on object 'Object Repository/IBM TEST/Page_Printed Summer Dress - My Stor/a_Yellow' (Root cause: com.kms.katalon.core.webui.exception.WebElementNotFoundException: Web element with id: 'Object Repository/IBM TEST/Page_Printed Summer Dress - My Stor/a_Yellow' located by 'By.xpath: //a[@href = 'http://automationpractice.com/index.php?id_product=5&controller=product' and @id = 'color_16' and @name = 'Yellow' and @title = 'Yellow']' not found)
[[ATTACHMENT|C:\\Users\\mkabir\\Katalon Studio\\Automation Practice 1\\Reports\\Testing via Firefox\\20180403_145450\\1522764215277.png]]

2018-04-03 15:03:40 - [TEST_STEP][PASSED] - click: Object: 'Object Repository/IBM TEST/Page_Printed Summer Dress - My Stor/span_Add to cart' is clicked on

2018-04-03 15:03:50 - [MESSAGE][PASSED] - Object: 'Object Repository/IBM TEST/Page_Printed Summer Dress - My Stor/span_Add to cart' is clicked on

2018-04-03 15:03:50 - [TEST_STEP][PASSED] - click: Object: 'Object Repository/IBM TEST/Page_Printed Summer Dress - My Stor/span_cross' is clicked on

2018-04-03 15:04:00 - [MESSAGE][PASSED] - Object: 'Object Repository/IBM TEST/Page_Printed Summer Dress - My Stor/span_cross' is clicked on

2018-04-03 15:04:00 - [TEST_STEP][PASSED] - closeBrowser: Browser is closed

2018-04-03 15:04:06 - [MESSAGE][PASSED] - Browser is closed]]></system-out>
         <system-err><![CDATA[2018-04-03 15:00:57 - [TEST_CASE][FAILED] - Test Cases/Verify it is possible to add items to the cart: Test Cases/Verify it is possible to add items to the cart FAILED because (of) Unable to click on object 'Object Repository/IBM TEST/Page_Faded Short Sleeve T-shirts -/a_Dresses' (Root cause: org.openqa.selenium.ElementNotInteractableException: Element <a class="sf-with-ul" href="http://automationpractice.com/index.php?id_category=8&controller=category"> could not be scrolled into view
Build info: version: '3.7.1', revision: '8a0099a', time: '2017-11-06T21:07:36.161Z'
System info: host: 'LP02732', ip: '172.31.253.229', os.name: 'Windows 10', os.arch: 'amd64', os.version: '10.0', java.version: '1.8.0_102'
Driver info: com.kms.katalon.core.webui.driver.firefox.CGeckoDriver
Capabilities {acceptInsecureCerts: true, browserName: firefox, browserVersion: 58.0.2, javascriptEnabled: true, moz:accessibilityChecks: false, moz:headless: false, moz:processID: 13928, moz:profile: C:\Users\mkabir\AppData\Loc..., moz:webdriverClick: true, pageLoadStrategy: normal, platform: XP, platformName: XP, platformVersion: 10.0, proxy: Proxy(direct), rotatable: false, timeouts: {implicit: 0, pageLoad: 300000, script: 30000}}
Session ID: db258148-b1f0-4c57-a682-3e02d79896fa)]]></system-err>
      </testcase>
      <testcase name="Test Cases/Verify Sign in and Sing out works with valid user name and password" classname="Test Cases/Verify Sign in and Sing out works with valid user name and password" status="FAILED">
         <failure type="FAILED" message="Unable to set text (Root cause: java.lang.IllegalArgumentException: Object is null)"/>
         <system-out><![CDATA[2018-04-03 15:04:06 - [TEST_CASE][FAILED] - Test Cases/Verify Sign in and Sing out works with valid user name and password: Test Cases/Verify Sign in and Sing out works with valid user name and password FAILED because (of) Unable to set text (Root cause: java.lang.IllegalArgumentException: Object is null)

2018-04-03 15:04:06 - [TEST_STEP][PASSED] - openBrowser: Browser is opened with url: ''

2018-04-03 15:04:19 - [MESSAGE][PASSED] - Browser is opened with url: ''

2018-04-03 15:04:19 - [TEST_STEP][PASSED] - navigateToUrl: Navigate to 'http://automationpractice.com/index.php' successfully

2018-04-03 15:04:27 - [MESSAGE][PASSED] - Navigate to 'http://automationpractice.com/index.php' successfully

2018-04-03 15:04:27 - [TEST_STEP][PASSED] - click: Object: 'Object Repository/IBM TEST/Page_My Store/Page_My Store/a_Sign in' is clicked on

2018-04-03 15:04:39 - [MESSAGE][PASSED] - Object: 'Object Repository/IBM TEST/Page_My Store/Page_My Store/a_Sign in' is clicked on

2018-04-03 15:04:39 - [TEST_STEP][FAILED] - setText: Unable to set text (Root cause: java.lang.IllegalArgumentException: Object is null)

2018-04-03 15:04:39 - [MESSAGE][WARNING] - Test object with id 'Object Repository/IBM TEST/Page_My Store/Page_Login - My Store/input_email' does not exist

2018-04-03 15:04:39 - [MESSAGE][WARNING] - Test object with id 'Object Repository/' does not exist

2018-04-03 15:04:44 - [MESSAGE][FAILED] - Unable to set text (Root cause: java.lang.IllegalArgumentException: Object is null)
[[ATTACHMENT|C:\\Users\\mkabir\\Katalon Studio\\Automation Practice 1\\Reports\\Testing via Firefox\\20180403_145450\\1522764279138.png]]

2018-04-03 15:04:44 - [TEST_STEP][FAILED] - setText: Unable to set text (Root cause: java.lang.IllegalArgumentException: Object is null)

2018-04-03 15:04:44 - [MESSAGE][WARNING] - Test object with id 'Object Repository/IBM TEST/Page_My Store/Page_Login - My Store/input_passwd' does not exist

2018-04-03 15:04:44 - [MESSAGE][WARNING] - Test object with id 'Object Repository/' does not exist

2018-04-03 15:04:49 - [MESSAGE][FAILED] - Unable to set text (Root cause: java.lang.IllegalArgumentException: Object is null)
[[ATTACHMENT|C:\\Users\\mkabir\\Katalon Studio\\Automation Practice 1\\Reports\\Testing via Firefox\\20180403_145450\\1522764284260.png]]

2018-04-03 15:04:49 - [TEST_STEP][FAILED] - click: Unable to click on object (Root cause: java.lang.IllegalArgumentException: Object is null)

2018-04-03 15:04:49 - [MESSAGE][WARNING] - Test object with id 'Object Repository/IBM TEST/Page_My Store/Page_Login - My Store/span_Sign in' does not exist

2018-04-03 15:04:49 - [MESSAGE][WARNING] - Test object with id 'Object Repository/' does not exist

2018-04-03 15:04:54 - [MESSAGE][FAILED] - Unable to click on object (Root cause: java.lang.IllegalArgumentException: Object is null)
[[ATTACHMENT|C:\\Users\\mkabir\\Katalon Studio\\Automation Practice 1\\Reports\\Testing via Firefox\\20180403_145450\\1522764289350.png]]

2018-04-03 15:04:54 - [TEST_STEP][FAILED] - click: Unable to click on object 'Object Repository/IBM TEST/Page_My Store/Page_My account - My Store/a_Sign out' (Root cause: com.kms.katalon.core.webui.exception.WebElementNotFoundException: Web element with id: 'Object Repository/IBM TEST/Page_My Store/Page_My account - My Store/a_Sign out' located by 'By.xpath: //a[@href = 'http://automationpractice.com/index.php?mylogout=' and @title = 'Log me out' and (text() = '
			Sign out
		' or . = '
			Sign out
		')]' not found)

2018-04-03 15:05:05 - [MESSAGE][FAILED] - Unable to click on object 'Object Repository/IBM TEST/Page_My Store/Page_My account - My Store/a_Sign out' (Root cause: com.kms.katalon.core.webui.exception.WebElementNotFoundException: Web element with id: 'Object Repository/IBM TEST/Page_My Store/Page_My account - My Store/a_Sign out' located by 'By.xpath: //a[@href = 'http://automationpractice.com/index.php?mylogout=' and @title = 'Log me out' and (text() = '
			Sign out
		' or . = '
			Sign out
		')]' not found)
[[ATTACHMENT|C:\\Users\\mkabir\\Katalon Studio\\Automation Practice 1\\Reports\\Testing via Firefox\\20180403_145450\\1522764299944.png]]

2018-04-03 15:05:05 - [TEST_STEP][PASSED] - closeBrowser: Browser is closed

2018-04-03 15:05:10 - [MESSAGE][PASSED] - Browser is closed]]></system-out>
         <system-err><![CDATA[2018-04-03 15:04:06 - [TEST_CASE][FAILED] - Test Cases/Verify Sign in and Sing out works with valid user name and password: Test Cases/Verify Sign in and Sing out works with valid user name and password FAILED because (of) Unable to set text (Root cause: java.lang.IllegalArgumentException: Object is null)]]></system-err>
      </testcase>
      <testcase name="Test Cases/Verify Sign in fails with invalid or non existing user details" classname="Test Cases/Verify Sign in fails with invalid or non existing user details" status="PASSED">
         <system-out><![CDATA[2018-04-03 15:05:10 - [TEST_CASE][PASSED] - Test Cases/Verify Sign in fails with invalid or non existing user details: Test Cases/Verify Sign in fails with invalid or non existing user details

2018-04-03 15:05:10 - [TEST_STEP][PASSED] - openBrowser: Browser is opened with url: ''

2018-04-03 15:05:23 - [MESSAGE][PASSED] - Browser is opened with url: ''

2018-04-03 15:05:23 - [TEST_STEP][PASSED] - navigateToUrl: Navigate to 'http://automationpractice.com/index.php' successfully

2018-04-03 15:05:31 - [MESSAGE][PASSED] - Navigate to 'http://automationpractice.com/index.php' successfully

2018-04-03 15:05:31 - [TEST_STEP][PASSED] - click: Object: 'Object Repository/IBM TEST/Page_My Store (1)/a_Sign in' is clicked on

2018-04-03 15:05:42 - [MESSAGE][PASSED] - Object: 'Object Repository/IBM TEST/Page_My Store (1)/a_Sign in' is clicked on

2018-04-03 15:05:42 - [TEST_STEP][PASSED] - setText: Text 'chapel.kabir@yahoo.com' is set on object 'Object Repository/IBM TEST/Page_Login - My Store/input_email'

2018-04-03 15:06:02 - [MESSAGE][PASSED] - Text 'chapel.kabir@yahoo.com' is set on object 'Object Repository/IBM TEST/Page_Login - My Store/input_email'

2018-04-03 15:06:02 - [TEST_STEP][PASSED] - setText: Text 'afssdfds' is set on object 'Object Repository/IBM TEST/Page_Login - My Store/input_passwd'

2018-04-03 15:06:23 - [MESSAGE][PASSED] - Text 'afssdfds' is set on object 'Object Repository/IBM TEST/Page_Login - My Store/input_passwd'

2018-04-03 15:06:23 - [TEST_STEP][PASSED] - click: Object: 'Object Repository/IBM TEST/Page_Login - My Store/span_Sign in' is clicked on

2018-04-03 15:06:33 - [MESSAGE][PASSED] - Object: 'Object Repository/IBM TEST/Page_Login - My Store/span_Sign in' is clicked on

2018-04-03 15:06:33 - [TEST_STEP][PASSED] - setText: Text 'chapel.kabir@yahoo.co.uk' is set on object 'Object Repository/IBM TEST/Page_Login - My Store/input_email'

2018-04-03 15:06:54 - [MESSAGE][PASSED] - Text 'chapel.kabir@yahoo.co.uk' is set on object 'Object Repository/IBM TEST/Page_Login - My Store/input_email'

2018-04-03 15:06:54 - [TEST_STEP][PASSED] - click: Object: 'Object Repository/IBM TEST/Page_Login - My Store/span_Sign in' is clicked on

2018-04-03 15:07:04 - [MESSAGE][PASSED] - Object: 'Object Repository/IBM TEST/Page_Login - My Store/span_Sign in' is clicked on

2018-04-03 15:07:04 - [TEST_STEP][PASSED] - closeBrowser: Browser is closed

2018-04-03 15:07:10 - [MESSAGE][PASSED] - Browser is closed]]></system-out>
         <system-err><![CDATA[]]></system-err>
      </testcase>
      <testcase name="Test Cases/Verify the test page opens and close with out any error" classname="Test Cases/Verify the test page opens and close with out any error" status="PASSED">
         <system-out><![CDATA[2018-04-03 15:07:10 - [TEST_CASE][PASSED] - Test Cases/Verify the test page opens and close with out any error: Test Cases/Verify the test page opens and close with out any error

2018-04-03 15:07:10 - [TEST_STEP][PASSED] - openBrowser: Browser is opened with url: ''

2018-04-03 15:07:23 - [MESSAGE][PASSED] - Browser is opened with url: ''

2018-04-03 15:07:23 - [TEST_STEP][PASSED] - navigateToUrl: Navigate to 'http://automationpractice.com/index.php' successfully

2018-04-03 15:07:31 - [MESSAGE][PASSED] - Navigate to 'http://automationpractice.com/index.php' successfully

2018-04-03 15:07:31 - [TEST_STEP][PASSED] - closeBrowser: Browser is closed

2018-04-03 15:07:36 - [MESSAGE][PASSED] - Browser is closed]]></system-out>
         <system-err><![CDATA[]]></system-err>
      </testcase>
      <system-out><![CDATA[2018-04-03 14:54:53 - [TEST_SUITE][FAILED] - Testing via Firefox: Test Cases/Verify a user can see previously added items in their shopping cart FAILED because (of) Unable to click on object 'Object Repository/IBM TEST/Page_Dresses - My Store (1)/html_Dresses - My Store  var C' (Root cause: com.kms.katalon.core.webui.exception.WebElementNotFoundException: Web element with id: 'Object Repository/IBM TEST/Page_Dresses - My Store (1)/html_Dresses - My Store  var C' located by 'By.xpath: //html[(text() = concat('
		
		Dresses - My Store
		
		
		
		 
		 
		
		
			
			
			
			
			
			
			
			
			
			
			
			
			
			
			
			
			
			
			
			
			
			
			
			
			
			
			
			
			
		
var CUSTOMIZE_TEXTFIELD = 1;
var FancyboxI18nClose = ' , "'" , 'Close' , "'" , ';
var FancyboxI18nNext = ' , "'" , 'Next' , "'" , ';
var FancyboxI18nPrev = ' , "'" , 'Previous' , "'" , ';
var added_to_wishlist = ' , "'" , 'Added to your wishlist.' , "'" , ';
var ajax_allowed = true;
var ajaxsearch = true;
var baseDir = ' , "'" , 'http://automationpractice.com/' , "'" , ';
var baseUri = ' , "'" , 'http://automationpractice.com/index.php' , "'" , ';
var blocklayeredSliderName = {"price":"price","weight":"weight"};
var blocksearch_type = ' , "'" , 'top' , "'" , ';
var comparator_max_item = 3;
var comparedProductsIds = [];
var contentOnly = false;
var customizationIdMessage = ' , "'" , 'Customization #' , "'" , ';
var delete_txt = ' , "'" , 'Delete' , "'" , ';
var displayList = false;
var filters = [{"type_lite":"category","type":"category","id_key":0,"name":"Categories","values":{"9":{"name":"Casual Dresses","nbr":1,"link":"http:\/\/automationpractice.com\/index.php?id_category=8&controller=category#categories-casual_dresses","rel":"nofollow"},"10":{"name":"Evening Dresses","nbr":1,"link":"http:\/\/automationpractice.com\/index.php?id_category=8&controller=category#categories-evening_dresses","rel":"nofollow"},"11":{"name":"Summer Dresses","nbr":3,"link":"http:\/\/automationpractice.com\/index.php?id_category=8&controller=category#categories-summer_dresses","rel":"nofollow"}},"filter_show_limit":"0","filter_type":"0"},{"type_lite":"id_attribute_group","type":"id_attribute_group","id_key":1,"name":"Size","is_color_group":false,"values":{"1":{"color":"","name":"S","nbr":5,"url_name":null,"meta_title":null,"link":"http:\/\/automationpractice.com\/index.php?id_category=8&controller=category#size-s","rel":""},"2":{"color":"","name":"M","nbr":5,"url_name":null,"meta_title":null,"link":"http:\/\/automationpractice.com\/index.php?id_category=8&controller=category#size-m","rel":""},"3":{"color":"","name":"L","nbr":5,"url_name":null,"meta_title":null,"link":"http:\/\/automationpractice.com\/index.php?id_category=8&controller=category#size-l","rel":""}},"url_name":null,"meta_title":null,"filter_show_limit":"0","filter_type":"0"},{"type_lite":"id_attribute_group","type":"id_attribute_group","id_key":3,"name":"Color","is_color_group":true,"values":{"7":{"color":"#f5f5dc","name":"Beige","nbr":1,"url_name":null,"meta_title":null,"link":"http:\/\/automationpractice.com\/index.php?id_category=8&controller=category#color-beige","rel":""},"8":{"color":"#ffffff","name":"White","nbr":1,"url_name":null,"meta_title":null,"link":"http:\/\/automationpractice.com\/index.php?id_category=8&controller=category#color-white","rel":""},"11":{"color":"#434A54","name":"Black","nbr":1,"url_name":null,"meta_title":null,"link":"http:\/\/automationpractice.com\/index.php?id_category=8&controller=category#color-black","rel":""},"13":{"color":"#F39C11","name":"Orange","nbr":2,"url_name":null,"meta_title":null,"link":"http:\/\/automationpractice.com\/index.php?id_category=8&controller=category#color-orange","rel":""},"14":{"color":"#5D9CEC","name":"Blue","nbr":1,"url_name":null,"meta_title":null,"link":"http:\/\/automationpractice.com\/index.php?id_category=8&controller=category#color-blue","rel":""},"15":{"color":"#A0D468","name":"Green","nbr":1,"url_name":null,"meta_title":null,"link":"http:\/\/automationpractice.com\/index.php?id_category=8&controller=category#color-green","rel":""},"16":{"color":"#F1C40F","name":"Yellow","nbr":3,"url_name":null,"meta_title":null,"link":"http:\/\/automationpractice.com\/index.php?id_category=8&controller=category#color-yellow","rel":""},"24":{"color":"#FCCACD","name":"Pink","nbr":1,"url_name":null,"meta_title":null,"link":"http:\/\/automationpractice.com\/index.php?id_category=8&controller=category#color-pink","rel":""}},"url_name":null,"meta_title":null,"filter_show_limit":"0","filter_type":"0"},{"type_lite":"id_feature","type":"id_feature","id_key":5,"values":{"5":{"nbr":1,"name":"Cotton","url_name":null,"meta_title":null,"link":"http:\/\/automationpractice.com\/index.php?id_category=8&controller=category#compositions-cotton","rel":""},"1":{"nbr":2,"name":"Polyester","url_name":null,"meta_title":null,"link":"http:\/\/automationpractice.com\/index.php?id_category=8&controller=category#compositions-polyester","rel":""},"3":{"nbr":2,"name":"Viscose","url_name":null,"meta_title":null,"link":"http:\/\/automationpractice.com\/index.php?id_category=8&controller=category#compositions-viscose","rel":""}},"name":"Compositions","url_name":null,"meta_title":null,"filter_show_limit":"0","filter_type":"0"},{"type_lite":"id_feature","type":"id_feature","id_key":6,"values":{"11":{"nbr":1,"name":"Casual","url_name":null,"meta_title":null,"link":"http:\/\/automationpractice.com\/index.php?id_category=8&controller=category#styles-casual","rel":""},"16":{"nbr":1,"name":"Dressy","url_name":null,"meta_title":null,"link":"http:\/\/automationpractice.com\/index.php?id_category=8&controller=category#styles-dressy","rel":""},"13":{"nbr":3,"name":"Girly","url_name":null,"meta_title":null,"link":"http:\/\/automationpractice.com\/index.php?id_category=8&controller=category#styles-girly","rel":""}},"name":"Styles","url_name":null,"meta_title":null,"filter_show_limit":"0","filter_type":"0"},{"type_lite":"id_feature","type":"id_feature","id_key":7,"values":{"18":{"nbr":1,"name":"Colorful Dress","url_name":null,"meta_title":null,"link":"http:\/\/automationpractice.com\/index.php?id_category=8&controller=category#properties-colorful_dress","rel":""},"21":{"nbr":1,"name":"Maxi Dress","url_name":null,"meta_title":null,"link":"http:\/\/automationpractice.com\/index.php?id_category=8&controller=category#properties-maxi_dress","rel":""},"20":{"nbr":1,"name":"Midi Dress","url_name":null,"meta_title":null,"link":"http:\/\/automationpractice.com\/index.php?id_category=8&controller=category#properties-midi_dress","rel":""},"19":{"nbr":2,"name":"Short Dress","url_name":null,"meta_title":null,"link":"http:\/\/automationpractice.com\/index.php?id_category=8&controller=category#properties-short_dress","rel":""}},"name":"Properties","url_name":null,"meta_title":null,"filter_show_limit":"0","filter_type":"0"},{"type_lite":"quantity","type":"quantity","id_key":0,"name":"Availability","values":[{"name":"Not available","nbr":0,"link":"http:\/\/automationpractice.com\/index.php?id_category=8&controller=category#availability-not_available","rel":"nofollow"},{"name":"In stock","nbr":5,"link":"http:\/\/automationpractice.com\/index.php?id_category=8&controller=category#availability-in_stock","rel":"nofollow"}],"filter_show_limit":"0","filter_type":"0"},{"type_lite":"manufacturer","type":"manufacturer","id_key":0,"name":"Manufacturer","values":{"1":{"name":"Fashion Manufacturer","nbr":"5","link":"http:\/\/automationpractice.com\/index.php?id_category=8&controller=category#manufacturer-fashion_manufacturer","rel":"nofollow"}},"filter_show_limit":"0","filter_type":"0"},{"type_lite":"condition","type":"condition","id_key":0,"name":"Condition","values":{"new":{"name":"New","nbr":5,"link":"http:\/\/automationpractice.com\/index.php?id_category=8&controller=category#condition-new","rel":"nofollow"},"used":{"name":"Used","nbr":0,"link":"http:\/\/automationpractice.com\/index.php?id_category=8&controller=category#condition-used","rel":"nofollow"},"refurbished":{"name":"Refurbished","nbr":0,"link":"http:\/\/automationpractice.com\/index.php?id_category=8&controller=category#condition-refurbished","rel":"nofollow"}},"filter_show_limit":"0","filter_type":"0"},{"type_lite":"price","type":"price","id_key":0,"name":"Price","slider":true,"max":"53","min":"16","values":{"1":"53","0":"16"},"unit":"$","format":"1","filter_show_limit":"0","filter_type":"0"}];
var freeProductTranslation = ' , "'" , 'Free!' , "'" , ';
var freeShippingTranslation = ' , "'" , 'Free shipping!' , "'" , ';
var generated_date = 1522248415;
var id_lang = 1;
var img_dir = ' , "'" , 'http://automationpractice.com/themes/default-bootstrap/img/' , "'" , ';
var instantsearch = false;
var isGuest = 0;
var isLogged = 1;
var loggin_required = ' , "'" , 'You must be logged in to manage your wishlist.' , "'" , ';
var max_item = ' , "'" , 'You cannot add more than 3 product(s) to the product comparison' , "'" , ';
var min_item = ' , "'" , 'Please select at least one product' , "'" , ';
var mywishlist_url = ' , "'" , 'http://automationpractice.com/index.php?fc=module&module=blockwishlist&controller=mywishlist' , "'" , ';
var page_name = ' , "'" , 'category' , "'" , ';
var param_product_url = ' , "'" , '#' , "'" , ';
var placeholder_blocknewsletter = ' , "'" , 'Enter your e-mail' , "'" , ';
var priceDisplayMethod = 1;
var priceDisplayPrecision = 2;
var quickView = true;
var removingLinkText = ' , "'" , 'remove this product from my cart' , "'" , ';
var request = ' , "'" , 'http://automationpractice.com/index.php?id_category=8&controller=category' , "'" , ';
var roundMode = 2;
var search_url = ' , "'" , 'http://automationpractice.com/index.php?controller=search' , "'" , ';
var static_token = ' , "'" , 'b842f4a42956685333000db0ab174863' , "'" , ';
var token = ' , "'" , 'f0d7e4320d9dcd64ff64d5b43bc0abed' , "'" , ';
var usingSecureMode = false;
var wishlistProductsIds = false;


		
		
		
		
		
		
		
		
		
		
		
		
		
		
		
		
		
		
		
		
		
		
		
		
		
		
		
		
			
		
		
	.fancybox-margin{margin-right:17px;}#katalon{font-family:monospace;font-size:13px;background-color:rgba(0,0,0,.7);position:fixed;top:0;left:0;right:0;display:block;z-index:999999999;line-height: normal} #katalon div{padding:0;margin:0;color:#fff;} #katalon kbd{display:inline-block;padding:3px 5px;font:13px Consolas,"Liberation Mono",Menlo,Courier,monospace;line-height:10px;color:#555;vertical-align:middle;background-color:#fcfcfc;border:1px solid #ccc;border-bottom-color:#bbb;border-radius:3px;box-shadow:inset 0 -1px 0 #bbb;font-weight: bold} div#katalon-elementInfoDiv {color: lightblue; padding: 5px}
	
					
			
				
					
						
							
								
	


							
						
					
					
						
							
								
	
		Chapel Kabir
	

			
			Sign out
		
	




	Contact us

	
		Call us now: 0123-456-789
	

							
						
					
					
						
							
								
									
										
									
								
								

	
		
		
		
		
		
			Search
		
	



	
		
			Cart
			0
			Product
			Products
			
							
			(empty)
					
					
				
					
					
												
							No products
						
												
							
								
																			Free shipping!
																	
								
									Shipping
								
							
																					
								$0.00
								Total
							
													
						
							
								
									Check out
								
							
						
					
				
			
			


	
		
			
				
				
					Product successfully added to your shopping cart
				
				
				
				
					
					
					
						Quantity
						
					
					
						Total
						
					
				
			
			
				
					
					
						There are 0 items in your cart.
					
					
					
						There is 1 item in your cart.
					
				
	
				
					
						Total products
											
					
											
				
	
								
					
						Total shipping 					
					
													Free shipping!
											
				
									
					
						Total
											
					
											
				
					
					
						
							Continue shopping
						
					
					
						
							Proceed to checkout
						
						
				
			
		
		
	 
	

	
	
		Categories
		
			WomenTopsT-shirtsBlousesDressesCasual DressesEvening DressesSummer DressesDressesCasual DressesEvening DressesSummer DressesT-shirts
					
	
	
							
						
					
				
			
			
				
											


	
			>
					Women>Dresses
			

										
						
					
					
												

	
					Dresses
			
	
		
												

	
		Casual Dresses
	
	

																

	
		Evening Dresses
	
	

																

	
		Summer Dresses
	
	

									
	





	Catalog
	
		
			
																										
						                        
                            Categories
                            
						
						
																																												
																							 
																						
																								Casual Dresses (1)
																							
										
																																							
																							 
																						
																								Evening Dresses (1)
																							
										
																																							
																							 
																						
																								Summer Dresses (3)
																							
										
																																															
					
																											
						                        
                            Size
                            
						
						
																																												
																							 
																						
																								S (5)
																							
										
																																							
																							 
																						
																								M (5)
																							
										
																																							
																							 
																						
																								L (5)
																							
										
																																															
					
																											
						                        
                            Color
                            
						
						
																																												
																							
																																		
																								Beige (1)
																							
										
																																							
																							
																																		
																								White (1)
																							
										
																																							
																							
																																		
																								Black (1)
																							
										
																																							
																							
																																		
																								Orange (2)
																							
										
																																							
																							
																																		
																								Blue (1)
																							
										
																																							
																							
																																		
																								Green (1)
																							
										
																																							
																							
																																		
																								Yellow (3)
																							
										
																																							
																							
																																		
																								Pink (1)
																							
										
																																															
					
																											
						                        
                            Compositions
                            
						
						
																																												
																							 
																						
																								Cotton (1)
																							
										
																																							
																							 
																						
																								Polyester (2)
																							
										
																																							
																							 
																						
																								Viscose (2)
																							
										
																																															
					
																											
						                        
                            Styles
                            
						
						
																																												
																							 
																						
																								Casual (1)
																							
										
																																							
																							 
																						
																								Dressy (1)
																							
										
																																							
																							 
																						
																								Girly (3)
																							
										
																																															
					
																											
						                        
                            Properties
                            
						
						
																																												
																							 
																						
																								Colorful Dress (1)
																							
										
																																							
																							 
																						
																								Maxi Dress (1)
																							
										
																																							
																							 
																						
																								Midi Dress (1)
																							
										
																																							
																							 
																						
																								Short Dress (2)
																							
										
																																															
					
																											
						                        
                            Availability
                            
						
						
																																																															
																							 
																						
																								In stock (5)
																							
										
																																															
					
																											
						                        
                            Manufacturer
                            
						
						
																																												
																							 
																						
																								Fashion Manufacturer (5)
																							
										
																																															
					
																											
						                        
                            Condition
                            
						
						
																																												
																							 
																						
																								New (5)
																							
										
																																																																																					
					
																											
						                        
                            Price
                            
						
						
																								
										Range:
									 
									$16.00 - $53.00
									
										
									
																												
					
												
			
																																																																																																																																																																												
	
	
		
			
			Loading...
		
	


	
			
			
				
					Information				
			
			
				
																							
								
									Delivery
								
							
																								
								
									Legal Notice
								
							
																								
								
									Terms and conditions of use
								
							
																								
								
									About us
								
							
																								
								
									Secure payment
								
							
																						
							
								Our stores
							
						
									
			
		
		


	
        
            Specials
        
    
	
    		
        	
            	
                    
                
                
                	
                        
                            Printed Chiffon Dress
                        
                    
                                        	
                            Printed chiffon knee length dress...
                        
                                        
                    	                        	
                                $16.40
                                                            
                                                                                                                                 -20%
                                                                                         
                                $20.50
                                                            
                                            
                
            
		
		
			
                All specials
            
		
    	



	
		
			Our stores
		
	
	
		
			
				
			
		
				
			
				Discover our stores
			
		
	



																		
	

	    				
            	                     
                    
                                                    
                            
                                Dresses                            
                                                            Find your favorites dresses from our wide choice of evening, casual or summer dresses!
We offer dresses for every day, every style and every occasion.
                                                        
                                             
                              
				Dresses There are 5 products.

		        		
		
			Subcategories
			
							
                	
						
													
											
                   	
					Casual Dresses
											You are looking for a dress for every day? Take a look at
our selection of dresses to find one that suits you.
									
							
                	
						
													
											
                   	
					Evening Dresses
											Browse our different dresses to choose the perfect dress for an unforgettable evening!
									
							
                	
						
													
											
                   	
					Summer Dresses
											Short dress, long dress, silk dress, printed dress, you will find the perfect dress for summer.
									
						
		
        							
            	
            		
	View
    Grid
    List



	
		Sort by
		--
			--
							Price: Lowest first
				Price: Highest first
						Product Name: A to Z
			Product Name: Z to A
							In stock
						Reference: Lowest first
			Reference: Highest first
		
	


			
	
                								
		

				
                
                		
		
			Compare (0)
		
		
		
	
			
		
		
		
	
					
	
												
	
	    			
    
    	        	                        	                        	Showing 1 - 5 of 5 items
		    
	

                
			
				
									
		
	
	
	
			
		
		
								
			
				
					
						
							
						
													
							
								
							
						
						
							Quick view
						
																			
																	
										$26.00									
									
																		
									
															
																							
					
					
				
				
					
												
							Printed Dress
						
					
					
					
						100% cotton double printed dress. Black and white striped top and orange high waisted skater skirt bottom.
					
										
													
								$26.00							
							
														
							
											
										
																														
										Add to cart
									
																											
							More
						
					
											
					
			
							
		
	
										
																														
																		
																	
										In stock									
															
															
					 				
						

	
		Add to Wishlist
	

													
								Add to Compare
							
											
							
		
			
		
		
								
			
				
					
						
							
						
													
							
								
							
						
						
							Quick view
						
																			
																	
										$50.99									
									
																		
									
															
																							
					
					
				
				
					
												
							Printed Dress
						
					
					
					
						Printed evening dress with straight sleeves with black thin waist belt and ruffled linings.
					
										
													
								$50.99							
							
														
							
											
										
																														
										Add to cart
									
																											
							More
						
					
											
					
			
							
		
					
			
							
		
	
										
																														
																		
																	
										In stock									
															
															
					 				
						

	
		Add to Wishlist
	

													
								Add to Compare
							
											
							
		
			
		
		
								
			
				
					
						
							
						
													
							
								
							
						
						
							Quick view
						
																			
																	
										$28.98									
									
																			
										
											$30.51
										
																					-5%
																												
									
															
																							
					
					
				
				
					
												
							Printed Summer Dress
						
					
					
					
						Long printed dress with thin adjustable straps. V-neckline and wiring under the bust with ruffles at the bottom of the dress.
					
										
													
								$28.98							
							
															
								
									$30.51
								
								
																	-5%
																						
							
											
										
																														
										Add to cart
									
																											
							More
						
					
											
					
			
							
		
					
			
							
		
					
			
							
		
					
			
							
		
	
										
																																	Reduced price!
												
																		
																	
										In stock									
															
															
					 				
						

	
		Add to Wishlist
	

													
								Add to Compare
							
											
							
		
			
		
		
								
			
				
					
						
							
						
													
							
								
							
						
						
							Quick view
						
																			
																	
										$30.50									
									
																		
									
															
																							
					
					
				
				
					
												
							Printed Summer Dress
						
					
					
					
						Sleeveless knee-length chiffon dress. V-neckline with elastic under the bust lining.
					
										
													
								$30.50							
							
														
							
											
										
																														
										Add to cart
									
																											
							More
						
					
											
					
			
							
		
					
			
							
		
	
										
																														
																		
																	
										In stock									
															
															
					 				
						

	
		Add to Wishlist
	

													
								Add to Compare
							
											
							
		
			
		
		
								
			
				
					
						
							
						
													
							
								
							
						
						
							Quick view
						
																			
																	
										$16.40									
									
																			
										
											$20.50
										
																					-20%
																												
									
															
																							
					
					
				
				
					
												
							Printed Chiffon Dress
						
					
					
					
						Printed chiffon knee length dress with tank straps. Deep v-neckline.
					
										
													
								$16.40							
							
															
								
									$20.50
								
								
																	-20%
																						
							
											
										
																														
										Add to cart
									
																											
							More
						
					
											
					
			
							
		
					
			
							
		
	
										
																																	Reduced price!
												
																		
																	
										In stock									
															
															
					 				
						

	
		Add to Wishlist
	

													
								Add to Compare
							
											
							
		
		





			
				
						
		
			Compare (0)
		
		
		
	
	
                    
	
												
	
	    			
    
    	        	                        	                        	Showing 1 - 5 of 5 items
		    
	

				
			
								
										
				
			
							
				
					
						

	Newsletter
	
		
			
				
                
                    Ok
                
				
			
		
	



	
					
				
					Facebook
				
			
							
				
					Twitter
				
			
				                	
        		
        			Youtube
        		
        	
                        	
        		
        			Google Plus
        		
        	
                	
    Follow us




	Categories
	
		
			
												

	 
		Women
	
			
												

	 
		Tops
	
			
												

	
		T-shirts
	
	

																

	
		Blouses
	
	

									
	

																

	 
		Dresses
	
			
												

	
		Casual Dresses
	
	

																

	
		Evening Dresses
	
	

																

	
		Summer Dresses
	
	

									
	

									
	

							
										
		
	 


	
	
		Information
		
							
					
						Specials
					
				
									
				
					New products
				
			
										
					
						Best sellers
					
				
										
					
						Our stores
					
				
									
				
					Contact us
				
			
															
						
							Terms and conditions of use
						
					
																
						
							About us
						
					
													
				
					Sitemap
				
			
					
		
	
		
		
			© 2014 Ecommerce software by PrestaShop™
		
	
		


	My account
	
		
			My orders
						My credit slips
			My addresses
			My personal info
						
            Sign out		
	




	
        Store information
        
                        	
            		Selenium Framework, Research Triangle Park,
North Carolina,
USA            	
                                    	
            		Call us now: 
            		(347) 466-7432
            	
                                    	
            		Email: 
            		support@seleniumframework.com
            	
                    
    



					
				
					
/html[1]') or . = concat('
		
		Dresses - My Store
		
		
		
		 
		 
		
		
			
			
			
			
			
			
			
			
			
			
			
			
			
			
			
			
			
			
			
			
			
			
			
			
			
			
			
			
			
		
var CUSTOMIZE_TEXTFIELD = 1;
var FancyboxI18nClose = ' , "'" , 'Close' , "'" , ';
var FancyboxI18nNext = ' , "'" , 'Next' , "'" , ';
var FancyboxI18nPrev = ' , "'" , 'Previous' , "'" , ';
var added_to_wishlist = ' , "'" , 'Added to your wishlist.' , "'" , ';
var ajax_allowed = true;
var ajaxsearch = true;
var baseDir = ' , "'" , 'http://automationpractice.com/' , "'" , ';
var baseUri = ' , "'" , 'http://automationpractice.com/index.php' , "'" , ';
var blocklayeredSliderName = {"price":"price","weight":"weight"};
var blocksearch_type = ' , "'" , 'top' , "'" , ';
var comparator_max_item = 3;
var comparedProductsIds = [];
var contentOnly = false;
var customizationIdMessage = ' , "'" , 'Customization #' , "'" , ';
var delete_txt = ' , "'" , 'Delete' , "'" , ';
var displayList = false;
var filters = [{"type_lite":"category","type":"category","id_key":0,"name":"Categories","values":{"9":{"name":"Casual Dresses","nbr":1,"link":"http:\/\/automationpractice.com\/index.php?id_category=8&controller=category#categories-casual_dresses","rel":"nofollow"},"10":{"name":"Evening Dresses","nbr":1,"link":"http:\/\/automationpractice.com\/index.php?id_category=8&controller=category#categories-evening_dresses","rel":"nofollow"},"11":{"name":"Summer Dresses","nbr":3,"link":"http:\/\/automationpractice.com\/index.php?id_category=8&controller=category#categories-summer_dresses","rel":"nofollow"}},"filter_show_limit":"0","filter_type":"0"},{"type_lite":"id_attribute_group","type":"id_attribute_group","id_key":1,"name":"Size","is_color_group":false,"values":{"1":{"color":"","name":"S","nbr":5,"url_name":null,"meta_title":null,"link":"http:\/\/automationpractice.com\/index.php?id_category=8&controller=category#size-s","rel":""},"2":{"color":"","name":"M","nbr":5,"url_name":null,"meta_title":null,"link":"http:\/\/automationpractice.com\/index.php?id_category=8&controller=category#size-m","rel":""},"3":{"color":"","name":"L","nbr":5,"url_name":null,"meta_title":null,"link":"http:\/\/automationpractice.com\/index.php?id_category=8&controller=category#size-l","rel":""}},"url_name":null,"meta_title":null,"filter_show_limit":"0","filter_type":"0"},{"type_lite":"id_attribute_group","type":"id_attribute_group","id_key":3,"name":"Color","is_color_group":true,"values":{"7":{"color":"#f5f5dc","name":"Beige","nbr":1,"url_name":null,"meta_title":null,"link":"http:\/\/automationpractice.com\/index.php?id_category=8&controller=category#color-beige","rel":""},"8":{"color":"#ffffff","name":"White","nbr":1,"url_name":null,"meta_title":null,"link":"http:\/\/automationpractice.com\/index.php?id_category=8&controller=category#color-white","rel":""},"11":{"color":"#434A54","name":"Black","nbr":1,"url_name":null,"meta_title":null,"link":"http:\/\/automationpractice.com\/index.php?id_category=8&controller=category#color-black","rel":""},"13":{"color":"#F39C11","name":"Orange","nbr":2,"url_name":null,"meta_title":null,"link":"http:\/\/automationpractice.com\/index.php?id_category=8&controller=category#color-orange","rel":""},"14":{"color":"#5D9CEC","name":"Blue","nbr":1,"url_name":null,"meta_title":null,"link":"http:\/\/automationpractice.com\/index.php?id_category=8&controller=category#color-blue","rel":""},"15":{"color":"#A0D468","name":"Green","nbr":1,"url_name":null,"meta_title":null,"link":"http:\/\/automationpractice.com\/index.php?id_category=8&controller=category#color-green","rel":""},"16":{"color":"#F1C40F","name":"Yellow","nbr":3,"url_name":null,"meta_title":null,"link":"http:\/\/automationpractice.com\/index.php?id_category=8&controller=category#color-yellow","rel":""},"24":{"color":"#FCCACD","name":"Pink","nbr":1,"url_name":null,"meta_title":null,"link":"http:\/\/automationpractice.com\/index.php?id_category=8&controller=category#color-pink","rel":""}},"url_name":null,"meta_title":null,"filter_show_limit":"0","filter_type":"0"},{"type_lite":"id_feature","type":"id_feature","id_key":5,"values":{"5":{"nbr":1,"name":"Cotton","url_name":null,"meta_title":null,"link":"http:\/\/automationpractice.com\/index.php?id_category=8&controller=category#compositions-cotton","rel":""},"1":{"nbr":2,"name":"Polyester","url_name":null,"meta_title":null,"link":"http:\/\/automationpractice.com\/index.php?id_category=8&controller=category#compositions-polyester","rel":""},"3":{"nbr":2,"name":"Viscose","url_name":null,"meta_title":null,"link":"http:\/\/automationpractice.com\/index.php?id_category=8&controller=category#compositions-viscose","rel":""}},"name":"Compositions","url_name":null,"meta_title":null,"filter_show_limit":"0","filter_type":"0"},{"type_lite":"id_feature","type":"id_feature","id_key":6,"values":{"11":{"nbr":1,"name":"Casual","url_name":null,"meta_title":null,"link":"http:\/\/automationpractice.com\/index.php?id_category=8&controller=category#styles-casual","rel":""},"16":{"nbr":1,"name":"Dressy","url_name":null,"meta_title":null,"link":"http:\/\/automationpractice.com\/index.php?id_category=8&controller=category#styles-dressy","rel":""},"13":{"nbr":3,"name":"Girly","url_name":null,"meta_title":null,"link":"http:\/\/automationpractice.com\/index.php?id_category=8&controller=category#styles-girly","rel":""}},"name":"Styles","url_name":null,"meta_title":null,"filter_show_limit":"0","filter_type":"0"},{"type_lite":"id_feature","type":"id_feature","id_key":7,"values":{"18":{"nbr":1,"name":"Colorful Dress","url_name":null,"meta_title":null,"link":"http:\/\/automationpractice.com\/index.php?id_category=8&controller=category#properties-colorful_dress","rel":""},"21":{"nbr":1,"name":"Maxi Dress","url_name":null,"meta_title":null,"link":"http:\/\/automationpractice.com\/index.php?id_category=8&controller=category#properties-maxi_dress","rel":""},"20":{"nbr":1,"name":"Midi Dress","url_name":null,"meta_title":null,"link":"http:\/\/automationpractice.com\/index.php?id_category=8&controller=category#properties-midi_dress","rel":""},"19":{"nbr":2,"name":"Short Dress","url_name":null,"meta_title":null,"link":"http:\/\/automationpractice.com\/index.php?id_category=8&controller=category#properties-short_dress","rel":""}},"name":"Properties","url_name":null,"meta_title":null,"filter_show_limit":"0","filter_type":"0"},{"type_lite":"quantity","type":"quantity","id_key":0,"name":"Availability","values":[{"name":"Not available","nbr":0,"link":"http:\/\/automationpractice.com\/index.php?id_category=8&controller=category#availability-not_available","rel":"nofollow"},{"name":"In stock","nbr":5,"link":"http:\/\/automationpractice.com\/index.php?id_category=8&controller=category#availability-in_stock","rel":"nofollow"}],"filter_show_limit":"0","filter_type":"0"},{"type_lite":"manufacturer","type":"manufacturer","id_key":0,"name":"Manufacturer","values":{"1":{"name":"Fashion Manufacturer","nbr":"5","link":"http:\/\/automationpractice.com\/index.php?id_category=8&controller=category#manufacturer-fashion_manufacturer","rel":"nofollow"}},"filter_show_limit":"0","filter_type":"0"},{"type_lite":"condition","type":"condition","id_key":0,"name":"Condition","values":{"new":{"name":"New","nbr":5,"link":"http:\/\/automationpractice.com\/index.php?id_category=8&controller=category#condition-new","rel":"nofollow"},"used":{"name":"Used","nbr":0,"link":"http:\/\/automationpractice.com\/index.php?id_category=8&controller=category#condition-used","rel":"nofollow"},"refurbished":{"name":"Refurbished","nbr":0,"link":"http:\/\/automationpractice.com\/index.php?id_category=8&controller=category#condition-refurbished","rel":"nofollow"}},"filter_show_limit":"0","filter_type":"0"},{"type_lite":"price","type":"price","id_key":0,"name":"Price","slider":true,"max":"53","min":"16","values":{"1":"53","0":"16"},"unit":"$","format":"1","filter_show_limit":"0","filter_type":"0"}];
var freeProductTranslation = ' , "'" , 'Free!' , "'" , ';
var freeShippingTranslation = ' , "'" , 'Free shipping!' , "'" , ';
var generated_date = 1522248415;
var id_lang = 1;
var img_dir = ' , "'" , 'http://automationpractice.com/themes/default-bootstrap/img/' , "'" , ';
var instantsearch = false;
var isGuest = 0;
var isLogged = 1;
var loggin_required = ' , "'" , 'You must be logged in to manage your wishlist.' , "'" , ';
var max_item = ' , "'" , 'You cannot add more than 3 product(s) to the product comparison' , "'" , ';
var min_item = ' , "'" , 'Please select at least one product' , "'" , ';
var mywishlist_url = ' , "'" , 'http://automationpractice.com/index.php?fc=module&module=blockwishlist&controller=mywishlist' , "'" , ';
var page_name = ' , "'" , 'category' , "'" , ';
var param_product_url = ' , "'" , '#' , "'" , ';
var placeholder_blocknewsletter = ' , "'" , 'Enter your e-mail' , "'" , ';
var priceDisplayMethod = 1;
var priceDisplayPrecision = 2;
var quickView = true;
var removingLinkText = ' , "'" , 'remove this product from my cart' , "'" , ';
var request = ' , "'" , 'http://automationpractice.com/index.php?id_category=8&controller=category' , "'" , ';
var roundMode = 2;
var search_url = ' , "'" , 'http://automationpractice.com/index.php?controller=search' , "'" , ';
var static_token = ' , "'" , 'b842f4a42956685333000db0ab174863' , "'" , ';
var token = ' , "'" , 'f0d7e4320d9dcd64ff64d5b43bc0abed' , "'" , ';
var usingSecureMode = false;
var wishlistProductsIds = false;


		
		
		
		
		
		
		
		
		
		
		
		
		
		
		
		
		
		
		
		
		
		
		
		
		
		
		
		
			
		
		
	.fancybox-margin{margin-right:17px;}#katalon{font-family:monospace;font-size:13px;background-color:rgba(0,0,0,.7);position:fixed;top:0;left:0;right:0;display:block;z-index:999999999;line-height: normal} #katalon div{padding:0;margin:0;color:#fff;} #katalon kbd{display:inline-block;padding:3px 5px;font:13px Consolas,"Liberation Mono",Menlo,Courier,monospace;line-height:10px;color:#555;vertical-align:middle;background-color:#fcfcfc;border:1px solid #ccc;border-bottom-color:#bbb;border-radius:3px;box-shadow:inset 0 -1px 0 #bbb;font-weight: bold} div#katalon-elementInfoDiv {color: lightblue; padding: 5px}
	
					
			
				
					
						
							
								
	


							
						
					
					
						
							
								
	
		Chapel Kabir
	

			
			Sign out
		
	




	Contact us

	
		Call us now: 0123-456-789
	

							
						
					
					
						
							
								
									
										
									
								
								

	
		
		
		
		
		
			Search
		
	



	
		
			Cart
			0
			Product
			Products
			
							
			(empty)
					
					
				
					
					
												
							No products
						
												
							
								
																			Free shipping!
																	
								
									Shipping
								
							
																					
								$0.00
								Total
							
													
						
							
								
									Check out
								
							
						
					
				
			
			


	
		
			
				
				
					Product successfully added to your shopping cart
				
				
				
				
					
					
					
						Quantity
						
					
					
						Total
						
					
				
			
			
				
					
					
						There are 0 items in your cart.
					
					
					
						There is 1 item in your cart.
					
				
	
				
					
						Total products
											
					
											
				
	
								
					
						Total shipping 					
					
													Free shipping!
											
				
									
					
						Total
											
					
											
				
					
					
						
							Continue shopping
						
					
					
						
							Proceed to checkout
						
						
				
			
		
		
	 
	

	
	
		Categories
		
			WomenTopsT-shirtsBlousesDressesCasual DressesEvening DressesSummer DressesDressesCasual DressesEvening DressesSummer DressesT-shirts
					
	
	
							
						
					
				
			
			
				
											


	
			>
					Women>Dresses
			

										
						
					
					
												

	
					Dresses
			
	
		
												

	
		Casual Dresses
	
	

																

	
		Evening Dresses
	
	

																

	
		Summer Dresses
	
	

									
	





	Catalog
	
		
			
																										
						                        
                            Categories
                            
						
						
																																												
																							 
																						
																								Casual Dresses (1)
																							
										
																																							
																							 
																						
																								Evening Dresses (1)
																							
										
																																							
																							 
																						
																								Summer Dresses (3)
																							
										
																																															
					
																											
						                        
                            Size
                            
						
						
																																												
																							 
																						
																								S (5)
																							
										
																																							
																							 
																						
																								M (5)
																							
										
																																							
																							 
																						
																								L (5)
																							
										
																																															
					
																											
						                        
                            Color
                            
						
						
																																												
																							
																																		
																								Beige (1)
																							
										
																																							
																							
																																		
																								White (1)
																							
										
																																							
																							
																																		
																								Black (1)
																							
										
																																							
																							
																																		
																								Orange (2)
																							
										
																																							
																							
																																		
																								Blue (1)
																							
										
																																							
																							
																																		
																								Green (1)
																							
										
																																							
																							
																																		
																								Yellow (3)
																							
										
																																							
																							
																																		
																								Pink (1)
																							
										
																																															
					
																											
						                        
                            Compositions
                            
						
						
																																												
																							 
																						
																								Cotton (1)
																							
										
																																							
																							 
																						
																								Polyester (2)
																							
										
																																							
																							 
																						
																								Viscose (2)
																							
										
																																															
					
																											
						                        
                            Styles
                            
						
						
																																												
																							 
																						
																								Casual (1)
																							
										
																																							
																							 
																						
																								Dressy (1)
																							
										
																																							
																							 
																						
																								Girly (3)
																							
										
																																															
					
																											
						                        
                            Properties
                            
						
						
																																												
																							 
																						
																								Colorful Dress (1)
																							
										
																																							
																							 
																						
																								Maxi Dress (1)
																							
										
																																							
																							 
																						
																								Midi Dress (1)
																							
										
																																							
																							 
																						
																								Short Dress (2)
																							
										
																																															
					
																											
						                        
                            Availability
                            
						
						
																																																															
																							 
																						
																								In stock (5)
																							
										
																																															
					
																											
						                        
                            Manufacturer
                            
						
						
																																												
																							 
																						
																								Fashion Manufacturer (5)
																							
										
																																															
					
																											
						                        
                            Condition
                            
						
						
																																												
																							 
																						
																								New (5)
																							
										
																																																																																					
					
																											
						                        
                            Price
                            
						
						
																								
										Range:
									 
									$16.00 - $53.00
									
										
									
																												
					
												
			
																																																																																																																																																																												
	
	
		
			
			Loading...
		
	


	
			
			
				
					Information				
			
			
				
																							
								
									Delivery
								
							
																								
								
									Legal Notice
								
							
																								
								
									Terms and conditions of use
								
							
																								
								
									About us
								
							
																								
								
									Secure payment
								
							
																						
							
								Our stores
							
						
									
			
		
		


	
        
            Specials
        
    
	
    		
        	
            	
                    
                
                
                	
                        
                            Printed Chiffon Dress
                        
                    
                                        	
                            Printed chiffon knee length dress...
                        
                                        
                    	                        	
                                $16.40
                                                            
                                                                                                                                 -20%
                                                                                         
                                $20.50
                                                            
                                            
                
            
		
		
			
                All specials
            
		
    	



	
		
			Our stores
		
	
	
		
			
				
			
		
				
			
				Discover our stores
			
		
	



																		
	

	    				
            	                     
                    
                                                    
                            
                                Dresses                            
                                                            Find your favorites dresses from our wide choice of evening, casual or summer dresses!
We offer dresses for every day, every style and every occasion.
                                                        
                                             
                              
				Dresses There are 5 products.

		        		
		
			Subcategories
			
							
                	
						
													
											
                   	
					Casual Dresses
											You are looking for a dress for every day? Take a look at
our selection of dresses to find one that suits you.
									
							
                	
						
													
											
                   	
					Evening Dresses
											Browse our different dresses to choose the perfect dress for an unforgettable evening!
									
							
                	
						
													
											
                   	
					Summer Dresses
											Short dress, long dress, silk dress, printed dress, you will find the perfect dress for summer.
									
						
		
        							
            	
            		
	View
    Grid
    List



	
		Sort by
		--
			--
							Price: Lowest first
				Price: Highest first
						Product Name: A to Z
			Product Name: Z to A
							In stock
						Reference: Lowest first
			Reference: Highest first
		
	


			
	
                								
		

				
                
                		
		
			Compare (0)
		
		
		
	
			
		
		
		
	
					
	
												
	
	    			
    
    	        	                        	                        	Showing 1 - 5 of 5 items
		    
	

                
			
				
									
		
	
	
	
			
		
		
								
			
				
					
						
							
						
													
							
								
							
						
						
							Quick view
						
																			
																	
										$26.00									
									
																		
									
															
																							
					
					
				
				
					
												
							Printed Dress
						
					
					
					
						100% cotton double printed dress. Black and white striped top and orange high waisted skater skirt bottom.
					
										
													
								$26.00							
							
														
							
											
										
																														
										Add to cart
									
																											
							More
						
					
											
					
			
							
		
	
										
																														
																		
																	
										In stock									
															
															
					 				
						

	
		Add to Wishlist
	

													
								Add to Compare
							
											
							
		
			
		
		
								
			
				
					
						
							
						
													
							
								
							
						
						
							Quick view
						
																			
																	
										$50.99									
									
																		
									
															
																							
					
					
				
				
					
												
							Printed Dress
						
					
					
					
						Printed evening dress with straight sleeves with black thin waist belt and ruffled linings.
					
										
													
								$50.99							
							
														
							
											
										
																														
										Add to cart
									
																											
							More
						
					
											
					
			
							
		
					
			
							
		
	
										
																														
																		
																	
										In stock									
															
															
					 				
						

	
		Add to Wishlist
	

													
								Add to Compare
							
											
							
		
			
		
		
								
			
				
					
						
							
						
													
							
								
							
						
						
							Quick view
						
																			
																	
										$28.98									
									
																			
										
											$30.51
										
																					-5%
																												
									
															
																							
					
					
				
				
					
												
							Printed Summer Dress
						
					
					
					
						Long printed dress with thin adjustable straps. V-neckline and wiring under the bust with ruffles at the bottom of the dress.
					
										
													
								$28.98							
							
															
								
									$30.51
								
								
																	-5%
																						
							
											
										
																														
										Add to cart
									
																											
							More
						
					
											
					
			
							
		
					
			
							
		
					
			
							
		
					
			
							
		
	
										
																																	Reduced price!
												
																		
																	
										In stock									
															
															
					 				
						

	
		Add to Wishlist
	

													
								Add to Compare
							
											
							
		
			
		
		
								
			
				
					
						
							
						
													
							
								
							
						
						
							Quick view
						
																			
																	
										$30.50									
									
																		
									
															
																							
					
					
				
				
					
												
							Printed Summer Dress
						
					
					
					
						Sleeveless knee-length chiffon dress. V-neckline with elastic under the bust lining.
					
										
													
								$30.50							
							
														
							
											
										
																														
										Add to cart
									
																											
							More
						
					
											
					
			
							
		
					
			
							
		
	
										
																														
																		
																	
										In stock									
															
															
					 				
						

	
		Add to Wishlist
	

													
								Add to Compare
							
											
							
		
			
		
		
								
			
				
					
						
							
						
													
							
								
							
						
						
							Quick view
						
																			
																	
										$16.40									
									
																			
										
											$20.50
										
																					-20%
																												
									
															
																							
					
					
				
				
					
												
							Printed Chiffon Dress
						
					
					
					
						Printed chiffon knee length dress with tank straps. Deep v-neckline.
					
										
													
								$16.40							
							
															
								
									$20.50
								
								
																	-20%
																						
							
											
										
																														
										Add to cart
									
																											
							More
						
					
											
					
			
							
		
					
			
							
		
	
										
																																	Reduced price!
												
																		
																	
										In stock									
															
															
					 				
						

	
		Add to Wishlist
	

													
								Add to Compare
							
											
							
		
		





			
				
						
		
			Compare (0)
		
		
		
	
	
                    
	
												
	
	    			
    
    	        	                        	                        	Showing 1 - 5 of 5 items
		    
	

				
			
								
										
				
			
							
				
					
						

	Newsletter
	
		
			
				
                
                    Ok
                
				
			
		
	



	
					
				
					Facebook
				
			
							
				
					Twitter
				
			
				                	
        		
        			Youtube
        		
        	
                        	
        		
        			Google Plus
        		
        	
                	
    Follow us




	Categories
	
		
			
												

	 
		Women
	
			
												

	 
		Tops
	
			
												

	
		T-shirts
	
	

																

	
		Blouses
	
	

									
	

																

	 
		Dresses
	
			
												

	
		Casual Dresses
	
	

																

	
		Evening Dresses
	
	

																

	
		Summer Dresses
	
	

									
	

									
	

							
										
		
	 


	
	
		Information
		
							
					
						Specials
					
				
									
				
					New products
				
			
										
					
						Best sellers
					
				
										
					
						Our stores
					
				
									
				
					Contact us
				
			
															
						
							Terms and conditions of use
						
					
																
						
							About us
						
					
													
				
					Sitemap
				
			
					
		
	
		
		
			© 2014 Ecommerce software by PrestaShop™
		
	
		


	My account
	
		
			My orders
						My credit slips
			My addresses
			My personal info
						
            Sign out		
	




	
        Store information
        
                        	
            		Selenium Framework, Research Triangle Park,
North Carolina,
USA            	
                                    	
            		Call us now: 
            		(347) 466-7432
            	
                                    	
            		Email: 
            		support@seleniumframework.com
            	
                    
    



					
				
					
/html[1]'))]' not found)]]></system-out>
      <system-err><![CDATA[2018-04-03 14:54:53 - [TEST_SUITE][FAILED] - Testing via Firefox: Test Cases/Verify a user can see previously added items in their shopping cart FAILED because (of) Unable to click on object 'Object Repository/IBM TEST/Page_Dresses - My Store (1)/html_Dresses - My Store  var C' (Root cause: com.kms.katalon.core.webui.exception.WebElementNotFoundException: Web element with id: 'Object Repository/IBM TEST/Page_Dresses - My Store (1)/html_Dresses - My Store  var C' located by 'By.xpath: //html[(text() = concat('
		
		Dresses - My Store
		
		
		
		 
		 
		
		
			
			
			
			
			
			
			
			
			
			
			
			
			
			
			
			
			
			
			
			
			
			
			
			
			
			
			
			
			
		
var CUSTOMIZE_TEXTFIELD = 1;
var FancyboxI18nClose = ' , "'" , 'Close' , "'" , ';
var FancyboxI18nNext = ' , "'" , 'Next' , "'" , ';
var FancyboxI18nPrev = ' , "'" , 'Previous' , "'" , ';
var added_to_wishlist = ' , "'" , 'Added to your wishlist.' , "'" , ';
var ajax_allowed = true;
var ajaxsearch = true;
var baseDir = ' , "'" , 'http://automationpractice.com/' , "'" , ';
var baseUri = ' , "'" , 'http://automationpractice.com/index.php' , "'" , ';
var blocklayeredSliderName = {"price":"price","weight":"weight"};
var blocksearch_type = ' , "'" , 'top' , "'" , ';
var comparator_max_item = 3;
var comparedProductsIds = [];
var contentOnly = false;
var customizationIdMessage = ' , "'" , 'Customization #' , "'" , ';
var delete_txt = ' , "'" , 'Delete' , "'" , ';
var displayList = false;
var filters = [{"type_lite":"category","type":"category","id_key":0,"name":"Categories","values":{"9":{"name":"Casual Dresses","nbr":1,"link":"http:\/\/automationpractice.com\/index.php?id_category=8&controller=category#categories-casual_dresses","rel":"nofollow"},"10":{"name":"Evening Dresses","nbr":1,"link":"http:\/\/automationpractice.com\/index.php?id_category=8&controller=category#categories-evening_dresses","rel":"nofollow"},"11":{"name":"Summer Dresses","nbr":3,"link":"http:\/\/automationpractice.com\/index.php?id_category=8&controller=category#categories-summer_dresses","rel":"nofollow"}},"filter_show_limit":"0","filter_type":"0"},{"type_lite":"id_attribute_group","type":"id_attribute_group","id_key":1,"name":"Size","is_color_group":false,"values":{"1":{"color":"","name":"S","nbr":5,"url_name":null,"meta_title":null,"link":"http:\/\/automationpractice.com\/index.php?id_category=8&controller=category#size-s","rel":""},"2":{"color":"","name":"M","nbr":5,"url_name":null,"meta_title":null,"link":"http:\/\/automationpractice.com\/index.php?id_category=8&controller=category#size-m","rel":""},"3":{"color":"","name":"L","nbr":5,"url_name":null,"meta_title":null,"link":"http:\/\/automationpractice.com\/index.php?id_category=8&controller=category#size-l","rel":""}},"url_name":null,"meta_title":null,"filter_show_limit":"0","filter_type":"0"},{"type_lite":"id_attribute_group","type":"id_attribute_group","id_key":3,"name":"Color","is_color_group":true,"values":{"7":{"color":"#f5f5dc","name":"Beige","nbr":1,"url_name":null,"meta_title":null,"link":"http:\/\/automationpractice.com\/index.php?id_category=8&controller=category#color-beige","rel":""},"8":{"color":"#ffffff","name":"White","nbr":1,"url_name":null,"meta_title":null,"link":"http:\/\/automationpractice.com\/index.php?id_category=8&controller=category#color-white","rel":""},"11":{"color":"#434A54","name":"Black","nbr":1,"url_name":null,"meta_title":null,"link":"http:\/\/automationpractice.com\/index.php?id_category=8&controller=category#color-black","rel":""},"13":{"color":"#F39C11","name":"Orange","nbr":2,"url_name":null,"meta_title":null,"link":"http:\/\/automationpractice.com\/index.php?id_category=8&controller=category#color-orange","rel":""},"14":{"color":"#5D9CEC","name":"Blue","nbr":1,"url_name":null,"meta_title":null,"link":"http:\/\/automationpractice.com\/index.php?id_category=8&controller=category#color-blue","rel":""},"15":{"color":"#A0D468","name":"Green","nbr":1,"url_name":null,"meta_title":null,"link":"http:\/\/automationpractice.com\/index.php?id_category=8&controller=category#color-green","rel":""},"16":{"color":"#F1C40F","name":"Yellow","nbr":3,"url_name":null,"meta_title":null,"link":"http:\/\/automationpractice.com\/index.php?id_category=8&controller=category#color-yellow","rel":""},"24":{"color":"#FCCACD","name":"Pink","nbr":1,"url_name":null,"meta_title":null,"link":"http:\/\/automationpractice.com\/index.php?id_category=8&controller=category#color-pink","rel":""}},"url_name":null,"meta_title":null,"filter_show_limit":"0","filter_type":"0"},{"type_lite":"id_feature","type":"id_feature","id_key":5,"values":{"5":{"nbr":1,"name":"Cotton","url_name":null,"meta_title":null,"link":"http:\/\/automationpractice.com\/index.php?id_category=8&controller=category#compositions-cotton","rel":""},"1":{"nbr":2,"name":"Polyester","url_name":null,"meta_title":null,"link":"http:\/\/automationpractice.com\/index.php?id_category=8&controller=category#compositions-polyester","rel":""},"3":{"nbr":2,"name":"Viscose","url_name":null,"meta_title":null,"link":"http:\/\/automationpractice.com\/index.php?id_category=8&controller=category#compositions-viscose","rel":""}},"name":"Compositions","url_name":null,"meta_title":null,"filter_show_limit":"0","filter_type":"0"},{"type_lite":"id_feature","type":"id_feature","id_key":6,"values":{"11":{"nbr":1,"name":"Casual","url_name":null,"meta_title":null,"link":"http:\/\/automationpractice.com\/index.php?id_category=8&controller=category#styles-casual","rel":""},"16":{"nbr":1,"name":"Dressy","url_name":null,"meta_title":null,"link":"http:\/\/automationpractice.com\/index.php?id_category=8&controller=category#styles-dressy","rel":""},"13":{"nbr":3,"name":"Girly","url_name":null,"meta_title":null,"link":"http:\/\/automationpractice.com\/index.php?id_category=8&controller=category#styles-girly","rel":""}},"name":"Styles","url_name":null,"meta_title":null,"filter_show_limit":"0","filter_type":"0"},{"type_lite":"id_feature","type":"id_feature","id_key":7,"values":{"18":{"nbr":1,"name":"Colorful Dress","url_name":null,"meta_title":null,"link":"http:\/\/automationpractice.com\/index.php?id_category=8&controller=category#properties-colorful_dress","rel":""},"21":{"nbr":1,"name":"Maxi Dress","url_name":null,"meta_title":null,"link":"http:\/\/automationpractice.com\/index.php?id_category=8&controller=category#properties-maxi_dress","rel":""},"20":{"nbr":1,"name":"Midi Dress","url_name":null,"meta_title":null,"link":"http:\/\/automationpractice.com\/index.php?id_category=8&controller=category#properties-midi_dress","rel":""},"19":{"nbr":2,"name":"Short Dress","url_name":null,"meta_title":null,"link":"http:\/\/automationpractice.com\/index.php?id_category=8&controller=category#properties-short_dress","rel":""}},"name":"Properties","url_name":null,"meta_title":null,"filter_show_limit":"0","filter_type":"0"},{"type_lite":"quantity","type":"quantity","id_key":0,"name":"Availability","values":[{"name":"Not available","nbr":0,"link":"http:\/\/automationpractice.com\/index.php?id_category=8&controller=category#availability-not_available","rel":"nofollow"},{"name":"In stock","nbr":5,"link":"http:\/\/automationpractice.com\/index.php?id_category=8&controller=category#availability-in_stock","rel":"nofollow"}],"filter_show_limit":"0","filter_type":"0"},{"type_lite":"manufacturer","type":"manufacturer","id_key":0,"name":"Manufacturer","values":{"1":{"name":"Fashion Manufacturer","nbr":"5","link":"http:\/\/automationpractice.com\/index.php?id_category=8&controller=category#manufacturer-fashion_manufacturer","rel":"nofollow"}},"filter_show_limit":"0","filter_type":"0"},{"type_lite":"condition","type":"condition","id_key":0,"name":"Condition","values":{"new":{"name":"New","nbr":5,"link":"http:\/\/automationpractice.com\/index.php?id_category=8&controller=category#condition-new","rel":"nofollow"},"used":{"name":"Used","nbr":0,"link":"http:\/\/automationpractice.com\/index.php?id_category=8&controller=category#condition-used","rel":"nofollow"},"refurbished":{"name":"Refurbished","nbr":0,"link":"http:\/\/automationpractice.com\/index.php?id_category=8&controller=category#condition-refurbished","rel":"nofollow"}},"filter_show_limit":"0","filter_type":"0"},{"type_lite":"price","type":"price","id_key":0,"name":"Price","slider":true,"max":"53","min":"16","values":{"1":"53","0":"16"},"unit":"$","format":"1","filter_show_limit":"0","filter_type":"0"}];
var freeProductTranslation = ' , "'" , 'Free!' , "'" , ';
var freeShippingTranslation = ' , "'" , 'Free shipping!' , "'" , ';
var generated_date = 1522248415;
var id_lang = 1;
var img_dir = ' , "'" , 'http://automationpractice.com/themes/default-bootstrap/img/' , "'" , ';
var instantsearch = false;
var isGuest = 0;
var isLogged = 1;
var loggin_required = ' , "'" , 'You must be logged in to manage your wishlist.' , "'" , ';
var max_item = ' , "'" , 'You cannot add more than 3 product(s) to the product comparison' , "'" , ';
var min_item = ' , "'" , 'Please select at least one product' , "'" , ';
var mywishlist_url = ' , "'" , 'http://automationpractice.com/index.php?fc=module&module=blockwishlist&controller=mywishlist' , "'" , ';
var page_name = ' , "'" , 'category' , "'" , ';
var param_product_url = ' , "'" , '#' , "'" , ';
var placeholder_blocknewsletter = ' , "'" , 'Enter your e-mail' , "'" , ';
var priceDisplayMethod = 1;
var priceDisplayPrecision = 2;
var quickView = true;
var removingLinkText = ' , "'" , 'remove this product from my cart' , "'" , ';
var request = ' , "'" , 'http://automationpractice.com/index.php?id_category=8&controller=category' , "'" , ';
var roundMode = 2;
var search_url = ' , "'" , 'http://automationpractice.com/index.php?controller=search' , "'" , ';
var static_token = ' , "'" , 'b842f4a42956685333000db0ab174863' , "'" , ';
var token = ' , "'" , 'f0d7e4320d9dcd64ff64d5b43bc0abed' , "'" , ';
var usingSecureMode = false;
var wishlistProductsIds = false;


		
		
		
		
		
		
		
		
		
		
		
		
		
		
		
		
		
		
		
		
		
		
		
		
		
		
		
		
			
		
		
	.fancybox-margin{margin-right:17px;}#katalon{font-family:monospace;font-size:13px;background-color:rgba(0,0,0,.7);position:fixed;top:0;left:0;right:0;display:block;z-index:999999999;line-height: normal} #katalon div{padding:0;margin:0;color:#fff;} #katalon kbd{display:inline-block;padding:3px 5px;font:13px Consolas,"Liberation Mono",Menlo,Courier,monospace;line-height:10px;color:#555;vertical-align:middle;background-color:#fcfcfc;border:1px solid #ccc;border-bottom-color:#bbb;border-radius:3px;box-shadow:inset 0 -1px 0 #bbb;font-weight: bold} div#katalon-elementInfoDiv {color: lightblue; padding: 5px}
	
					
			
				
					
						
							
								
	


							
						
					
					
						
							
								
	
		Chapel Kabir
	

			
			Sign out
		
	




	Contact us

	
		Call us now: 0123-456-789
	

							
						
					
					
						
							
								
									
										
									
								
								

	
		
		
		
		
		
			Search
		
	



	
		
			Cart
			0
			Product
			Products
			
							
			(empty)
					
					
				
					
					
												
							No products
						
												
							
								
																			Free shipping!
																	
								
									Shipping
								
							
																					
								$0.00
								Total
							
													
						
							
								
									Check out
								
							
						
					
				
			
			


	
		
			
				
				
					Product successfully added to your shopping cart
				
				
				
				
					
					
					
						Quantity
						
					
					
						Total
						
					
				
			
			
				
					
					
						There are 0 items in your cart.
					
					
					
						There is 1 item in your cart.
					
				
	
				
					
						Total products
											
					
											
				
	
								
					
						Total shipping 					
					
													Free shipping!
											
				
									
					
						Total
											
					
											
				
					
					
						
							Continue shopping
						
					
					
						
							Proceed to checkout
						
						
				
			
		
		
	 
	

	
	
		Categories
		
			WomenTopsT-shirtsBlousesDressesCasual DressesEvening DressesSummer DressesDressesCasual DressesEvening DressesSummer DressesT-shirts
					
	
	
							
						
					
				
			
			
				
											


	
			>
					Women>Dresses
			

										
						
					
					
												

	
					Dresses
			
	
		
												

	
		Casual Dresses
	
	

																

	
		Evening Dresses
	
	

																

	
		Summer Dresses
	
	

									
	





	Catalog
	
		
			
																										
						                        
                            Categories
                            
						
						
																																												
																							 
																						
																								Casual Dresses (1)
																							
										
																																							
																							 
																						
																								Evening Dresses (1)
																							
										
																																							
																							 
																						
																								Summer Dresses (3)
																							
										
																																															
					
																											
						                        
                            Size
                            
						
						
																																												
																							 
																						
																								S (5)
																							
										
																																							
																							 
																						
																								M (5)
																							
										
																																							
																							 
																						
																								L (5)
																							
										
																																															
					
																											
						                        
                            Color
                            
						
						
																																												
																							
																																		
																								Beige (1)
																							
										
																																							
																							
																																		
																								White (1)
																							
										
																																							
																							
																																		
																								Black (1)
																							
										
																																							
																							
																																		
																								Orange (2)
																							
										
																																							
																							
																																		
																								Blue (1)
																							
										
																																							
																							
																																		
																								Green (1)
																							
										
																																							
																							
																																		
																								Yellow (3)
																							
										
																																							
																							
																																		
																								Pink (1)
																							
										
																																															
					
																											
						                        
                            Compositions
                            
						
						
																																												
																							 
																						
																								Cotton (1)
																							
										
																																							
																							 
																						
																								Polyester (2)
																							
										
																																							
																							 
																						
																								Viscose (2)
																							
										
																																															
					
																											
						                        
                            Styles
                            
						
						
																																												
																							 
																						
																								Casual (1)
																							
										
																																							
																							 
																						
																								Dressy (1)
																							
										
																																							
																							 
																						
																								Girly (3)
																							
										
																																															
					
																											
						                        
                            Properties
                            
						
						
																																												
																							 
																						
																								Colorful Dress (1)
																							
										
																																							
																							 
																						
																								Maxi Dress (1)
																							
										
																																							
																							 
																						
																								Midi Dress (1)
																							
										
																																							
																							 
																						
																								Short Dress (2)
																							
										
																																															
					
																											
						                        
                            Availability
                            
						
						
																																																															
																							 
																						
																								In stock (5)
																							
										
																																															
					
																											
						                        
                            Manufacturer
                            
						
						
																																												
																							 
																						
																								Fashion Manufacturer (5)
																							
										
																																															
					
																											
						                        
                            Condition
                            
						
						
																																												
																							 
																						
																								New (5)
																							
										
																																																																																					
					
																											
						                        
                            Price
                            
						
						
																								
										Range:
									 
									$16.00 - $53.00
									
										
									
																												
					
												
			
																																																																																																																																																																												
	
	
		
			
			Loading...
		
	


	
			
			
				
					Information				
			
			
				
																							
								
									Delivery
								
							
																								
								
									Legal Notice
								
							
																								
								
									Terms and conditions of use
								
							
																								
								
									About us
								
							
																								
								
									Secure payment
								
							
																						
							
								Our stores
							
						
									
			
		
		


	
        
            Specials
        
    
	
    		
        	
            	
                    
                
                
                	
                        
                            Printed Chiffon Dress
                        
                    
                                        	
                            Printed chiffon knee length dress...
                        
                                        
                    	                        	
                                $16.40
                                                            
                                                                                                                                 -20%
                                                                                         
                                $20.50
                                                            
                                            
                
            
		
		
			
                All specials
            
		
    	



	
		
			Our stores
		
	
	
		
			
				
			
		
				
			
				Discover our stores
			
		
	



																		
	

	    				
            	                     
                    
                                                    
                            
                                Dresses                            
                                                            Find your favorites dresses from our wide choice of evening, casual or summer dresses!
We offer dresses for every day, every style and every occasion.
                                                        
                                             
                              
				Dresses There are 5 products.

		        		
		
			Subcategories
			
							
                	
						
													
											
                   	
					Casual Dresses
											You are looking for a dress for every day? Take a look at
our selection of dresses to find one that suits you.
									
							
                	
						
													
											
                   	
					Evening Dresses
											Browse our different dresses to choose the perfect dress for an unforgettable evening!
									
							
                	
						
													
											
                   	
					Summer Dresses
											Short dress, long dress, silk dress, printed dress, you will find the perfect dress for summer.
									
						
		
        							
            	
            		
	View
    Grid
    List



	
		Sort by
		--
			--
							Price: Lowest first
				Price: Highest first
						Product Name: A to Z
			Product Name: Z to A
							In stock
						Reference: Lowest first
			Reference: Highest first
		
	


			
	
                								
		

				
                
                		
		
			Compare (0)
		
		
		
	
			
		
		
		
	
					
	
												
	
	    			
    
    	        	                        	                        	Showing 1 - 5 of 5 items
		    
	

                
			
				
									
		
	
	
	
			
		
		
								
			
				
					
						
							
						
													
							
								
							
						
						
							Quick view
						
																			
																	
										$26.00									
									
																		
									
															
																							
					
					
				
				
					
												
							Printed Dress
						
					
					
					
						100% cotton double printed dress. Black and white striped top and orange high waisted skater skirt bottom.
					
										
													
								$26.00							
							
														
							
											
										
																														
										Add to cart
									
																											
							More
						
					
											
					
			
							
		
	
										
																														
																		
																	
										In stock									
															
															
					 				
						

	
		Add to Wishlist
	

													
								Add to Compare
							
											
							
		
			
		
		
								
			
				
					
						
							
						
													
							
								
							
						
						
							Quick view
						
																			
																	
										$50.99									
									
																		
									
															
																							
					
					
				
				
					
												
							Printed Dress
						
					
					
					
						Printed evening dress with straight sleeves with black thin waist belt and ruffled linings.
					
										
													
								$50.99							
							
														
							
											
										
																														
										Add to cart
									
																											
							More
						
					
											
					
			
							
		
					
			
							
		
	
										
																														
																		
																	
										In stock									
															
															
					 				
						

	
		Add to Wishlist
	

													
								Add to Compare
							
											
							
		
			
		
		
								
			
				
					
						
							
						
													
							
								
							
						
						
							Quick view
						
																			
																	
										$28.98									
									
																			
										
											$30.51
										
																					-5%
																												
									
															
																							
					
					
				
				
					
												
							Printed Summer Dress
						
					
					
					
						Long printed dress with thin adjustable straps. V-neckline and wiring under the bust with ruffles at the bottom of the dress.
					
										
													
								$28.98							
							
															
								
									$30.51
								
								
																	-5%
																						
							
											
										
																														
										Add to cart
									
																											
							More
						
					
											
					
			
							
		
					
			
							
		
					
			
							
		
					
			
							
		
	
										
																																	Reduced price!
												
																		
																	
										In stock									
															
															
					 				
						

	
		Add to Wishlist
	

													
								Add to Compare
							
											
							
		
			
		
		
								
			
				
					
						
							
						
													
							
								
							
						
						
							Quick view
						
																			
																	
										$30.50									
									
																		
									
															
																							
					
					
				
				
					
												
							Printed Summer Dress
						
					
					
					
						Sleeveless knee-length chiffon dress. V-neckline with elastic under the bust lining.
					
										
													
								$30.50							
							
														
							
											
										
																														
										Add to cart
									
																											
							More
						
					
											
					
			
							
		
					
			
							
		
	
										
																														
																		
																	
										In stock									
															
															
					 				
						

	
		Add to Wishlist
	

													
								Add to Compare
							
											
							
		
			
		
		
								
			
				
					
						
							
						
													
							
								
							
						
						
							Quick view
						
																			
																	
										$16.40									
									
																			
										
											$20.50
										
																					-20%
																												
									
															
																							
					
					
				
				
					
												
							Printed Chiffon Dress
						
					
					
					
						Printed chiffon knee length dress with tank straps. Deep v-neckline.
					
										
													
								$16.40							
							
															
								
									$20.50
								
								
																	-20%
																						
							
											
										
																														
										Add to cart
									
																											
							More
						
					
											
					
			
							
		
					
			
							
		
	
										
																																	Reduced price!
												
																		
																	
										In stock									
															
															
					 				
						

	
		Add to Wishlist
	

													
								Add to Compare
							
											
							
		
		





			
				
						
		
			Compare (0)
		
		
		
	
	
                    
	
												
	
	    			
    
    	        	                        	                        	Showing 1 - 5 of 5 items
		    
	

				
			
								
										
				
			
							
				
					
						

	Newsletter
	
		
			
				
                
                    Ok
                
				
			
		
	



	
					
				
					Facebook
				
			
							
				
					Twitter
				
			
				                	
        		
        			Youtube
        		
        	
                        	
        		
        			Google Plus
        		
        	
                	
    Follow us




	Categories
	
		
			
												

	 
		Women
	
			
												

	 
		Tops
	
			
												

	
		T-shirts
	
	

																

	
		Blouses
	
	

									
	

																

	 
		Dresses
	
			
												

	
		Casual Dresses
	
	

																

	
		Evening Dresses
	
	

																

	
		Summer Dresses
	
	

									
	

									
	

							
										
		
	 


	
	
		Information
		
							
					
						Specials
					
				
									
				
					New products
				
			
										
					
						Best sellers
					
				
										
					
						Our stores
					
				
									
				
					Contact us
				
			
															
						
							Terms and conditions of use
						
					
																
						
							About us
						
					
													
				
					Sitemap
				
			
					
		
	
		
		
			© 2014 Ecommerce software by PrestaShop™
		
	
		


	My account
	
		
			My orders
						My credit slips
			My addresses
			My personal info
						
            Sign out		
	




	
        Store information
        
                        	
            		Selenium Framework, Research Triangle Park,
North Carolina,
USA            	
                                    	
            		Call us now: 
            		(347) 466-7432
            	
                                    	
            		Email: 
            		support@seleniumframework.com
            	
                    
    



					
				
					
/html[1]') or . = concat('
		
		Dresses - My Store
		
		
		
		 
		 
		
		
			
			
			
			
			
			
			
			
			
			
			
			
			
			
			
			
			
			
			
			
			
			
			
			
			
			
			
			
			
		
var CUSTOMIZE_TEXTFIELD = 1;
var FancyboxI18nClose = ' , "'" , 'Close' , "'" , ';
var FancyboxI18nNext = ' , "'" , 'Next' , "'" , ';
var FancyboxI18nPrev = ' , "'" , 'Previous' , "'" , ';
var added_to_wishlist = ' , "'" , 'Added to your wishlist.' , "'" , ';
var ajax_allowed = true;
var ajaxsearch = true;
var baseDir = ' , "'" , 'http://automationpractice.com/' , "'" , ';
var baseUri = ' , "'" , 'http://automationpractice.com/index.php' , "'" , ';
var blocklayeredSliderName = {"price":"price","weight":"weight"};
var blocksearch_type = ' , "'" , 'top' , "'" , ';
var comparator_max_item = 3;
var comparedProductsIds = [];
var contentOnly = false;
var customizationIdMessage = ' , "'" , 'Customization #' , "'" , ';
var delete_txt = ' , "'" , 'Delete' , "'" , ';
var displayList = false;
var filters = [{"type_lite":"category","type":"category","id_key":0,"name":"Categories","values":{"9":{"name":"Casual Dresses","nbr":1,"link":"http:\/\/automationpractice.com\/index.php?id_category=8&controller=category#categories-casual_dresses","rel":"nofollow"},"10":{"name":"Evening Dresses","nbr":1,"link":"http:\/\/automationpractice.com\/index.php?id_category=8&controller=category#categories-evening_dresses","rel":"nofollow"},"11":{"name":"Summer Dresses","nbr":3,"link":"http:\/\/automationpractice.com\/index.php?id_category=8&controller=category#categories-summer_dresses","rel":"nofollow"}},"filter_show_limit":"0","filter_type":"0"},{"type_lite":"id_attribute_group","type":"id_attribute_group","id_key":1,"name":"Size","is_color_group":false,"values":{"1":{"color":"","name":"S","nbr":5,"url_name":null,"meta_title":null,"link":"http:\/\/automationpractice.com\/index.php?id_category=8&controller=category#size-s","rel":""},"2":{"color":"","name":"M","nbr":5,"url_name":null,"meta_title":null,"link":"http:\/\/automationpractice.com\/index.php?id_category=8&controller=category#size-m","rel":""},"3":{"color":"","name":"L","nbr":5,"url_name":null,"meta_title":null,"link":"http:\/\/automationpractice.com\/index.php?id_category=8&controller=category#size-l","rel":""}},"url_name":null,"meta_title":null,"filter_show_limit":"0","filter_type":"0"},{"type_lite":"id_attribute_group","type":"id_attribute_group","id_key":3,"name":"Color","is_color_group":true,"values":{"7":{"color":"#f5f5dc","name":"Beige","nbr":1,"url_name":null,"meta_title":null,"link":"http:\/\/automationpractice.com\/index.php?id_category=8&controller=category#color-beige","rel":""},"8":{"color":"#ffffff","name":"White","nbr":1,"url_name":null,"meta_title":null,"link":"http:\/\/automationpractice.com\/index.php?id_category=8&controller=category#color-white","rel":""},"11":{"color":"#434A54","name":"Black","nbr":1,"url_name":null,"meta_title":null,"link":"http:\/\/automationpractice.com\/index.php?id_category=8&controller=category#color-black","rel":""},"13":{"color":"#F39C11","name":"Orange","nbr":2,"url_name":null,"meta_title":null,"link":"http:\/\/automationpractice.com\/index.php?id_category=8&controller=category#color-orange","rel":""},"14":{"color":"#5D9CEC","name":"Blue","nbr":1,"url_name":null,"meta_title":null,"link":"http:\/\/automationpractice.com\/index.php?id_category=8&controller=category#color-blue","rel":""},"15":{"color":"#A0D468","name":"Green","nbr":1,"url_name":null,"meta_title":null,"link":"http:\/\/automationpractice.com\/index.php?id_category=8&controller=category#color-green","rel":""},"16":{"color":"#F1C40F","name":"Yellow","nbr":3,"url_name":null,"meta_title":null,"link":"http:\/\/automationpractice.com\/index.php?id_category=8&controller=category#color-yellow","rel":""},"24":{"color":"#FCCACD","name":"Pink","nbr":1,"url_name":null,"meta_title":null,"link":"http:\/\/automationpractice.com\/index.php?id_category=8&controller=category#color-pink","rel":""}},"url_name":null,"meta_title":null,"filter_show_limit":"0","filter_type":"0"},{"type_lite":"id_feature","type":"id_feature","id_key":5,"values":{"5":{"nbr":1,"name":"Cotton","url_name":null,"meta_title":null,"link":"http:\/\/automationpractice.com\/index.php?id_category=8&controller=category#compositions-cotton","rel":""},"1":{"nbr":2,"name":"Polyester","url_name":null,"meta_title":null,"link":"http:\/\/automationpractice.com\/index.php?id_category=8&controller=category#compositions-polyester","rel":""},"3":{"nbr":2,"name":"Viscose","url_name":null,"meta_title":null,"link":"http:\/\/automationpractice.com\/index.php?id_category=8&controller=category#compositions-viscose","rel":""}},"name":"Compositions","url_name":null,"meta_title":null,"filter_show_limit":"0","filter_type":"0"},{"type_lite":"id_feature","type":"id_feature","id_key":6,"values":{"11":{"nbr":1,"name":"Casual","url_name":null,"meta_title":null,"link":"http:\/\/automationpractice.com\/index.php?id_category=8&controller=category#styles-casual","rel":""},"16":{"nbr":1,"name":"Dressy","url_name":null,"meta_title":null,"link":"http:\/\/automationpractice.com\/index.php?id_category=8&controller=category#styles-dressy","rel":""},"13":{"nbr":3,"name":"Girly","url_name":null,"meta_title":null,"link":"http:\/\/automationpractice.com\/index.php?id_category=8&controller=category#styles-girly","rel":""}},"name":"Styles","url_name":null,"meta_title":null,"filter_show_limit":"0","filter_type":"0"},{"type_lite":"id_feature","type":"id_feature","id_key":7,"values":{"18":{"nbr":1,"name":"Colorful Dress","url_name":null,"meta_title":null,"link":"http:\/\/automationpractice.com\/index.php?id_category=8&controller=category#properties-colorful_dress","rel":""},"21":{"nbr":1,"name":"Maxi Dress","url_name":null,"meta_title":null,"link":"http:\/\/automationpractice.com\/index.php?id_category=8&controller=category#properties-maxi_dress","rel":""},"20":{"nbr":1,"name":"Midi Dress","url_name":null,"meta_title":null,"link":"http:\/\/automationpractice.com\/index.php?id_category=8&controller=category#properties-midi_dress","rel":""},"19":{"nbr":2,"name":"Short Dress","url_name":null,"meta_title":null,"link":"http:\/\/automationpractice.com\/index.php?id_category=8&controller=category#properties-short_dress","rel":""}},"name":"Properties","url_name":null,"meta_title":null,"filter_show_limit":"0","filter_type":"0"},{"type_lite":"quantity","type":"quantity","id_key":0,"name":"Availability","values":[{"name":"Not available","nbr":0,"link":"http:\/\/automationpractice.com\/index.php?id_category=8&controller=category#availability-not_available","rel":"nofollow"},{"name":"In stock","nbr":5,"link":"http:\/\/automationpractice.com\/index.php?id_category=8&controller=category#availability-in_stock","rel":"nofollow"}],"filter_show_limit":"0","filter_type":"0"},{"type_lite":"manufacturer","type":"manufacturer","id_key":0,"name":"Manufacturer","values":{"1":{"name":"Fashion Manufacturer","nbr":"5","link":"http:\/\/automationpractice.com\/index.php?id_category=8&controller=category#manufacturer-fashion_manufacturer","rel":"nofollow"}},"filter_show_limit":"0","filter_type":"0"},{"type_lite":"condition","type":"condition","id_key":0,"name":"Condition","values":{"new":{"name":"New","nbr":5,"link":"http:\/\/automationpractice.com\/index.php?id_category=8&controller=category#condition-new","rel":"nofollow"},"used":{"name":"Used","nbr":0,"link":"http:\/\/automationpractice.com\/index.php?id_category=8&controller=category#condition-used","rel":"nofollow"},"refurbished":{"name":"Refurbished","nbr":0,"link":"http:\/\/automationpractice.com\/index.php?id_category=8&controller=category#condition-refurbished","rel":"nofollow"}},"filter_show_limit":"0","filter_type":"0"},{"type_lite":"price","type":"price","id_key":0,"name":"Price","slider":true,"max":"53","min":"16","values":{"1":"53","0":"16"},"unit":"$","format":"1","filter_show_limit":"0","filter_type":"0"}];
var freeProductTranslation = ' , "'" , 'Free!' , "'" , ';
var freeShippingTranslation = ' , "'" , 'Free shipping!' , "'" , ';
var generated_date = 1522248415;
var id_lang = 1;
var img_dir = ' , "'" , 'http://automationpractice.com/themes/default-bootstrap/img/' , "'" , ';
var instantsearch = false;
var isGuest = 0;
var isLogged = 1;
var loggin_required = ' , "'" , 'You must be logged in to manage your wishlist.' , "'" , ';
var max_item = ' , "'" , 'You cannot add more than 3 product(s) to the product comparison' , "'" , ';
var min_item = ' , "'" , 'Please select at least one product' , "'" , ';
var mywishlist_url = ' , "'" , 'http://automationpractice.com/index.php?fc=module&module=blockwishlist&controller=mywishlist' , "'" , ';
var page_name = ' , "'" , 'category' , "'" , ';
var param_product_url = ' , "'" , '#' , "'" , ';
var placeholder_blocknewsletter = ' , "'" , 'Enter your e-mail' , "'" , ';
var priceDisplayMethod = 1;
var priceDisplayPrecision = 2;
var quickView = true;
var removingLinkText = ' , "'" , 'remove this product from my cart' , "'" , ';
var request = ' , "'" , 'http://automationpractice.com/index.php?id_category=8&controller=category' , "'" , ';
var roundMode = 2;
var search_url = ' , "'" , 'http://automationpractice.com/index.php?controller=search' , "'" , ';
var static_token = ' , "'" , 'b842f4a42956685333000db0ab174863' , "'" , ';
var token = ' , "'" , 'f0d7e4320d9dcd64ff64d5b43bc0abed' , "'" , ';
var usingSecureMode = false;
var wishlistProductsIds = false;


		
		
		
		
		
		
		
		
		
		
		
		
		
		
		
		
		
		
		
		
		
		
		
		
		
		
		
		
			
		
		
	.fancybox-margin{margin-right:17px;}#katalon{font-family:monospace;font-size:13px;background-color:rgba(0,0,0,.7);position:fixed;top:0;left:0;right:0;display:block;z-index:999999999;line-height: normal} #katalon div{padding:0;margin:0;color:#fff;} #katalon kbd{display:inline-block;padding:3px 5px;font:13px Consolas,"Liberation Mono",Menlo,Courier,monospace;line-height:10px;color:#555;vertical-align:middle;background-color:#fcfcfc;border:1px solid #ccc;border-bottom-color:#bbb;border-radius:3px;box-shadow:inset 0 -1px 0 #bbb;font-weight: bold} div#katalon-elementInfoDiv {color: lightblue; padding: 5px}
	
					
			
				
					
						
							
								
	


							
						
					
					
						
							
								
	
		Chapel Kabir
	

			
			Sign out
		
	




	Contact us

	
		Call us now: 0123-456-789
	

							
						
					
					
						
							
								
									
										
									
								
								

	
		
		
		
		
		
			Search
		
	



	
		
			Cart
			0
			Product
			Products
			
							
			(empty)
					
					
				
					
					
												
							No products
						
												
							
								
																			Free shipping!
																	
								
									Shipping
								
							
																					
								$0.00
								Total
							
													
						
							
								
									Check out
								
							
						
					
				
			
			


	
		
			
				
				
					Product successfully added to your shopping cart
				
				
				
				
					
					
					
						Quantity
						
					
					
						Total
						
					
				
			
			
				
					
					
						There are 0 items in your cart.
					
					
					
						There is 1 item in your cart.
					
				
	
				
					
						Total products
											
					
											
				
	
								
					
						Total shipping 					
					
													Free shipping!
											
				
									
					
						Total
											
					
											
				
					
					
						
							Continue shopping
						
					
					
						
							Proceed to checkout
						
						
				
			
		
		
	 
	

	
	
		Categories
		
			WomenTopsT-shirtsBlousesDressesCasual DressesEvening DressesSummer DressesDressesCasual DressesEvening DressesSummer DressesT-shirts
					
	
	
							
						
					
				
			
			
				
											


	
			>
					Women>Dresses
			

										
						
					
					
												

	
					Dresses
			
	
		
												

	
		Casual Dresses
	
	

																

	
		Evening Dresses
	
	

																

	
		Summer Dresses
	
	

									
	





	Catalog
	
		
			
																										
						                        
                            Categories
                            
						
						
																																												
																							 
																						
																								Casual Dresses (1)
																							
										
																																							
																							 
																						
																								Evening Dresses (1)
																							
										
																																							
																							 
																						
																								Summer Dresses (3)
																							
										
																																															
					
																											
						                        
                            Size
                            
						
						
																																												
																							 
																						
																								S (5)
																							
										
																																							
																							 
																						
																								M (5)
																							
										
																																							
																							 
																						
																								L (5)
																							
										
																																															
					
																											
						                        
                            Color
                            
						
						
																																												
																							
																																		
																								Beige (1)
																							
										
																																							
																							
																																		
																								White (1)
																							
										
																																							
																							
																																		
																								Black (1)
																							
										
																																							
																							
																																		
																								Orange (2)
																							
										
																																							
																							
																																		
																								Blue (1)
																							
										
																																							
																							
																																		
																								Green (1)
																							
										
																																							
																							
																																		
																								Yellow (3)
																							
										
																																							
																							
																																		
																								Pink (1)
																							
										
																																															
					
																											
						                        
                            Compositions
                            
						
						
																																												
																							 
																						
																								Cotton (1)
																							
										
																																							
																							 
																						
																								Polyester (2)
																							
										
																																							
																							 
																						
																								Viscose (2)
																							
										
																																															
					
																											
						                        
                            Styles
                            
						
						
																																												
																							 
																						
																								Casual (1)
																							
										
																																							
																							 
																						
																								Dressy (1)
																							
										
																																							
																							 
																						
																								Girly (3)
																							
										
																																															
					
																											
						                        
                            Properties
                            
						
						
																																												
																							 
																						
																								Colorful Dress (1)
																							
										
																																							
																							 
																						
																								Maxi Dress (1)
																							
										
																																							
																							 
																						
																								Midi Dress (1)
																							
										
																																							
																							 
																						
																								Short Dress (2)
																							
										
																																															
					
																											
						                        
                            Availability
                            
						
						
																																																															
																							 
																						
																								In stock (5)
																							
										
																																															
					
																											
						                        
                            Manufacturer
                            
						
						
																																												
																							 
																						
																								Fashion Manufacturer (5)
																							
										
																																															
					
																											
						                        
                            Condition
                            
						
						
																																												
																							 
																						
																								New (5)
																							
										
																																																																																					
					
																											
						                        
                            Price
                            
						
						
																								
										Range:
									 
									$16.00 - $53.00
									
										
									
																												
					
												
			
																																																																																																																																																																												
	
	
		
			
			Loading...
		
	


	
			
			
				
					Information				
			
			
				
																							
								
									Delivery
								
							
																								
								
									Legal Notice
								
							
																								
								
									Terms and conditions of use
								
							
																								
								
									About us
								
							
																								
								
									Secure payment
								
							
																						
							
								Our stores
							
						
									
			
		
		


	
        
            Specials
        
    
	
    		
        	
            	
                    
                
                
                	
                        
                            Printed Chiffon Dress
                        
                    
                                        	
                            Printed chiffon knee length dress...
                        
                                        
                    	                        	
                                $16.40
                                                            
                                                                                                                                 -20%
                                                                                         
                                $20.50
                                                            
                                            
                
            
		
		
			
                All specials
            
		
    	



	
		
			Our stores
		
	
	
		
			
				
			
		
				
			
				Discover our stores
			
		
	



																		
	

	    				
            	                     
                    
                                                    
                            
                                Dresses                            
                                                            Find your favorites dresses from our wide choice of evening, casual or summer dresses!
We offer dresses for every day, every style and every occasion.
                                                        
                                             
                              
				Dresses There are 5 products.

		        		
		
			Subcategories
			
							
                	
						
													
											
                   	
					Casual Dresses
											You are looking for a dress for every day? Take a look at
our selection of dresses to find one that suits you.
									
							
                	
						
													
											
                   	
					Evening Dresses
											Browse our different dresses to choose the perfect dress for an unforgettable evening!
									
							
                	
						
													
											
                   	
					Summer Dresses
											Short dress, long dress, silk dress, printed dress, you will find the perfect dress for summer.
									
						
		
        							
            	
            		
	View
    Grid
    List



	
		Sort by
		--
			--
							Price: Lowest first
				Price: Highest first
						Product Name: A to Z
			Product Name: Z to A
							In stock
						Reference: Lowest first
			Reference: Highest first
		
	


			
	
                								
		

				
                
                		
		
			Compare (0)
		
		
		
	
			
		
		
		
	
					
	
												
	
	    			
    
    	        	                        	                        	Showing 1 - 5 of 5 items
		    
	

                
			
				
									
		
	
	
	
			
		
		
								
			
				
					
						
							
						
													
							
								
							
						
						
							Quick view
						
																			
																	
										$26.00									
									
																		
									
															
																							
					
					
				
				
					
												
							Printed Dress
						
					
					
					
						100% cotton double printed dress. Black and white striped top and orange high waisted skater skirt bottom.
					
										
													
								$26.00							
							
														
							
											
										
																														
										Add to cart
									
																											
							More
						
					
											
					
			
							
		
	
										
																														
																		
																	
										In stock									
															
															
					 				
						

	
		Add to Wishlist
	

													
								Add to Compare
							
											
							
		
			
		
		
								
			
				
					
						
							
						
													
							
								
							
						
						
							Quick view
						
																			
																	
										$50.99									
									
																		
									
															
																							
					
					
				
				
					
												
							Printed Dress
						
					
					
					
						Printed evening dress with straight sleeves with black thin waist belt and ruffled linings.
					
										
													
								$50.99							
							
														
							
											
										
																														
										Add to cart
									
																											
							More
						
					
											
					
			
							
		
					
			
							
		
	
										
																														
																		
																	
										In stock									
															
															
					 				
						

	
		Add to Wishlist
	

													
								Add to Compare
							
											
							
		
			
		
		
								
			
				
					
						
							
						
													
							
								
							
						
						
							Quick view
						
																			
																	
										$28.98									
									
																			
										
											$30.51
										
																					-5%
																												
									
															
																							
					
					
				
				
					
												
							Printed Summer Dress
						
					
					
					
						Long printed dress with thin adjustable straps. V-neckline and wiring under the bust with ruffles at the bottom of the dress.
					
										
													
								$28.98							
							
															
								
									$30.51
								
								
																	-5%
																						
							
											
										
																														
										Add to cart
									
																											
							More
						
					
											
					
			
							
		
					
			
							
		
					
			
							
		
					
			
							
		
	
										
																																	Reduced price!
												
																		
																	
										In stock									
															
															
					 				
						

	
		Add to Wishlist
	

													
								Add to Compare
							
											
							
		
			
		
		
								
			
				
					
						
							
						
													
							
								
							
						
						
							Quick view
						
																			
																	
										$30.50									
									
																		
									
															
																							
					
					
				
				
					
												
							Printed Summer Dress
						
					
					
					
						Sleeveless knee-length chiffon dress. V-neckline with elastic under the bust lining.
					
										
													
								$30.50							
							
														
							
											
										
																														
										Add to cart
									
																											
							More
						
					
											
					
			
							
		
					
			
							
		
	
										
																														
																		
																	
										In stock									
															
															
					 				
						

	
		Add to Wishlist
	

													
								Add to Compare
							
											
							
		
			
		
		
								
			
				
					
						
							
						
													
							
								
							
						
						
							Quick view
						
																			
																	
										$16.40									
									
																			
										
											$20.50
										
																					-20%
																												
									
															
																							
					
					
				
				
					
												
							Printed Chiffon Dress
						
					
					
					
						Printed chiffon knee length dress with tank straps. Deep v-neckline.
					
										
													
								$16.40							
							
															
								
									$20.50
								
								
																	-20%
																						
							
											
										
																														
										Add to cart
									
																											
							More
						
					
											
					
			
							
		
					
			
							
		
	
										
																																	Reduced price!
												
																		
																	
										In stock									
															
															
					 				
						

	
		Add to Wishlist
	

													
								Add to Compare
							
											
							
		
		





			
				
						
		
			Compare (0)
		
		
		
	
	
                    
	
												
	
	    			
    
    	        	                        	                        	Showing 1 - 5 of 5 items
		    
	

				
			
								
										
				
			
							
				
					
						

	Newsletter
	
		
			
				
                
                    Ok
                
				
			
		
	



	
					
				
					Facebook
				
			
							
				
					Twitter
				
			
				                	
        		
        			Youtube
        		
        	
                        	
        		
        			Google Plus
        		
        	
                	
    Follow us




	Categories
	
		
			
												

	 
		Women
	
			
												

	 
		Tops
	
			
												

	
		T-shirts
	
	

																

	
		Blouses
	
	

									
	

																

	 
		Dresses
	
			
												

	
		Casual Dresses
	
	

																

	
		Evening Dresses
	
	

																

	
		Summer Dresses
	
	

									
	

									
	

							
										
		
	 


	
	
		Information
		
							
					
						Specials
					
				
									
				
					New products
				
			
										
					
						Best sellers
					
				
										
					
						Our stores
					
				
									
				
					Contact us
				
			
															
						
							Terms and conditions of use
						
					
																
						
							About us
						
					
													
				
					Sitemap
				
			
					
		
	
		
		
			© 2014 Ecommerce software by PrestaShop™
		
	
		


	My account
	
		
			My orders
						My credit slips
			My addresses
			My personal info
						
            Sign out		
	




	
        Store information
        
                        	
            		Selenium Framework, Research Triangle Park,
North Carolina,
USA            	
                                    	
            		Call us now: 
            		(347) 466-7432
            	
                                    	
            		Email: 
            		support@seleniumframework.com
            	
                    
    



					
				
					
/html[1]'))]' not found)]]></system-err>
   </testsuite>
</testsuites>
